[2022-01-29 09:05:49,414] {taskinstance.py:1032} INFO - Dependencies all met for <TaskInstance: LocalIngestionDag.wget scheduled__2021-08-02T06:00:00+00:00 [queued]>
[2022-01-29 09:05:49,485] {taskinstance.py:1032} INFO - Dependencies all met for <TaskInstance: LocalIngestionDag.wget scheduled__2021-08-02T06:00:00+00:00 [queued]>
[2022-01-29 09:05:49,485] {taskinstance.py:1238} INFO - 
--------------------------------------------------------------------------------
[2022-01-29 09:05:49,485] {taskinstance.py:1239} INFO - Starting attempt 1 of 1
[2022-01-29 09:05:49,487] {taskinstance.py:1240} INFO - 
--------------------------------------------------------------------------------
[2022-01-29 09:05:49,564] {taskinstance.py:1259} INFO - Executing <Task(BashOperator): wget> on 2021-08-02 06:00:00+00:00
[2022-01-29 09:05:49,577] {standard_task_runner.py:52} INFO - Started process 293 to run task
[2022-01-29 09:05:49,614] {standard_task_runner.py:76} INFO - Running: ['***', 'tasks', 'run', 'LocalIngestionDag', 'wget', 'scheduled__2021-08-02T06:00:00+00:00', '--job-id', '59', '--raw', '--subdir', 'DAGS_FOLDER/data_ingestion_local.py', '--cfg-path', '/tmp/tmp_78g046i', '--error-file', '/tmp/tmpscd58iow']
[2022-01-29 09:05:49,615] {standard_task_runner.py:77} INFO - Job 59: Subtask wget
[2022-01-29 09:05:49,845] {logging_mixin.py:109} INFO - Running <TaskInstance: LocalIngestionDag.wget scheduled__2021-08-02T06:00:00+00:00 [running]> on host 68102482cc2e
[2022-01-29 09:05:50,125] {taskinstance.py:1426} INFO - Exporting the following env vars:
AIRFLOW_CTX_DAG_OWNER=***
AIRFLOW_CTX_DAG_ID=LocalIngestionDag
AIRFLOW_CTX_TASK_ID=wget
AIRFLOW_CTX_EXECUTION_DATE=2021-08-02T06:00:00+00:00
AIRFLOW_CTX_DAG_RUN_ID=scheduled__2021-08-02T06:00:00+00:00
[2022-01-29 09:05:50,127] {subprocess.py:62} INFO - Tmp dir root location: 
 /tmp
[2022-01-29 09:05:50,128] {subprocess.py:74} INFO - Running command: ['bash', '-c', 'echo "hello world"']
[2022-01-29 09:05:50,171] {subprocess.py:85} INFO - Output:
[2022-01-29 09:05:50,187] {subprocess.py:89} INFO - hello world
[2022-01-29 09:05:50,188] {subprocess.py:93} INFO - Command exited with return code 0
[2022-01-29 09:05:50,293] {taskinstance.py:1277} INFO - Marking task as SUCCESS. dag_id=LocalIngestionDag, task_id=wget, execution_date=20210802T060000, start_date=20220129T090549, end_date=20220129T090550
[2022-01-29 09:05:50,372] {local_task_job.py:154} INFO - Task exited with return code 0
[2022-01-29 09:05:50,475] {local_task_job.py:264} INFO - 1 downstream tasks scheduled from follow-on schedule check
