[2022-01-29 11:05:16,429] {taskinstance.py:1032} INFO - Dependencies all met for <TaskInstance: data_ingestion_gcs_dag.download_dataset_task manual__2022-01-29T11:05:10.502835+00:00 [queued]>
[2022-01-29 11:05:16,441] {taskinstance.py:1032} INFO - Dependencies all met for <TaskInstance: data_ingestion_gcs_dag.download_dataset_task manual__2022-01-29T11:05:10.502835+00:00 [queued]>
[2022-01-29 11:05:16,441] {taskinstance.py:1238} INFO - 
--------------------------------------------------------------------------------
[2022-01-29 11:05:16,441] {taskinstance.py:1239} INFO - Starting attempt 1 of 2
[2022-01-29 11:05:16,441] {taskinstance.py:1240} INFO - 
--------------------------------------------------------------------------------
[2022-01-29 11:05:16,455] {taskinstance.py:1259} INFO - Executing <Task(BashOperator): download_dataset_task> on 2022-01-29 11:05:10.502835+00:00
[2022-01-29 11:05:16,461] {standard_task_runner.py:52} INFO - Started process 105 to run task
[2022-01-29 11:05:16,466] {standard_task_runner.py:76} INFO - Running: ['***', 'tasks', 'run', 'data_ingestion_gcs_dag', 'download_dataset_task', 'manual__2022-01-29T11:05:10.502835+00:00', '--job-id', '99', '--raw', '--subdir', 'DAGS_FOLDER/data_ingestion_gcs_dag.py', '--cfg-path', '/tmp/tmpm99v_m1w', '--error-file', '/tmp/tmpunujk9vh']
[2022-01-29 11:05:16,467] {standard_task_runner.py:77} INFO - Job 99: Subtask download_dataset_task
[2022-01-29 11:05:16,529] {logging_mixin.py:109} INFO - Running <TaskInstance: data_ingestion_gcs_dag.download_dataset_task manual__2022-01-29T11:05:10.502835+00:00 [running]> on host 59421ddef54e
[2022-01-29 11:05:16,590] {taskinstance.py:1426} INFO - Exporting the following env vars:
AIRFLOW_CTX_DAG_OWNER=***
AIRFLOW_CTX_DAG_ID=data_ingestion_gcs_dag
AIRFLOW_CTX_TASK_ID=download_dataset_task
AIRFLOW_CTX_EXECUTION_DATE=2022-01-29T11:05:10.502835+00:00
AIRFLOW_CTX_DAG_RUN_ID=manual__2022-01-29T11:05:10.502835+00:00
[2022-01-29 11:05:16,592] {subprocess.py:62} INFO - Tmp dir root location: 
 /tmp
[2022-01-29 11:05:16,593] {subprocess.py:74} INFO - Running command: ['bash', '-c', 'curl -sS https://s3.amazonaws.com/nyc-tlc/trip+data/yellow_tripdata_2021-01.csv > /opt/***/yellow_tripdata_2021-01.csv']
[2022-01-29 11:05:16,607] {subprocess.py:85} INFO - Output:
[2022-01-29 11:05:21,826] {subprocess.py:93} INFO - Command exited with return code 0
[2022-01-29 11:05:21,870] {taskinstance.py:1277} INFO - Marking task as SUCCESS. dag_id=data_ingestion_gcs_dag, task_id=download_dataset_task, execution_date=20220129T110510, start_date=20220129T110516, end_date=20220129T110521
[2022-01-29 11:05:21,934] {local_task_job.py:154} INFO - Task exited with return code 0
[2022-01-29 11:05:21,978] {local_task_job.py:264} INFO - 1 downstream tasks scheduled from follow-on schedule check
