[2022-01-29 12:35:22,528] {taskinstance.py:1032} INFO - Dependencies all met for <TaskInstance: data_ingestion_gcs_dag.format_to_parquet_task scheduled__2020-01-02T06:00:00+00:00 [queued]>
[2022-01-29 12:35:22,601] {taskinstance.py:1032} INFO - Dependencies all met for <TaskInstance: data_ingestion_gcs_dag.format_to_parquet_task scheduled__2020-01-02T06:00:00+00:00 [queued]>
[2022-01-29 12:35:22,601] {taskinstance.py:1238} INFO - 
--------------------------------------------------------------------------------
[2022-01-29 12:35:22,601] {taskinstance.py:1239} INFO - Starting attempt 1 of 2
[2022-01-29 12:35:22,601] {taskinstance.py:1240} INFO - 
--------------------------------------------------------------------------------
[2022-01-29 12:35:22,673] {taskinstance.py:1259} INFO - Executing <Task(PythonOperator): format_to_parquet_task> on 2020-01-02 06:00:00+00:00
[2022-01-29 12:35:22,744] {standard_task_runner.py:52} INFO - Started process 4389 to run task
[2022-01-29 12:35:22,862] {standard_task_runner.py:76} INFO - Running: ['***', 'tasks', 'run', 'data_ingestion_gcs_dag', 'format_to_parquet_task', 'scheduled__2020-01-02T06:00:00+00:00', '--job-id', '387', '--raw', '--subdir', 'DAGS_FOLDER/data_ingestion_gcs_dag.py', '--cfg-path', '/tmp/tmpg6fze8s9', '--error-file', '/tmp/tmpqcw7m_36']
[2022-01-29 12:35:22,901] {standard_task_runner.py:77} INFO - Job 387: Subtask format_to_parquet_task
[2022-01-29 12:35:23,362] {logging_mixin.py:109} INFO - Running <TaskInstance: data_ingestion_gcs_dag.format_to_parquet_task scheduled__2020-01-02T06:00:00+00:00 [running]> on host 85e1117cfb12
[2022-01-29 12:35:23,709] {taskinstance.py:1426} INFO - Exporting the following env vars:
AIRFLOW_CTX_DAG_OWNER=***
AIRFLOW_CTX_DAG_ID=data_ingestion_gcs_dag
AIRFLOW_CTX_TASK_ID=format_to_parquet_task
AIRFLOW_CTX_EXECUTION_DATE=2020-01-02T06:00:00+00:00
AIRFLOW_CTX_DAG_RUN_ID=scheduled__2020-01-02T06:00:00+00:00
[2022-01-29 12:35:35,542] {python.py:175} INFO - Done. Returned value was: None
[2022-01-29 12:35:35,856] {taskinstance.py:1277} INFO - Marking task as SUCCESS. dag_id=data_ingestion_gcs_dag, task_id=format_to_parquet_task, execution_date=20200102T060000, start_date=20220129T123522, end_date=20220129T123535
[2022-01-29 12:35:36,184] {local_task_job.py:154} INFO - Task exited with return code 0
[2022-01-29 12:35:36,302] {local_task_job.py:264} INFO - 1 downstream tasks scheduled from follow-on schedule check
