[2022-01-29 12:44:13,876] {taskinstance.py:1032} INFO - Dependencies all met for <TaskInstance: data_ingestion_gcs_dag.format_to_parquet_task scheduled__2020-01-02T06:00:00+00:00 [queued]>
[2022-01-29 12:44:13,889] {taskinstance.py:1032} INFO - Dependencies all met for <TaskInstance: data_ingestion_gcs_dag.format_to_parquet_task scheduled__2020-01-02T06:00:00+00:00 [queued]>
[2022-01-29 12:44:13,890] {taskinstance.py:1238} INFO - 
--------------------------------------------------------------------------------
[2022-01-29 12:44:13,890] {taskinstance.py:1239} INFO - Starting attempt 3 of 4
[2022-01-29 12:44:13,890] {taskinstance.py:1240} INFO - 
--------------------------------------------------------------------------------
[2022-01-29 12:44:13,903] {taskinstance.py:1259} INFO - Executing <Task(PythonOperator): format_to_parquet_task> on 2020-01-02 06:00:00+00:00
[2022-01-29 12:44:13,909] {standard_task_runner.py:52} INFO - Started process 5359 to run task
[2022-01-29 12:44:13,917] {standard_task_runner.py:76} INFO - Running: ['***', 'tasks', 'run', 'data_ingestion_gcs_dag', 'format_to_parquet_task', 'scheduled__2020-01-02T06:00:00+00:00', '--job-id', '507', '--raw', '--subdir', 'DAGS_FOLDER/data_ingestion_gcs_dag.py', '--cfg-path', '/tmp/tmpmvsdy6pw', '--error-file', '/tmp/tmpe65ubli1']
[2022-01-29 12:44:13,918] {standard_task_runner.py:77} INFO - Job 507: Subtask format_to_parquet_task
[2022-01-29 12:44:13,994] {logging_mixin.py:109} INFO - Running <TaskInstance: data_ingestion_gcs_dag.format_to_parquet_task scheduled__2020-01-02T06:00:00+00:00 [running]> on host 85e1117cfb12
[2022-01-29 12:44:14,040] {warnings.py:110} WARNING - /home/***/.local/lib/python3.7/site-packages/***/utils/context.py:152: AirflowContextDeprecationWarning: Accessing 'execution_date' from the template is deprecated and will be removed in a future version. Please use 'data_interval_start' or 'logical_date' instead.
  warnings.warn(_create_deprecation_warning(key, self._deprecation_replacements[key]))

[2022-01-29 12:44:14,066] {taskinstance.py:1426} INFO - Exporting the following env vars:
AIRFLOW_CTX_DAG_OWNER=***
AIRFLOW_CTX_DAG_ID=data_ingestion_gcs_dag
AIRFLOW_CTX_TASK_ID=format_to_parquet_task
AIRFLOW_CTX_EXECUTION_DATE=2020-01-02T06:00:00+00:00
AIRFLOW_CTX_DAG_RUN_ID=scheduled__2020-01-02T06:00:00+00:00
[2022-01-29 12:44:20,573] {python.py:175} INFO - Done. Returned value was: None
[2022-01-29 12:44:20,586] {taskinstance.py:1277} INFO - Marking task as SUCCESS. dag_id=data_ingestion_gcs_dag, task_id=format_to_parquet_task, execution_date=20200102T060000, start_date=20220129T124413, end_date=20220129T124420
[2022-01-29 12:44:20,752] {local_task_job.py:154} INFO - Task exited with return code 0
[2022-01-29 12:44:20,795] {local_task_job.py:264} INFO - 1 downstream tasks scheduled from follow-on schedule check
