[2022-01-29 12:26:14,267] {taskinstance.py:1032} INFO - Dependencies all met for <TaskInstance: data_ingestion_gcs_dag.download_dataset_task scheduled__2019-01-13T00:00:00+00:00 [queued]>
[2022-01-29 12:26:14,284] {taskinstance.py:1032} INFO - Dependencies all met for <TaskInstance: data_ingestion_gcs_dag.download_dataset_task scheduled__2019-01-13T00:00:00+00:00 [queued]>
[2022-01-29 12:26:14,285] {taskinstance.py:1238} INFO - 
--------------------------------------------------------------------------------
[2022-01-29 12:26:14,285] {taskinstance.py:1239} INFO - Starting attempt 1 of 2
[2022-01-29 12:26:14,285] {taskinstance.py:1240} INFO - 
--------------------------------------------------------------------------------
[2022-01-29 12:26:14,303] {taskinstance.py:1259} INFO - Executing <Task(BashOperator): download_dataset_task> on 2019-01-13 00:00:00+00:00
[2022-01-29 12:26:14,317] {standard_task_runner.py:52} INFO - Started process 3064 to run task
[2022-01-29 12:26:14,338] {standard_task_runner.py:76} INFO - Running: ['***', 'tasks', 'run', 'data_ingestion_gcs_dag', 'download_dataset_task', 'scheduled__2019-01-13T00:00:00+00:00', '--job-id', '209', '--raw', '--subdir', 'DAGS_FOLDER/data_ingestion_gcs_dag.py', '--cfg-path', '/tmp/tmp07r2p4_5', '--error-file', '/tmp/tmp2ub5hwg8']
[2022-01-29 12:26:14,345] {standard_task_runner.py:77} INFO - Job 209: Subtask download_dataset_task
[2022-01-29 12:26:14,538] {logging_mixin.py:109} INFO - Running <TaskInstance: data_ingestion_gcs_dag.download_dataset_task scheduled__2019-01-13T00:00:00+00:00 [running]> on host 85e1117cfb12
[2022-01-29 12:26:14,625] {taskinstance.py:1426} INFO - Exporting the following env vars:
AIRFLOW_CTX_DAG_OWNER=***
AIRFLOW_CTX_DAG_ID=data_ingestion_gcs_dag
AIRFLOW_CTX_TASK_ID=download_dataset_task
AIRFLOW_CTX_EXECUTION_DATE=2019-01-13T00:00:00+00:00
AIRFLOW_CTX_DAG_RUN_ID=scheduled__2019-01-13T00:00:00+00:00
[2022-01-29 12:26:14,628] {subprocess.py:62} INFO - Tmp dir root location: 
 /tmp
[2022-01-29 12:26:14,628] {subprocess.py:74} INFO - Running command: ['bash', '-c', 'curl -sS https://s3.amazonaws.com/nyc-tlc/trip+data/yellow_tripdata_2021-01.csv > /opt/***/yellow_tripdata_2021-01.csv']
[2022-01-29 12:26:14,650] {subprocess.py:85} INFO - Output:
[2022-01-29 12:26:18,957] {subprocess.py:93} INFO - Command exited with return code 0
[2022-01-29 12:26:19,416] {taskinstance.py:1277} INFO - Marking task as SUCCESS. dag_id=data_ingestion_gcs_dag, task_id=download_dataset_task, execution_date=20190113T000000, start_date=20220129T122614, end_date=20220129T122619
[2022-01-29 12:26:19,541] {local_task_job.py:212} WARNING - State of this instance has been externally set to success. Terminating instance.
[2022-01-29 12:26:19,543] {process_utils.py:124} INFO - Sending Signals.SIGTERM to group 3064. PIDs of all processes in the group: [3064]
[2022-01-29 12:26:19,544] {process_utils.py:75} INFO - Sending the signal Signals.SIGTERM to group 3064
[2022-01-29 12:26:19,711] {process_utils.py:70} INFO - Process psutil.Process(pid=3064, status='terminated', exitcode=0, started='12:26:13') (3064) terminated with exit code 0
