[2022-01-29 11:47:15,488] {taskinstance.py:1032} INFO - Dependencies all met for <TaskInstance: data_ingestion_gcs_dag.format_to_parquet_task manual__2022-01-29T11:45:03.704466+00:00 [queued]>
[2022-01-29 11:47:15,500] {taskinstance.py:1032} INFO - Dependencies all met for <TaskInstance: data_ingestion_gcs_dag.format_to_parquet_task manual__2022-01-29T11:45:03.704466+00:00 [queued]>
[2022-01-29 11:47:15,500] {taskinstance.py:1238} INFO - 
--------------------------------------------------------------------------------
[2022-01-29 11:47:15,500] {taskinstance.py:1239} INFO - Starting attempt 2 of 3
[2022-01-29 11:47:15,500] {taskinstance.py:1240} INFO - 
--------------------------------------------------------------------------------
[2022-01-29 11:47:15,512] {taskinstance.py:1259} INFO - Executing <Task(PythonOperator): format_to_parquet_task> on 2022-01-29 11:45:03.704466+00:00
[2022-01-29 11:47:15,518] {standard_task_runner.py:52} INFO - Started process 834 to run task
[2022-01-29 11:47:15,524] {standard_task_runner.py:76} INFO - Running: ['***', 'tasks', 'run', 'data_ingestion_gcs_dag', 'format_to_parquet_task', 'manual__2022-01-29T11:45:03.704466+00:00', '--job-id', '116', '--raw', '--subdir', 'DAGS_FOLDER/data_ingestion_gcs_dag.py', '--cfg-path', '/tmp/tmpvxghurlj', '--error-file', '/tmp/tmporrmwhb7']
[2022-01-29 11:47:15,525] {standard_task_runner.py:77} INFO - Job 116: Subtask format_to_parquet_task
[2022-01-29 11:47:15,589] {logging_mixin.py:109} INFO - Running <TaskInstance: data_ingestion_gcs_dag.format_to_parquet_task manual__2022-01-29T11:45:03.704466+00:00 [running]> on host 85e1117cfb12
[2022-01-29 11:47:15,648] {taskinstance.py:1426} INFO - Exporting the following env vars:
AIRFLOW_CTX_DAG_OWNER=***
AIRFLOW_CTX_DAG_ID=data_ingestion_gcs_dag
AIRFLOW_CTX_TASK_ID=format_to_parquet_task
AIRFLOW_CTX_EXECUTION_DATE=2022-01-29T11:45:03.704466+00:00
AIRFLOW_CTX_DAG_RUN_ID=manual__2022-01-29T11:45:03.704466+00:00
[2022-01-29 11:47:16,371] {logging_mixin.py:109} INFO - hello world
[2022-01-29 11:47:17,033] {python.py:175} INFO - Done. Returned value was: None
[2022-01-29 11:47:17,047] {taskinstance.py:1277} INFO - Marking task as SUCCESS. dag_id=data_ingestion_gcs_dag, task_id=format_to_parquet_task, execution_date=20220129T114503, start_date=20220129T114715, end_date=20220129T114717
[2022-01-29 11:47:17,105] {local_task_job.py:154} INFO - Task exited with return code 0
[2022-01-29 11:47:17,152] {local_task_job.py:264} INFO - 1 downstream tasks scheduled from follow-on schedule check
