[2022-01-29 09:08:32,390] {taskinstance.py:1032} INFO - Dependencies all met for <TaskInstance: LocalIngestionDag.wget manual__2022-01-29T09:08:31.592519+00:00 [queued]>
[2022-01-29 09:08:32,400] {taskinstance.py:1032} INFO - Dependencies all met for <TaskInstance: LocalIngestionDag.wget manual__2022-01-29T09:08:31.592519+00:00 [queued]>
[2022-01-29 09:08:32,401] {taskinstance.py:1238} INFO - 
--------------------------------------------------------------------------------
[2022-01-29 09:08:32,401] {taskinstance.py:1239} INFO - Starting attempt 1 of 1
[2022-01-29 09:08:32,401] {taskinstance.py:1240} INFO - 
--------------------------------------------------------------------------------
[2022-01-29 09:08:32,417] {taskinstance.py:1259} INFO - Executing <Task(BashOperator): wget> on 2022-01-29 09:08:31.592519+00:00
[2022-01-29 09:08:32,421] {standard_task_runner.py:52} INFO - Started process 454 to run task
[2022-01-29 09:08:32,426] {standard_task_runner.py:76} INFO - Running: ['***', 'tasks', 'run', 'LocalIngestionDag', 'wget', 'manual__2022-01-29T09:08:31.592519+00:00', '--job-id', '75', '--raw', '--subdir', 'DAGS_FOLDER/data_ingestion_local.py', '--cfg-path', '/tmp/tmpsgrou61j', '--error-file', '/tmp/tmp2g1v82pf']
[2022-01-29 09:08:32,427] {standard_task_runner.py:77} INFO - Job 75: Subtask wget
[2022-01-29 09:08:32,493] {logging_mixin.py:109} INFO - Running <TaskInstance: LocalIngestionDag.wget manual__2022-01-29T09:08:31.592519+00:00 [running]> on host 68102482cc2e
[2022-01-29 09:08:32,557] {taskinstance.py:1426} INFO - Exporting the following env vars:
AIRFLOW_CTX_DAG_OWNER=***
AIRFLOW_CTX_DAG_ID=LocalIngestionDag
AIRFLOW_CTX_TASK_ID=wget
AIRFLOW_CTX_EXECUTION_DATE=2022-01-29T09:08:31.592519+00:00
AIRFLOW_CTX_DAG_RUN_ID=manual__2022-01-29T09:08:31.592519+00:00
[2022-01-29 09:08:32,558] {subprocess.py:62} INFO - Tmp dir root location: 
 /tmp
[2022-01-29 09:08:32,558] {subprocess.py:74} INFO - Running command: ['bash', '-c', 'echo "hello world"']
[2022-01-29 09:08:32,569] {subprocess.py:85} INFO - Output:
[2022-01-29 09:08:32,572] {subprocess.py:89} INFO - hello world
[2022-01-29 09:08:32,572] {subprocess.py:93} INFO - Command exited with return code 0
[2022-01-29 09:08:32,602] {taskinstance.py:1277} INFO - Marking task as SUCCESS. dag_id=LocalIngestionDag, task_id=wget, execution_date=20220129T090831, start_date=20220129T090832, end_date=20220129T090832
[2022-01-29 09:08:32,639] {local_task_job.py:154} INFO - Task exited with return code 0
[2022-01-29 09:08:32,677] {local_task_job.py:264} INFO - 1 downstream tasks scheduled from follow-on schedule check
