[2022-01-29 12:14:53,520] {taskinstance.py:1032} INFO - Dependencies all met for <TaskInstance: data_ingestion_gcs_dag_v2.format_to_parquet_task manual__2022-01-29T12:14:44.724926+00:00 [queued]>
[2022-01-29 12:14:53,530] {taskinstance.py:1032} INFO - Dependencies all met for <TaskInstance: data_ingestion_gcs_dag_v2.format_to_parquet_task manual__2022-01-29T12:14:44.724926+00:00 [queued]>
[2022-01-29 12:14:53,530] {taskinstance.py:1238} INFO - 
--------------------------------------------------------------------------------
[2022-01-29 12:14:53,530] {taskinstance.py:1239} INFO - Starting attempt 1 of 2
[2022-01-29 12:14:53,531] {taskinstance.py:1240} INFO - 
--------------------------------------------------------------------------------
[2022-01-29 12:14:53,542] {taskinstance.py:1259} INFO - Executing <Task(PythonOperator): format_to_parquet_task> on 2022-01-29 12:14:44.724926+00:00
[2022-01-29 12:14:53,549] {standard_task_runner.py:52} INFO - Started process 2233 to run task
[2022-01-29 12:14:53,556] {standard_task_runner.py:76} INFO - Running: ['***', 'tasks', 'run', 'data_ingestion_gcs_dag_v2', 'format_to_parquet_task', 'manual__2022-01-29T12:14:44.724926+00:00', '--job-id', '152', '--raw', '--subdir', 'DAGS_FOLDER/data_ingestion_gcs_dag.py', '--cfg-path', '/tmp/tmpdu0sie3j', '--error-file', '/tmp/tmpothqudcv']
[2022-01-29 12:14:53,557] {standard_task_runner.py:77} INFO - Job 152: Subtask format_to_parquet_task
[2022-01-29 12:14:53,625] {logging_mixin.py:109} INFO - Running <TaskInstance: data_ingestion_gcs_dag_v2.format_to_parquet_task manual__2022-01-29T12:14:44.724926+00:00 [running]> on host 85e1117cfb12
[2022-01-29 12:14:53,694] {taskinstance.py:1426} INFO - Exporting the following env vars:
AIRFLOW_CTX_DAG_OWNER=***
AIRFLOW_CTX_DAG_ID=data_ingestion_gcs_dag_v2
AIRFLOW_CTX_TASK_ID=format_to_parquet_task
AIRFLOW_CTX_EXECUTION_DATE=2022-01-29T12:14:44.724926+00:00
AIRFLOW_CTX_DAG_RUN_ID=manual__2022-01-29T12:14:44.724926+00:00
[2022-01-29 12:14:55,201] {python.py:175} INFO - Done. Returned value was: None
[2022-01-29 12:14:55,216] {taskinstance.py:1277} INFO - Marking task as SUCCESS. dag_id=data_ingestion_gcs_dag_v2, task_id=format_to_parquet_task, execution_date=20220129T121444, start_date=20220129T121453, end_date=20220129T121455
[2022-01-29 12:14:55,295] {local_task_job.py:154} INFO - Task exited with return code 0
[2022-01-29 12:14:55,350] {local_task_job.py:264} INFO - 1 downstream tasks scheduled from follow-on schedule check
