[2022-01-29 13:54:18,300] {taskinstance.py:1032} INFO - Dependencies all met for <TaskInstance: data_ingestion_gcs_dag_2.bigquery_external_table_task scheduled__2021-07-02T06:00:00+00:00 [queued]>
[2022-01-29 13:54:18,313] {taskinstance.py:1032} INFO - Dependencies all met for <TaskInstance: data_ingestion_gcs_dag_2.bigquery_external_table_task scheduled__2021-07-02T06:00:00+00:00 [queued]>
[2022-01-29 13:54:18,313] {taskinstance.py:1238} INFO - 
--------------------------------------------------------------------------------
[2022-01-29 13:54:18,313] {taskinstance.py:1239} INFO - Starting attempt 2 of 2
[2022-01-29 13:54:18,313] {taskinstance.py:1240} INFO - 
--------------------------------------------------------------------------------
[2022-01-29 13:54:18,326] {taskinstance.py:1259} INFO - Executing <Task(BigQueryUpsertTableOperator): bigquery_external_table_task> on 2021-07-02 06:00:00+00:00
[2022-01-29 13:54:18,332] {standard_task_runner.py:52} INFO - Started process 2168 to run task
[2022-01-29 13:54:18,338] {standard_task_runner.py:76} INFO - Running: ['***', 'tasks', 'run', 'data_ingestion_gcs_dag_2', 'bigquery_external_table_task', 'scheduled__2021-07-02T06:00:00+00:00', '--job-id', '637', '--raw', '--subdir', 'DAGS_FOLDER/data_ingestion_gcs_dag_2.py', '--cfg-path', '/tmp/tmpers5zot6', '--error-file', '/tmp/tmpgknqd83w']
[2022-01-29 13:54:18,339] {standard_task_runner.py:77} INFO - Job 637: Subtask bigquery_external_table_task
[2022-01-29 13:54:18,414] {logging_mixin.py:109} INFO - Running <TaskInstance: data_ingestion_gcs_dag_2.bigquery_external_table_task scheduled__2021-07-02T06:00:00+00:00 [running]> on host 9bf957887753
[2022-01-29 13:54:18,486] {taskinstance.py:1426} INFO - Exporting the following env vars:
AIRFLOW_CTX_DAG_OWNER=***
AIRFLOW_CTX_DAG_ID=data_ingestion_gcs_dag_2
AIRFLOW_CTX_TASK_ID=bigquery_external_table_task
AIRFLOW_CTX_EXECUTION_DATE=2021-07-02T06:00:00+00:00
AIRFLOW_CTX_DAG_RUN_ID=scheduled__2021-07-02T06:00:00+00:00
[2022-01-29 13:54:18,487] {bigquery.py:2016} INFO - Upserting Dataset: trips_data_all with table_resource: {'tableReference': {'tableId': 'external_table'}}
[2022-01-29 13:54:18,488] {warnings.py:110} WARNING - /home/***/.local/lib/python3.7/site-packages/***/providers/google/cloud/operators/bigquery.py:2021: DeprecationWarning: The bigquery_conn_id parameter has been deprecated. You should pass the gcp_conn_id parameter.
  impersonation_chain=self.impersonation_chain,

[2022-01-29 13:54:18,490] {crypto.py:82} WARNING - empty cryptography key - values will not be stored encrypted.
[2022-01-29 13:54:18,497] {bigquery.py:496} INFO - Start getting tables list from dataset: datacamp-338713.trips_data_all
[2022-01-29 13:54:18,624] {bigquery.py:1225} INFO - Table datacamp-338713:trips_data_all.external_table exists, updating.
[2022-01-29 13:54:18,624] {bigquery.py:749} INFO - Updating table: {'tableId': 'external_table', 'projectId': 'datacamp-338713', 'datasetId': 'trips_data_all'}
[2022-01-29 13:54:18,902] {bigquery.py:751} INFO - Table datacamp-338713.None.None updated successfully
[2022-01-29 13:54:18,917] {taskinstance.py:1277} INFO - Marking task as SUCCESS. dag_id=data_ingestion_gcs_dag_2, task_id=bigquery_external_table_task, execution_date=20210702T060000, start_date=20220129T135418, end_date=20220129T135418
[2022-01-29 13:54:18,952] {local_task_job.py:154} INFO - Task exited with return code 0
[2022-01-29 13:54:18,990] {local_task_job.py:264} INFO - 0 downstream tasks scheduled from follow-on schedule check
