[2022-01-27 14:45:17,849] {taskinstance.py:1032} INFO - Dependencies all met for <TaskInstance: data_ingestion_gcs_dag.format_to_parquet_task manual__2022-01-27T14:38:45.638930+00:00 [queued]>
[2022-01-27 14:45:17,861] {taskinstance.py:1032} INFO - Dependencies all met for <TaskInstance: data_ingestion_gcs_dag.format_to_parquet_task manual__2022-01-27T14:38:45.638930+00:00 [queued]>
[2022-01-27 14:45:17,861] {taskinstance.py:1238} INFO - 
--------------------------------------------------------------------------------
[2022-01-27 14:45:17,862] {taskinstance.py:1239} INFO - Starting attempt 1 of 2
[2022-01-27 14:45:17,862] {taskinstance.py:1240} INFO - 
--------------------------------------------------------------------------------
[2022-01-27 14:45:17,874] {taskinstance.py:1259} INFO - Executing <Task(PythonOperator): format_to_parquet_task> on 2022-01-27 14:38:45.638930+00:00
[2022-01-27 14:45:17,881] {standard_task_runner.py:52} INFO - Started process 5185 to run task
[2022-01-27 14:45:17,886] {standard_task_runner.py:76} INFO - Running: ['***', 'tasks', 'run', 'data_ingestion_gcs_dag', 'format_to_parquet_task', 'manual__2022-01-27T14:38:45.638930+00:00', '--job-id', '15', '--raw', '--subdir', 'DAGS_FOLDER/data_ingestion_gcs_dag.py', '--cfg-path', '/tmp/tmp8891f8vp', '--error-file', '/tmp/tmph6byao0b']
[2022-01-27 14:45:17,887] {standard_task_runner.py:77} INFO - Job 15: Subtask format_to_parquet_task
[2022-01-27 14:45:17,951] {logging_mixin.py:109} INFO - Running <TaskInstance: data_ingestion_gcs_dag.format_to_parquet_task manual__2022-01-27T14:38:45.638930+00:00 [running]> on host 1eb1377c6bb9
[2022-01-27 14:45:18,013] {taskinstance.py:1426} INFO - Exporting the following env vars:
AIRFLOW_CTX_DAG_OWNER=***
AIRFLOW_CTX_DAG_ID=data_ingestion_gcs_dag
AIRFLOW_CTX_TASK_ID=format_to_parquet_task
AIRFLOW_CTX_EXECUTION_DATE=2022-01-27T14:38:45.638930+00:00
AIRFLOW_CTX_DAG_RUN_ID=manual__2022-01-27T14:38:45.638930+00:00
[2022-01-27 14:45:19,493] {python.py:175} INFO - Done. Returned value was: None
[2022-01-27 14:45:19,508] {taskinstance.py:1277} INFO - Marking task as SUCCESS. dag_id=data_ingestion_gcs_dag, task_id=format_to_parquet_task, execution_date=20220127T143845, start_date=20220127T144517, end_date=20220127T144519
[2022-01-27 14:45:19,592] {local_task_job.py:154} INFO - Task exited with return code 0
[2022-01-27 14:45:19,637] {local_task_job.py:264} INFO - 1 downstream tasks scheduled from follow-on schedule check
