[2022-01-29 09:05:54,702] {taskinstance.py:1032} INFO - Dependencies all met for <TaskInstance: LocalIngestionDag.ingest scheduled__2021-10-02T06:00:00+00:00 [queued]>
[2022-01-29 09:05:54,726] {taskinstance.py:1032} INFO - Dependencies all met for <TaskInstance: LocalIngestionDag.ingest scheduled__2021-10-02T06:00:00+00:00 [queued]>
[2022-01-29 09:05:54,726] {taskinstance.py:1238} INFO - 
--------------------------------------------------------------------------------
[2022-01-29 09:05:54,727] {taskinstance.py:1239} INFO - Starting attempt 1 of 1
[2022-01-29 09:05:54,727] {taskinstance.py:1240} INFO - 
--------------------------------------------------------------------------------
[2022-01-29 09:05:54,746] {taskinstance.py:1259} INFO - Executing <Task(BashOperator): ingest> on 2021-10-02 06:00:00+00:00
[2022-01-29 09:05:54,757] {standard_task_runner.py:52} INFO - Started process 322 to run task
[2022-01-29 09:05:54,767] {standard_task_runner.py:76} INFO - Running: ['***', 'tasks', 'run', 'LocalIngestionDag', 'ingest', 'scheduled__2021-10-02T06:00:00+00:00', '--job-id', '70', '--raw', '--subdir', 'DAGS_FOLDER/data_ingestion_local.py', '--cfg-path', '/tmp/tmp7x3ekyv1', '--error-file', '/tmp/tmpxsfki8is']
[2022-01-29 09:05:54,768] {standard_task_runner.py:77} INFO - Job 70: Subtask ingest
[2022-01-29 09:05:54,897] {logging_mixin.py:109} INFO - Running <TaskInstance: LocalIngestionDag.ingest scheduled__2021-10-02T06:00:00+00:00 [running]> on host 68102482cc2e
[2022-01-29 09:05:55,012] {taskinstance.py:1426} INFO - Exporting the following env vars:
AIRFLOW_CTX_DAG_OWNER=***
AIRFLOW_CTX_DAG_ID=LocalIngestionDag
AIRFLOW_CTX_TASK_ID=ingest
AIRFLOW_CTX_EXECUTION_DATE=2021-10-02T06:00:00+00:00
AIRFLOW_CTX_DAG_RUN_ID=scheduled__2021-10-02T06:00:00+00:00
[2022-01-29 09:05:55,013] {subprocess.py:62} INFO - Tmp dir root location: 
 /tmp
[2022-01-29 09:05:55,014] {subprocess.py:74} INFO - Running command: ['bash', '-c', 'echo "hello world"']
[2022-01-29 09:05:55,045] {subprocess.py:85} INFO - Output:
[2022-01-29 09:05:55,049] {subprocess.py:89} INFO - hello world
[2022-01-29 09:05:55,065] {subprocess.py:93} INFO - Command exited with return code 0
[2022-01-29 09:05:55,113] {taskinstance.py:1277} INFO - Marking task as SUCCESS. dag_id=LocalIngestionDag, task_id=ingest, execution_date=20211002T060000, start_date=20220129T090554, end_date=20220129T090555
[2022-01-29 09:05:55,192] {local_task_job.py:154} INFO - Task exited with return code 0
[2022-01-29 09:05:55,241] {local_task_job.py:264} INFO - 0 downstream tasks scheduled from follow-on schedule check
