[2022-01-29 12:28:43,418] {taskinstance.py:1032} INFO - Dependencies all met for <TaskInstance: data_ingestion_gcs_dag.format_to_parquet_task scheduled__2021-12-01T00:00:00+00:00 [queued]>
[2022-01-29 12:28:43,431] {taskinstance.py:1032} INFO - Dependencies all met for <TaskInstance: data_ingestion_gcs_dag.format_to_parquet_task scheduled__2021-12-01T00:00:00+00:00 [queued]>
[2022-01-29 12:28:43,431] {taskinstance.py:1238} INFO - 
--------------------------------------------------------------------------------
[2022-01-29 12:28:43,431] {taskinstance.py:1239} INFO - Starting attempt 1 of 2
[2022-01-29 12:28:43,431] {taskinstance.py:1240} INFO - 
--------------------------------------------------------------------------------
[2022-01-29 12:28:43,444] {taskinstance.py:1259} INFO - Executing <Task(PythonOperator): format_to_parquet_task> on 2021-12-01 00:00:00+00:00
[2022-01-29 12:28:43,450] {standard_task_runner.py:52} INFO - Started process 3753 to run task
[2022-01-29 12:28:43,457] {standard_task_runner.py:76} INFO - Running: ['***', 'tasks', 'run', 'data_ingestion_gcs_dag', 'format_to_parquet_task', 'scheduled__2021-12-01T00:00:00+00:00', '--job-id', '320', '--raw', '--subdir', 'DAGS_FOLDER/data_ingestion_gcs_dag.py', '--cfg-path', '/tmp/tmpr35ys6_a', '--error-file', '/tmp/tmp22ye75z5']
[2022-01-29 12:28:43,458] {standard_task_runner.py:77} INFO - Job 320: Subtask format_to_parquet_task
[2022-01-29 12:28:43,541] {logging_mixin.py:109} INFO - Running <TaskInstance: data_ingestion_gcs_dag.format_to_parquet_task scheduled__2021-12-01T00:00:00+00:00 [running]> on host 85e1117cfb12
[2022-01-29 12:28:43,611] {taskinstance.py:1426} INFO - Exporting the following env vars:
AIRFLOW_CTX_DAG_OWNER=***
AIRFLOW_CTX_DAG_ID=data_ingestion_gcs_dag
AIRFLOW_CTX_TASK_ID=format_to_parquet_task
AIRFLOW_CTX_EXECUTION_DATE=2021-12-01T00:00:00+00:00
AIRFLOW_CTX_DAG_RUN_ID=scheduled__2021-12-01T00:00:00+00:00
[2022-01-29 12:28:45,421] {python.py:175} INFO - Done. Returned value was: None
[2022-01-29 12:28:45,434] {taskinstance.py:1277} INFO - Marking task as SUCCESS. dag_id=data_ingestion_gcs_dag, task_id=format_to_parquet_task, execution_date=20211201T000000, start_date=20220129T122843, end_date=20220129T122845
[2022-01-29 12:28:45,508] {local_task_job.py:154} INFO - Task exited with return code 0
[2022-01-29 12:28:45,558] {local_task_job.py:264} INFO - 1 downstream tasks scheduled from follow-on schedule check
[2022-01-29 12:32:14,559] {taskinstance.py:1032} INFO - Dependencies all met for <TaskInstance: data_ingestion_gcs_dag.format_to_parquet_task scheduled__2021-12-01T00:00:00+00:00 [queued]>
[2022-01-29 12:32:14,575] {taskinstance.py:1032} INFO - Dependencies all met for <TaskInstance: data_ingestion_gcs_dag.format_to_parquet_task scheduled__2021-12-01T00:00:00+00:00 [queued]>
[2022-01-29 12:32:14,576] {taskinstance.py:1238} INFO - 
--------------------------------------------------------------------------------
[2022-01-29 12:32:14,576] {taskinstance.py:1239} INFO - Starting attempt 1 of 2
[2022-01-29 12:32:14,576] {taskinstance.py:1240} INFO - 
--------------------------------------------------------------------------------
[2022-01-29 12:32:14,592] {taskinstance.py:1259} INFO - Executing <Task(PythonOperator): format_to_parquet_task> on 2021-12-01 00:00:00+00:00
[2022-01-29 12:32:14,602] {standard_task_runner.py:52} INFO - Started process 3949 to run task
[2022-01-29 12:32:14,608] {standard_task_runner.py:76} INFO - Running: ['***', 'tasks', 'run', 'data_ingestion_gcs_dag', 'format_to_parquet_task', 'scheduled__2021-12-01T00:00:00+00:00', '--job-id', '327', '--raw', '--subdir', 'DAGS_FOLDER/data_ingestion_gcs_dag.py', '--cfg-path', '/tmp/tmpzadcpuru', '--error-file', '/tmp/tmpwophhe04']
[2022-01-29 12:32:14,610] {standard_task_runner.py:77} INFO - Job 327: Subtask format_to_parquet_task
[2022-01-29 12:32:14,698] {logging_mixin.py:109} INFO - Running <TaskInstance: data_ingestion_gcs_dag.format_to_parquet_task scheduled__2021-12-01T00:00:00+00:00 [running]> on host 85e1117cfb12
[2022-01-29 12:32:14,780] {taskinstance.py:1426} INFO - Exporting the following env vars:
AIRFLOW_CTX_DAG_OWNER=***
AIRFLOW_CTX_DAG_ID=data_ingestion_gcs_dag
AIRFLOW_CTX_TASK_ID=format_to_parquet_task
AIRFLOW_CTX_EXECUTION_DATE=2021-12-01T00:00:00+00:00
AIRFLOW_CTX_DAG_RUN_ID=scheduled__2021-12-01T00:00:00+00:00
[2022-01-29 12:32:17,386] {python.py:175} INFO - Done. Returned value was: None
[2022-01-29 12:32:17,407] {taskinstance.py:1277} INFO - Marking task as SUCCESS. dag_id=data_ingestion_gcs_dag, task_id=format_to_parquet_task, execution_date=20211201T000000, start_date=20220129T123214, end_date=20220129T123217
[2022-01-29 12:32:17,532] {local_task_job.py:154} INFO - Task exited with return code 0
[2022-01-29 12:32:17,638] {local_task_job.py:264} INFO - 0 downstream tasks scheduled from follow-on schedule check
