[2022-01-29 12:37:02,589] {taskinstance.py:1032} INFO - Dependencies all met for <TaskInstance: data_ingestion_gcs_dag.format_to_parquet_task scheduled__2021-07-02T06:00:00+00:00 [queued]>
[2022-01-29 12:37:02,673] {taskinstance.py:1032} INFO - Dependencies all met for <TaskInstance: data_ingestion_gcs_dag.format_to_parquet_task scheduled__2021-07-02T06:00:00+00:00 [queued]>
[2022-01-29 12:37:02,673] {taskinstance.py:1238} INFO - 
--------------------------------------------------------------------------------
[2022-01-29 12:37:02,673] {taskinstance.py:1239} INFO - Starting attempt 1 of 2
[2022-01-29 12:37:02,673] {taskinstance.py:1240} INFO - 
--------------------------------------------------------------------------------
[2022-01-29 12:37:02,738] {taskinstance.py:1259} INFO - Executing <Task(PythonOperator): format_to_parquet_task> on 2021-07-02 06:00:00+00:00
[2022-01-29 12:37:02,763] {standard_task_runner.py:52} INFO - Started process 4858 to run task
[2022-01-29 12:37:02,818] {standard_task_runner.py:76} INFO - Running: ['***', 'tasks', 'run', 'data_ingestion_gcs_dag', 'format_to_parquet_task', 'scheduled__2021-07-02T06:00:00+00:00', '--job-id', '466', '--raw', '--subdir', 'DAGS_FOLDER/data_ingestion_gcs_dag.py', '--cfg-path', '/tmp/tmpaw4g42ph', '--error-file', '/tmp/tmpq92x271y']
[2022-01-29 12:37:02,820] {standard_task_runner.py:77} INFO - Job 466: Subtask format_to_parquet_task
[2022-01-29 12:37:03,234] {logging_mixin.py:109} INFO - Running <TaskInstance: data_ingestion_gcs_dag.format_to_parquet_task scheduled__2021-07-02T06:00:00+00:00 [running]> on host 85e1117cfb12
[2022-01-29 12:37:03,495] {taskinstance.py:1426} INFO - Exporting the following env vars:
AIRFLOW_CTX_DAG_OWNER=***
AIRFLOW_CTX_DAG_ID=data_ingestion_gcs_dag
AIRFLOW_CTX_TASK_ID=format_to_parquet_task
AIRFLOW_CTX_EXECUTION_DATE=2021-07-02T06:00:00+00:00
AIRFLOW_CTX_DAG_RUN_ID=scheduled__2021-07-02T06:00:00+00:00
[2022-01-29 12:37:11,612] {python.py:175} INFO - Done. Returned value was: None
[2022-01-29 12:37:11,650] {taskinstance.py:1277} INFO - Marking task as SUCCESS. dag_id=data_ingestion_gcs_dag, task_id=format_to_parquet_task, execution_date=20210702T060000, start_date=20220129T123702, end_date=20220129T123711
[2022-01-29 12:37:12,412] {local_task_job.py:154} INFO - Task exited with return code 0
[2022-01-29 12:37:12,987] {local_task_job.py:264} INFO - 0 downstream tasks scheduled from follow-on schedule check
[2022-01-29 13:23:16,694] {taskinstance.py:1032} INFO - Dependencies all met for <TaskInstance: data_ingestion_gcs_dag.format_to_parquet_task scheduled__2021-07-02T06:00:00+00:00 [queued]>
[2022-01-29 13:23:16,813] {taskinstance.py:1032} INFO - Dependencies all met for <TaskInstance: data_ingestion_gcs_dag.format_to_parquet_task scheduled__2021-07-02T06:00:00+00:00 [queued]>
[2022-01-29 13:23:16,819] {taskinstance.py:1238} INFO - 
--------------------------------------------------------------------------------
[2022-01-29 13:23:16,819] {taskinstance.py:1239} INFO - Starting attempt 1 of 1
[2022-01-29 13:23:16,819] {taskinstance.py:1240} INFO - 
--------------------------------------------------------------------------------
[2022-01-29 13:23:16,965] {taskinstance.py:1259} INFO - Executing <Task(PythonOperator): format_to_parquet_task> on 2021-07-02 06:00:00+00:00
[2022-01-29 13:23:17,044] {standard_task_runner.py:76} INFO - Running: ['***', 'tasks', 'run', 'data_ingestion_gcs_dag', 'format_to_parquet_task', 'scheduled__2021-07-02T06:00:00+00:00', '--job-id', '564', '--raw', '--subdir', 'DAGS_FOLDER/data_ingestion_gcs_dag.py', '--cfg-path', '/tmp/tmpwq17uuxh', '--error-file', '/tmp/tmpkjd5fpyj']
[2022-01-29 13:23:17,054] {standard_task_runner.py:77} INFO - Job 564: Subtask format_to_parquet_task
[2022-01-29 13:23:17,027] {standard_task_runner.py:52} INFO - Started process 459 to run task
[2022-01-29 13:23:17,176] {logging_mixin.py:109} INFO - Running <TaskInstance: data_ingestion_gcs_dag.format_to_parquet_task scheduled__2021-07-02T06:00:00+00:00 [running]> on host 9bf957887753
[2022-01-29 13:23:17,457] {warnings.py:110} WARNING - /home/***/.local/lib/python3.7/site-packages/***/utils/context.py:152: AirflowContextDeprecationWarning: Accessing 'execution_date' from the template is deprecated and will be removed in a future version. Please use 'data_interval_start' or 'logical_date' instead.
  warnings.warn(_create_deprecation_warning(key, self._deprecation_replacements[key]))

[2022-01-29 13:23:17,560] {taskinstance.py:1426} INFO - Exporting the following env vars:
AIRFLOW_CTX_DAG_OWNER=***
AIRFLOW_CTX_DAG_ID=data_ingestion_gcs_dag
AIRFLOW_CTX_TASK_ID=format_to_parquet_task
AIRFLOW_CTX_EXECUTION_DATE=2021-07-02T06:00:00+00:00
AIRFLOW_CTX_DAG_RUN_ID=scheduled__2021-07-02T06:00:00+00:00
[2022-01-29 13:23:31,595] {python.py:175} INFO - Done. Returned value was: None
[2022-01-29 13:23:31,629] {taskinstance.py:1277} INFO - Marking task as SUCCESS. dag_id=data_ingestion_gcs_dag, task_id=format_to_parquet_task, execution_date=20210702T060000, start_date=20220129T132316, end_date=20220129T132331
[2022-01-29 13:23:31,878] {local_task_job.py:154} INFO - Task exited with return code 0
[2022-01-29 13:23:31,944] {local_task_job.py:264} INFO - 1 downstream tasks scheduled from follow-on schedule check
