[2022-01-29 11:45:05,769] {taskinstance.py:1032} INFO - Dependencies all met for <TaskInstance: data_ingestion_gcs_dag.download_dataset_task manual__2022-01-29T11:45:03.704466+00:00 [queued]>
[2022-01-29 11:45:05,787] {taskinstance.py:1032} INFO - Dependencies all met for <TaskInstance: data_ingestion_gcs_dag.download_dataset_task manual__2022-01-29T11:45:03.704466+00:00 [queued]>
[2022-01-29 11:45:05,787] {taskinstance.py:1238} INFO - 
--------------------------------------------------------------------------------
[2022-01-29 11:45:05,787] {taskinstance.py:1239} INFO - Starting attempt 1 of 2
[2022-01-29 11:45:05,787] {taskinstance.py:1240} INFO - 
--------------------------------------------------------------------------------
[2022-01-29 11:45:05,806] {taskinstance.py:1259} INFO - Executing <Task(BashOperator): download_dataset_task> on 2022-01-29 11:45:03.704466+00:00
[2022-01-29 11:45:05,814] {standard_task_runner.py:52} INFO - Started process 718 to run task
[2022-01-29 11:45:05,827] {standard_task_runner.py:76} INFO - Running: ['***', 'tasks', 'run', 'data_ingestion_gcs_dag', 'download_dataset_task', 'manual__2022-01-29T11:45:03.704466+00:00', '--job-id', '114', '--raw', '--subdir', 'DAGS_FOLDER/data_ingestion_gcs_dag.py', '--cfg-path', '/tmp/tmp4r_uj435', '--error-file', '/tmp/tmpmzh574ij']
[2022-01-29 11:45:05,828] {standard_task_runner.py:77} INFO - Job 114: Subtask download_dataset_task
[2022-01-29 11:45:05,920] {logging_mixin.py:109} INFO - Running <TaskInstance: data_ingestion_gcs_dag.download_dataset_task manual__2022-01-29T11:45:03.704466+00:00 [running]> on host 85e1117cfb12
[2022-01-29 11:45:06,016] {taskinstance.py:1426} INFO - Exporting the following env vars:
AIRFLOW_CTX_DAG_OWNER=***
AIRFLOW_CTX_DAG_ID=data_ingestion_gcs_dag
AIRFLOW_CTX_TASK_ID=download_dataset_task
AIRFLOW_CTX_EXECUTION_DATE=2022-01-29T11:45:03.704466+00:00
AIRFLOW_CTX_DAG_RUN_ID=manual__2022-01-29T11:45:03.704466+00:00
[2022-01-29 11:45:06,018] {subprocess.py:62} INFO - Tmp dir root location: 
 /tmp
[2022-01-29 11:45:06,019] {subprocess.py:74} INFO - Running command: ['bash', '-c', 'curl -sS https://s3.amazonaws.com/nyc-tlc/trip+data/yellow_tripdata_2021-01.csv > /opt/***/yellow_tripdata_2021-01.csv']
[2022-01-29 11:45:06,038] {subprocess.py:85} INFO - Output:
[2022-01-29 11:45:10,725] {subprocess.py:93} INFO - Command exited with return code 0
[2022-01-29 11:45:10,755] {taskinstance.py:1277} INFO - Marking task as SUCCESS. dag_id=data_ingestion_gcs_dag, task_id=download_dataset_task, execution_date=20220129T114503, start_date=20220129T114505, end_date=20220129T114510
[2022-01-29 11:45:10,786] {local_task_job.py:154} INFO - Task exited with return code 0
[2022-01-29 11:45:10,824] {local_task_job.py:264} INFO - 1 downstream tasks scheduled from follow-on schedule check
