[2022-01-30 01:35:25,687] {taskinstance.py:1032} INFO - Dependencies all met for <TaskInstance: data_ingestion_gcs_dag_fhv_2.local_to_gcs_task scheduled__2021-05-02T06:00:00+00:00 [queued]>
[2022-01-30 01:35:25,704] {taskinstance.py:1032} INFO - Dependencies all met for <TaskInstance: data_ingestion_gcs_dag_fhv_2.local_to_gcs_task scheduled__2021-05-02T06:00:00+00:00 [queued]>
[2022-01-30 01:35:25,705] {taskinstance.py:1238} INFO - 
--------------------------------------------------------------------------------
[2022-01-30 01:35:25,705] {taskinstance.py:1239} INFO - Starting attempt 1 of 1
[2022-01-30 01:35:25,705] {taskinstance.py:1240} INFO - 
--------------------------------------------------------------------------------
[2022-01-30 01:35:27,496] {taskinstance.py:1259} INFO - Executing <Task(PythonOperator): local_to_gcs_task> on 2021-05-02 06:00:00+00:00
[2022-01-30 01:35:27,840] {standard_task_runner.py:76} INFO - Running: ['***', 'tasks', 'run', 'data_ingestion_gcs_dag_fhv_2', 'local_to_gcs_task', 'scheduled__2021-05-02T06:00:00+00:00', '--job-id', '154', '--raw', '--subdir', 'DAGS_FOLDER/data_ingestion_gcs_dag_2_fhv.py', '--cfg-path', '/tmp/tmprxx1nel_', '--error-file', '/tmp/tmpp60zbzj1']
[2022-01-30 01:35:27,842] {standard_task_runner.py:77} INFO - Job 154: Subtask local_to_gcs_task
[2022-01-30 01:35:27,831] {standard_task_runner.py:52} INFO - Started process 1289 to run task
[2022-01-30 01:35:32,393] {logging_mixin.py:109} INFO - Running <TaskInstance: data_ingestion_gcs_dag_fhv_2.local_to_gcs_task scheduled__2021-05-02T06:00:00+00:00 [running]> on host 04ca2676bdcc
[2022-01-30 01:35:33,156] {warnings.py:110} WARNING - /home/***/.local/lib/python3.7/site-packages/***/utils/context.py:152: AirflowContextDeprecationWarning: Accessing 'execution_date' from the template is deprecated and will be removed in a future version. Please use 'data_interval_start' or 'logical_date' instead.
  warnings.warn(_create_deprecation_warning(key, self._deprecation_replacements[key]))

[2022-01-30 01:35:36,263] {taskinstance.py:1426} INFO - Exporting the following env vars:
AIRFLOW_CTX_DAG_OWNER=***
AIRFLOW_CTX_DAG_ID=data_ingestion_gcs_dag_fhv_2
AIRFLOW_CTX_TASK_ID=local_to_gcs_task
AIRFLOW_CTX_EXECUTION_DATE=2021-05-02T06:00:00+00:00
AIRFLOW_CTX_DAG_RUN_ID=scheduled__2021-05-02T06:00:00+00:00
[2022-01-30 01:35:37,302] {python.py:175} INFO - Done. Returned value was: None
[2022-01-30 01:35:37,316] {taskinstance.py:1277} INFO - Marking task as SUCCESS. dag_id=data_ingestion_gcs_dag_fhv_2, task_id=local_to_gcs_task, execution_date=20210502T060000, start_date=20220130T013525, end_date=20220130T013537
[2022-01-30 01:35:39,695] {local_task_job.py:154} INFO - Task exited with return code 0
[2022-01-30 01:35:42,797] {local_task_job.py:264} INFO - 1 downstream tasks scheduled from follow-on schedule check
