[2022-01-29 12:36:51,180] {taskinstance.py:1032} INFO - Dependencies all met for <TaskInstance: data_ingestion_gcs_dag.download_dataset_task scheduled__2021-07-02T06:00:00+00:00 [queued]>
[2022-01-29 12:36:51,205] {taskinstance.py:1032} INFO - Dependencies all met for <TaskInstance: data_ingestion_gcs_dag.download_dataset_task scheduled__2021-07-02T06:00:00+00:00 [queued]>
[2022-01-29 12:36:51,205] {taskinstance.py:1238} INFO - 
--------------------------------------------------------------------------------
[2022-01-29 12:36:51,205] {taskinstance.py:1239} INFO - Starting attempt 1 of 2
[2022-01-29 12:36:51,205] {taskinstance.py:1240} INFO - 
--------------------------------------------------------------------------------
[2022-01-29 12:36:51,246] {taskinstance.py:1259} INFO - Executing <Task(BashOperator): download_dataset_task> on 2021-07-02 06:00:00+00:00
[2022-01-29 12:36:51,255] {standard_task_runner.py:52} INFO - Started process 4798 to run task
[2022-01-29 12:36:51,265] {standard_task_runner.py:76} INFO - Running: ['***', 'tasks', 'run', 'data_ingestion_gcs_dag', 'download_dataset_task', 'scheduled__2021-07-02T06:00:00+00:00', '--job-id', '457', '--raw', '--subdir', 'DAGS_FOLDER/data_ingestion_gcs_dag.py', '--cfg-path', '/tmp/tmpbrqvhik8', '--error-file', '/tmp/tmp4uoj6w6q']
[2022-01-29 12:36:51,268] {standard_task_runner.py:77} INFO - Job 457: Subtask download_dataset_task
[2022-01-29 12:36:51,381] {logging_mixin.py:109} INFO - Running <TaskInstance: data_ingestion_gcs_dag.download_dataset_task scheduled__2021-07-02T06:00:00+00:00 [running]> on host 85e1117cfb12
[2022-01-29 12:36:51,481] {taskinstance.py:1426} INFO - Exporting the following env vars:
AIRFLOW_CTX_DAG_OWNER=***
AIRFLOW_CTX_DAG_ID=data_ingestion_gcs_dag
AIRFLOW_CTX_TASK_ID=download_dataset_task
AIRFLOW_CTX_EXECUTION_DATE=2021-07-02T06:00:00+00:00
AIRFLOW_CTX_DAG_RUN_ID=scheduled__2021-07-02T06:00:00+00:00
[2022-01-29 12:36:51,483] {subprocess.py:62} INFO - Tmp dir root location: 
 /tmp
[2022-01-29 12:36:51,483] {subprocess.py:74} INFO - Running command: ['bash', '-c', 'curl -sS https://s3.amazonaws.com/nyc-tlc/trip+data/yellow_tripdata_2021-01.csv > /opt/***/yellow_tripdata_2021-01.csv']
[2022-01-29 12:36:51,503] {subprocess.py:85} INFO - Output:
[2022-01-29 12:36:55,900] {subprocess.py:93} INFO - Command exited with return code 0
[2022-01-29 12:36:56,493] {taskinstance.py:1277} INFO - Marking task as SUCCESS. dag_id=data_ingestion_gcs_dag, task_id=download_dataset_task, execution_date=20210702T060000, start_date=20220129T123651, end_date=20220129T123656
[2022-01-29 12:36:56,675] {local_task_job.py:154} INFO - Task exited with return code 0
[2022-01-29 12:36:57,345] {local_task_job.py:264} INFO - 0 downstream tasks scheduled from follow-on schedule check
[2022-01-29 13:23:01,276] {taskinstance.py:1032} INFO - Dependencies all met for <TaskInstance: data_ingestion_gcs_dag.download_dataset_task scheduled__2021-07-02T06:00:00+00:00 [queued]>
[2022-01-29 13:23:01,316] {taskinstance.py:1032} INFO - Dependencies all met for <TaskInstance: data_ingestion_gcs_dag.download_dataset_task scheduled__2021-07-02T06:00:00+00:00 [queued]>
[2022-01-29 13:23:01,316] {taskinstance.py:1238} INFO - 
--------------------------------------------------------------------------------
[2022-01-29 13:23:01,317] {taskinstance.py:1239} INFO - Starting attempt 1 of 1
[2022-01-29 13:23:01,317] {taskinstance.py:1240} INFO - 
--------------------------------------------------------------------------------
[2022-01-29 13:23:01,353] {taskinstance.py:1259} INFO - Executing <Task(BashOperator): download_dataset_task> on 2021-07-02 06:00:00+00:00
[2022-01-29 13:23:01,360] {standard_task_runner.py:52} INFO - Started process 354 to run task
[2022-01-29 13:23:01,385] {standard_task_runner.py:76} INFO - Running: ['***', 'tasks', 'run', 'data_ingestion_gcs_dag', 'download_dataset_task', 'scheduled__2021-07-02T06:00:00+00:00', '--job-id', '545', '--raw', '--subdir', 'DAGS_FOLDER/data_ingestion_gcs_dag.py', '--cfg-path', '/tmp/tmp1b1fdsxi', '--error-file', '/tmp/tmpjtq7s7k1']
[2022-01-29 13:23:01,393] {standard_task_runner.py:77} INFO - Job 545: Subtask download_dataset_task
[2022-01-29 13:23:01,591] {logging_mixin.py:109} INFO - Running <TaskInstance: data_ingestion_gcs_dag.download_dataset_task scheduled__2021-07-02T06:00:00+00:00 [running]> on host 9bf957887753
[2022-01-29 13:23:01,855] {warnings.py:110} WARNING - /home/***/.local/lib/python3.7/site-packages/***/utils/context.py:152: AirflowContextDeprecationWarning: Accessing 'execution_date' from the template is deprecated and will be removed in a future version. Please use 'data_interval_start' or 'logical_date' instead.
  warnings.warn(_create_deprecation_warning(key, self._deprecation_replacements[key]))

[2022-01-29 13:23:01,935] {taskinstance.py:1426} INFO - Exporting the following env vars:
AIRFLOW_CTX_DAG_OWNER=***
AIRFLOW_CTX_DAG_ID=data_ingestion_gcs_dag
AIRFLOW_CTX_TASK_ID=download_dataset_task
AIRFLOW_CTX_EXECUTION_DATE=2021-07-02T06:00:00+00:00
AIRFLOW_CTX_DAG_RUN_ID=scheduled__2021-07-02T06:00:00+00:00
[2022-01-29 13:23:01,937] {subprocess.py:62} INFO - Tmp dir root location: 
 /tmp
[2022-01-29 13:23:01,937] {subprocess.py:74} INFO - Running command: ['bash', '-c', 'curl -sS https://s3.amazonaws.com/nyc-tlc/trip+data/yellow_tripdata_2021-07.csv > /opt/***/yellow_tripdata_2021-07.csv']
[2022-01-29 13:23:01,988] {subprocess.py:85} INFO - Output:
[2022-01-29 13:23:10,544] {subprocess.py:93} INFO - Command exited with return code 0
[2022-01-29 13:23:10,620] {taskinstance.py:1277} INFO - Marking task as SUCCESS. dag_id=data_ingestion_gcs_dag, task_id=download_dataset_task, execution_date=20210702T060000, start_date=20220129T132301, end_date=20220129T132310
[2022-01-29 13:23:10,799] {local_task_job.py:154} INFO - Task exited with return code 0
[2022-01-29 13:23:10,944] {local_task_job.py:264} INFO - 1 downstream tasks scheduled from follow-on schedule check
