[2022-01-29 12:36:51,265] {taskinstance.py:1032} INFO - Dependencies all met for <TaskInstance: data_ingestion_gcs_dag.download_dataset_task scheduled__2021-08-02T06:00:00+00:00 [queued]>
[2022-01-29 12:36:51,285] {taskinstance.py:1032} INFO - Dependencies all met for <TaskInstance: data_ingestion_gcs_dag.download_dataset_task scheduled__2021-08-02T06:00:00+00:00 [queued]>
[2022-01-29 12:36:51,285] {taskinstance.py:1238} INFO - 
--------------------------------------------------------------------------------
[2022-01-29 12:36:51,285] {taskinstance.py:1239} INFO - Starting attempt 1 of 2
[2022-01-29 12:36:51,285] {taskinstance.py:1240} INFO - 
--------------------------------------------------------------------------------
[2022-01-29 12:36:51,301] {taskinstance.py:1259} INFO - Executing <Task(BashOperator): download_dataset_task> on 2021-08-02 06:00:00+00:00
[2022-01-29 12:36:51,311] {standard_task_runner.py:52} INFO - Started process 4799 to run task
[2022-01-29 12:36:51,319] {standard_task_runner.py:76} INFO - Running: ['***', 'tasks', 'run', 'data_ingestion_gcs_dag', 'download_dataset_task', 'scheduled__2021-08-02T06:00:00+00:00', '--job-id', '458', '--raw', '--subdir', 'DAGS_FOLDER/data_ingestion_gcs_dag.py', '--cfg-path', '/tmp/tmpu3jl_vlq', '--error-file', '/tmp/tmpb3e9umf1']
[2022-01-29 12:36:51,320] {standard_task_runner.py:77} INFO - Job 458: Subtask download_dataset_task
[2022-01-29 12:36:51,422] {logging_mixin.py:109} INFO - Running <TaskInstance: data_ingestion_gcs_dag.download_dataset_task scheduled__2021-08-02T06:00:00+00:00 [running]> on host 85e1117cfb12
[2022-01-29 12:36:51,512] {taskinstance.py:1426} INFO - Exporting the following env vars:
AIRFLOW_CTX_DAG_OWNER=***
AIRFLOW_CTX_DAG_ID=data_ingestion_gcs_dag
AIRFLOW_CTX_TASK_ID=download_dataset_task
AIRFLOW_CTX_EXECUTION_DATE=2021-08-02T06:00:00+00:00
AIRFLOW_CTX_DAG_RUN_ID=scheduled__2021-08-02T06:00:00+00:00
[2022-01-29 12:36:51,514] {subprocess.py:62} INFO - Tmp dir root location: 
 /tmp
[2022-01-29 12:36:51,515] {subprocess.py:74} INFO - Running command: ['bash', '-c', 'curl -sS https://s3.amazonaws.com/nyc-tlc/trip+data/yellow_tripdata_2021-01.csv > /opt/***/yellow_tripdata_2021-01.csv']
[2022-01-29 12:36:51,538] {subprocess.py:85} INFO - Output:
[2022-01-29 12:36:55,969] {subprocess.py:93} INFO - Command exited with return code 0
[2022-01-29 12:36:56,486] {taskinstance.py:1277} INFO - Marking task as SUCCESS. dag_id=data_ingestion_gcs_dag, task_id=download_dataset_task, execution_date=20210802T060000, start_date=20220129T123651, end_date=20220129T123656
[2022-01-29 12:36:56,664] {local_task_job.py:154} INFO - Task exited with return code 0
[2022-01-29 12:36:57,335] {local_task_job.py:264} INFO - 0 downstream tasks scheduled from follow-on schedule check
[2022-01-29 13:23:01,438] {taskinstance.py:1032} INFO - Dependencies all met for <TaskInstance: data_ingestion_gcs_dag.download_dataset_task scheduled__2021-08-02T06:00:00+00:00 [queued]>
[2022-01-29 13:23:01,469] {taskinstance.py:1032} INFO - Dependencies all met for <TaskInstance: data_ingestion_gcs_dag.download_dataset_task scheduled__2021-08-02T06:00:00+00:00 [queued]>
[2022-01-29 13:23:01,469] {taskinstance.py:1238} INFO - 
--------------------------------------------------------------------------------
[2022-01-29 13:23:01,469] {taskinstance.py:1239} INFO - Starting attempt 1 of 1
[2022-01-29 13:23:01,469] {taskinstance.py:1240} INFO - 
--------------------------------------------------------------------------------
[2022-01-29 13:23:01,532] {taskinstance.py:1259} INFO - Executing <Task(BashOperator): download_dataset_task> on 2021-08-02 06:00:00+00:00
[2022-01-29 13:23:01,543] {standard_task_runner.py:52} INFO - Started process 355 to run task
[2022-01-29 13:23:01,556] {standard_task_runner.py:76} INFO - Running: ['***', 'tasks', 'run', 'data_ingestion_gcs_dag', 'download_dataset_task', 'scheduled__2021-08-02T06:00:00+00:00', '--job-id', '546', '--raw', '--subdir', 'DAGS_FOLDER/data_ingestion_gcs_dag.py', '--cfg-path', '/tmp/tmpusi0yuj7', '--error-file', '/tmp/tmpoq6ih9do']
[2022-01-29 13:23:01,569] {standard_task_runner.py:77} INFO - Job 546: Subtask download_dataset_task
[2022-01-29 13:23:01,800] {logging_mixin.py:109} INFO - Running <TaskInstance: data_ingestion_gcs_dag.download_dataset_task scheduled__2021-08-02T06:00:00+00:00 [running]> on host 9bf957887753
[2022-01-29 13:23:01,974] {warnings.py:110} WARNING - /home/***/.local/lib/python3.7/site-packages/***/utils/context.py:152: AirflowContextDeprecationWarning: Accessing 'execution_date' from the template is deprecated and will be removed in a future version. Please use 'data_interval_start' or 'logical_date' instead.
  warnings.warn(_create_deprecation_warning(key, self._deprecation_replacements[key]))

[2022-01-29 13:23:02,053] {taskinstance.py:1426} INFO - Exporting the following env vars:
AIRFLOW_CTX_DAG_OWNER=***
AIRFLOW_CTX_DAG_ID=data_ingestion_gcs_dag
AIRFLOW_CTX_TASK_ID=download_dataset_task
AIRFLOW_CTX_EXECUTION_DATE=2021-08-02T06:00:00+00:00
AIRFLOW_CTX_DAG_RUN_ID=scheduled__2021-08-02T06:00:00+00:00
[2022-01-29 13:23:02,054] {subprocess.py:62} INFO - Tmp dir root location: 
 /tmp
[2022-01-29 13:23:02,055] {subprocess.py:74} INFO - Running command: ['bash', '-c', 'curl -sS https://s3.amazonaws.com/nyc-tlc/trip+data/yellow_tripdata_2021-08.csv > /opt/***/yellow_tripdata_2021-08.csv']
[2022-01-29 13:23:02,102] {subprocess.py:85} INFO - Output:
[2022-01-29 13:23:02,513] {subprocess.py:93} INFO - Command exited with return code 0
[2022-01-29 13:23:02,619] {taskinstance.py:1277} INFO - Marking task as SUCCESS. dag_id=data_ingestion_gcs_dag, task_id=download_dataset_task, execution_date=20210802T060000, start_date=20220129T132301, end_date=20220129T132302
[2022-01-29 13:23:02,823] {local_task_job.py:154} INFO - Task exited with return code 0
[2022-01-29 13:23:03,066] {local_task_job.py:264} INFO - 1 downstream tasks scheduled from follow-on schedule check
