[2022-01-29 12:26:29,677] {taskinstance.py:1032} INFO - Dependencies all met for <TaskInstance: data_ingestion_gcs_dag.download_dataset_task scheduled__2019-01-17T00:00:00+00:00 [queued]>
[2022-01-29 12:26:29,757] {taskinstance.py:1032} INFO - Dependencies all met for <TaskInstance: data_ingestion_gcs_dag.download_dataset_task scheduled__2019-01-17T00:00:00+00:00 [queued]>
[2022-01-29 12:26:29,769] {taskinstance.py:1238} INFO - 
--------------------------------------------------------------------------------
[2022-01-29 12:26:29,769] {taskinstance.py:1239} INFO - Starting attempt 1 of 2
[2022-01-29 12:26:29,769] {taskinstance.py:1240} INFO - 
--------------------------------------------------------------------------------
[2022-01-29 12:26:29,861] {taskinstance.py:1259} INFO - Executing <Task(BashOperator): download_dataset_task> on 2019-01-17 00:00:00+00:00
[2022-01-29 12:26:29,909] {standard_task_runner.py:52} INFO - Started process 3139 to run task
[2022-01-29 12:26:29,942] {standard_task_runner.py:76} INFO - Running: ['***', 'tasks', 'run', 'data_ingestion_gcs_dag', 'download_dataset_task', 'scheduled__2019-01-17T00:00:00+00:00', '--job-id', '219', '--raw', '--subdir', 'DAGS_FOLDER/data_ingestion_gcs_dag.py', '--cfg-path', '/tmp/tmpr8g82d64', '--error-file', '/tmp/tmpwk7wtdnp']
[2022-01-29 12:26:29,944] {standard_task_runner.py:77} INFO - Job 219: Subtask download_dataset_task
[2022-01-29 12:26:30,317] {logging_mixin.py:109} INFO - Running <TaskInstance: data_ingestion_gcs_dag.download_dataset_task scheduled__2019-01-17T00:00:00+00:00 [running]> on host 85e1117cfb12
[2022-01-29 12:26:30,556] {taskinstance.py:1426} INFO - Exporting the following env vars:
AIRFLOW_CTX_DAG_OWNER=***
AIRFLOW_CTX_DAG_ID=data_ingestion_gcs_dag
AIRFLOW_CTX_TASK_ID=download_dataset_task
AIRFLOW_CTX_EXECUTION_DATE=2019-01-17T00:00:00+00:00
AIRFLOW_CTX_DAG_RUN_ID=scheduled__2019-01-17T00:00:00+00:00
[2022-01-29 12:26:30,558] {subprocess.py:62} INFO - Tmp dir root location: 
 /tmp
[2022-01-29 12:26:30,559] {subprocess.py:74} INFO - Running command: ['bash', '-c', 'curl -sS https://s3.amazonaws.com/nyc-tlc/trip+data/yellow_tripdata_2021-01.csv > /opt/***/yellow_tripdata_2021-01.csv']
[2022-01-29 12:26:30,679] {subprocess.py:85} INFO - Output:
[2022-01-29 12:26:37,039] {subprocess.py:93} INFO - Command exited with return code 0
[2022-01-29 12:26:37,245] {taskinstance.py:1277} INFO - Marking task as SUCCESS. dag_id=data_ingestion_gcs_dag, task_id=download_dataset_task, execution_date=20190117T000000, start_date=20220129T122629, end_date=20220129T122637
[2022-01-29 12:26:37,444] {local_task_job.py:154} INFO - Task exited with return code 0
[2022-01-29 12:26:37,715] {local_task_job.py:264} INFO - 1 downstream tasks scheduled from follow-on schedule check
