[2022-01-29 12:24:35,733] {taskinstance.py:1032} INFO - Dependencies all met for <TaskInstance: data_ingestion_gcs_dag.format_to_parquet_task manual__2022-01-29T12:24:09.347976+00:00 [queued]>
[2022-01-29 12:24:35,746] {taskinstance.py:1032} INFO - Dependencies all met for <TaskInstance: data_ingestion_gcs_dag.format_to_parquet_task manual__2022-01-29T12:24:09.347976+00:00 [queued]>
[2022-01-29 12:24:35,746] {taskinstance.py:1238} INFO - 
--------------------------------------------------------------------------------
[2022-01-29 12:24:35,746] {taskinstance.py:1239} INFO - Starting attempt 1 of 2
[2022-01-29 12:24:35,746] {taskinstance.py:1240} INFO - 
--------------------------------------------------------------------------------
[2022-01-29 12:24:35,761] {taskinstance.py:1259} INFO - Executing <Task(PythonOperator): format_to_parquet_task> on 2022-01-29 12:24:09.347976+00:00
[2022-01-29 12:24:35,770] {standard_task_runner.py:52} INFO - Started process 2748 to run task
[2022-01-29 12:24:35,775] {standard_task_runner.py:76} INFO - Running: ['***', 'tasks', 'run', 'data_ingestion_gcs_dag', 'format_to_parquet_task', 'manual__2022-01-29T12:24:09.347976+00:00', '--job-id', '168', '--raw', '--subdir', 'DAGS_FOLDER/data_ingestion_gcs_dag.py', '--cfg-path', '/tmp/tmplg6axfql', '--error-file', '/tmp/tmpbc2cjcs1']
[2022-01-29 12:24:35,777] {standard_task_runner.py:77} INFO - Job 168: Subtask format_to_parquet_task
[2022-01-29 12:24:35,875] {logging_mixin.py:109} INFO - Running <TaskInstance: data_ingestion_gcs_dag.format_to_parquet_task manual__2022-01-29T12:24:09.347976+00:00 [running]> on host 85e1117cfb12
[2022-01-29 12:24:35,942] {taskinstance.py:1426} INFO - Exporting the following env vars:
AIRFLOW_CTX_DAG_OWNER=***
AIRFLOW_CTX_DAG_ID=data_ingestion_gcs_dag
AIRFLOW_CTX_TASK_ID=format_to_parquet_task
AIRFLOW_CTX_EXECUTION_DATE=2022-01-29T12:24:09.347976+00:00
AIRFLOW_CTX_DAG_RUN_ID=manual__2022-01-29T12:24:09.347976+00:00
[2022-01-29 12:24:37,616] {python.py:175} INFO - Done. Returned value was: None
[2022-01-29 12:24:37,629] {taskinstance.py:1277} INFO - Marking task as SUCCESS. dag_id=data_ingestion_gcs_dag, task_id=format_to_parquet_task, execution_date=20220129T122409, start_date=20220129T122435, end_date=20220129T122437
[2022-01-29 12:24:37,716] {local_task_job.py:154} INFO - Task exited with return code 0
[2022-01-29 12:24:37,760] {local_task_job.py:264} INFO - 1 downstream tasks scheduled from follow-on schedule check
