[2022-01-30 01:34:19,972] {taskinstance.py:1032} INFO - Dependencies all met for <TaskInstance: data_ingestion_gcs_dag_fhv_2.download_dataset_task scheduled__2020-12-02T06:00:00+00:00 [queued]>
[2022-01-30 01:34:20,048] {taskinstance.py:1032} INFO - Dependencies all met for <TaskInstance: data_ingestion_gcs_dag_fhv_2.download_dataset_task scheduled__2020-12-02T06:00:00+00:00 [queued]>
[2022-01-30 01:34:20,048] {taskinstance.py:1238} INFO - 
--------------------------------------------------------------------------------
[2022-01-30 01:34:20,049] {taskinstance.py:1239} INFO - Starting attempt 1 of 1
[2022-01-30 01:34:20,049] {taskinstance.py:1240} INFO - 
--------------------------------------------------------------------------------
[2022-01-30 01:34:20,130] {taskinstance.py:1259} INFO - Executing <Task(BashOperator): download_dataset_task> on 2020-12-02 06:00:00+00:00
[2022-01-30 01:34:20,148] {standard_task_runner.py:52} INFO - Started process 1021 to run task
[2022-01-30 01:34:20,314] {standard_task_runner.py:76} INFO - Running: ['***', 'tasks', 'run', 'data_ingestion_gcs_dag_fhv_2', 'download_dataset_task', 'scheduled__2020-12-02T06:00:00+00:00', '--job-id', '105', '--raw', '--subdir', 'DAGS_FOLDER/data_ingestion_gcs_dag_2_fhv.py', '--cfg-path', '/tmp/tmpwio34gs7', '--error-file', '/tmp/tmposh59h5s']
[2022-01-30 01:34:20,325] {standard_task_runner.py:77} INFO - Job 105: Subtask download_dataset_task
[2022-01-30 01:34:20,849] {logging_mixin.py:109} INFO - Running <TaskInstance: data_ingestion_gcs_dag_fhv_2.download_dataset_task scheduled__2020-12-02T06:00:00+00:00 [running]> on host 04ca2676bdcc
[2022-01-30 01:34:21,214] {warnings.py:110} WARNING - /home/***/.local/lib/python3.7/site-packages/***/utils/context.py:152: AirflowContextDeprecationWarning: Accessing 'execution_date' from the template is deprecated and will be removed in a future version. Please use 'data_interval_start' or 'logical_date' instead.
  warnings.warn(_create_deprecation_warning(key, self._deprecation_replacements[key]))

[2022-01-30 01:34:21,368] {taskinstance.py:1426} INFO - Exporting the following env vars:
AIRFLOW_CTX_DAG_OWNER=***
AIRFLOW_CTX_DAG_ID=data_ingestion_gcs_dag_fhv_2
AIRFLOW_CTX_TASK_ID=download_dataset_task
AIRFLOW_CTX_EXECUTION_DATE=2020-12-02T06:00:00+00:00
AIRFLOW_CTX_DAG_RUN_ID=scheduled__2020-12-02T06:00:00+00:00
[2022-01-30 01:34:21,369] {subprocess.py:62} INFO - Tmp dir root location: 
 /tmp
[2022-01-30 01:34:21,370] {subprocess.py:74} INFO - Running command: ['bash', '-c', 'curl -sSLf https://nyc-tlc.s3.amazonaws.com/trip+data/fhv_tripdata_2020-12.csv > /opt/***/fhv_tripdata_2020-12.csv']
[2022-01-30 01:34:21,456] {subprocess.py:85} INFO - Output:
[2022-01-30 01:34:25,511] {subprocess.py:93} INFO - Command exited with return code 0
[2022-01-30 01:34:25,678] {taskinstance.py:1277} INFO - Marking task as SUCCESS. dag_id=data_ingestion_gcs_dag_fhv_2, task_id=download_dataset_task, execution_date=20201202T060000, start_date=20220130T013419, end_date=20220130T013425
[2022-01-30 01:34:25,864] {local_task_job.py:154} INFO - Task exited with return code 0
[2022-01-30 01:34:26,097] {local_task_job.py:264} INFO - 1 downstream tasks scheduled from follow-on schedule check
