[2022-01-29 12:26:50,967] {taskinstance.py:1032} INFO - Dependencies all met for <TaskInstance: data_ingestion_gcs_dag.format_to_parquet_task scheduled__2019-02-03T00:00:00+00:00 [queued]>
[2022-01-29 12:26:51,333] {taskinstance.py:1032} INFO - Dependencies all met for <TaskInstance: data_ingestion_gcs_dag.format_to_parquet_task scheduled__2019-02-03T00:00:00+00:00 [queued]>
[2022-01-29 12:26:51,333] {taskinstance.py:1238} INFO - 
--------------------------------------------------------------------------------
[2022-01-29 12:26:51,333] {taskinstance.py:1239} INFO - Starting attempt 1 of 2
[2022-01-29 12:26:51,333] {taskinstance.py:1240} INFO - 
--------------------------------------------------------------------------------
[2022-01-29 12:26:51,436] {taskinstance.py:1259} INFO - Executing <Task(PythonOperator): format_to_parquet_task> on 2019-02-03 00:00:00+00:00
[2022-01-29 12:26:51,494] {standard_task_runner.py:52} INFO - Started process 3311 to run task
[2022-01-29 12:26:51,523] {standard_task_runner.py:76} INFO - Running: ['***', 'tasks', 'run', 'data_ingestion_gcs_dag', 'format_to_parquet_task', 'scheduled__2019-02-03T00:00:00+00:00', '--job-id', '241', '--raw', '--subdir', 'DAGS_FOLDER/data_ingestion_gcs_dag.py', '--cfg-path', '/tmp/tmp7sp0vjw4', '--error-file', '/tmp/tmpsq8n5hgi']
[2022-01-29 12:26:51,541] {standard_task_runner.py:77} INFO - Job 241: Subtask format_to_parquet_task
[2022-01-29 12:26:52,305] {logging_mixin.py:109} INFO - Running <TaskInstance: data_ingestion_gcs_dag.format_to_parquet_task scheduled__2019-02-03T00:00:00+00:00 [running]> on host 85e1117cfb12
[2022-01-29 12:26:53,010] {taskinstance.py:1426} INFO - Exporting the following env vars:
AIRFLOW_CTX_DAG_OWNER=***
AIRFLOW_CTX_DAG_ID=data_ingestion_gcs_dag
AIRFLOW_CTX_TASK_ID=format_to_parquet_task
AIRFLOW_CTX_EXECUTION_DATE=2019-02-03T00:00:00+00:00
AIRFLOW_CTX_DAG_RUN_ID=scheduled__2019-02-03T00:00:00+00:00
[2022-01-29 12:27:10,879] {python.py:175} INFO - Done. Returned value was: None
[2022-01-29 12:27:11,662] {taskinstance.py:1277} INFO - Marking task as SUCCESS. dag_id=data_ingestion_gcs_dag, task_id=format_to_parquet_task, execution_date=20190203T000000, start_date=20220129T122650, end_date=20220129T122711
[2022-01-29 12:27:12,290] {local_task_job.py:212} WARNING - State of this instance has been externally set to success. Terminating instance.
[2022-01-29 12:27:12,302] {process_utils.py:124} INFO - Sending Signals.SIGTERM to group 3311. PIDs of all processes in the group: [3311]
[2022-01-29 12:27:12,303] {process_utils.py:75} INFO - Sending the signal Signals.SIGTERM to group 3311
[2022-01-29 12:27:12,410] {process_utils.py:70} INFO - Process psutil.Process(pid=3311, status='terminated', exitcode=0, started='12:26:51') (3311) terminated with exit code 0
