[2022-01-29 13:50:54,366] {taskinstance.py:1032} INFO - Dependencies all met for <TaskInstance: data_ingestion_gcs_dag_2.download_dataset_task scheduled__2021-08-02T06:00:00+00:00 [queued]>
[2022-01-29 13:50:54,437] {taskinstance.py:1032} INFO - Dependencies all met for <TaskInstance: data_ingestion_gcs_dag_2.download_dataset_task scheduled__2021-08-02T06:00:00+00:00 [queued]>
[2022-01-29 13:50:54,438] {taskinstance.py:1238} INFO - 
--------------------------------------------------------------------------------
[2022-01-29 13:50:54,438] {taskinstance.py:1239} INFO - Starting attempt 1 of 1
[2022-01-29 13:50:54,438] {taskinstance.py:1240} INFO - 
--------------------------------------------------------------------------------
[2022-01-29 13:50:54,482] {taskinstance.py:1259} INFO - Executing <Task(BashOperator): download_dataset_task> on 2021-08-02 06:00:00+00:00
[2022-01-29 13:50:54,510] {standard_task_runner.py:52} INFO - Started process 1830 to run task
[2022-01-29 13:50:54,549] {standard_task_runner.py:76} INFO - Running: ['***', 'tasks', 'run', 'data_ingestion_gcs_dag_2', 'download_dataset_task', 'scheduled__2021-08-02T06:00:00+00:00', '--job-id', '593', '--raw', '--subdir', 'DAGS_FOLDER/data_ingestion_gcs_dag_2.py', '--cfg-path', '/tmp/tmptowny9e4', '--error-file', '/tmp/tmpme69qmvy']
[2022-01-29 13:50:54,554] {standard_task_runner.py:77} INFO - Job 593: Subtask download_dataset_task
[2022-01-29 13:50:54,880] {logging_mixin.py:109} INFO - Running <TaskInstance: data_ingestion_gcs_dag_2.download_dataset_task scheduled__2021-08-02T06:00:00+00:00 [running]> on host 9bf957887753
[2022-01-29 13:50:55,183] {warnings.py:110} WARNING - /home/***/.local/lib/python3.7/site-packages/***/utils/context.py:152: AirflowContextDeprecationWarning: Accessing 'execution_date' from the template is deprecated and will be removed in a future version. Please use 'data_interval_start' or 'logical_date' instead.
  warnings.warn(_create_deprecation_warning(key, self._deprecation_replacements[key]))

[2022-01-29 13:50:55,265] {taskinstance.py:1426} INFO - Exporting the following env vars:
AIRFLOW_CTX_DAG_OWNER=***
AIRFLOW_CTX_DAG_ID=data_ingestion_gcs_dag_2
AIRFLOW_CTX_TASK_ID=download_dataset_task
AIRFLOW_CTX_EXECUTION_DATE=2021-08-02T06:00:00+00:00
AIRFLOW_CTX_DAG_RUN_ID=scheduled__2021-08-02T06:00:00+00:00
[2022-01-29 13:50:55,270] {subprocess.py:62} INFO - Tmp dir root location: 
 /tmp
[2022-01-29 13:50:55,272] {subprocess.py:74} INFO - Running command: ['bash', '-c', 'curl -sS https://s3.amazonaws.com/nyc-tlc/trip+data/yellow_tripdata_2021-08.csv > /opt/***/yellow_tripdata_2021-08.csv']
[2022-01-29 13:50:55,330] {subprocess.py:85} INFO - Output:
[2022-01-29 13:50:55,815] {subprocess.py:93} INFO - Command exited with return code 0
[2022-01-29 13:50:56,020] {taskinstance.py:1277} INFO - Marking task as SUCCESS. dag_id=data_ingestion_gcs_dag_2, task_id=download_dataset_task, execution_date=20210802T060000, start_date=20220129T135054, end_date=20220129T135056
[2022-01-29 13:50:56,163] {local_task_job.py:154} INFO - Task exited with return code 0
[2022-01-29 13:50:56,267] {local_task_job.py:264} INFO - 1 downstream tasks scheduled from follow-on schedule check
