[2022-01-29 12:47:51,158] {taskinstance.py:1032} INFO - Dependencies all met for <TaskInstance: data_ingestion_gcs_dag.bigquery_external_table_task scheduled__2020-04-02T06:00:00+00:00 [queued]>
[2022-01-29 12:47:51,170] {taskinstance.py:1032} INFO - Dependencies all met for <TaskInstance: data_ingestion_gcs_dag.bigquery_external_table_task scheduled__2020-04-02T06:00:00+00:00 [queued]>
[2022-01-29 12:47:51,171] {taskinstance.py:1238} INFO - 
--------------------------------------------------------------------------------
[2022-01-29 12:47:51,171] {taskinstance.py:1239} INFO - Starting attempt 2 of 3
[2022-01-29 12:47:51,171] {taskinstance.py:1240} INFO - 
--------------------------------------------------------------------------------
[2022-01-29 12:47:51,183] {taskinstance.py:1259} INFO - Executing <Task(BigQueryCreateExternalTableOperator): bigquery_external_table_task> on 2020-04-02 06:00:00+00:00
[2022-01-29 12:47:51,191] {standard_task_runner.py:52} INFO - Started process 5548 to run task
[2022-01-29 12:47:51,201] {standard_task_runner.py:76} INFO - Running: ['***', 'tasks', 'run', 'data_ingestion_gcs_dag', 'bigquery_external_table_task', 'scheduled__2020-04-02T06:00:00+00:00', '--job-id', '513', '--raw', '--subdir', 'DAGS_FOLDER/data_ingestion_gcs_dag.py', '--cfg-path', '/tmp/tmpxpezj28j', '--error-file', '/tmp/tmpkyfb8v1i']
[2022-01-29 12:47:51,203] {standard_task_runner.py:77} INFO - Job 513: Subtask bigquery_external_table_task
[2022-01-29 12:47:51,314] {logging_mixin.py:109} INFO - Running <TaskInstance: data_ingestion_gcs_dag.bigquery_external_table_task scheduled__2020-04-02T06:00:00+00:00 [running]> on host 85e1117cfb12
[2022-01-29 12:47:51,375] {warnings.py:110} WARNING - /home/***/.local/lib/python3.7/site-packages/***/utils/context.py:152: AirflowContextDeprecationWarning: Accessing 'execution_date' from the template is deprecated and will be removed in a future version. Please use 'data_interval_start' or 'logical_date' instead.
  warnings.warn(_create_deprecation_warning(key, self._deprecation_replacements[key]))

[2022-01-29 12:47:51,399] {taskinstance.py:1426} INFO - Exporting the following env vars:
AIRFLOW_CTX_DAG_OWNER=***
AIRFLOW_CTX_DAG_ID=data_ingestion_gcs_dag
AIRFLOW_CTX_TASK_ID=bigquery_external_table_task
AIRFLOW_CTX_EXECUTION_DATE=2020-04-02T06:00:00+00:00
AIRFLOW_CTX_DAG_RUN_ID=scheduled__2020-04-02T06:00:00+00:00
[2022-01-29 12:47:51,401] {crypto.py:82} WARNING - empty cryptography key - values will not be stored encrypted.
[2022-01-29 12:47:51,928] {taskinstance.py:1277} INFO - Marking task as SUCCESS. dag_id=data_ingestion_gcs_dag, task_id=bigquery_external_table_task, execution_date=20200402T060000, start_date=20220129T124751, end_date=20220129T124751
[2022-01-29 12:47:51,981] {local_task_job.py:154} INFO - Task exited with return code 0
[2022-01-29 12:47:52,018] {local_task_job.py:264} INFO - 0 downstream tasks scheduled from follow-on schedule check
