[2022-01-29 12:28:35,527] {taskinstance.py:1032} INFO - Dependencies all met for <TaskInstance: data_ingestion_gcs_dag.download_dataset_task scheduled__2021-12-01T00:00:00+00:00 [queued]>
[2022-01-29 12:28:35,540] {taskinstance.py:1032} INFO - Dependencies all met for <TaskInstance: data_ingestion_gcs_dag.download_dataset_task scheduled__2021-12-01T00:00:00+00:00 [queued]>
[2022-01-29 12:28:35,541] {taskinstance.py:1238} INFO - 
--------------------------------------------------------------------------------
[2022-01-29 12:28:35,541] {taskinstance.py:1239} INFO - Starting attempt 1 of 2
[2022-01-29 12:28:35,541] {taskinstance.py:1240} INFO - 
--------------------------------------------------------------------------------
[2022-01-29 12:28:35,554] {taskinstance.py:1259} INFO - Executing <Task(BashOperator): download_dataset_task> on 2021-12-01 00:00:00+00:00
[2022-01-29 12:28:35,560] {standard_task_runner.py:52} INFO - Started process 3738 to run task
[2022-01-29 12:28:35,565] {standard_task_runner.py:76} INFO - Running: ['***', 'tasks', 'run', 'data_ingestion_gcs_dag', 'download_dataset_task', 'scheduled__2021-12-01T00:00:00+00:00', '--job-id', '319', '--raw', '--subdir', 'DAGS_FOLDER/data_ingestion_gcs_dag.py', '--cfg-path', '/tmp/tmpgwkcc8wg', '--error-file', '/tmp/tmpbhd_2sxc']
[2022-01-29 12:28:35,567] {standard_task_runner.py:77} INFO - Job 319: Subtask download_dataset_task
[2022-01-29 12:28:35,644] {logging_mixin.py:109} INFO - Running <TaskInstance: data_ingestion_gcs_dag.download_dataset_task scheduled__2021-12-01T00:00:00+00:00 [running]> on host 85e1117cfb12
[2022-01-29 12:28:35,715] {taskinstance.py:1426} INFO - Exporting the following env vars:
AIRFLOW_CTX_DAG_OWNER=***
AIRFLOW_CTX_DAG_ID=data_ingestion_gcs_dag
AIRFLOW_CTX_TASK_ID=download_dataset_task
AIRFLOW_CTX_EXECUTION_DATE=2021-12-01T00:00:00+00:00
AIRFLOW_CTX_DAG_RUN_ID=scheduled__2021-12-01T00:00:00+00:00
[2022-01-29 12:28:35,717] {subprocess.py:62} INFO - Tmp dir root location: 
 /tmp
[2022-01-29 12:28:35,717] {subprocess.py:74} INFO - Running command: ['bash', '-c', 'curl -sS https://s3.amazonaws.com/nyc-tlc/trip+data/yellow_tripdata_2021-01.csv > /opt/***/yellow_tripdata_2021-01.csv']
[2022-01-29 12:28:35,733] {subprocess.py:85} INFO - Output:
[2022-01-29 12:28:40,712] {subprocess.py:93} INFO - Command exited with return code 0
[2022-01-29 12:28:41,134] {taskinstance.py:1277} INFO - Marking task as SUCCESS. dag_id=data_ingestion_gcs_dag, task_id=download_dataset_task, execution_date=20211201T000000, start_date=20220129T122835, end_date=20220129T122841
[2022-01-29 12:28:41,195] {local_task_job.py:154} INFO - Task exited with return code 0
[2022-01-29 12:28:41,239] {local_task_job.py:264} INFO - 1 downstream tasks scheduled from follow-on schedule check
[2022-01-29 12:32:06,842] {taskinstance.py:1032} INFO - Dependencies all met for <TaskInstance: data_ingestion_gcs_dag.download_dataset_task scheduled__2021-12-01T00:00:00+00:00 [queued]>
[2022-01-29 12:32:06,855] {taskinstance.py:1032} INFO - Dependencies all met for <TaskInstance: data_ingestion_gcs_dag.download_dataset_task scheduled__2021-12-01T00:00:00+00:00 [queued]>
[2022-01-29 12:32:06,855] {taskinstance.py:1238} INFO - 
--------------------------------------------------------------------------------
[2022-01-29 12:32:06,855] {taskinstance.py:1239} INFO - Starting attempt 1 of 2
[2022-01-29 12:32:06,855] {taskinstance.py:1240} INFO - 
--------------------------------------------------------------------------------
[2022-01-29 12:32:06,871] {taskinstance.py:1259} INFO - Executing <Task(BashOperator): download_dataset_task> on 2021-12-01 00:00:00+00:00
[2022-01-29 12:32:06,878] {standard_task_runner.py:52} INFO - Started process 3929 to run task
[2022-01-29 12:32:06,886] {standard_task_runner.py:76} INFO - Running: ['***', 'tasks', 'run', 'data_ingestion_gcs_dag', 'download_dataset_task', 'scheduled__2021-12-01T00:00:00+00:00', '--job-id', '324', '--raw', '--subdir', 'DAGS_FOLDER/data_ingestion_gcs_dag.py', '--cfg-path', '/tmp/tmpv64j814m', '--error-file', '/tmp/tmp9ur219vd']
[2022-01-29 12:32:06,888] {standard_task_runner.py:77} INFO - Job 324: Subtask download_dataset_task
[2022-01-29 12:32:06,961] {logging_mixin.py:109} INFO - Running <TaskInstance: data_ingestion_gcs_dag.download_dataset_task scheduled__2021-12-01T00:00:00+00:00 [running]> on host 85e1117cfb12
[2022-01-29 12:32:07,064] {taskinstance.py:1426} INFO - Exporting the following env vars:
AIRFLOW_CTX_DAG_OWNER=***
AIRFLOW_CTX_DAG_ID=data_ingestion_gcs_dag
AIRFLOW_CTX_TASK_ID=download_dataset_task
AIRFLOW_CTX_EXECUTION_DATE=2021-12-01T00:00:00+00:00
AIRFLOW_CTX_DAG_RUN_ID=scheduled__2021-12-01T00:00:00+00:00
[2022-01-29 12:32:07,067] {subprocess.py:62} INFO - Tmp dir root location: 
 /tmp
[2022-01-29 12:32:07,068] {subprocess.py:74} INFO - Running command: ['bash', '-c', 'curl -sS https://s3.amazonaws.com/nyc-tlc/trip+data/yellow_tripdata_2021-01.csv > /opt/***/yellow_tripdata_2021-01.csv']
[2022-01-29 12:32:07,086] {subprocess.py:85} INFO - Output:
[2022-01-29 12:32:12,342] {subprocess.py:93} INFO - Command exited with return code 0
[2022-01-29 12:32:12,408] {taskinstance.py:1277} INFO - Marking task as SUCCESS. dag_id=data_ingestion_gcs_dag, task_id=download_dataset_task, execution_date=20211201T000000, start_date=20220129T123206, end_date=20220129T123212
[2022-01-29 12:32:12,469] {local_task_job.py:154} INFO - Task exited with return code 0
[2022-01-29 12:32:12,525] {local_task_job.py:264} INFO - 1 downstream tasks scheduled from follow-on schedule check
