[2022-01-29 12:36:58,825] {taskinstance.py:1032} INFO - Dependencies all met for <TaskInstance: data_ingestion_gcs_dag.format_to_parquet_task scheduled__2021-02-02T06:00:00+00:00 [queued]>
[2022-01-29 12:36:58,844] {taskinstance.py:1032} INFO - Dependencies all met for <TaskInstance: data_ingestion_gcs_dag.format_to_parquet_task scheduled__2021-02-02T06:00:00+00:00 [queued]>
[2022-01-29 12:36:58,845] {taskinstance.py:1238} INFO - 
--------------------------------------------------------------------------------
[2022-01-29 12:36:58,845] {taskinstance.py:1239} INFO - Starting attempt 1 of 2
[2022-01-29 12:36:58,845] {taskinstance.py:1240} INFO - 
--------------------------------------------------------------------------------
[2022-01-29 12:36:58,880] {taskinstance.py:1259} INFO - Executing <Task(PythonOperator): format_to_parquet_task> on 2021-02-02 06:00:00+00:00
[2022-01-29 12:36:58,925] {standard_task_runner.py:52} INFO - Started process 4832 to run task
[2022-01-29 12:36:58,948] {standard_task_runner.py:76} INFO - Running: ['***', 'tasks', 'run', 'data_ingestion_gcs_dag', 'format_to_parquet_task', 'scheduled__2021-02-02T06:00:00+00:00', '--job-id', '460', '--raw', '--subdir', 'DAGS_FOLDER/data_ingestion_gcs_dag.py', '--cfg-path', '/tmp/tmp71o7rb22', '--error-file', '/tmp/tmpljlaqip4']
[2022-01-29 12:36:58,961] {standard_task_runner.py:77} INFO - Job 460: Subtask format_to_parquet_task
[2022-01-29 12:36:59,273] {logging_mixin.py:109} INFO - Running <TaskInstance: data_ingestion_gcs_dag.format_to_parquet_task scheduled__2021-02-02T06:00:00+00:00 [running]> on host 85e1117cfb12
[2022-01-29 12:36:59,464] {taskinstance.py:1426} INFO - Exporting the following env vars:
AIRFLOW_CTX_DAG_OWNER=***
AIRFLOW_CTX_DAG_ID=data_ingestion_gcs_dag
AIRFLOW_CTX_TASK_ID=format_to_parquet_task
AIRFLOW_CTX_EXECUTION_DATE=2021-02-02T06:00:00+00:00
AIRFLOW_CTX_DAG_RUN_ID=scheduled__2021-02-02T06:00:00+00:00
[2022-01-29 12:37:07,283] {python.py:175} INFO - Done. Returned value was: None
[2022-01-29 12:37:07,382] {taskinstance.py:1277} INFO - Marking task as SUCCESS. dag_id=data_ingestion_gcs_dag, task_id=format_to_parquet_task, execution_date=20210202T060000, start_date=20220129T123658, end_date=20220129T123707
[2022-01-29 12:37:07,697] {local_task_job.py:154} INFO - Task exited with return code 0
[2022-01-29 12:37:07,792] {local_task_job.py:264} INFO - 1 downstream tasks scheduled from follow-on schedule check
[2022-01-29 13:20:46,394] {taskinstance.py:1032} INFO - Dependencies all met for <TaskInstance: data_ingestion_gcs_dag.format_to_parquet_task scheduled__2021-02-02T06:00:00+00:00 [queued]>
[2022-01-29 13:20:46,407] {taskinstance.py:1032} INFO - Dependencies all met for <TaskInstance: data_ingestion_gcs_dag.format_to_parquet_task scheduled__2021-02-02T06:00:00+00:00 [queued]>
[2022-01-29 13:20:46,407] {taskinstance.py:1238} INFO - 
--------------------------------------------------------------------------------
[2022-01-29 13:20:46,407] {taskinstance.py:1239} INFO - Starting attempt 1 of 2
[2022-01-29 13:20:46,407] {taskinstance.py:1240} INFO - 
--------------------------------------------------------------------------------
[2022-01-29 13:20:46,419] {taskinstance.py:1259} INFO - Executing <Task(PythonOperator): format_to_parquet_task> on 2021-02-02 06:00:00+00:00
[2022-01-29 13:20:46,426] {standard_task_runner.py:52} INFO - Started process 184 to run task
[2022-01-29 13:20:46,432] {standard_task_runner.py:76} INFO - Running: ['***', 'tasks', 'run', 'data_ingestion_gcs_dag', 'format_to_parquet_task', 'scheduled__2021-02-02T06:00:00+00:00', '--job-id', '535', '--raw', '--subdir', 'DAGS_FOLDER/data_ingestion_gcs_dag.py', '--cfg-path', '/tmp/tmpg5dkerja', '--error-file', '/tmp/tmpe9bi8y29']
[2022-01-29 13:20:46,433] {standard_task_runner.py:77} INFO - Job 535: Subtask format_to_parquet_task
[2022-01-29 13:20:46,505] {logging_mixin.py:109} INFO - Running <TaskInstance: data_ingestion_gcs_dag.format_to_parquet_task scheduled__2021-02-02T06:00:00+00:00 [running]> on host 9bf957887753
[2022-01-29 13:20:46,551] {warnings.py:110} WARNING - /home/***/.local/lib/python3.7/site-packages/***/utils/context.py:152: AirflowContextDeprecationWarning: Accessing 'execution_date' from the template is deprecated and will be removed in a future version. Please use 'data_interval_start' or 'logical_date' instead.
  warnings.warn(_create_deprecation_warning(key, self._deprecation_replacements[key]))

[2022-01-29 13:20:46,573] {taskinstance.py:1426} INFO - Exporting the following env vars:
AIRFLOW_CTX_DAG_OWNER=***
AIRFLOW_CTX_DAG_ID=data_ingestion_gcs_dag
AIRFLOW_CTX_TASK_ID=format_to_parquet_task
AIRFLOW_CTX_EXECUTION_DATE=2021-02-02T06:00:00+00:00
AIRFLOW_CTX_DAG_RUN_ID=scheduled__2021-02-02T06:00:00+00:00
[2022-01-29 13:20:47,979] {python.py:175} INFO - Done. Returned value was: None
[2022-01-29 13:20:48,011] {taskinstance.py:1277} INFO - Marking task as SUCCESS. dag_id=data_ingestion_gcs_dag, task_id=format_to_parquet_task, execution_date=20210202T060000, start_date=20220129T132046, end_date=20220129T132048
[2022-01-29 13:20:48,093] {local_task_job.py:154} INFO - Task exited with return code 0
[2022-01-29 13:20:48,137] {local_task_job.py:264} INFO - 1 downstream tasks scheduled from follow-on schedule check
