[2022-01-30 01:32:04,513] {taskinstance.py:1032} INFO - Dependencies all met for <TaskInstance: data_ingestion_gcs_dag_fhv_2.local_to_gcs_task scheduled__2019-04-02T06:00:00+00:00 [queued]>
[2022-01-30 01:32:04,529] {taskinstance.py:1032} INFO - Dependencies all met for <TaskInstance: data_ingestion_gcs_dag_fhv_2.local_to_gcs_task scheduled__2019-04-02T06:00:00+00:00 [queued]>
[2022-01-30 01:32:04,529] {taskinstance.py:1238} INFO - 
--------------------------------------------------------------------------------
[2022-01-30 01:32:04,530] {taskinstance.py:1239} INFO - Starting attempt 1 of 1
[2022-01-30 01:32:04,530] {taskinstance.py:1240} INFO - 
--------------------------------------------------------------------------------
[2022-01-30 01:32:07,479] {taskinstance.py:1259} INFO - Executing <Task(PythonOperator): local_to_gcs_task> on 2019-04-02 06:00:00+00:00
[2022-01-30 01:32:07,604] {standard_task_runner.py:52} INFO - Started process 718 to run task
[2022-01-30 01:32:07,629] {standard_task_runner.py:76} INFO - Running: ['***', 'tasks', 'run', 'data_ingestion_gcs_dag_fhv_2', 'local_to_gcs_task', 'scheduled__2019-04-02T06:00:00+00:00', '--job-id', '57', '--raw', '--subdir', 'DAGS_FOLDER/data_ingestion_gcs_dag_2_fhv.py', '--cfg-path', '/tmp/tmpl4lhj0bs', '--error-file', '/tmp/tmpe1eia6_6']
[2022-01-30 01:32:10,609] {standard_task_runner.py:77} INFO - Job 57: Subtask local_to_gcs_task
[2022-01-30 01:32:12,520] {logging_mixin.py:109} INFO - Running <TaskInstance: data_ingestion_gcs_dag_fhv_2.local_to_gcs_task scheduled__2019-04-02T06:00:00+00:00 [running]> on host 04ca2676bdcc
[2022-01-30 01:32:12,915] {warnings.py:110} WARNING - /home/***/.local/lib/python3.7/site-packages/***/utils/context.py:152: AirflowContextDeprecationWarning: Accessing 'execution_date' from the template is deprecated and will be removed in a future version. Please use 'data_interval_start' or 'logical_date' instead.
  warnings.warn(_create_deprecation_warning(key, self._deprecation_replacements[key]))

[2022-01-30 01:32:15,695] {taskinstance.py:1426} INFO - Exporting the following env vars:
AIRFLOW_CTX_DAG_OWNER=***
AIRFLOW_CTX_DAG_ID=data_ingestion_gcs_dag_fhv_2
AIRFLOW_CTX_TASK_ID=local_to_gcs_task
AIRFLOW_CTX_EXECUTION_DATE=2019-04-02T06:00:00+00:00
AIRFLOW_CTX_DAG_RUN_ID=scheduled__2019-04-02T06:00:00+00:00
[2022-01-30 01:32:16,846] {python.py:175} INFO - Done. Returned value was: None
[2022-01-30 01:32:17,565] {taskinstance.py:1277} INFO - Marking task as SUCCESS. dag_id=data_ingestion_gcs_dag_fhv_2, task_id=local_to_gcs_task, execution_date=20190402T060000, start_date=20220130T013204, end_date=20220130T013217
[2022-01-30 01:32:17,772] {local_task_job.py:154} INFO - Task exited with return code 0
[2022-01-30 01:32:19,562] {local_task_job.py:264} INFO - 1 downstream tasks scheduled from follow-on schedule check
