[2022-01-29 13:19:39,067] {taskinstance.py:1032} INFO - Dependencies all met for <TaskInstance: data_ingestion_gcs_dag.local_to_gcs_task manual__2022-01-29T13:19:32.495023+00:00 [queued]>
[2022-01-29 13:19:39,079] {taskinstance.py:1032} INFO - Dependencies all met for <TaskInstance: data_ingestion_gcs_dag.local_to_gcs_task manual__2022-01-29T13:19:32.495023+00:00 [queued]>
[2022-01-29 13:19:39,079] {taskinstance.py:1238} INFO - 
--------------------------------------------------------------------------------
[2022-01-29 13:19:39,079] {taskinstance.py:1239} INFO - Starting attempt 1 of 2
[2022-01-29 13:19:39,079] {taskinstance.py:1240} INFO - 
--------------------------------------------------------------------------------
[2022-01-29 13:19:39,091] {taskinstance.py:1259} INFO - Executing <Task(PythonOperator): local_to_gcs_task> on 2022-01-29 13:19:32.495023+00:00
[2022-01-29 13:19:39,097] {standard_task_runner.py:52} INFO - Started process 104 to run task
[2022-01-29 13:19:39,102] {standard_task_runner.py:76} INFO - Running: ['***', 'tasks', 'run', 'data_ingestion_gcs_dag', 'local_to_gcs_task', 'manual__2022-01-29T13:19:32.495023+00:00', '--job-id', '528', '--raw', '--subdir', 'DAGS_FOLDER/data_ingestion_gcs_dag.py', '--cfg-path', '/tmp/tmpud0zbwpd', '--error-file', '/tmp/tmp8q94a0j5']
[2022-01-29 13:19:39,103] {standard_task_runner.py:77} INFO - Job 528: Subtask local_to_gcs_task
[2022-01-29 13:19:39,163] {logging_mixin.py:109} INFO - Running <TaskInstance: data_ingestion_gcs_dag.local_to_gcs_task manual__2022-01-29T13:19:32.495023+00:00 [running]> on host 9bf957887753
[2022-01-29 13:19:39,203] {warnings.py:110} WARNING - /home/***/.local/lib/python3.7/site-packages/***/utils/context.py:152: AirflowContextDeprecationWarning: Accessing 'execution_date' from the template is deprecated and will be removed in a future version. Please use 'data_interval_start' or 'logical_date' instead.
  warnings.warn(_create_deprecation_warning(key, self._deprecation_replacements[key]))

[2022-01-29 13:19:39,227] {taskinstance.py:1426} INFO - Exporting the following env vars:
AIRFLOW_CTX_DAG_OWNER=***
AIRFLOW_CTX_DAG_ID=data_ingestion_gcs_dag
AIRFLOW_CTX_TASK_ID=local_to_gcs_task
AIRFLOW_CTX_EXECUTION_DATE=2022-01-29T13:19:32.495023+00:00
AIRFLOW_CTX_DAG_RUN_ID=manual__2022-01-29T13:19:32.495023+00:00
[2022-01-29 13:19:39,351] {python.py:175} INFO - Done. Returned value was: None
[2022-01-29 13:19:39,363] {taskinstance.py:1277} INFO - Marking task as SUCCESS. dag_id=data_ingestion_gcs_dag, task_id=local_to_gcs_task, execution_date=20220129T131932, start_date=20220129T131939, end_date=20220129T131939
[2022-01-29 13:19:39,394] {local_task_job.py:154} INFO - Task exited with return code 0
[2022-01-29 13:19:39,432] {local_task_job.py:264} INFO - 1 downstream tasks scheduled from follow-on schedule check
