[2022-01-29 09:05:53,859] {taskinstance.py:1032} INFO - Dependencies all met for <TaskInstance: LocalIngestionDag.wget scheduled__2021-11-02T06:00:00+00:00 [queued]>
[2022-01-29 09:05:53,875] {taskinstance.py:1032} INFO - Dependencies all met for <TaskInstance: LocalIngestionDag.wget scheduled__2021-11-02T06:00:00+00:00 [queued]>
[2022-01-29 09:05:53,876] {taskinstance.py:1238} INFO - 
--------------------------------------------------------------------------------
[2022-01-29 09:05:53,876] {taskinstance.py:1239} INFO - Starting attempt 1 of 1
[2022-01-29 09:05:53,876] {taskinstance.py:1240} INFO - 
--------------------------------------------------------------------------------
[2022-01-29 09:05:53,916] {taskinstance.py:1259} INFO - Executing <Task(BashOperator): wget> on 2021-11-02 06:00:00+00:00
[2022-01-29 09:05:53,923] {standard_task_runner.py:52} INFO - Started process 314 to run task
[2022-01-29 09:05:53,938] {standard_task_runner.py:76} INFO - Running: ['***', 'tasks', 'run', 'LocalIngestionDag', 'wget', 'scheduled__2021-11-02T06:00:00+00:00', '--job-id', '67', '--raw', '--subdir', 'DAGS_FOLDER/data_ingestion_local.py', '--cfg-path', '/tmp/tmpvntw0avm', '--error-file', '/tmp/tmp_ynq35e7']
[2022-01-29 09:05:53,939] {standard_task_runner.py:77} INFO - Job 67: Subtask wget
[2022-01-29 09:05:54,031] {logging_mixin.py:109} INFO - Running <TaskInstance: LocalIngestionDag.wget scheduled__2021-11-02T06:00:00+00:00 [running]> on host 68102482cc2e
[2022-01-29 09:05:54,134] {taskinstance.py:1426} INFO - Exporting the following env vars:
AIRFLOW_CTX_DAG_OWNER=***
AIRFLOW_CTX_DAG_ID=LocalIngestionDag
AIRFLOW_CTX_TASK_ID=wget
AIRFLOW_CTX_EXECUTION_DATE=2021-11-02T06:00:00+00:00
AIRFLOW_CTX_DAG_RUN_ID=scheduled__2021-11-02T06:00:00+00:00
[2022-01-29 09:05:54,136] {subprocess.py:62} INFO - Tmp dir root location: 
 /tmp
[2022-01-29 09:05:54,138] {subprocess.py:74} INFO - Running command: ['bash', '-c', 'echo "hello world"']
[2022-01-29 09:05:54,155] {subprocess.py:85} INFO - Output:
[2022-01-29 09:05:54,159] {subprocess.py:89} INFO - hello world
[2022-01-29 09:05:54,160] {subprocess.py:93} INFO - Command exited with return code 0
[2022-01-29 09:05:54,246] {taskinstance.py:1277} INFO - Marking task as SUCCESS. dag_id=LocalIngestionDag, task_id=wget, execution_date=20211102T060000, start_date=20220129T090553, end_date=20220129T090554
[2022-01-29 09:05:54,283] {local_task_job.py:154} INFO - Task exited with return code 0
[2022-01-29 09:05:54,344] {local_task_job.py:264} INFO - 1 downstream tasks scheduled from follow-on schedule check
