[2022-01-29 12:31:16,023] {taskinstance.py:1032} INFO - Dependencies all met for <TaskInstance: data_ingestion_gcs_dag.download_dataset_task scheduled__2019-01-15T00:00:00+00:00 [queued]>
[2022-01-29 12:31:16,035] {taskinstance.py:1032} INFO - Dependencies all met for <TaskInstance: data_ingestion_gcs_dag.download_dataset_task scheduled__2019-01-15T00:00:00+00:00 [queued]>
[2022-01-29 12:31:16,036] {taskinstance.py:1238} INFO - 
--------------------------------------------------------------------------------
[2022-01-29 12:31:16,036] {taskinstance.py:1239} INFO - Starting attempt 2 of 2
[2022-01-29 12:31:16,036] {taskinstance.py:1240} INFO - 
--------------------------------------------------------------------------------
[2022-01-29 12:31:16,049] {taskinstance.py:1259} INFO - Executing <Task(BashOperator): download_dataset_task> on 2019-01-15 00:00:00+00:00
[2022-01-29 12:31:16,056] {standard_task_runner.py:52} INFO - Started process 3879 to run task
[2022-01-29 12:31:16,062] {standard_task_runner.py:76} INFO - Running: ['***', 'tasks', 'run', 'data_ingestion_gcs_dag', 'download_dataset_task', 'scheduled__2019-01-15T00:00:00+00:00', '--job-id', '323', '--raw', '--subdir', 'DAGS_FOLDER/data_ingestion_gcs_dag.py', '--cfg-path', '/tmp/tmp9e13vgey', '--error-file', '/tmp/tmpl5m7ijo_']
[2022-01-29 12:31:16,063] {standard_task_runner.py:77} INFO - Job 323: Subtask download_dataset_task
[2022-01-29 12:31:16,147] {logging_mixin.py:109} INFO - Running <TaskInstance: data_ingestion_gcs_dag.download_dataset_task scheduled__2019-01-15T00:00:00+00:00 [running]> on host 85e1117cfb12
[2022-01-29 12:31:16,224] {taskinstance.py:1426} INFO - Exporting the following env vars:
AIRFLOW_CTX_DAG_OWNER=***
AIRFLOW_CTX_DAG_ID=data_ingestion_gcs_dag
AIRFLOW_CTX_TASK_ID=download_dataset_task
AIRFLOW_CTX_EXECUTION_DATE=2019-01-15T00:00:00+00:00
AIRFLOW_CTX_DAG_RUN_ID=scheduled__2019-01-15T00:00:00+00:00
[2022-01-29 12:31:16,226] {subprocess.py:62} INFO - Tmp dir root location: 
 /tmp
[2022-01-29 12:31:16,226] {subprocess.py:74} INFO - Running command: ['bash', '-c', 'curl -sS https://s3.amazonaws.com/nyc-tlc/trip+data/yellow_tripdata_2021-01.csv > /opt/***/yellow_tripdata_2021-01.csv']
[2022-01-29 12:31:16,241] {subprocess.py:85} INFO - Output:
[2022-01-29 12:31:21,469] {subprocess.py:93} INFO - Command exited with return code 0
[2022-01-29 12:31:21,540] {taskinstance.py:1277} INFO - Marking task as SUCCESS. dag_id=data_ingestion_gcs_dag, task_id=download_dataset_task, execution_date=20190115T000000, start_date=20220129T123116, end_date=20220129T123121
[2022-01-29 12:31:21,568] {local_task_job.py:154} INFO - Task exited with return code 0
[2022-01-29 12:31:21,622] {local_task_job.py:264} INFO - 1 downstream tasks scheduled from follow-on schedule check
