[2022-01-29 12:35:55,710] {taskinstance.py:1032} INFO - Dependencies all met for <TaskInstance: data_ingestion_gcs_dag.download_dataset_task scheduled__2020-04-02T06:00:00+00:00 [queued]>
[2022-01-29 12:35:55,761] {taskinstance.py:1032} INFO - Dependencies all met for <TaskInstance: data_ingestion_gcs_dag.download_dataset_task scheduled__2020-04-02T06:00:00+00:00 [queued]>
[2022-01-29 12:35:55,761] {taskinstance.py:1238} INFO - 
--------------------------------------------------------------------------------
[2022-01-29 12:35:55,761] {taskinstance.py:1239} INFO - Starting attempt 1 of 2
[2022-01-29 12:35:55,761] {taskinstance.py:1240} INFO - 
--------------------------------------------------------------------------------
[2022-01-29 12:35:55,829] {taskinstance.py:1259} INFO - Executing <Task(BashOperator): download_dataset_task> on 2020-04-02 06:00:00+00:00
[2022-01-29 12:35:55,865] {standard_task_runner.py:52} INFO - Started process 4517 to run task
[2022-01-29 12:35:55,882] {standard_task_runner.py:76} INFO - Running: ['***', 'tasks', 'run', 'data_ingestion_gcs_dag', 'download_dataset_task', 'scheduled__2020-04-02T06:00:00+00:00', '--job-id', '409', '--raw', '--subdir', 'DAGS_FOLDER/data_ingestion_gcs_dag.py', '--cfg-path', '/tmp/tmpme4w15e1', '--error-file', '/tmp/tmp_gvrg44e']
[2022-01-29 12:35:55,884] {standard_task_runner.py:77} INFO - Job 409: Subtask download_dataset_task
[2022-01-29 12:35:56,100] {logging_mixin.py:109} INFO - Running <TaskInstance: data_ingestion_gcs_dag.download_dataset_task scheduled__2020-04-02T06:00:00+00:00 [running]> on host 85e1117cfb12
[2022-01-29 12:35:56,433] {taskinstance.py:1426} INFO - Exporting the following env vars:
AIRFLOW_CTX_DAG_OWNER=***
AIRFLOW_CTX_DAG_ID=data_ingestion_gcs_dag
AIRFLOW_CTX_TASK_ID=download_dataset_task
AIRFLOW_CTX_EXECUTION_DATE=2020-04-02T06:00:00+00:00
AIRFLOW_CTX_DAG_RUN_ID=scheduled__2020-04-02T06:00:00+00:00
[2022-01-29 12:35:56,435] {subprocess.py:62} INFO - Tmp dir root location: 
 /tmp
[2022-01-29 12:35:56,438] {subprocess.py:74} INFO - Running command: ['bash', '-c', 'curl -sS https://s3.amazonaws.com/nyc-tlc/trip+data/yellow_tripdata_2021-01.csv > /opt/***/yellow_tripdata_2021-01.csv']
[2022-01-29 12:35:56,503] {subprocess.py:85} INFO - Output:
[2022-01-29 12:36:02,231] {subprocess.py:93} INFO - Command exited with return code 0
[2022-01-29 12:36:02,351] {taskinstance.py:1277} INFO - Marking task as SUCCESS. dag_id=data_ingestion_gcs_dag, task_id=download_dataset_task, execution_date=20200402T060000, start_date=20220129T123555, end_date=20220129T123602
[2022-01-29 12:36:02,428] {local_task_job.py:154} INFO - Task exited with return code 0
[2022-01-29 12:36:02,637] {local_task_job.py:264} INFO - 1 downstream tasks scheduled from follow-on schedule check
