[2022-01-29 13:19:35,577] {taskinstance.py:1032} INFO - Dependencies all met for <TaskInstance: data_ingestion_gcs_dag.download_dataset_task manual__2022-01-29T13:19:32.495023+00:00 [queued]>
[2022-01-29 13:19:35,587] {taskinstance.py:1032} INFO - Dependencies all met for <TaskInstance: data_ingestion_gcs_dag.download_dataset_task manual__2022-01-29T13:19:32.495023+00:00 [queued]>
[2022-01-29 13:19:35,587] {taskinstance.py:1238} INFO - 
--------------------------------------------------------------------------------
[2022-01-29 13:19:35,587] {taskinstance.py:1239} INFO - Starting attempt 1 of 2
[2022-01-29 13:19:35,587] {taskinstance.py:1240} INFO - 
--------------------------------------------------------------------------------
[2022-01-29 13:19:35,601] {taskinstance.py:1259} INFO - Executing <Task(BashOperator): download_dataset_task> on 2022-01-29 13:19:32.495023+00:00
[2022-01-29 13:19:35,607] {standard_task_runner.py:52} INFO - Started process 92 to run task
[2022-01-29 13:19:35,612] {standard_task_runner.py:76} INFO - Running: ['***', 'tasks', 'run', 'data_ingestion_gcs_dag', 'download_dataset_task', 'manual__2022-01-29T13:19:32.495023+00:00', '--job-id', '526', '--raw', '--subdir', 'DAGS_FOLDER/data_ingestion_gcs_dag.py', '--cfg-path', '/tmp/tmpht8_6o1a', '--error-file', '/tmp/tmp73c9am97']
[2022-01-29 13:19:35,613] {standard_task_runner.py:77} INFO - Job 526: Subtask download_dataset_task
[2022-01-29 13:19:35,674] {logging_mixin.py:109} INFO - Running <TaskInstance: data_ingestion_gcs_dag.download_dataset_task manual__2022-01-29T13:19:32.495023+00:00 [running]> on host 9bf957887753
[2022-01-29 13:19:35,720] {warnings.py:110} WARNING - /home/***/.local/lib/python3.7/site-packages/***/utils/context.py:152: AirflowContextDeprecationWarning: Accessing 'execution_date' from the template is deprecated and will be removed in a future version. Please use 'data_interval_start' or 'logical_date' instead.
  warnings.warn(_create_deprecation_warning(key, self._deprecation_replacements[key]))

[2022-01-29 13:19:35,751] {taskinstance.py:1426} INFO - Exporting the following env vars:
AIRFLOW_CTX_DAG_OWNER=***
AIRFLOW_CTX_DAG_ID=data_ingestion_gcs_dag
AIRFLOW_CTX_TASK_ID=download_dataset_task
AIRFLOW_CTX_EXECUTION_DATE=2022-01-29T13:19:32.495023+00:00
AIRFLOW_CTX_DAG_RUN_ID=manual__2022-01-29T13:19:32.495023+00:00
[2022-01-29 13:19:35,753] {subprocess.py:62} INFO - Tmp dir root location: 
 /tmp
[2022-01-29 13:19:35,753] {subprocess.py:74} INFO - Running command: ['bash', '-c', 'curl -sS https://s3.amazonaws.com/nyc-tlc/trip+data/yellow_tripdata_2022-01.csv > /opt/***/yellow_tripdata_2022-01.csv']
[2022-01-29 13:19:35,765] {subprocess.py:85} INFO - Output:
[2022-01-29 13:19:36,167] {subprocess.py:93} INFO - Command exited with return code 0
[2022-01-29 13:19:36,199] {taskinstance.py:1277} INFO - Marking task as SUCCESS. dag_id=data_ingestion_gcs_dag, task_id=download_dataset_task, execution_date=20220129T131932, start_date=20220129T131935, end_date=20220129T131936
[2022-01-29 13:19:36,226] {local_task_job.py:154} INFO - Task exited with return code 0
[2022-01-29 13:19:36,268] {local_task_job.py:264} INFO - 1 downstream tasks scheduled from follow-on schedule check
