[2022-01-29 12:33:54,717] {taskinstance.py:1032} INFO - Dependencies all met for <TaskInstance: data_ingestion_gcs_dag.format_to_parquet_task manual__2022-01-29T12:33:44.920621+00:00 [queued]>
[2022-01-29 12:33:54,737] {taskinstance.py:1032} INFO - Dependencies all met for <TaskInstance: data_ingestion_gcs_dag.format_to_parquet_task manual__2022-01-29T12:33:44.920621+00:00 [queued]>
[2022-01-29 12:33:54,737] {taskinstance.py:1238} INFO - 
--------------------------------------------------------------------------------
[2022-01-29 12:33:54,737] {taskinstance.py:1239} INFO - Starting attempt 1 of 2
[2022-01-29 12:33:54,737] {taskinstance.py:1240} INFO - 
--------------------------------------------------------------------------------
[2022-01-29 12:33:54,770] {taskinstance.py:1259} INFO - Executing <Task(PythonOperator): format_to_parquet_task> on 2022-01-29 12:33:44.920621+00:00
[2022-01-29 12:33:54,782] {standard_task_runner.py:52} INFO - Started process 4107 to run task
[2022-01-29 12:33:54,799] {standard_task_runner.py:76} INFO - Running: ['***', 'tasks', 'run', 'data_ingestion_gcs_dag', 'format_to_parquet_task', 'manual__2022-01-29T12:33:44.920621+00:00', '--job-id', '343', '--raw', '--subdir', 'DAGS_FOLDER/data_ingestion_gcs_dag.py', '--cfg-path', '/tmp/tmpg0_ftmik', '--error-file', '/tmp/tmpbm7m5159']
[2022-01-29 12:33:54,802] {standard_task_runner.py:77} INFO - Job 343: Subtask format_to_parquet_task
[2022-01-29 12:33:54,915] {logging_mixin.py:109} INFO - Running <TaskInstance: data_ingestion_gcs_dag.format_to_parquet_task manual__2022-01-29T12:33:44.920621+00:00 [running]> on host 85e1117cfb12
[2022-01-29 12:33:55,049] {taskinstance.py:1426} INFO - Exporting the following env vars:
AIRFLOW_CTX_DAG_OWNER=***
AIRFLOW_CTX_DAG_ID=data_ingestion_gcs_dag
AIRFLOW_CTX_TASK_ID=format_to_parquet_task
AIRFLOW_CTX_EXECUTION_DATE=2022-01-29T12:33:44.920621+00:00
AIRFLOW_CTX_DAG_RUN_ID=manual__2022-01-29T12:33:44.920621+00:00
[2022-01-29 12:33:56,988] {python.py:175} INFO - Done. Returned value was: None
[2022-01-29 12:33:57,002] {taskinstance.py:1277} INFO - Marking task as SUCCESS. dag_id=data_ingestion_gcs_dag, task_id=format_to_parquet_task, execution_date=20220129T123344, start_date=20220129T123354, end_date=20220129T123357
[2022-01-29 12:33:57,067] {local_task_job.py:154} INFO - Task exited with return code 0
[2022-01-29 12:33:57,114] {local_task_job.py:264} INFO - 1 downstream tasks scheduled from follow-on schedule check
