[2022-01-29 12:34:00,129] {taskinstance.py:1032} INFO - Dependencies all met for <TaskInstance: data_ingestion_gcs_dag.bigquery_external_table_task scheduled__2022-01-01T00:00:00+00:00 [queued]>
[2022-01-29 12:34:00,142] {taskinstance.py:1032} INFO - Dependencies all met for <TaskInstance: data_ingestion_gcs_dag.bigquery_external_table_task scheduled__2022-01-01T00:00:00+00:00 [queued]>
[2022-01-29 12:34:00,142] {taskinstance.py:1238} INFO - 
--------------------------------------------------------------------------------
[2022-01-29 12:34:00,142] {taskinstance.py:1239} INFO - Starting attempt 1 of 2
[2022-01-29 12:34:00,142] {taskinstance.py:1240} INFO - 
--------------------------------------------------------------------------------
[2022-01-29 12:34:00,155] {taskinstance.py:1259} INFO - Executing <Task(BigQueryCreateExternalTableOperator): bigquery_external_table_task> on 2022-01-01 00:00:00+00:00
[2022-01-29 12:34:00,161] {standard_task_runner.py:52} INFO - Started process 4121 to run task
[2022-01-29 12:34:00,166] {standard_task_runner.py:76} INFO - Running: ['***', 'tasks', 'run', 'data_ingestion_gcs_dag', 'bigquery_external_table_task', 'scheduled__2022-01-01T00:00:00+00:00', '--job-id', '346', '--raw', '--subdir', 'DAGS_FOLDER/data_ingestion_gcs_dag.py', '--cfg-path', '/tmp/tmpn3w8bjjg', '--error-file', '/tmp/tmpn1_damy1']
[2022-01-29 12:34:00,167] {standard_task_runner.py:77} INFO - Job 346: Subtask bigquery_external_table_task
[2022-01-29 12:34:00,239] {logging_mixin.py:109} INFO - Running <TaskInstance: data_ingestion_gcs_dag.bigquery_external_table_task scheduled__2022-01-01T00:00:00+00:00 [running]> on host 85e1117cfb12
[2022-01-29 12:34:00,315] {taskinstance.py:1426} INFO - Exporting the following env vars:
AIRFLOW_CTX_DAG_OWNER=***
AIRFLOW_CTX_DAG_ID=data_ingestion_gcs_dag
AIRFLOW_CTX_TASK_ID=bigquery_external_table_task
AIRFLOW_CTX_EXECUTION_DATE=2022-01-01T00:00:00+00:00
AIRFLOW_CTX_DAG_RUN_ID=scheduled__2022-01-01T00:00:00+00:00
[2022-01-29 12:34:00,316] {crypto.py:82} WARNING - empty cryptography key - values will not be stored encrypted.
[2022-01-29 12:34:00,794] {taskinstance.py:1277} INFO - Marking task as SUCCESS. dag_id=data_ingestion_gcs_dag, task_id=bigquery_external_table_task, execution_date=20220101T000000, start_date=20220129T123400, end_date=20220129T123400
[2022-01-29 12:34:00,822] {local_task_job.py:154} INFO - Task exited with return code 0
[2022-01-29 12:34:00,859] {local_task_job.py:264} INFO - 0 downstream tasks scheduled from follow-on schedule check
