[2022-01-29 09:05:46,528] {taskinstance.py:1032} INFO - Dependencies all met for <TaskInstance: LocalIngestionDag.ingest scheduled__2021-01-02T06:00:00+00:00 [queued]>
[2022-01-29 09:05:46,621] {taskinstance.py:1032} INFO - Dependencies all met for <TaskInstance: LocalIngestionDag.ingest scheduled__2021-01-02T06:00:00+00:00 [queued]>
[2022-01-29 09:05:46,627] {taskinstance.py:1238} INFO - 
--------------------------------------------------------------------------------
[2022-01-29 09:05:46,639] {taskinstance.py:1239} INFO - Starting attempt 1 of 1
[2022-01-29 09:05:46,640] {taskinstance.py:1240} INFO - 
--------------------------------------------------------------------------------
[2022-01-29 09:05:46,716] {taskinstance.py:1259} INFO - Executing <Task(BashOperator): ingest> on 2021-01-02 06:00:00+00:00
[2022-01-29 09:05:46,794] {standard_task_runner.py:76} INFO - Running: ['***', 'tasks', 'run', 'LocalIngestionDag', 'ingest', 'scheduled__2021-01-02T06:00:00+00:00', '--job-id', '53', '--raw', '--subdir', 'DAGS_FOLDER/data_ingestion_local.py', '--cfg-path', '/tmp/tmp4d5p3n4f', '--error-file', '/tmp/tmpmvy_a0rj']
[2022-01-29 09:05:46,795] {standard_task_runner.py:77} INFO - Job 53: Subtask ingest
[2022-01-29 09:05:46,756] {standard_task_runner.py:52} INFO - Started process 268 to run task
[2022-01-29 09:05:47,217] {logging_mixin.py:109} INFO - Running <TaskInstance: LocalIngestionDag.ingest scheduled__2021-01-02T06:00:00+00:00 [running]> on host 68102482cc2e
[2022-01-29 09:05:47,433] {taskinstance.py:1426} INFO - Exporting the following env vars:
AIRFLOW_CTX_DAG_OWNER=***
AIRFLOW_CTX_DAG_ID=LocalIngestionDag
AIRFLOW_CTX_TASK_ID=ingest
AIRFLOW_CTX_EXECUTION_DATE=2021-01-02T06:00:00+00:00
AIRFLOW_CTX_DAG_RUN_ID=scheduled__2021-01-02T06:00:00+00:00
[2022-01-29 09:05:47,435] {subprocess.py:62} INFO - Tmp dir root location: 
 /tmp
[2022-01-29 09:05:47,435] {subprocess.py:74} INFO - Running command: ['bash', '-c', 'echo "hello world"']
[2022-01-29 09:05:47,493] {subprocess.py:85} INFO - Output:
[2022-01-29 09:05:47,505] {subprocess.py:89} INFO - hello world
[2022-01-29 09:05:47,506] {subprocess.py:93} INFO - Command exited with return code 0
[2022-01-29 09:05:47,591] {taskinstance.py:1277} INFO - Marking task as SUCCESS. dag_id=LocalIngestionDag, task_id=ingest, execution_date=20210102T060000, start_date=20220129T090546, end_date=20220129T090547
[2022-01-29 09:05:47,808] {local_task_job.py:154} INFO - Task exited with return code 0
[2022-01-29 09:05:47,950] {local_task_job.py:264} INFO - 0 downstream tasks scheduled from follow-on schedule check
