[2022-01-29 09:54:29,991] {taskinstance.py:1032} INFO - Dependencies all met for <TaskInstance: LocalIngestionDag.ingest scheduled__2021-01-02T06:00:00+00:00 [queued]>
[2022-01-29 09:54:30,007] {taskinstance.py:1032} INFO - Dependencies all met for <TaskInstance: LocalIngestionDag.ingest scheduled__2021-01-02T06:00:00+00:00 [queued]>
[2022-01-29 09:54:30,008] {taskinstance.py:1238} INFO - 
--------------------------------------------------------------------------------
[2022-01-29 09:54:30,008] {taskinstance.py:1239} INFO - Starting attempt 2 of 2
[2022-01-29 09:54:30,008] {taskinstance.py:1240} INFO - 
--------------------------------------------------------------------------------
[2022-01-29 09:54:30,027] {taskinstance.py:1259} INFO - Executing <Task(BashOperator): ingest> on 2021-01-02 06:00:00+00:00
[2022-01-29 09:54:30,033] {standard_task_runner.py:52} INFO - Started process 2591 to run task
[2022-01-29 09:54:30,038] {standard_task_runner.py:76} INFO - Running: ['***', 'tasks', 'run', 'LocalIngestionDag', 'ingest', 'scheduled__2021-01-02T06:00:00+00:00', '--job-id', '83', '--raw', '--subdir', 'DAGS_FOLDER/data_ingestion_local.py', '--cfg-path', '/tmp/tmp4dh89gu5', '--error-file', '/tmp/tmpgti5_heb']
[2022-01-29 09:54:30,039] {standard_task_runner.py:77} INFO - Job 83: Subtask ingest
[2022-01-29 09:54:30,102] {logging_mixin.py:109} INFO - Running <TaskInstance: LocalIngestionDag.ingest scheduled__2021-01-02T06:00:00+00:00 [running]> on host 68102482cc2e
[2022-01-29 09:54:30,167] {taskinstance.py:1426} INFO - Exporting the following env vars:
AIRFLOW_CTX_DAG_OWNER=***
AIRFLOW_CTX_DAG_ID=LocalIngestionDag
AIRFLOW_CTX_TASK_ID=ingest
AIRFLOW_CTX_EXECUTION_DATE=2021-01-02T06:00:00+00:00
AIRFLOW_CTX_DAG_RUN_ID=scheduled__2021-01-02T06:00:00+00:00
[2022-01-29 09:54:30,169] {subprocess.py:62} INFO - Tmp dir root location: 
 /tmp
[2022-01-29 09:54:30,170] {subprocess.py:74} INFO - Running command: ['bash', '-c', 'ls /opt/***']
[2022-01-29 09:54:30,183] {subprocess.py:85} INFO - Output:
[2022-01-29 09:54:30,187] {subprocess.py:89} INFO - ***-worker.pid
[2022-01-29 09:54:30,187] {subprocess.py:89} INFO - ***.cfg
[2022-01-29 09:54:30,187] {subprocess.py:89} INFO - dags
[2022-01-29 09:54:30,187] {subprocess.py:89} INFO - logs
[2022-01-29 09:54:30,188] {subprocess.py:89} INFO - output.csv
[2022-01-29 09:54:30,188] {subprocess.py:89} INFO - plugins
[2022-01-29 09:54:30,188] {subprocess.py:89} INFO - requirements.txt
[2022-01-29 09:54:30,188] {subprocess.py:89} INFO - webserver_config.py
[2022-01-29 09:54:30,188] {subprocess.py:93} INFO - Command exited with return code 0
[2022-01-29 09:54:30,220] {taskinstance.py:1277} INFO - Marking task as SUCCESS. dag_id=LocalIngestionDag, task_id=ingest, execution_date=20210102T060000, start_date=20220129T095429, end_date=20220129T095430
[2022-01-29 09:54:30,251] {local_task_job.py:154} INFO - Task exited with return code 0
[2022-01-29 09:54:30,295] {local_task_job.py:264} INFO - 0 downstream tasks scheduled from follow-on schedule check
