[2022-01-29 10:53:29,953] {taskinstance.py:1032} INFO - Dependencies all met for <TaskInstance: LocalIngestionDag.ingest scheduled__2021-01-02T06:00:00+00:00 [queued]>
[2022-01-29 10:53:29,965] {taskinstance.py:1032} INFO - Dependencies all met for <TaskInstance: LocalIngestionDag.ingest scheduled__2021-01-02T06:00:00+00:00 [queued]>
[2022-01-29 10:53:29,966] {taskinstance.py:1238} INFO - 
--------------------------------------------------------------------------------
[2022-01-29 10:53:29,966] {taskinstance.py:1239} INFO - Starting attempt 6 of 6
[2022-01-29 10:53:29,966] {taskinstance.py:1240} INFO - 
--------------------------------------------------------------------------------
[2022-01-29 10:53:29,980] {taskinstance.py:1259} INFO - Executing <Task(PythonOperator): ingest> on 2021-01-02 06:00:00+00:00
[2022-01-29 10:53:29,986] {standard_task_runner.py:52} INFO - Started process 1237 to run task
[2022-01-29 10:53:29,991] {standard_task_runner.py:76} INFO - Running: ['***', 'tasks', 'run', 'LocalIngestionDag', 'ingest', 'scheduled__2021-01-02T06:00:00+00:00', '--job-id', '95', '--raw', '--subdir', 'DAGS_FOLDER/data_ingestion_local.py', '--cfg-path', '/tmp/tmpch34xsu7', '--error-file', '/tmp/tmpw6vu82w6']
[2022-01-29 10:53:29,992] {standard_task_runner.py:77} INFO - Job 95: Subtask ingest
[2022-01-29 10:53:30,060] {logging_mixin.py:109} INFO - Running <TaskInstance: LocalIngestionDag.ingest scheduled__2021-01-02T06:00:00+00:00 [running]> on host 89af7c3452a0
[2022-01-29 10:53:30,102] {warnings.py:110} WARNING - /home/***/.local/lib/python3.7/site-packages/***/utils/context.py:152: AirflowContextDeprecationWarning: Accessing 'execution_date' from the template is deprecated and will be removed in a future version. Please use 'data_interval_start' or 'logical_date' instead.
  warnings.warn(_create_deprecation_warning(key, self._deprecation_replacements[key]))

[2022-01-29 10:53:30,126] {taskinstance.py:1426} INFO - Exporting the following env vars:
AIRFLOW_CTX_DAG_OWNER=***
AIRFLOW_CTX_DAG_ID=LocalIngestionDag
AIRFLOW_CTX_TASK_ID=ingest
AIRFLOW_CTX_EXECUTION_DATE=2021-01-02T06:00:00+00:00
AIRFLOW_CTX_DAG_RUN_ID=scheduled__2021-01-02T06:00:00+00:00
[2022-01-29 10:53:30,127] {logging_mixin.py:109} INFO - yellow_taxi_2021_01 /opt/***/output_2021-01.csv 2021-01-02T06:00:00+00:00
[2022-01-29 10:53:30,142] {logging_mixin.py:109} INFO - connection established seccessfully, inserting data...
[2022-01-29 10:53:58,679] {logging_mixin.py:109} INFO - inserted first chunk, took 28.537 second
[2022-01-29 10:54:25,324] {logging_mixin.py:109} INFO - inserted another chunk, took 26.644 second
[2022-01-29 10:54:51,495] {logging_mixin.py:109} INFO - inserted another chunk, took 26.171 second
[2022-01-29 10:55:17,624] {logging_mixin.py:109} INFO - inserted another chunk, took 26.129 second
[2022-01-29 10:55:43,733] {logging_mixin.py:109} INFO - inserted another chunk, took 26.108 second
[2022-01-29 10:56:09,576] {logging_mixin.py:109} INFO - inserted another chunk, took 25.842 second
[2022-01-29 10:56:35,942] {logging_mixin.py:109} INFO - inserted another chunk, took 26.366 second
[2022-01-29 10:57:03,980] {logging_mixin.py:109} INFO - inserted another chunk, took 28.038 second
[2022-01-29 10:57:31,037] {logging_mixin.py:109} INFO - inserted another chunk, took 27.057 second
[2022-01-29 10:57:58,037] {logging_mixin.py:109} INFO - inserted another chunk, took 27.000 second
[2022-01-29 10:58:24,196] {logging_mixin.py:109} INFO - inserted another chunk, took 26.159 second
[2022-01-29 10:58:50,139] {logging_mixin.py:109} INFO - inserted another chunk, took 25.943 second
[2022-01-29 10:58:50,354] {warnings.py:110} WARNING - /home/***/.local/lib/python3.7/site-packages/***/operators/python.py:174: DtypeWarning: Columns (6) have mixed types.Specify dtype option on import or set low_memory=False.
  return_value = self.execute_callable()

[2022-01-29 10:59:15,937] {logging_mixin.py:109} INFO - inserted another chunk, took 25.797 second
[2022-01-29 10:59:33,809] {logging_mixin.py:109} INFO - inserted another chunk, took 17.872 second
[2022-01-29 10:59:33,810] {taskinstance.py:1700} ERROR - Task failed with exception
Traceback (most recent call last):
  File "/home/airflow/.local/lib/python3.7/site-packages/airflow/models/taskinstance.py", line 1329, in _run_raw_task
    self._execute_task_with_callbacks(context)
  File "/home/airflow/.local/lib/python3.7/site-packages/airflow/models/taskinstance.py", line 1455, in _execute_task_with_callbacks
    result = self._execute_task(context, self.task)
  File "/home/airflow/.local/lib/python3.7/site-packages/airflow/models/taskinstance.py", line 1511, in _execute_task
    result = execute_callable(context=context)
  File "/home/airflow/.local/lib/python3.7/site-packages/airflow/operators/python.py", line 174, in execute
    return_value = self.execute_callable()
  File "/home/airflow/.local/lib/python3.7/site-packages/airflow/operators/python.py", line 185, in execute_callable
    return self.python_callable(*self.op_args, **self.op_kwargs)
  File "/opt/airflow/dags/ingest_script.py", line 34, in ingest_callable
    df = next(df_iter)
  File "/home/airflow/.local/lib/python3.7/site-packages/pandas/io/parsers/readers.py", line 1024, in __next__
    return self.get_chunk()
  File "/home/airflow/.local/lib/python3.7/site-packages/pandas/io/parsers/readers.py", line 1074, in get_chunk
    return self.read(nrows=size)
  File "/home/airflow/.local/lib/python3.7/site-packages/pandas/io/parsers/readers.py", line 1047, in read
    index, columns, col_dict = self._engine.read(nrows)
  File "/home/airflow/.local/lib/python3.7/site-packages/pandas/io/parsers/c_parser_wrapper.py", line 224, in read
    chunks = self._reader.read_low_memory(nrows)
  File "pandas/_libs/parsers.pyx", line 826, in pandas._libs.parsers.TextReader.read_low_memory
StopIteration
[2022-01-29 10:59:33,823] {taskinstance.py:1277} INFO - Marking task as FAILED. dag_id=LocalIngestionDag, task_id=ingest, execution_date=20210102T060000, start_date=20220129T105329, end_date=20220129T105933
[2022-01-29 10:59:33,838] {standard_task_runner.py:92} ERROR - Failed to execute job 95 for task ingest
Traceback (most recent call last):
  File "/home/airflow/.local/lib/python3.7/site-packages/airflow/task/task_runner/standard_task_runner.py", line 85, in _start_by_fork
    args.func(args, dag=self.dag)
  File "/home/airflow/.local/lib/python3.7/site-packages/airflow/cli/cli_parser.py", line 48, in command
    return func(*args, **kwargs)
  File "/home/airflow/.local/lib/python3.7/site-packages/airflow/utils/cli.py", line 92, in wrapper
    return f(*args, **kwargs)
  File "/home/airflow/.local/lib/python3.7/site-packages/airflow/cli/commands/task_command.py", line 298, in task_run
    _run_task_by_selected_method(args, dag, ti)
  File "/home/airflow/.local/lib/python3.7/site-packages/airflow/cli/commands/task_command.py", line 107, in _run_task_by_selected_method
    _run_raw_task(args, ti)
  File "/home/airflow/.local/lib/python3.7/site-packages/airflow/cli/commands/task_command.py", line 184, in _run_raw_task
    error_file=args.error_file,
  File "/home/airflow/.local/lib/python3.7/site-packages/airflow/utils/session.py", line 70, in wrapper
    return func(*args, session=session, **kwargs)
  File "/home/airflow/.local/lib/python3.7/site-packages/airflow/models/taskinstance.py", line 1329, in _run_raw_task
    self._execute_task_with_callbacks(context)
  File "/home/airflow/.local/lib/python3.7/site-packages/airflow/models/taskinstance.py", line 1455, in _execute_task_with_callbacks
    result = self._execute_task(context, self.task)
  File "/home/airflow/.local/lib/python3.7/site-packages/airflow/models/taskinstance.py", line 1511, in _execute_task
    result = execute_callable(context=context)
  File "/home/airflow/.local/lib/python3.7/site-packages/airflow/operators/python.py", line 174, in execute
    return_value = self.execute_callable()
  File "/home/airflow/.local/lib/python3.7/site-packages/airflow/operators/python.py", line 185, in execute_callable
    return self.python_callable(*self.op_args, **self.op_kwargs)
  File "/opt/airflow/dags/ingest_script.py", line 34, in ingest_callable
    df = next(df_iter)
  File "/home/airflow/.local/lib/python3.7/site-packages/pandas/io/parsers/readers.py", line 1024, in __next__
    return self.get_chunk()
  File "/home/airflow/.local/lib/python3.7/site-packages/pandas/io/parsers/readers.py", line 1074, in get_chunk
    return self.read(nrows=size)
  File "/home/airflow/.local/lib/python3.7/site-packages/pandas/io/parsers/readers.py", line 1047, in read
    index, columns, col_dict = self._engine.read(nrows)
  File "/home/airflow/.local/lib/python3.7/site-packages/pandas/io/parsers/c_parser_wrapper.py", line 224, in read
    chunks = self._reader.read_low_memory(nrows)
  File "pandas/_libs/parsers.pyx", line 826, in pandas._libs.parsers.TextReader.read_low_memory
StopIteration
[2022-01-29 10:59:33,879] {local_task_job.py:154} INFO - Task exited with return code 1
[2022-01-29 10:59:33,952] {local_task_job.py:264} INFO - 0 downstream tasks scheduled from follow-on schedule check
