[2022-01-29 12:36:11,686] {taskinstance.py:1032} INFO - Dependencies all met for <TaskInstance: data_ingestion_gcs_dag.format_to_parquet_task scheduled__2020-12-02T06:00:00+00:00 [queued]>
[2022-01-29 12:36:11,893] {taskinstance.py:1032} INFO - Dependencies all met for <TaskInstance: data_ingestion_gcs_dag.format_to_parquet_task scheduled__2020-12-02T06:00:00+00:00 [queued]>
[2022-01-29 12:36:11,893] {taskinstance.py:1238} INFO - 
--------------------------------------------------------------------------------
[2022-01-29 12:36:11,893] {taskinstance.py:1239} INFO - Starting attempt 1 of 2
[2022-01-29 12:36:11,893] {taskinstance.py:1240} INFO - 
--------------------------------------------------------------------------------
[2022-01-29 12:36:12,145] {taskinstance.py:1259} INFO - Executing <Task(PythonOperator): format_to_parquet_task> on 2020-12-02 06:00:00+00:00
[2022-01-29 12:36:12,240] {standard_task_runner.py:52} INFO - Started process 4639 to run task
[2022-01-29 12:36:12,318] {standard_task_runner.py:76} INFO - Running: ['***', 'tasks', 'run', 'data_ingestion_gcs_dag', 'format_to_parquet_task', 'scheduled__2020-12-02T06:00:00+00:00', '--job-id', '427', '--raw', '--subdir', 'DAGS_FOLDER/data_ingestion_gcs_dag.py', '--cfg-path', '/tmp/tmpmkuo3li3', '--error-file', '/tmp/tmp1rllv04_']
[2022-01-29 12:36:12,320] {standard_task_runner.py:77} INFO - Job 427: Subtask format_to_parquet_task
[2022-01-29 12:36:13,077] {logging_mixin.py:109} INFO - Running <TaskInstance: data_ingestion_gcs_dag.format_to_parquet_task scheduled__2020-12-02T06:00:00+00:00 [running]> on host 85e1117cfb12
[2022-01-29 12:36:14,562] {taskinstance.py:1426} INFO - Exporting the following env vars:
AIRFLOW_CTX_DAG_OWNER=***
AIRFLOW_CTX_DAG_ID=data_ingestion_gcs_dag
AIRFLOW_CTX_TASK_ID=format_to_parquet_task
AIRFLOW_CTX_EXECUTION_DATE=2020-12-02T06:00:00+00:00
AIRFLOW_CTX_DAG_RUN_ID=scheduled__2020-12-02T06:00:00+00:00
[2022-01-29 12:36:24,019] {python.py:175} INFO - Done. Returned value was: None
[2022-01-29 12:36:24,258] {taskinstance.py:1277} INFO - Marking task as SUCCESS. dag_id=data_ingestion_gcs_dag, task_id=format_to_parquet_task, execution_date=20201202T060000, start_date=20220129T123611, end_date=20220129T123624
[2022-01-29 12:36:24,610] {local_task_job.py:154} INFO - Task exited with return code 0
[2022-01-29 12:36:24,903] {local_task_job.py:264} INFO - 0 downstream tasks scheduled from follow-on schedule check
