[2022-01-29 12:34:35,292] {taskinstance.py:1032} INFO - Dependencies all met for <TaskInstance: data_ingestion_gcs_dag.format_to_parquet_task scheduled__2019-02-02T06:00:00+00:00 [queued]>
[2022-01-29 12:34:35,397] {taskinstance.py:1032} INFO - Dependencies all met for <TaskInstance: data_ingestion_gcs_dag.format_to_parquet_task scheduled__2019-02-02T06:00:00+00:00 [queued]>
[2022-01-29 12:34:35,397] {taskinstance.py:1238} INFO - 
--------------------------------------------------------------------------------
[2022-01-29 12:34:35,397] {taskinstance.py:1239} INFO - Starting attempt 1 of 2
[2022-01-29 12:34:35,398] {taskinstance.py:1240} INFO - 
--------------------------------------------------------------------------------
[2022-01-29 12:34:35,526] {taskinstance.py:1259} INFO - Executing <Task(PythonOperator): format_to_parquet_task> on 2019-02-02 06:00:00+00:00
[2022-01-29 12:34:35,538] {standard_task_runner.py:52} INFO - Started process 4191 to run task
[2022-01-29 12:34:35,571] {standard_task_runner.py:76} INFO - Running: ['***', 'tasks', 'run', 'data_ingestion_gcs_dag', 'format_to_parquet_task', 'scheduled__2019-02-02T06:00:00+00:00', '--job-id', '354', '--raw', '--subdir', 'DAGS_FOLDER/data_ingestion_gcs_dag.py', '--cfg-path', '/tmp/tmp2lsyf5k5', '--error-file', '/tmp/tmpn39_dpb_']
[2022-01-29 12:34:35,593] {standard_task_runner.py:77} INFO - Job 354: Subtask format_to_parquet_task
[2022-01-29 12:34:35,829] {logging_mixin.py:109} INFO - Running <TaskInstance: data_ingestion_gcs_dag.format_to_parquet_task scheduled__2019-02-02T06:00:00+00:00 [running]> on host 85e1117cfb12
[2022-01-29 12:34:36,093] {taskinstance.py:1426} INFO - Exporting the following env vars:
AIRFLOW_CTX_DAG_OWNER=***
AIRFLOW_CTX_DAG_ID=data_ingestion_gcs_dag
AIRFLOW_CTX_TASK_ID=format_to_parquet_task
AIRFLOW_CTX_EXECUTION_DATE=2019-02-02T06:00:00+00:00
AIRFLOW_CTX_DAG_RUN_ID=scheduled__2019-02-02T06:00:00+00:00
[2022-01-29 12:34:41,837] {python.py:175} INFO - Done. Returned value was: None
[2022-01-29 12:34:41,865] {taskinstance.py:1277} INFO - Marking task as SUCCESS. dag_id=data_ingestion_gcs_dag, task_id=format_to_parquet_task, execution_date=20190202T060000, start_date=20220129T123435, end_date=20220129T123441
[2022-01-29 12:34:42,022] {local_task_job.py:154} INFO - Task exited with return code 0
[2022-01-29 12:34:42,105] {local_task_job.py:264} INFO - 1 downstream tasks scheduled from follow-on schedule check
