[2022-01-29 12:41:51,262] {taskinstance.py:1032} INFO - Dependencies all met for <TaskInstance: data_ingestion_gcs_dag.format_to_parquet_task scheduled__2019-02-02T06:00:00+00:00 [queued]>
[2022-01-29 12:41:51,275] {taskinstance.py:1032} INFO - Dependencies all met for <TaskInstance: data_ingestion_gcs_dag.format_to_parquet_task scheduled__2019-02-02T06:00:00+00:00 [queued]>
[2022-01-29 12:41:51,275] {taskinstance.py:1238} INFO - 
--------------------------------------------------------------------------------
[2022-01-29 12:41:51,275] {taskinstance.py:1239} INFO - Starting attempt 3 of 3
[2022-01-29 12:41:51,275] {taskinstance.py:1240} INFO - 
--------------------------------------------------------------------------------
[2022-01-29 12:41:51,289] {taskinstance.py:1259} INFO - Executing <Task(PythonOperator): format_to_parquet_task> on 2019-02-02 06:00:00+00:00
[2022-01-29 12:41:51,296] {standard_task_runner.py:52} INFO - Started process 5217 to run task
[2022-01-29 12:41:51,304] {standard_task_runner.py:76} INFO - Running: ['***', 'tasks', 'run', 'data_ingestion_gcs_dag', 'format_to_parquet_task', 'scheduled__2019-02-02T06:00:00+00:00', '--job-id', '500', '--raw', '--subdir', 'DAGS_FOLDER/data_ingestion_gcs_dag.py', '--cfg-path', '/tmp/tmp6cb49m2a', '--error-file', '/tmp/tmpujtsc4oh']
[2022-01-29 12:41:51,305] {standard_task_runner.py:77} INFO - Job 500: Subtask format_to_parquet_task
[2022-01-29 12:41:51,381] {logging_mixin.py:109} INFO - Running <TaskInstance: data_ingestion_gcs_dag.format_to_parquet_task scheduled__2019-02-02T06:00:00+00:00 [running]> on host 85e1117cfb12
[2022-01-29 12:41:51,456] {taskinstance.py:1426} INFO - Exporting the following env vars:
AIRFLOW_CTX_DAG_OWNER=***
AIRFLOW_CTX_DAG_ID=data_ingestion_gcs_dag
AIRFLOW_CTX_TASK_ID=format_to_parquet_task
AIRFLOW_CTX_EXECUTION_DATE=2019-02-02T06:00:00+00:00
AIRFLOW_CTX_DAG_RUN_ID=scheduled__2019-02-02T06:00:00+00:00
[2022-01-29 12:41:53,919] {python.py:175} INFO - Done. Returned value was: None
[2022-01-29 12:41:53,947] {taskinstance.py:1277} INFO - Marking task as SUCCESS. dag_id=data_ingestion_gcs_dag, task_id=format_to_parquet_task, execution_date=20190202T060000, start_date=20220129T124151, end_date=20220129T124153
[2022-01-29 12:41:54,037] {local_task_job.py:154} INFO - Task exited with return code 0
[2022-01-29 12:41:54,096] {local_task_job.py:264} INFO - 1 downstream tasks scheduled from follow-on schedule check
