[2022-01-30 01:34:10,405] {taskinstance.py:1032} INFO - Dependencies all met for <TaskInstance: data_ingestion_gcs_dag_fhv_2.bigquery_external_table_task scheduled__2020-04-02T06:00:00+00:00 [queued]>
[2022-01-30 01:34:10,452] {taskinstance.py:1032} INFO - Dependencies all met for <TaskInstance: data_ingestion_gcs_dag_fhv_2.bigquery_external_table_task scheduled__2020-04-02T06:00:00+00:00 [queued]>
[2022-01-30 01:34:10,468] {taskinstance.py:1238} INFO - 
--------------------------------------------------------------------------------
[2022-01-30 01:34:10,468] {taskinstance.py:1239} INFO - Starting attempt 1 of 1
[2022-01-30 01:34:10,468] {taskinstance.py:1240} INFO - 
--------------------------------------------------------------------------------
[2022-01-30 01:34:10,531] {taskinstance.py:1259} INFO - Executing <Task(BigQueryUpsertTableOperator): bigquery_external_table_task> on 2020-04-02 06:00:00+00:00
[2022-01-30 01:34:10,574] {standard_task_runner.py:52} INFO - Started process 987 to run task
[2022-01-30 01:34:10,614] {standard_task_runner.py:76} INFO - Running: ['***', 'tasks', 'run', 'data_ingestion_gcs_dag_fhv_2', 'bigquery_external_table_task', 'scheduled__2020-04-02T06:00:00+00:00', '--job-id', '103', '--raw', '--subdir', 'DAGS_FOLDER/data_ingestion_gcs_dag_2_fhv.py', '--cfg-path', '/tmp/tmptvgc8x_t', '--error-file', '/tmp/tmphqjbbxy4']
[2022-01-30 01:34:10,616] {standard_task_runner.py:77} INFO - Job 103: Subtask bigquery_external_table_task
[2022-01-30 01:34:11,049] {logging_mixin.py:109} INFO - Running <TaskInstance: data_ingestion_gcs_dag_fhv_2.bigquery_external_table_task scheduled__2020-04-02T06:00:00+00:00 [running]> on host 04ca2676bdcc
[2022-01-30 01:34:11,275] {warnings.py:110} WARNING - /home/***/.local/lib/python3.7/site-packages/***/utils/context.py:152: AirflowContextDeprecationWarning: Accessing 'execution_date' from the template is deprecated and will be removed in a future version. Please use 'data_interval_start' or 'logical_date' instead.
  warnings.warn(_create_deprecation_warning(key, self._deprecation_replacements[key]))

[2022-01-30 01:34:11,323] {taskinstance.py:1426} INFO - Exporting the following env vars:
AIRFLOW_CTX_DAG_OWNER=***
AIRFLOW_CTX_DAG_ID=data_ingestion_gcs_dag_fhv_2
AIRFLOW_CTX_TASK_ID=bigquery_external_table_task
AIRFLOW_CTX_EXECUTION_DATE=2020-04-02T06:00:00+00:00
AIRFLOW_CTX_DAG_RUN_ID=scheduled__2020-04-02T06:00:00+00:00
[2022-01-30 01:34:11,324] {bigquery.py:2016} INFO - Upserting Dataset: trips_data_all with table_resource: {'tableReference': {'projectId': 'datacamp-338713', 'datasetId': 'trips_data_all', 'tableId': 'external_table'}, 'externalDataConfiguration': {'sourceFormat': 'PARQUET', 'sourceUris': ['gs://dtc_data_lake_datacamp-338713/raw/fhv_tripdata_2020-04.parquet']}}
[2022-01-30 01:34:11,325] {warnings.py:110} WARNING - /home/***/.local/lib/python3.7/site-packages/***/providers/google/cloud/operators/bigquery.py:2021: DeprecationWarning: The bigquery_conn_id parameter has been deprecated. You should pass the gcp_conn_id parameter.
  impersonation_chain=self.impersonation_chain,

[2022-01-30 01:34:11,327] {crypto.py:82} WARNING - empty cryptography key - values will not be stored encrypted.
[2022-01-30 01:34:11,346] {bigquery.py:496} INFO - Start getting tables list from dataset: datacamp-338713.trips_data_all
[2022-01-30 01:34:11,612] {bigquery.py:1225} INFO - Table datacamp-338713:trips_data_all.external_table exists, updating.
[2022-01-30 01:34:11,613] {bigquery.py:749} INFO - Updating table: {'projectId': 'datacamp-338713', 'datasetId': 'trips_data_all', 'tableId': 'external_table'}
[2022-01-30 01:34:11,782] {bigquery.py:751} INFO - Table datacamp-338713.None.None updated successfully
[2022-01-30 01:34:11,864] {taskinstance.py:1277} INFO - Marking task as SUCCESS. dag_id=data_ingestion_gcs_dag_fhv_2, task_id=bigquery_external_table_task, execution_date=20200402T060000, start_date=20220130T013410, end_date=20220130T013411
[2022-01-30 01:34:12,066] {local_task_job.py:154} INFO - Task exited with return code 0
[2022-01-30 01:34:12,191] {local_task_job.py:264} INFO - 0 downstream tasks scheduled from follow-on schedule check
