[2022-01-29 12:26:18,380] {taskinstance.py:1032} INFO - Dependencies all met for <TaskInstance: data_ingestion_gcs_dag.format_to_parquet_task scheduled__2019-01-07T00:00:00+00:00 [queued]>
[2022-01-29 12:26:18,410] {taskinstance.py:1032} INFO - Dependencies all met for <TaskInstance: data_ingestion_gcs_dag.format_to_parquet_task scheduled__2019-01-07T00:00:00+00:00 [queued]>
[2022-01-29 12:26:18,411] {taskinstance.py:1238} INFO - 
--------------------------------------------------------------------------------
[2022-01-29 12:26:18,411] {taskinstance.py:1239} INFO - Starting attempt 1 of 2
[2022-01-29 12:26:18,411] {taskinstance.py:1240} INFO - 
--------------------------------------------------------------------------------
[2022-01-29 12:26:18,436] {taskinstance.py:1259} INFO - Executing <Task(PythonOperator): format_to_parquet_task> on 2019-01-07 00:00:00+00:00
[2022-01-29 12:26:18,446] {standard_task_runner.py:52} INFO - Started process 3080 to run task
[2022-01-29 12:26:18,455] {standard_task_runner.py:76} INFO - Running: ['***', 'tasks', 'run', 'data_ingestion_gcs_dag', 'format_to_parquet_task', 'scheduled__2019-01-07T00:00:00+00:00', '--job-id', '211', '--raw', '--subdir', 'DAGS_FOLDER/data_ingestion_gcs_dag.py', '--cfg-path', '/tmp/tmp889v5646', '--error-file', '/tmp/tmpb0gz1ovz']
[2022-01-29 12:26:18,459] {standard_task_runner.py:77} INFO - Job 211: Subtask format_to_parquet_task
[2022-01-29 12:26:18,572] {logging_mixin.py:109} INFO - Running <TaskInstance: data_ingestion_gcs_dag.format_to_parquet_task scheduled__2019-01-07T00:00:00+00:00 [running]> on host 85e1117cfb12
[2022-01-29 12:26:18,707] {taskinstance.py:1426} INFO - Exporting the following env vars:
AIRFLOW_CTX_DAG_OWNER=***
AIRFLOW_CTX_DAG_ID=data_ingestion_gcs_dag
AIRFLOW_CTX_TASK_ID=format_to_parquet_task
AIRFLOW_CTX_EXECUTION_DATE=2019-01-07T00:00:00+00:00
AIRFLOW_CTX_DAG_RUN_ID=scheduled__2019-01-07T00:00:00+00:00
[2022-01-29 12:26:30,342] {python.py:175} INFO - Done. Returned value was: None
[2022-01-29 12:26:30,423] {taskinstance.py:1277} INFO - Marking task as SUCCESS. dag_id=data_ingestion_gcs_dag, task_id=format_to_parquet_task, execution_date=20190107T000000, start_date=20220129T122618, end_date=20220129T122630
[2022-01-29 12:26:30,811] {local_task_job.py:154} INFO - Task exited with return code 0
[2022-01-29 12:26:31,001] {local_task_job.py:264} INFO - 1 downstream tasks scheduled from follow-on schedule check
