[2022-01-29 12:26:04,458] {taskinstance.py:1032} INFO - Dependencies all met for <TaskInstance: data_ingestion_gcs_dag.bigquery_external_table_task scheduled__2019-01-02T00:00:00+00:00 [queued]>
[2022-01-29 12:26:04,479] {taskinstance.py:1032} INFO - Dependencies all met for <TaskInstance: data_ingestion_gcs_dag.bigquery_external_table_task scheduled__2019-01-02T00:00:00+00:00 [queued]>
[2022-01-29 12:26:04,479] {taskinstance.py:1238} INFO - 
--------------------------------------------------------------------------------
[2022-01-29 12:26:04,479] {taskinstance.py:1239} INFO - Starting attempt 1 of 2
[2022-01-29 12:26:04,479] {taskinstance.py:1240} INFO - 
--------------------------------------------------------------------------------
[2022-01-29 12:26:04,515] {taskinstance.py:1259} INFO - Executing <Task(BigQueryCreateExternalTableOperator): bigquery_external_table_task> on 2019-01-02 00:00:00+00:00
[2022-01-29 12:26:04,534] {standard_task_runner.py:52} INFO - Started process 3000 to run task
[2022-01-29 12:26:04,556] {standard_task_runner.py:76} INFO - Running: ['***', 'tasks', 'run', 'data_ingestion_gcs_dag', 'bigquery_external_table_task', 'scheduled__2019-01-02T00:00:00+00:00', '--job-id', '200', '--raw', '--subdir', 'DAGS_FOLDER/data_ingestion_gcs_dag.py', '--cfg-path', '/tmp/tmplab_0go1', '--error-file', '/tmp/tmpolxlelul']
[2022-01-29 12:26:04,564] {standard_task_runner.py:77} INFO - Job 200: Subtask bigquery_external_table_task
[2022-01-29 12:26:04,694] {logging_mixin.py:109} INFO - Running <TaskInstance: data_ingestion_gcs_dag.bigquery_external_table_task scheduled__2019-01-02T00:00:00+00:00 [running]> on host 85e1117cfb12
[2022-01-29 12:26:04,805] {taskinstance.py:1426} INFO - Exporting the following env vars:
AIRFLOW_CTX_DAG_OWNER=***
AIRFLOW_CTX_DAG_ID=data_ingestion_gcs_dag
AIRFLOW_CTX_TASK_ID=bigquery_external_table_task
AIRFLOW_CTX_EXECUTION_DATE=2019-01-02T00:00:00+00:00
AIRFLOW_CTX_DAG_RUN_ID=scheduled__2019-01-02T00:00:00+00:00
[2022-01-29 12:26:04,810] {crypto.py:82} WARNING - empty cryptography key - values will not be stored encrypted.
[2022-01-29 12:26:05,365] {taskinstance.py:1277} INFO - Marking task as SUCCESS. dag_id=data_ingestion_gcs_dag, task_id=bigquery_external_table_task, execution_date=20190102T000000, start_date=20220129T122604, end_date=20220129T122605
[2022-01-29 12:26:05,447] {local_task_job.py:154} INFO - Task exited with return code 0
[2022-01-29 12:26:05,533] {local_task_job.py:264} INFO - 0 downstream tasks scheduled from follow-on schedule check
