[2022-01-30 01:34:37,742] {taskinstance.py:1032} INFO - Dependencies all met for <TaskInstance: data_ingestion_gcs_dag_fhv_2.local_to_gcs_task scheduled__2020-08-02T06:00:00+00:00 [queued]>
[2022-01-30 01:34:37,878] {taskinstance.py:1032} INFO - Dependencies all met for <TaskInstance: data_ingestion_gcs_dag_fhv_2.local_to_gcs_task scheduled__2020-08-02T06:00:00+00:00 [queued]>
[2022-01-30 01:34:37,878] {taskinstance.py:1238} INFO - 
--------------------------------------------------------------------------------
[2022-01-30 01:34:37,881] {taskinstance.py:1239} INFO - Starting attempt 1 of 1
[2022-01-30 01:34:37,881] {taskinstance.py:1240} INFO - 
--------------------------------------------------------------------------------
[2022-01-30 01:34:38,085] {taskinstance.py:1259} INFO - Executing <Task(PythonOperator): local_to_gcs_task> on 2020-08-02 06:00:00+00:00
[2022-01-30 01:34:38,127] {standard_task_runner.py:52} INFO - Started process 1138 to run task
[2022-01-30 01:34:38,222] {standard_task_runner.py:76} INFO - Running: ['***', 'tasks', 'run', 'data_ingestion_gcs_dag_fhv_2', 'local_to_gcs_task', 'scheduled__2020-08-02T06:00:00+00:00', '--job-id', '126', '--raw', '--subdir', 'DAGS_FOLDER/data_ingestion_gcs_dag_2_fhv.py', '--cfg-path', '/tmp/tmp1z7n_v9q', '--error-file', '/tmp/tmpzvzkgqf_']
[2022-01-30 01:34:38,249] {standard_task_runner.py:77} INFO - Job 126: Subtask local_to_gcs_task
[2022-01-30 01:34:38,894] {logging_mixin.py:109} INFO - Running <TaskInstance: data_ingestion_gcs_dag_fhv_2.local_to_gcs_task scheduled__2020-08-02T06:00:00+00:00 [running]> on host 04ca2676bdcc
[2022-01-30 01:34:39,350] {warnings.py:110} WARNING - /home/***/.local/lib/python3.7/site-packages/***/utils/context.py:152: AirflowContextDeprecationWarning: Accessing 'execution_date' from the template is deprecated and will be removed in a future version. Please use 'data_interval_start' or 'logical_date' instead.
  warnings.warn(_create_deprecation_warning(key, self._deprecation_replacements[key]))

[2022-01-30 01:34:39,580] {taskinstance.py:1426} INFO - Exporting the following env vars:
AIRFLOW_CTX_DAG_OWNER=***
AIRFLOW_CTX_DAG_ID=data_ingestion_gcs_dag_fhv_2
AIRFLOW_CTX_TASK_ID=local_to_gcs_task
AIRFLOW_CTX_EXECUTION_DATE=2020-08-02T06:00:00+00:00
AIRFLOW_CTX_DAG_RUN_ID=scheduled__2020-08-02T06:00:00+00:00
[2022-01-30 01:34:40,965] {python.py:175} INFO - Done. Returned value was: None
[2022-01-30 01:34:40,991] {taskinstance.py:1277} INFO - Marking task as SUCCESS. dag_id=data_ingestion_gcs_dag_fhv_2, task_id=local_to_gcs_task, execution_date=20200802T060000, start_date=20220130T013437, end_date=20220130T013440
[2022-01-30 01:34:41,719] {local_task_job.py:154} INFO - Task exited with return code 0
[2022-01-30 01:34:43,423] {local_task_job.py:264} INFO - 1 downstream tasks scheduled from follow-on schedule check
