[2022-01-29 12:37:17,434] {taskinstance.py:1032} INFO - Dependencies all met for <TaskInstance: data_ingestion_gcs_dag.local_to_gcs_task scheduled__2021-07-02T06:00:00+00:00 [queued]>
[2022-01-29 12:37:17,489] {taskinstance.py:1032} INFO - Dependencies all met for <TaskInstance: data_ingestion_gcs_dag.local_to_gcs_task scheduled__2021-07-02T06:00:00+00:00 [queued]>
[2022-01-29 12:37:17,489] {taskinstance.py:1238} INFO - 
--------------------------------------------------------------------------------
[2022-01-29 12:37:17,489] {taskinstance.py:1239} INFO - Starting attempt 1 of 2
[2022-01-29 12:37:17,489] {taskinstance.py:1240} INFO - 
--------------------------------------------------------------------------------
[2022-01-29 12:37:17,527] {taskinstance.py:1259} INFO - Executing <Task(PythonOperator): local_to_gcs_task> on 2021-07-02 06:00:00+00:00
[2022-01-29 12:37:17,536] {standard_task_runner.py:52} INFO - Started process 4917 to run task
[2022-01-29 12:37:17,567] {standard_task_runner.py:76} INFO - Running: ['***', 'tasks', 'run', 'data_ingestion_gcs_dag', 'local_to_gcs_task', 'scheduled__2021-07-02T06:00:00+00:00', '--job-id', '471', '--raw', '--subdir', 'DAGS_FOLDER/data_ingestion_gcs_dag.py', '--cfg-path', '/tmp/tmpbzi5q18m', '--error-file', '/tmp/tmp2_rs8iso']
[2022-01-29 12:37:17,596] {standard_task_runner.py:77} INFO - Job 471: Subtask local_to_gcs_task
[2022-01-29 12:37:17,791] {logging_mixin.py:109} INFO - Running <TaskInstance: data_ingestion_gcs_dag.local_to_gcs_task scheduled__2021-07-02T06:00:00+00:00 [running]> on host 85e1117cfb12
[2022-01-29 12:37:18,069] {taskinstance.py:1426} INFO - Exporting the following env vars:
AIRFLOW_CTX_DAG_OWNER=***
AIRFLOW_CTX_DAG_ID=data_ingestion_gcs_dag
AIRFLOW_CTX_TASK_ID=local_to_gcs_task
AIRFLOW_CTX_EXECUTION_DATE=2021-07-02T06:00:00+00:00
AIRFLOW_CTX_DAG_RUN_ID=scheduled__2021-07-02T06:00:00+00:00
[2022-01-29 12:37:19,264] {python.py:175} INFO - Done. Returned value was: None
[2022-01-29 12:37:19,292] {taskinstance.py:1277} INFO - Marking task as SUCCESS. dag_id=data_ingestion_gcs_dag, task_id=local_to_gcs_task, execution_date=20210702T060000, start_date=20220129T123717, end_date=20220129T123719
[2022-01-29 12:37:19,345] {local_task_job.py:154} INFO - Task exited with return code 0
[2022-01-29 12:37:19,761] {local_task_job.py:264} INFO - 0 downstream tasks scheduled from follow-on schedule check
[2022-01-29 13:23:34,433] {taskinstance.py:1032} INFO - Dependencies all met for <TaskInstance: data_ingestion_gcs_dag.local_to_gcs_task scheduled__2021-07-02T06:00:00+00:00 [queued]>
[2022-01-29 13:23:34,473] {taskinstance.py:1032} INFO - Dependencies all met for <TaskInstance: data_ingestion_gcs_dag.local_to_gcs_task scheduled__2021-07-02T06:00:00+00:00 [queued]>
[2022-01-29 13:23:34,473] {taskinstance.py:1238} INFO - 
--------------------------------------------------------------------------------
[2022-01-29 13:23:34,473] {taskinstance.py:1239} INFO - Starting attempt 1 of 1
[2022-01-29 13:23:34,473] {taskinstance.py:1240} INFO - 
--------------------------------------------------------------------------------
[2022-01-29 13:23:34,505] {taskinstance.py:1259} INFO - Executing <Task(PythonOperator): local_to_gcs_task> on 2021-07-02 06:00:00+00:00
[2022-01-29 13:23:34,516] {standard_task_runner.py:52} INFO - Started process 509 to run task
[2022-01-29 13:23:34,522] {standard_task_runner.py:76} INFO - Running: ['***', 'tasks', 'run', 'data_ingestion_gcs_dag', 'local_to_gcs_task', 'scheduled__2021-07-02T06:00:00+00:00', '--job-id', '577', '--raw', '--subdir', 'DAGS_FOLDER/data_ingestion_gcs_dag.py', '--cfg-path', '/tmp/tmpax1jl6ff', '--error-file', '/tmp/tmpii91plgh']
[2022-01-29 13:23:34,524] {standard_task_runner.py:77} INFO - Job 577: Subtask local_to_gcs_task
[2022-01-29 13:23:34,655] {logging_mixin.py:109} INFO - Running <TaskInstance: data_ingestion_gcs_dag.local_to_gcs_task scheduled__2021-07-02T06:00:00+00:00 [running]> on host 9bf957887753
[2022-01-29 13:23:34,743] {warnings.py:110} WARNING - /home/***/.local/lib/python3.7/site-packages/***/utils/context.py:152: AirflowContextDeprecationWarning: Accessing 'execution_date' from the template is deprecated and will be removed in a future version. Please use 'data_interval_start' or 'logical_date' instead.
  warnings.warn(_create_deprecation_warning(key, self._deprecation_replacements[key]))

[2022-01-29 13:23:34,777] {taskinstance.py:1426} INFO - Exporting the following env vars:
AIRFLOW_CTX_DAG_OWNER=***
AIRFLOW_CTX_DAG_ID=data_ingestion_gcs_dag
AIRFLOW_CTX_TASK_ID=local_to_gcs_task
AIRFLOW_CTX_EXECUTION_DATE=2021-07-02T06:00:00+00:00
AIRFLOW_CTX_DAG_RUN_ID=scheduled__2021-07-02T06:00:00+00:00
[2022-01-29 13:23:36,837] {python.py:175} INFO - Done. Returned value was: None
[2022-01-29 13:23:36,855] {taskinstance.py:1277} INFO - Marking task as SUCCESS. dag_id=data_ingestion_gcs_dag, task_id=local_to_gcs_task, execution_date=20210702T060000, start_date=20220129T132334, end_date=20220129T132336
[2022-01-29 13:23:36,933] {local_task_job.py:154} INFO - Task exited with return code 0
[2022-01-29 13:23:36,983] {local_task_job.py:264} INFO - 1 downstream tasks scheduled from follow-on schedule check
