[2022-01-29 12:37:01,926] {taskinstance.py:1032} INFO - Dependencies all met for <TaskInstance: data_ingestion_gcs_dag.format_to_parquet_task scheduled__2021-05-02T06:00:00+00:00 [queued]>
[2022-01-29 12:37:01,993] {taskinstance.py:1032} INFO - Dependencies all met for <TaskInstance: data_ingestion_gcs_dag.format_to_parquet_task scheduled__2021-05-02T06:00:00+00:00 [queued]>
[2022-01-29 12:37:01,993] {taskinstance.py:1238} INFO - 
--------------------------------------------------------------------------------
[2022-01-29 12:37:01,993] {taskinstance.py:1239} INFO - Starting attempt 1 of 2
[2022-01-29 12:37:01,993] {taskinstance.py:1240} INFO - 
--------------------------------------------------------------------------------
[2022-01-29 12:37:02,057] {taskinstance.py:1259} INFO - Executing <Task(PythonOperator): format_to_parquet_task> on 2021-05-02 06:00:00+00:00
[2022-01-29 12:37:02,082] {standard_task_runner.py:52} INFO - Started process 4850 to run task
[2022-01-29 12:37:02,119] {standard_task_runner.py:76} INFO - Running: ['***', 'tasks', 'run', 'data_ingestion_gcs_dag', 'format_to_parquet_task', 'scheduled__2021-05-02T06:00:00+00:00', '--job-id', '463', '--raw', '--subdir', 'DAGS_FOLDER/data_ingestion_gcs_dag.py', '--cfg-path', '/tmp/tmpccd6bkmv', '--error-file', '/tmp/tmpnawgqz0a']
[2022-01-29 12:37:02,124] {standard_task_runner.py:77} INFO - Job 463: Subtask format_to_parquet_task
[2022-01-29 12:37:02,401] {logging_mixin.py:109} INFO - Running <TaskInstance: data_ingestion_gcs_dag.format_to_parquet_task scheduled__2021-05-02T06:00:00+00:00 [running]> on host 85e1117cfb12
[2022-01-29 12:37:02,768] {taskinstance.py:1426} INFO - Exporting the following env vars:
AIRFLOW_CTX_DAG_OWNER=***
AIRFLOW_CTX_DAG_ID=data_ingestion_gcs_dag
AIRFLOW_CTX_TASK_ID=format_to_parquet_task
AIRFLOW_CTX_EXECUTION_DATE=2021-05-02T06:00:00+00:00
AIRFLOW_CTX_DAG_RUN_ID=scheduled__2021-05-02T06:00:00+00:00
[2022-01-29 12:37:12,075] {python.py:175} INFO - Done. Returned value was: None
[2022-01-29 12:37:12,115] {taskinstance.py:1277} INFO - Marking task as SUCCESS. dag_id=data_ingestion_gcs_dag, task_id=format_to_parquet_task, execution_date=20210502T060000, start_date=20220129T123701, end_date=20220129T123712
[2022-01-29 12:37:12,310] {local_task_job.py:212} WARNING - State of this instance has been externally set to success. Terminating instance.
[2022-01-29 12:37:12,315] {process_utils.py:124} INFO - Sending Signals.SIGTERM to group 4850. PIDs of all processes in the group: [4850]
[2022-01-29 12:37:12,315] {process_utils.py:75} INFO - Sending the signal Signals.SIGTERM to group 4850
[2022-01-29 12:37:12,419] {process_utils.py:70} INFO - Process psutil.Process(pid=4850, status='terminated', exitcode=0, started='12:37:01') (4850) terminated with exit code 0
[2022-01-29 13:23:11,586] {taskinstance.py:1032} INFO - Dependencies all met for <TaskInstance: data_ingestion_gcs_dag.format_to_parquet_task scheduled__2021-05-02T06:00:00+00:00 [queued]>
[2022-01-29 13:23:11,647] {taskinstance.py:1032} INFO - Dependencies all met for <TaskInstance: data_ingestion_gcs_dag.format_to_parquet_task scheduled__2021-05-02T06:00:00+00:00 [queued]>
[2022-01-29 13:23:11,647] {taskinstance.py:1238} INFO - 
--------------------------------------------------------------------------------
[2022-01-29 13:23:11,647] {taskinstance.py:1239} INFO - Starting attempt 1 of 1
[2022-01-29 13:23:11,647] {taskinstance.py:1240} INFO - 
--------------------------------------------------------------------------------
[2022-01-29 13:23:11,776] {taskinstance.py:1259} INFO - Executing <Task(PythonOperator): format_to_parquet_task> on 2021-05-02 06:00:00+00:00
[2022-01-29 13:23:11,821] {standard_task_runner.py:52} INFO - Started process 429 to run task
[2022-01-29 13:23:11,852] {standard_task_runner.py:76} INFO - Running: ['***', 'tasks', 'run', 'data_ingestion_gcs_dag', 'format_to_parquet_task', 'scheduled__2021-05-02T06:00:00+00:00', '--job-id', '558', '--raw', '--subdir', 'DAGS_FOLDER/data_ingestion_gcs_dag.py', '--cfg-path', '/tmp/tmpfqp9sjvf', '--error-file', '/tmp/tmpm0hk6i7d']
[2022-01-29 13:23:11,853] {standard_task_runner.py:77} INFO - Job 558: Subtask format_to_parquet_task
[2022-01-29 13:23:12,119] {logging_mixin.py:109} INFO - Running <TaskInstance: data_ingestion_gcs_dag.format_to_parquet_task scheduled__2021-05-02T06:00:00+00:00 [running]> on host 9bf957887753
[2022-01-29 13:23:12,378] {warnings.py:110} WARNING - /home/***/.local/lib/python3.7/site-packages/***/utils/context.py:152: AirflowContextDeprecationWarning: Accessing 'execution_date' from the template is deprecated and will be removed in a future version. Please use 'data_interval_start' or 'logical_date' instead.
  warnings.warn(_create_deprecation_warning(key, self._deprecation_replacements[key]))

[2022-01-29 13:23:12,524] {taskinstance.py:1426} INFO - Exporting the following env vars:
AIRFLOW_CTX_DAG_OWNER=***
AIRFLOW_CTX_DAG_ID=data_ingestion_gcs_dag
AIRFLOW_CTX_TASK_ID=format_to_parquet_task
AIRFLOW_CTX_EXECUTION_DATE=2021-05-02T06:00:00+00:00
AIRFLOW_CTX_DAG_RUN_ID=scheduled__2021-05-02T06:00:00+00:00
[2022-01-29 13:23:28,730] {python.py:175} INFO - Done. Returned value was: None
[2022-01-29 13:23:28,752] {taskinstance.py:1277} INFO - Marking task as SUCCESS. dag_id=data_ingestion_gcs_dag, task_id=format_to_parquet_task, execution_date=20210502T060000, start_date=20220129T132311, end_date=20220129T132328
[2022-01-29 13:23:28,976] {local_task_job.py:154} INFO - Task exited with return code 0
[2022-01-29 13:23:29,089] {local_task_job.py:264} INFO - 1 downstream tasks scheduled from follow-on schedule check
