[2022-01-29 12:26:43,427] {taskinstance.py:1032} INFO - Dependencies all met for <TaskInstance: data_ingestion_gcs_dag.format_to_parquet_task scheduled__2019-01-16T00:00:00+00:00 [queued]>
[2022-01-29 12:26:43,519] {taskinstance.py:1032} INFO - Dependencies all met for <TaskInstance: data_ingestion_gcs_dag.format_to_parquet_task scheduled__2019-01-16T00:00:00+00:00 [queued]>
[2022-01-29 12:26:43,520] {taskinstance.py:1238} INFO - 
--------------------------------------------------------------------------------
[2022-01-29 12:26:43,520] {taskinstance.py:1239} INFO - Starting attempt 1 of 2
[2022-01-29 12:26:43,520] {taskinstance.py:1240} INFO - 
--------------------------------------------------------------------------------
[2022-01-29 12:26:43,598] {taskinstance.py:1259} INFO - Executing <Task(PythonOperator): format_to_parquet_task> on 2019-01-16 00:00:00+00:00
[2022-01-29 12:26:43,638] {standard_task_runner.py:52} INFO - Started process 3240 to run task
[2022-01-29 12:26:43,752] {standard_task_runner.py:76} INFO - Running: ['***', 'tasks', 'run', 'data_ingestion_gcs_dag', 'format_to_parquet_task', 'scheduled__2019-01-16T00:00:00+00:00', '--job-id', '233', '--raw', '--subdir', 'DAGS_FOLDER/data_ingestion_gcs_dag.py', '--cfg-path', '/tmp/tmpiaimp1p3', '--error-file', '/tmp/tmpmzkb369r']
[2022-01-29 12:26:43,761] {standard_task_runner.py:77} INFO - Job 233: Subtask format_to_parquet_task
[2022-01-29 12:26:44,343] {logging_mixin.py:109} INFO - Running <TaskInstance: data_ingestion_gcs_dag.format_to_parquet_task scheduled__2019-01-16T00:00:00+00:00 [running]> on host 85e1117cfb12
[2022-01-29 12:26:44,809] {taskinstance.py:1426} INFO - Exporting the following env vars:
AIRFLOW_CTX_DAG_OWNER=***
AIRFLOW_CTX_DAG_ID=data_ingestion_gcs_dag
AIRFLOW_CTX_TASK_ID=format_to_parquet_task
AIRFLOW_CTX_EXECUTION_DATE=2019-01-16T00:00:00+00:00
AIRFLOW_CTX_DAG_RUN_ID=scheduled__2019-01-16T00:00:00+00:00
[2022-01-29 12:27:01,010] {python.py:175} INFO - Done. Returned value was: None
[2022-01-29 12:27:01,069] {taskinstance.py:1277} INFO - Marking task as SUCCESS. dag_id=data_ingestion_gcs_dag, task_id=format_to_parquet_task, execution_date=20190116T000000, start_date=20220129T122643, end_date=20220129T122701
[2022-01-29 12:27:01,351] {local_task_job.py:154} INFO - Task exited with return code 0
[2022-01-29 12:27:02,263] {local_task_job.py:264} INFO - 0 downstream tasks scheduled from follow-on schedule check
