[2022-01-29 08:30:33,102] {taskinstance.py:1032} INFO - Dependencies all met for <TaskInstance: data_ingestion_gcs_dag.format_to_parquet_task scheduled__2022-01-28T00:00:00+00:00 [queued]>
[2022-01-29 08:30:33,114] {taskinstance.py:1032} INFO - Dependencies all met for <TaskInstance: data_ingestion_gcs_dag.format_to_parquet_task scheduled__2022-01-28T00:00:00+00:00 [queued]>
[2022-01-29 08:30:33,114] {taskinstance.py:1238} INFO - 
--------------------------------------------------------------------------------
[2022-01-29 08:30:33,114] {taskinstance.py:1239} INFO - Starting attempt 1 of 2
[2022-01-29 08:30:33,114] {taskinstance.py:1240} INFO - 
--------------------------------------------------------------------------------
[2022-01-29 08:30:33,127] {taskinstance.py:1259} INFO - Executing <Task(PythonOperator): format_to_parquet_task> on 2022-01-28 00:00:00+00:00
[2022-01-29 08:30:33,134] {standard_task_runner.py:52} INFO - Started process 374 to run task
[2022-01-29 08:30:33,140] {standard_task_runner.py:76} INFO - Running: ['***', 'tasks', 'run', 'data_ingestion_gcs_dag', 'format_to_parquet_task', 'scheduled__2022-01-28T00:00:00+00:00', '--job-id', '35', '--raw', '--subdir', 'DAGS_FOLDER/data_ingestion_gcs_dag.py', '--cfg-path', '/tmp/tmpiexvhr12', '--error-file', '/tmp/tmp0e4yw9sv']
[2022-01-29 08:30:33,141] {standard_task_runner.py:77} INFO - Job 35: Subtask format_to_parquet_task
[2022-01-29 08:30:33,210] {logging_mixin.py:109} INFO - Running <TaskInstance: data_ingestion_gcs_dag.format_to_parquet_task scheduled__2022-01-28T00:00:00+00:00 [running]> on host 65c48558f94e
[2022-01-29 08:30:33,277] {taskinstance.py:1426} INFO - Exporting the following env vars:
AIRFLOW_CTX_DAG_OWNER=***
AIRFLOW_CTX_DAG_ID=data_ingestion_gcs_dag
AIRFLOW_CTX_TASK_ID=format_to_parquet_task
AIRFLOW_CTX_EXECUTION_DATE=2022-01-28T00:00:00+00:00
AIRFLOW_CTX_DAG_RUN_ID=scheduled__2022-01-28T00:00:00+00:00
[2022-01-29 08:30:35,039] {python.py:175} INFO - Done. Returned value was: None
[2022-01-29 08:30:35,052] {taskinstance.py:1277} INFO - Marking task as SUCCESS. dag_id=data_ingestion_gcs_dag, task_id=format_to_parquet_task, execution_date=20220128T000000, start_date=20220129T083033, end_date=20220129T083035
[2022-01-29 08:30:35,120] {local_task_job.py:154} INFO - Task exited with return code 0
[2022-01-29 08:30:35,168] {local_task_job.py:264} INFO - 1 downstream tasks scheduled from follow-on schedule check
