[2022-01-29 12:24:58,973] {taskinstance.py:1032} INFO - Dependencies all met for <TaskInstance: data_ingestion_gcs_dag.download_dataset_task scheduled__2019-01-02T00:00:00+00:00 [queued]>
[2022-01-29 12:24:59,003] {taskinstance.py:1032} INFO - Dependencies all met for <TaskInstance: data_ingestion_gcs_dag.download_dataset_task scheduled__2019-01-02T00:00:00+00:00 [queued]>
[2022-01-29 12:24:59,004] {taskinstance.py:1238} INFO - 
--------------------------------------------------------------------------------
[2022-01-29 12:24:59,004] {taskinstance.py:1239} INFO - Starting attempt 1 of 2
[2022-01-29 12:24:59,004] {taskinstance.py:1240} INFO - 
--------------------------------------------------------------------------------
[2022-01-29 12:24:59,034] {taskinstance.py:1259} INFO - Executing <Task(BashOperator): download_dataset_task> on 2019-01-02 00:00:00+00:00
[2022-01-29 12:24:59,060] {standard_task_runner.py:52} INFO - Started process 2792 to run task
[2022-01-29 12:24:59,080] {standard_task_runner.py:76} INFO - Running: ['***', 'tasks', 'run', 'data_ingestion_gcs_dag', 'download_dataset_task', 'scheduled__2019-01-02T00:00:00+00:00', '--job-id', '171', '--raw', '--subdir', 'DAGS_FOLDER/data_ingestion_gcs_dag.py', '--cfg-path', '/tmp/tmpnrsbb595', '--error-file', '/tmp/tmpw01afrnc']
[2022-01-29 12:24:59,082] {standard_task_runner.py:77} INFO - Job 171: Subtask download_dataset_task
[2022-01-29 12:24:59,242] {logging_mixin.py:109} INFO - Running <TaskInstance: data_ingestion_gcs_dag.download_dataset_task scheduled__2019-01-02T00:00:00+00:00 [running]> on host 85e1117cfb12
[2022-01-29 12:24:59,413] {taskinstance.py:1426} INFO - Exporting the following env vars:
AIRFLOW_CTX_DAG_OWNER=***
AIRFLOW_CTX_DAG_ID=data_ingestion_gcs_dag
AIRFLOW_CTX_TASK_ID=download_dataset_task
AIRFLOW_CTX_EXECUTION_DATE=2019-01-02T00:00:00+00:00
AIRFLOW_CTX_DAG_RUN_ID=scheduled__2019-01-02T00:00:00+00:00
[2022-01-29 12:24:59,418] {subprocess.py:62} INFO - Tmp dir root location: 
 /tmp
[2022-01-29 12:24:59,421] {subprocess.py:74} INFO - Running command: ['bash', '-c', 'curl -sS https://s3.amazonaws.com/nyc-tlc/trip+data/yellow_tripdata_2021-01.csv > /opt/***/yellow_tripdata_2021-01.csv']
[2022-01-29 12:24:59,495] {subprocess.py:85} INFO - Output:
[2022-01-29 12:25:04,899] {subprocess.py:93} INFO - Command exited with return code 0
[2022-01-29 12:25:04,972] {taskinstance.py:1277} INFO - Marking task as SUCCESS. dag_id=data_ingestion_gcs_dag, task_id=download_dataset_task, execution_date=20190102T000000, start_date=20220129T122458, end_date=20220129T122504
[2022-01-29 12:25:05,032] {local_task_job.py:154} INFO - Task exited with return code 0
[2022-01-29 12:25:05,132] {local_task_job.py:264} INFO - 1 downstream tasks scheduled from follow-on schedule check
[2022-01-29 12:25:42,077] {taskinstance.py:1032} INFO - Dependencies all met for <TaskInstance: data_ingestion_gcs_dag.download_dataset_task scheduled__2019-01-02T00:00:00+00:00 [queued]>
[2022-01-29 12:25:42,101] {taskinstance.py:1032} INFO - Dependencies all met for <TaskInstance: data_ingestion_gcs_dag.download_dataset_task scheduled__2019-01-02T00:00:00+00:00 [queued]>
[2022-01-29 12:25:42,101] {taskinstance.py:1238} INFO - 
--------------------------------------------------------------------------------
[2022-01-29 12:25:42,102] {taskinstance.py:1239} INFO - Starting attempt 1 of 2
[2022-01-29 12:25:42,102] {taskinstance.py:1240} INFO - 
--------------------------------------------------------------------------------
[2022-01-29 12:25:42,139] {taskinstance.py:1259} INFO - Executing <Task(BashOperator): download_dataset_task> on 2019-01-02 00:00:00+00:00
[2022-01-29 12:25:42,147] {standard_task_runner.py:52} INFO - Started process 2910 to run task
[2022-01-29 12:25:42,166] {standard_task_runner.py:76} INFO - Running: ['***', 'tasks', 'run', 'data_ingestion_gcs_dag', 'download_dataset_task', 'scheduled__2019-01-02T00:00:00+00:00', '--job-id', '183', '--raw', '--subdir', 'DAGS_FOLDER/data_ingestion_gcs_dag.py', '--cfg-path', '/tmp/tmp2he9sp43', '--error-file', '/tmp/tmp2d9g4tex']
[2022-01-29 12:25:42,168] {standard_task_runner.py:77} INFO - Job 183: Subtask download_dataset_task
[2022-01-29 12:25:42,325] {logging_mixin.py:109} INFO - Running <TaskInstance: data_ingestion_gcs_dag.download_dataset_task scheduled__2019-01-02T00:00:00+00:00 [running]> on host 85e1117cfb12
[2022-01-29 12:25:42,432] {taskinstance.py:1426} INFO - Exporting the following env vars:
AIRFLOW_CTX_DAG_OWNER=***
AIRFLOW_CTX_DAG_ID=data_ingestion_gcs_dag
AIRFLOW_CTX_TASK_ID=download_dataset_task
AIRFLOW_CTX_EXECUTION_DATE=2019-01-02T00:00:00+00:00
AIRFLOW_CTX_DAG_RUN_ID=scheduled__2019-01-02T00:00:00+00:00
[2022-01-29 12:25:42,434] {subprocess.py:62} INFO - Tmp dir root location: 
 /tmp
[2022-01-29 12:25:42,435] {subprocess.py:74} INFO - Running command: ['bash', '-c', 'curl -sS https://s3.amazonaws.com/nyc-tlc/trip+data/yellow_tripdata_2021-01.csv > /opt/***/yellow_tripdata_2021-01.csv']
[2022-01-29 12:25:42,464] {subprocess.py:85} INFO - Output:
[2022-01-29 12:25:47,106] {subprocess.py:93} INFO - Command exited with return code 0
[2022-01-29 12:25:47,217] {taskinstance.py:1277} INFO - Marking task as SUCCESS. dag_id=data_ingestion_gcs_dag, task_id=download_dataset_task, execution_date=20190102T000000, start_date=20220129T122542, end_date=20220129T122547
[2022-01-29 12:25:47,251] {local_task_job.py:154} INFO - Task exited with return code 0
[2022-01-29 12:25:47,310] {local_task_job.py:264} INFO - 1 downstream tasks scheduled from follow-on schedule check
