[2022-01-29 12:34:44,937] {taskinstance.py:1032} INFO - Dependencies all met for <TaskInstance: data_ingestion_gcs_dag.local_to_gcs_task scheduled__2019-03-02T06:00:00+00:00 [queued]>
[2022-01-29 12:34:45,007] {taskinstance.py:1032} INFO - Dependencies all met for <TaskInstance: data_ingestion_gcs_dag.local_to_gcs_task scheduled__2019-03-02T06:00:00+00:00 [queued]>
[2022-01-29 12:34:45,008] {taskinstance.py:1238} INFO - 
--------------------------------------------------------------------------------
[2022-01-29 12:34:45,008] {taskinstance.py:1239} INFO - Starting attempt 1 of 2
[2022-01-29 12:34:45,008] {taskinstance.py:1240} INFO - 
--------------------------------------------------------------------------------
[2022-01-29 12:34:45,052] {taskinstance.py:1259} INFO - Executing <Task(PythonOperator): local_to_gcs_task> on 2019-03-02 06:00:00+00:00
[2022-01-29 12:34:45,061] {standard_task_runner.py:52} INFO - Started process 4234 to run task
[2022-01-29 12:34:45,076] {standard_task_runner.py:76} INFO - Running: ['***', 'tasks', 'run', 'data_ingestion_gcs_dag', 'local_to_gcs_task', 'scheduled__2019-03-02T06:00:00+00:00', '--job-id', '358', '--raw', '--subdir', 'DAGS_FOLDER/data_ingestion_gcs_dag.py', '--cfg-path', '/tmp/tmp09mzpe08', '--error-file', '/tmp/tmpmoy0g1t1']
[2022-01-29 12:34:45,077] {standard_task_runner.py:77} INFO - Job 358: Subtask local_to_gcs_task
[2022-01-29 12:34:45,229] {logging_mixin.py:109} INFO - Running <TaskInstance: data_ingestion_gcs_dag.local_to_gcs_task scheduled__2019-03-02T06:00:00+00:00 [running]> on host 85e1117cfb12
[2022-01-29 12:34:45,372] {taskinstance.py:1426} INFO - Exporting the following env vars:
AIRFLOW_CTX_DAG_OWNER=***
AIRFLOW_CTX_DAG_ID=data_ingestion_gcs_dag
AIRFLOW_CTX_TASK_ID=local_to_gcs_task
AIRFLOW_CTX_EXECUTION_DATE=2019-03-02T06:00:00+00:00
AIRFLOW_CTX_DAG_RUN_ID=scheduled__2019-03-02T06:00:00+00:00
[2022-01-29 12:34:46,665] {python.py:175} INFO - Done. Returned value was: None
[2022-01-29 12:34:46,679] {taskinstance.py:1277} INFO - Marking task as SUCCESS. dag_id=data_ingestion_gcs_dag, task_id=local_to_gcs_task, execution_date=20190302T060000, start_date=20220129T123444, end_date=20220129T123446
[2022-01-29 12:34:46,742] {local_task_job.py:154} INFO - Task exited with return code 0
[2022-01-29 12:34:46,794] {local_task_job.py:264} INFO - 1 downstream tasks scheduled from follow-on schedule check
