[2022-01-30 01:34:21,236] {taskinstance.py:1032} INFO - Dependencies all met for <TaskInstance: data_ingestion_gcs_dag_fhv_2.format_to_parquet_task scheduled__2020-07-02T06:00:00+00:00 [queued]>
[2022-01-30 01:34:21,416] {taskinstance.py:1032} INFO - Dependencies all met for <TaskInstance: data_ingestion_gcs_dag_fhv_2.format_to_parquet_task scheduled__2020-07-02T06:00:00+00:00 [queued]>
[2022-01-30 01:34:21,416] {taskinstance.py:1238} INFO - 
--------------------------------------------------------------------------------
[2022-01-30 01:34:21,416] {taskinstance.py:1239} INFO - Starting attempt 1 of 1
[2022-01-30 01:34:21,417] {taskinstance.py:1240} INFO - 
--------------------------------------------------------------------------------
[2022-01-30 01:34:21,531] {taskinstance.py:1259} INFO - Executing <Task(PythonOperator): format_to_parquet_task> on 2020-07-02 06:00:00+00:00
[2022-01-30 01:34:21,573] {standard_task_runner.py:52} INFO - Started process 1029 to run task
[2022-01-30 01:34:21,649] {standard_task_runner.py:76} INFO - Running: ['***', 'tasks', 'run', 'data_ingestion_gcs_dag_fhv_2', 'format_to_parquet_task', 'scheduled__2020-07-02T06:00:00+00:00', '--job-id', '107', '--raw', '--subdir', 'DAGS_FOLDER/data_ingestion_gcs_dag_2_fhv.py', '--cfg-path', '/tmp/tmpy5i4k7i8', '--error-file', '/tmp/tmpsla3piz5']
[2022-01-30 01:34:21,666] {standard_task_runner.py:77} INFO - Job 107: Subtask format_to_parquet_task
[2022-01-30 01:34:22,215] {logging_mixin.py:109} INFO - Running <TaskInstance: data_ingestion_gcs_dag_fhv_2.format_to_parquet_task scheduled__2020-07-02T06:00:00+00:00 [running]> on host 04ca2676bdcc
[2022-01-30 01:34:22,445] {warnings.py:110} WARNING - /home/***/.local/lib/python3.7/site-packages/***/utils/context.py:152: AirflowContextDeprecationWarning: Accessing 'execution_date' from the template is deprecated and will be removed in a future version. Please use 'data_interval_start' or 'logical_date' instead.
  warnings.warn(_create_deprecation_warning(key, self._deprecation_replacements[key]))

[2022-01-30 01:34:22,496] {taskinstance.py:1426} INFO - Exporting the following env vars:
AIRFLOW_CTX_DAG_OWNER=***
AIRFLOW_CTX_DAG_ID=data_ingestion_gcs_dag_fhv_2
AIRFLOW_CTX_TASK_ID=format_to_parquet_task
AIRFLOW_CTX_EXECUTION_DATE=2020-07-02T06:00:00+00:00
AIRFLOW_CTX_DAG_RUN_ID=scheduled__2020-07-02T06:00:00+00:00
[2022-01-30 01:34:28,910] {python.py:175} INFO - Done. Returned value was: None
[2022-01-30 01:34:29,442] {taskinstance.py:1277} INFO - Marking task as SUCCESS. dag_id=data_ingestion_gcs_dag_fhv_2, task_id=format_to_parquet_task, execution_date=20200702T060000, start_date=20220130T013421, end_date=20220130T013429
[2022-01-30 01:34:30,396] {local_task_job.py:154} INFO - Task exited with return code 0
[2022-01-30 01:34:32,446] {local_task_job.py:264} INFO - 1 downstream tasks scheduled from follow-on schedule check
