[2022-01-29 13:32:10,335] {taskinstance.py:1032} INFO - Dependencies all met for <TaskInstance: data_ingestion_gcs_dag.local_to_gcs_task scheduled__2021-01-02T06:00:00+00:00 [queued]>
[2022-01-29 13:32:10,347] {taskinstance.py:1032} INFO - Dependencies all met for <TaskInstance: data_ingestion_gcs_dag.local_to_gcs_task scheduled__2021-01-02T06:00:00+00:00 [queued]>
[2022-01-29 13:32:10,347] {taskinstance.py:1238} INFO - 
--------------------------------------------------------------------------------
[2022-01-29 13:32:10,348] {taskinstance.py:1239} INFO - Starting attempt 2 of 2
[2022-01-29 13:32:10,348] {taskinstance.py:1240} INFO - 
--------------------------------------------------------------------------------
[2022-01-29 13:32:10,360] {taskinstance.py:1259} INFO - Executing <Task(PythonOperator): local_to_gcs_task> on 2021-01-02 06:00:00+00:00
[2022-01-29 13:32:10,366] {standard_task_runner.py:52} INFO - Started process 936 to run task
[2022-01-29 13:32:10,371] {standard_task_runner.py:76} INFO - Running: ['***', 'tasks', 'run', 'data_ingestion_gcs_dag', 'local_to_gcs_task', 'scheduled__2021-01-02T06:00:00+00:00', '--job-id', '584', '--raw', '--subdir', 'DAGS_FOLDER/data_ingestion_gcs_dag.py', '--cfg-path', '/tmp/tmpot1rjj3j', '--error-file', '/tmp/tmptxqrgq07']
[2022-01-29 13:32:10,372] {standard_task_runner.py:77} INFO - Job 584: Subtask local_to_gcs_task
[2022-01-29 13:32:10,437] {logging_mixin.py:109} INFO - Running <TaskInstance: data_ingestion_gcs_dag.local_to_gcs_task scheduled__2021-01-02T06:00:00+00:00 [running]> on host 9bf957887753
[2022-01-29 13:32:10,479] {warnings.py:110} WARNING - /home/***/.local/lib/python3.7/site-packages/***/utils/context.py:152: AirflowContextDeprecationWarning: Accessing 'execution_date' from the template is deprecated and will be removed in a future version. Please use 'data_interval_start' or 'logical_date' instead.
  warnings.warn(_create_deprecation_warning(key, self._deprecation_replacements[key]))

[2022-01-29 13:32:10,501] {taskinstance.py:1426} INFO - Exporting the following env vars:
AIRFLOW_CTX_DAG_OWNER=***
AIRFLOW_CTX_DAG_ID=data_ingestion_gcs_dag
AIRFLOW_CTX_TASK_ID=local_to_gcs_task
AIRFLOW_CTX_EXECUTION_DATE=2021-01-02T06:00:00+00:00
AIRFLOW_CTX_DAG_RUN_ID=scheduled__2021-01-02T06:00:00+00:00
[2022-01-29 13:32:11,529] {python.py:175} INFO - Done. Returned value was: None
[2022-01-29 13:32:11,542] {taskinstance.py:1277} INFO - Marking task as SUCCESS. dag_id=data_ingestion_gcs_dag, task_id=local_to_gcs_task, execution_date=20210102T060000, start_date=20220129T133210, end_date=20220129T133211
[2022-01-29 13:32:11,587] {local_task_job.py:154} INFO - Task exited with return code 0
[2022-01-29 13:32:11,623] {local_task_job.py:264} INFO - 1 downstream tasks scheduled from follow-on schedule check
