[2022-01-29 12:09:24,179] {taskinstance.py:1032} INFO - Dependencies all met for <TaskInstance: data_ingestion_gcs_dag_v2.format_to_parquet_task manual__2022-01-29T12:09:14.687847+00:00 [queued]>
[2022-01-29 12:09:24,190] {taskinstance.py:1032} INFO - Dependencies all met for <TaskInstance: data_ingestion_gcs_dag_v2.format_to_parquet_task manual__2022-01-29T12:09:14.687847+00:00 [queued]>
[2022-01-29 12:09:24,191] {taskinstance.py:1238} INFO - 
--------------------------------------------------------------------------------
[2022-01-29 12:09:24,191] {taskinstance.py:1239} INFO - Starting attempt 1 of 2
[2022-01-29 12:09:24,191] {taskinstance.py:1240} INFO - 
--------------------------------------------------------------------------------
[2022-01-29 12:09:24,203] {taskinstance.py:1259} INFO - Executing <Task(PythonOperator): format_to_parquet_task> on 2022-01-29 12:09:14.687847+00:00
[2022-01-29 12:09:24,210] {standard_task_runner.py:52} INFO - Started process 1921 to run task
[2022-01-29 12:09:24,216] {standard_task_runner.py:76} INFO - Running: ['***', 'tasks', 'run', 'data_ingestion_gcs_dag_v2', 'format_to_parquet_task', 'manual__2022-01-29T12:09:14.687847+00:00', '--job-id', '136', '--raw', '--subdir', 'DAGS_FOLDER/data_ingestion_gcs_dag.py', '--cfg-path', '/tmp/tmpvrbtuv9r', '--error-file', '/tmp/tmp09kzowcz']
[2022-01-29 12:09:24,218] {standard_task_runner.py:77} INFO - Job 136: Subtask format_to_parquet_task
[2022-01-29 12:09:24,331] {logging_mixin.py:109} INFO - Running <TaskInstance: data_ingestion_gcs_dag_v2.format_to_parquet_task manual__2022-01-29T12:09:14.687847+00:00 [running]> on host 85e1117cfb12
[2022-01-29 12:09:24,443] {taskinstance.py:1426} INFO - Exporting the following env vars:
AIRFLOW_CTX_DAG_OWNER=***
AIRFLOW_CTX_DAG_ID=data_ingestion_gcs_dag_v2
AIRFLOW_CTX_TASK_ID=format_to_parquet_task
AIRFLOW_CTX_EXECUTION_DATE=2022-01-29T12:09:14.687847+00:00
AIRFLOW_CTX_DAG_RUN_ID=manual__2022-01-29T12:09:14.687847+00:00
[2022-01-29 12:09:26,967] {python.py:175} INFO - Done. Returned value was: None
[2022-01-29 12:09:26,986] {taskinstance.py:1277} INFO - Marking task as SUCCESS. dag_id=data_ingestion_gcs_dag_v2, task_id=format_to_parquet_task, execution_date=20220129T120914, start_date=20220129T120924, end_date=20220129T120926
[2022-01-29 12:09:27,070] {local_task_job.py:154} INFO - Task exited with return code 0
[2022-01-29 12:09:27,128] {local_task_job.py:264} INFO - 1 downstream tasks scheduled from follow-on schedule check
