[2022-01-29 12:36:08,603] {taskinstance.py:1032} INFO - Dependencies all met for <TaskInstance: data_ingestion_gcs_dag.format_to_parquet_task scheduled__2020-05-02T06:00:00+00:00 [queued]>
[2022-01-29 12:36:08,669] {taskinstance.py:1032} INFO - Dependencies all met for <TaskInstance: data_ingestion_gcs_dag.format_to_parquet_task scheduled__2020-05-02T06:00:00+00:00 [queued]>
[2022-01-29 12:36:08,669] {taskinstance.py:1238} INFO - 
--------------------------------------------------------------------------------
[2022-01-29 12:36:08,669] {taskinstance.py:1239} INFO - Starting attempt 1 of 2
[2022-01-29 12:36:08,669] {taskinstance.py:1240} INFO - 
--------------------------------------------------------------------------------
[2022-01-29 12:36:08,735] {taskinstance.py:1259} INFO - Executing <Task(PythonOperator): format_to_parquet_task> on 2020-05-02 06:00:00+00:00
[2022-01-29 12:36:08,766] {standard_task_runner.py:52} INFO - Started process 4596 to run task
[2022-01-29 12:36:08,805] {standard_task_runner.py:76} INFO - Running: ['***', 'tasks', 'run', 'data_ingestion_gcs_dag', 'format_to_parquet_task', 'scheduled__2020-05-02T06:00:00+00:00', '--job-id', '421', '--raw', '--subdir', 'DAGS_FOLDER/data_ingestion_gcs_dag.py', '--cfg-path', '/tmp/tmp5mleykk3', '--error-file', '/tmp/tmpq__u5056']
[2022-01-29 12:36:08,807] {standard_task_runner.py:77} INFO - Job 421: Subtask format_to_parquet_task
[2022-01-29 12:36:09,097] {logging_mixin.py:109} INFO - Running <TaskInstance: data_ingestion_gcs_dag.format_to_parquet_task scheduled__2020-05-02T06:00:00+00:00 [running]> on host 85e1117cfb12
[2022-01-29 12:36:09,535] {taskinstance.py:1426} INFO - Exporting the following env vars:
AIRFLOW_CTX_DAG_OWNER=***
AIRFLOW_CTX_DAG_ID=data_ingestion_gcs_dag
AIRFLOW_CTX_TASK_ID=format_to_parquet_task
AIRFLOW_CTX_EXECUTION_DATE=2020-05-02T06:00:00+00:00
AIRFLOW_CTX_DAG_RUN_ID=scheduled__2020-05-02T06:00:00+00:00
[2022-01-29 12:36:21,773] {python.py:175} INFO - Done. Returned value was: None
[2022-01-29 12:36:21,875] {taskinstance.py:1277} INFO - Marking task as SUCCESS. dag_id=data_ingestion_gcs_dag, task_id=format_to_parquet_task, execution_date=20200502T060000, start_date=20220129T123608, end_date=20220129T123621
[2022-01-29 12:36:22,064] {local_task_job.py:154} INFO - Task exited with return code 0
[2022-01-29 12:36:22,179] {local_task_job.py:264} INFO - 1 downstream tasks scheduled from follow-on schedule check
