[2022-01-29 09:44:40,084] {taskinstance.py:1032} INFO - Dependencies all met for <TaskInstance: LocalIngestionDag.ingest manual__2022-01-29T09:44:32.903335+00:00 [queued]>
[2022-01-29 09:44:40,095] {taskinstance.py:1032} INFO - Dependencies all met for <TaskInstance: LocalIngestionDag.ingest manual__2022-01-29T09:44:32.903335+00:00 [queued]>
[2022-01-29 09:44:40,095] {taskinstance.py:1238} INFO - 
--------------------------------------------------------------------------------
[2022-01-29 09:44:40,095] {taskinstance.py:1239} INFO - Starting attempt 1 of 1
[2022-01-29 09:44:40,095] {taskinstance.py:1240} INFO - 
--------------------------------------------------------------------------------
[2022-01-29 09:44:40,107] {taskinstance.py:1259} INFO - Executing <Task(BashOperator): ingest> on 2022-01-29 09:44:32.903335+00:00
[2022-01-29 09:44:40,111] {standard_task_runner.py:52} INFO - Started process 2119 to run task
[2022-01-29 09:44:40,116] {standard_task_runner.py:76} INFO - Running: ['***', 'tasks', 'run', 'LocalIngestionDag', 'ingest', 'manual__2022-01-29T09:44:32.903335+00:00', '--job-id', '79', '--raw', '--subdir', 'DAGS_FOLDER/data_ingestion_local.py', '--cfg-path', '/tmp/tmpqjmtlx58', '--error-file', '/tmp/tmpfstx6fj0']
[2022-01-29 09:44:40,117] {standard_task_runner.py:77} INFO - Job 79: Subtask ingest
[2022-01-29 09:44:40,182] {logging_mixin.py:109} INFO - Running <TaskInstance: LocalIngestionDag.ingest manual__2022-01-29T09:44:32.903335+00:00 [running]> on host 68102482cc2e
[2022-01-29 09:44:40,249] {taskinstance.py:1426} INFO - Exporting the following env vars:
AIRFLOW_CTX_DAG_OWNER=***
AIRFLOW_CTX_DAG_ID=LocalIngestionDag
AIRFLOW_CTX_TASK_ID=ingest
AIRFLOW_CTX_EXECUTION_DATE=2022-01-29T09:44:32.903335+00:00
AIRFLOW_CTX_DAG_RUN_ID=manual__2022-01-29T09:44:32.903335+00:00
[2022-01-29 09:44:40,250] {subprocess.py:62} INFO - Tmp dir root location: 
 /tmp
[2022-01-29 09:44:40,251] {subprocess.py:74} INFO - Running command: ['bash', '-c', 'ls /opt/***']
[2022-01-29 09:44:40,262] {subprocess.py:85} INFO - Output:
[2022-01-29 09:44:40,269] {subprocess.py:89} INFO - ***-worker.pid
[2022-01-29 09:44:40,269] {subprocess.py:89} INFO - ***.cfg
[2022-01-29 09:44:40,269] {subprocess.py:89} INFO - dags
[2022-01-29 09:44:40,269] {subprocess.py:89} INFO - logs
[2022-01-29 09:44:40,270] {subprocess.py:89} INFO - output.csv
[2022-01-29 09:44:40,270] {subprocess.py:89} INFO - plugins
[2022-01-29 09:44:40,270] {subprocess.py:89} INFO - requirements.txt
[2022-01-29 09:44:40,270] {subprocess.py:89} INFO - webserver_config.py
[2022-01-29 09:44:40,270] {subprocess.py:93} INFO - Command exited with return code 0
[2022-01-29 09:44:40,305] {taskinstance.py:1277} INFO - Marking task as SUCCESS. dag_id=LocalIngestionDag, task_id=ingest, execution_date=20220129T094432, start_date=20220129T094440, end_date=20220129T094440
[2022-01-29 09:44:40,332] {local_task_job.py:154} INFO - Task exited with return code 0
[2022-01-29 09:44:40,374] {local_task_job.py:264} INFO - 0 downstream tasks scheduled from follow-on schedule check
