[2022-01-30 01:33:11,180] {taskinstance.py:1032} INFO - Dependencies all met for <TaskInstance: data_ingestion_gcs_dag_fhv_2.bigquery_external_table_task scheduled__2019-11-02T06:00:00+00:00 [queued]>
[2022-01-30 01:33:12,600] {taskinstance.py:1032} INFO - Dependencies all met for <TaskInstance: data_ingestion_gcs_dag_fhv_2.bigquery_external_table_task scheduled__2019-11-02T06:00:00+00:00 [queued]>
[2022-01-30 01:33:12,607] {taskinstance.py:1238} INFO - 
--------------------------------------------------------------------------------
[2022-01-30 01:33:12,607] {taskinstance.py:1239} INFO - Starting attempt 1 of 1
[2022-01-30 01:33:12,607] {taskinstance.py:1240} INFO - 
--------------------------------------------------------------------------------
[2022-01-30 01:33:15,946] {taskinstance.py:1259} INFO - Executing <Task(BigQueryUpsertTableOperator): bigquery_external_table_task> on 2019-11-02 06:00:00+00:00
[2022-01-30 01:33:15,989] {standard_task_runner.py:52} INFO - Started process 837 to run task
[2022-01-30 01:33:16,018] {standard_task_runner.py:76} INFO - Running: ['***', 'tasks', 'run', 'data_ingestion_gcs_dag_fhv_2', 'bigquery_external_table_task', 'scheduled__2019-11-02T06:00:00+00:00', '--job-id', '79', '--raw', '--subdir', 'DAGS_FOLDER/data_ingestion_gcs_dag_2_fhv.py', '--cfg-path', '/tmp/tmpuj7z2bqj', '--error-file', '/tmp/tmpnvcf4f85']
[2022-01-30 01:33:16,023] {standard_task_runner.py:77} INFO - Job 79: Subtask bigquery_external_table_task
[2022-01-30 01:33:21,097] {logging_mixin.py:109} INFO - Running <TaskInstance: data_ingestion_gcs_dag_fhv_2.bigquery_external_table_task scheduled__2019-11-02T06:00:00+00:00 [running]> on host 04ca2676bdcc
[2022-01-30 01:33:27,863] {warnings.py:110} WARNING - /home/***/.local/lib/python3.7/site-packages/***/utils/context.py:152: AirflowContextDeprecationWarning: Accessing 'execution_date' from the template is deprecated and will be removed in a future version. Please use 'data_interval_start' or 'logical_date' instead.
  warnings.warn(_create_deprecation_warning(key, self._deprecation_replacements[key]))

[2022-01-30 01:33:30,461] {taskinstance.py:1426} INFO - Exporting the following env vars:
AIRFLOW_CTX_DAG_OWNER=***
AIRFLOW_CTX_DAG_ID=data_ingestion_gcs_dag_fhv_2
AIRFLOW_CTX_TASK_ID=bigquery_external_table_task
AIRFLOW_CTX_EXECUTION_DATE=2019-11-02T06:00:00+00:00
AIRFLOW_CTX_DAG_RUN_ID=scheduled__2019-11-02T06:00:00+00:00
[2022-01-30 01:33:31,763] {bigquery.py:2016} INFO - Upserting Dataset: trips_data_all with table_resource: {'tableReference': {'projectId': 'datacamp-338713', 'datasetId': 'trips_data_all', 'tableId': 'external_table'}, 'externalDataConfiguration': {'sourceFormat': 'PARQUET', 'sourceUris': ['gs://dtc_data_lake_datacamp-338713/raw/fhv_tripdata_2019-11.parquet']}}
[2022-01-30 01:33:31,764] {warnings.py:110} WARNING - /home/***/.local/lib/python3.7/site-packages/***/providers/google/cloud/operators/bigquery.py:2021: DeprecationWarning: The bigquery_conn_id parameter has been deprecated. You should pass the gcp_conn_id parameter.
  impersonation_chain=self.impersonation_chain,

[2022-01-30 01:33:31,765] {crypto.py:82} WARNING - empty cryptography key - values will not be stored encrypted.
[2022-01-30 01:33:31,776] {bigquery.py:496} INFO - Start getting tables list from dataset: datacamp-338713.trips_data_all
[2022-01-30 01:33:31,949] {bigquery.py:1225} INFO - Table datacamp-338713:trips_data_all.external_table exists, updating.
[2022-01-30 01:33:31,949] {bigquery.py:749} INFO - Updating table: {'projectId': 'datacamp-338713', 'datasetId': 'trips_data_all', 'tableId': 'external_table'}
[2022-01-30 01:33:43,893] {bigquery.py:751} INFO - Table datacamp-338713.None.None updated successfully
[2022-01-30 01:33:45,268] {taskinstance.py:1277} INFO - Marking task as SUCCESS. dag_id=data_ingestion_gcs_dag_fhv_2, task_id=bigquery_external_table_task, execution_date=20191102T060000, start_date=20220130T013312, end_date=20220130T013345
[2022-01-30 01:33:46,937] {local_task_job.py:154} INFO - Task exited with return code 0
