[2022-01-29 12:26:46,654] {taskinstance.py:1032} INFO - Dependencies all met for <TaskInstance: data_ingestion_gcs_dag.format_to_parquet_task scheduled__2019-01-21T00:00:00+00:00 [queued]>
[2022-01-29 12:26:46,700] {taskinstance.py:1032} INFO - Dependencies all met for <TaskInstance: data_ingestion_gcs_dag.format_to_parquet_task scheduled__2019-01-21T00:00:00+00:00 [queued]>
[2022-01-29 12:26:46,700] {taskinstance.py:1238} INFO - 
--------------------------------------------------------------------------------
[2022-01-29 12:26:46,701] {taskinstance.py:1239} INFO - Starting attempt 1 of 2
[2022-01-29 12:26:46,701] {taskinstance.py:1240} INFO - 
--------------------------------------------------------------------------------
[2022-01-29 12:26:46,761] {taskinstance.py:1259} INFO - Executing <Task(PythonOperator): format_to_parquet_task> on 2019-01-21 00:00:00+00:00
[2022-01-29 12:26:46,781] {standard_task_runner.py:52} INFO - Started process 3257 to run task
[2022-01-29 12:26:46,877] {standard_task_runner.py:76} INFO - Running: ['***', 'tasks', 'run', 'data_ingestion_gcs_dag', 'format_to_parquet_task', 'scheduled__2019-01-21T00:00:00+00:00', '--job-id', '239', '--raw', '--subdir', 'DAGS_FOLDER/data_ingestion_gcs_dag.py', '--cfg-path', '/tmp/tmp4170nuz5', '--error-file', '/tmp/tmp87sisaf1']
[2022-01-29 12:26:46,879] {standard_task_runner.py:77} INFO - Job 239: Subtask format_to_parquet_task
[2022-01-29 12:26:47,421] {logging_mixin.py:109} INFO - Running <TaskInstance: data_ingestion_gcs_dag.format_to_parquet_task scheduled__2019-01-21T00:00:00+00:00 [running]> on host 85e1117cfb12
[2022-01-29 12:26:47,681] {taskinstance.py:1426} INFO - Exporting the following env vars:
AIRFLOW_CTX_DAG_OWNER=***
AIRFLOW_CTX_DAG_ID=data_ingestion_gcs_dag
AIRFLOW_CTX_TASK_ID=format_to_parquet_task
AIRFLOW_CTX_EXECUTION_DATE=2019-01-21T00:00:00+00:00
AIRFLOW_CTX_DAG_RUN_ID=scheduled__2019-01-21T00:00:00+00:00
[2022-01-29 12:27:06,169] {python.py:175} INFO - Done. Returned value was: None
[2022-01-29 12:27:06,194] {taskinstance.py:1277} INFO - Marking task as SUCCESS. dag_id=data_ingestion_gcs_dag, task_id=format_to_parquet_task, execution_date=20190121T000000, start_date=20220129T122646, end_date=20220129T122706
[2022-01-29 12:27:06,699] {local_task_job.py:154} INFO - Task exited with return code 0
[2022-01-29 12:27:06,846] {local_task_job.py:264} INFO - 1 downstream tasks scheduled from follow-on schedule check
