[2022-01-30 01:25:44,810] {taskinstance.py:1032} INFO - Dependencies all met for <TaskInstance: data_ingestion_gcs_zones.download_dataset_task scheduled__2022-01-29T00:00:00+00:00 [queued]>
[2022-01-30 01:25:44,821] {taskinstance.py:1032} INFO - Dependencies all met for <TaskInstance: data_ingestion_gcs_zones.download_dataset_task scheduled__2022-01-29T00:00:00+00:00 [queued]>
[2022-01-30 01:25:44,821] {taskinstance.py:1238} INFO - 
--------------------------------------------------------------------------------
[2022-01-30 01:25:44,821] {taskinstance.py:1239} INFO - Starting attempt 1 of 2
[2022-01-30 01:25:44,821] {taskinstance.py:1240} INFO - 
--------------------------------------------------------------------------------
[2022-01-30 01:25:44,833] {taskinstance.py:1259} INFO - Executing <Task(BashOperator): download_dataset_task> on 2022-01-29 00:00:00+00:00
[2022-01-30 01:25:44,840] {standard_task_runner.py:52} INFO - Started process 224 to run task
[2022-01-30 01:25:44,846] {standard_task_runner.py:76} INFO - Running: ['***', 'tasks', 'run', 'data_ingestion_gcs_zones', 'download_dataset_task', 'scheduled__2022-01-29T00:00:00+00:00', '--job-id', '19', '--raw', '--subdir', 'DAGS_FOLDER/data_ingestion_gcs_zones.py', '--cfg-path', '/tmp/tmppjug5k1_', '--error-file', '/tmp/tmpjsi9pc8h']
[2022-01-30 01:25:44,847] {standard_task_runner.py:77} INFO - Job 19: Subtask download_dataset_task
[2022-01-30 01:25:44,914] {logging_mixin.py:109} INFO - Running <TaskInstance: data_ingestion_gcs_zones.download_dataset_task scheduled__2022-01-29T00:00:00+00:00 [running]> on host 04ca2676bdcc
[2022-01-30 01:25:44,977] {taskinstance.py:1426} INFO - Exporting the following env vars:
AIRFLOW_CTX_DAG_OWNER=***
AIRFLOW_CTX_DAG_ID=data_ingestion_gcs_zones
AIRFLOW_CTX_TASK_ID=download_dataset_task
AIRFLOW_CTX_EXECUTION_DATE=2022-01-29T00:00:00+00:00
AIRFLOW_CTX_DAG_RUN_ID=scheduled__2022-01-29T00:00:00+00:00
[2022-01-30 01:25:44,978] {subprocess.py:62} INFO - Tmp dir root location: 
 /tmp
[2022-01-30 01:25:44,979] {subprocess.py:74} INFO - Running command: ['bash', '-c', 'curl -sSLf https://s3.amazonaws.com/nyc-tlc/misc/taxi+_zone_lookup.csv > /opt/***/taxi+_zone_lookup.csv']
[2022-01-30 01:25:44,996] {subprocess.py:85} INFO - Output:
[2022-01-30 01:25:45,428] {subprocess.py:93} INFO - Command exited with return code 0
[2022-01-30 01:25:45,460] {taskinstance.py:1277} INFO - Marking task as SUCCESS. dag_id=data_ingestion_gcs_zones, task_id=download_dataset_task, execution_date=20220129T000000, start_date=20220130T012544, end_date=20220130T012545
[2022-01-30 01:25:45,499] {local_task_job.py:154} INFO - Task exited with return code 0
[2022-01-30 01:25:45,545] {local_task_job.py:264} INFO - 1 downstream tasks scheduled from follow-on schedule check
