[2022-01-29 12:36:50,446] {taskinstance.py:1032} INFO - Dependencies all met for <TaskInstance: data_ingestion_gcs_dag.download_dataset_task scheduled__2021-06-02T06:00:00+00:00 [queued]>
[2022-01-29 12:36:50,479] {taskinstance.py:1032} INFO - Dependencies all met for <TaskInstance: data_ingestion_gcs_dag.download_dataset_task scheduled__2021-06-02T06:00:00+00:00 [queued]>
[2022-01-29 12:36:50,479] {taskinstance.py:1238} INFO - 
--------------------------------------------------------------------------------
[2022-01-29 12:36:50,479] {taskinstance.py:1239} INFO - Starting attempt 1 of 2
[2022-01-29 12:36:50,479] {taskinstance.py:1240} INFO - 
--------------------------------------------------------------------------------
[2022-01-29 12:36:50,515] {taskinstance.py:1259} INFO - Executing <Task(BashOperator): download_dataset_task> on 2021-06-02 06:00:00+00:00
[2022-01-29 12:36:50,537] {standard_task_runner.py:52} INFO - Started process 4794 to run task
[2022-01-29 12:36:50,553] {standard_task_runner.py:76} INFO - Running: ['***', 'tasks', 'run', 'data_ingestion_gcs_dag', 'download_dataset_task', 'scheduled__2021-06-02T06:00:00+00:00', '--job-id', '456', '--raw', '--subdir', 'DAGS_FOLDER/data_ingestion_gcs_dag.py', '--cfg-path', '/tmp/tmp_6vnlvyt', '--error-file', '/tmp/tmpypbavp_x']
[2022-01-29 12:36:50,555] {standard_task_runner.py:77} INFO - Job 456: Subtask download_dataset_task
[2022-01-29 12:36:50,769] {logging_mixin.py:109} INFO - Running <TaskInstance: data_ingestion_gcs_dag.download_dataset_task scheduled__2021-06-02T06:00:00+00:00 [running]> on host 85e1117cfb12
[2022-01-29 12:36:50,971] {taskinstance.py:1426} INFO - Exporting the following env vars:
AIRFLOW_CTX_DAG_OWNER=***
AIRFLOW_CTX_DAG_ID=data_ingestion_gcs_dag
AIRFLOW_CTX_TASK_ID=download_dataset_task
AIRFLOW_CTX_EXECUTION_DATE=2021-06-02T06:00:00+00:00
AIRFLOW_CTX_DAG_RUN_ID=scheduled__2021-06-02T06:00:00+00:00
[2022-01-29 12:36:50,973] {subprocess.py:62} INFO - Tmp dir root location: 
 /tmp
[2022-01-29 12:36:50,973] {subprocess.py:74} INFO - Running command: ['bash', '-c', 'curl -sS https://s3.amazonaws.com/nyc-tlc/trip+data/yellow_tripdata_2021-01.csv > /opt/***/yellow_tripdata_2021-01.csv']
[2022-01-29 12:36:51,010] {subprocess.py:85} INFO - Output:
[2022-01-29 12:36:55,423] {subprocess.py:93} INFO - Command exited with return code 0
[2022-01-29 12:36:55,551] {taskinstance.py:1277} INFO - Marking task as SUCCESS. dag_id=data_ingestion_gcs_dag, task_id=download_dataset_task, execution_date=20210602T060000, start_date=20220129T123650, end_date=20220129T123655
[2022-01-29 12:36:55,686] {local_task_job.py:154} INFO - Task exited with return code 0
[2022-01-29 12:36:55,933] {local_task_job.py:264} INFO - 1 downstream tasks scheduled from follow-on schedule check
[2022-01-29 13:23:00,541] {taskinstance.py:1032} INFO - Dependencies all met for <TaskInstance: data_ingestion_gcs_dag.download_dataset_task scheduled__2021-06-02T06:00:00+00:00 [queued]>
[2022-01-29 13:23:00,598] {taskinstance.py:1032} INFO - Dependencies all met for <TaskInstance: data_ingestion_gcs_dag.download_dataset_task scheduled__2021-06-02T06:00:00+00:00 [queued]>
[2022-01-29 13:23:00,599] {taskinstance.py:1238} INFO - 
--------------------------------------------------------------------------------
[2022-01-29 13:23:00,599] {taskinstance.py:1239} INFO - Starting attempt 1 of 1
[2022-01-29 13:23:00,599] {taskinstance.py:1240} INFO - 
--------------------------------------------------------------------------------
[2022-01-29 13:23:00,646] {taskinstance.py:1259} INFO - Executing <Task(BashOperator): download_dataset_task> on 2021-06-02 06:00:00+00:00
[2022-01-29 13:23:00,655] {standard_task_runner.py:52} INFO - Started process 348 to run task
[2022-01-29 13:23:00,682] {standard_task_runner.py:76} INFO - Running: ['***', 'tasks', 'run', 'data_ingestion_gcs_dag', 'download_dataset_task', 'scheduled__2021-06-02T06:00:00+00:00', '--job-id', '544', '--raw', '--subdir', 'DAGS_FOLDER/data_ingestion_gcs_dag.py', '--cfg-path', '/tmp/tmp8xjqq56n', '--error-file', '/tmp/tmpv4rz7o67']
[2022-01-29 13:23:00,684] {standard_task_runner.py:77} INFO - Job 544: Subtask download_dataset_task
[2022-01-29 13:23:00,844] {logging_mixin.py:109} INFO - Running <TaskInstance: data_ingestion_gcs_dag.download_dataset_task scheduled__2021-06-02T06:00:00+00:00 [running]> on host 9bf957887753
[2022-01-29 13:23:00,979] {warnings.py:110} WARNING - /home/***/.local/lib/python3.7/site-packages/***/utils/context.py:152: AirflowContextDeprecationWarning: Accessing 'execution_date' from the template is deprecated and will be removed in a future version. Please use 'data_interval_start' or 'logical_date' instead.
  warnings.warn(_create_deprecation_warning(key, self._deprecation_replacements[key]))

[2022-01-29 13:23:01,051] {taskinstance.py:1426} INFO - Exporting the following env vars:
AIRFLOW_CTX_DAG_OWNER=***
AIRFLOW_CTX_DAG_ID=data_ingestion_gcs_dag
AIRFLOW_CTX_TASK_ID=download_dataset_task
AIRFLOW_CTX_EXECUTION_DATE=2021-06-02T06:00:00+00:00
AIRFLOW_CTX_DAG_RUN_ID=scheduled__2021-06-02T06:00:00+00:00
[2022-01-29 13:23:01,053] {subprocess.py:62} INFO - Tmp dir root location: 
 /tmp
[2022-01-29 13:23:01,053] {subprocess.py:74} INFO - Running command: ['bash', '-c', 'curl -sS https://s3.amazonaws.com/nyc-tlc/trip+data/yellow_tripdata_2021-06.csv > /opt/***/yellow_tripdata_2021-06.csv']
[2022-01-29 13:23:01,105] {subprocess.py:85} INFO - Output:
[2022-01-29 13:23:09,769] {subprocess.py:93} INFO - Command exited with return code 0
[2022-01-29 13:23:09,836] {taskinstance.py:1277} INFO - Marking task as SUCCESS. dag_id=data_ingestion_gcs_dag, task_id=download_dataset_task, execution_date=20210602T060000, start_date=20220129T132300, end_date=20220129T132309
[2022-01-29 13:23:09,937] {local_task_job.py:154} INFO - Task exited with return code 0
[2022-01-29 13:23:10,023] {local_task_job.py:264} INFO - 1 downstream tasks scheduled from follow-on schedule check
