[2022-01-29 12:13:34,355] {taskinstance.py:1032} INFO - Dependencies all met for <TaskInstance: data_ingestion_gcs_dag_v2.bigquery_external_table_task manual__2022-01-29T12:13:18.913131+00:00 [queued]>
[2022-01-29 12:13:34,375] {taskinstance.py:1032} INFO - Dependencies all met for <TaskInstance: data_ingestion_gcs_dag_v2.bigquery_external_table_task manual__2022-01-29T12:13:18.913131+00:00 [queued]>
[2022-01-29 12:13:34,375] {taskinstance.py:1238} INFO - 
--------------------------------------------------------------------------------
[2022-01-29 12:13:34,376] {taskinstance.py:1239} INFO - Starting attempt 1 of 2
[2022-01-29 12:13:34,376] {taskinstance.py:1240} INFO - 
--------------------------------------------------------------------------------
[2022-01-29 12:13:34,391] {taskinstance.py:1259} INFO - Executing <Task(BigQueryCreateExternalTableOperator): bigquery_external_table_task> on 2022-01-29 12:13:18.913131+00:00
[2022-01-29 12:13:34,398] {standard_task_runner.py:52} INFO - Started process 2126 to run task
[2022-01-29 12:13:34,406] {standard_task_runner.py:76} INFO - Running: ['***', 'tasks', 'run', 'data_ingestion_gcs_dag_v2', 'bigquery_external_table_task', 'manual__2022-01-29T12:13:18.913131+00:00', '--job-id', '142', '--raw', '--subdir', 'DAGS_FOLDER/data_ingestion_gcs_dag.py', '--cfg-path', '/tmp/tmp6srhcos8', '--error-file', '/tmp/tmp5_z94e5v']
[2022-01-29 12:13:34,407] {standard_task_runner.py:77} INFO - Job 142: Subtask bigquery_external_table_task
[2022-01-29 12:13:34,479] {logging_mixin.py:109} INFO - Running <TaskInstance: data_ingestion_gcs_dag_v2.bigquery_external_table_task manual__2022-01-29T12:13:18.913131+00:00 [running]> on host 85e1117cfb12
[2022-01-29 12:13:34,545] {taskinstance.py:1426} INFO - Exporting the following env vars:
AIRFLOW_CTX_DAG_OWNER=***
AIRFLOW_CTX_DAG_ID=data_ingestion_gcs_dag_v2
AIRFLOW_CTX_TASK_ID=bigquery_external_table_task
AIRFLOW_CTX_EXECUTION_DATE=2022-01-29T12:13:18.913131+00:00
AIRFLOW_CTX_DAG_RUN_ID=manual__2022-01-29T12:13:18.913131+00:00
[2022-01-29 12:13:34,547] {crypto.py:82} WARNING - empty cryptography key - values will not be stored encrypted.
[2022-01-29 12:13:35,130] {taskinstance.py:1277} INFO - Marking task as SUCCESS. dag_id=data_ingestion_gcs_dag_v2, task_id=bigquery_external_table_task, execution_date=20220129T121318, start_date=20220129T121334, end_date=20220129T121335
[2022-01-29 12:13:35,182] {local_task_job.py:154} INFO - Task exited with return code 0
[2022-01-29 12:13:35,222] {local_task_job.py:264} INFO - 0 downstream tasks scheduled from follow-on schedule check
