[2022-01-30 01:33:30,470] {taskinstance.py:1032} INFO - Dependencies all met for <TaskInstance: data_ingestion_gcs_dag_fhv_2.local_to_gcs_task scheduled__2019-12-02T06:00:00+00:00 [queued]>
[2022-01-30 01:33:31,816] {taskinstance.py:1032} INFO - Dependencies all met for <TaskInstance: data_ingestion_gcs_dag_fhv_2.local_to_gcs_task scheduled__2019-12-02T06:00:00+00:00 [queued]>
[2022-01-30 01:33:31,816] {taskinstance.py:1238} INFO - 
--------------------------------------------------------------------------------
[2022-01-30 01:33:31,816] {taskinstance.py:1239} INFO - Starting attempt 1 of 1
[2022-01-30 01:33:31,816] {taskinstance.py:1240} INFO - 
--------------------------------------------------------------------------------
[2022-01-30 01:33:34,904] {taskinstance.py:1259} INFO - Executing <Task(PythonOperator): local_to_gcs_task> on 2019-12-02 06:00:00+00:00
[2022-01-30 01:33:35,243] {standard_task_runner.py:52} INFO - Started process 862 to run task
[2022-01-30 01:33:35,263] {standard_task_runner.py:76} INFO - Running: ['***', 'tasks', 'run', 'data_ingestion_gcs_dag_fhv_2', 'local_to_gcs_task', 'scheduled__2019-12-02T06:00:00+00:00', '--job-id', '83', '--raw', '--subdir', 'DAGS_FOLDER/data_ingestion_gcs_dag_2_fhv.py', '--cfg-path', '/tmp/tmplock8gl9', '--error-file', '/tmp/tmpvdusry1y']
[2022-01-30 01:33:35,264] {standard_task_runner.py:77} INFO - Job 83: Subtask local_to_gcs_task
[2022-01-30 01:33:38,817] {logging_mixin.py:109} INFO - Running <TaskInstance: data_ingestion_gcs_dag_fhv_2.local_to_gcs_task scheduled__2019-12-02T06:00:00+00:00 [running]> on host 04ca2676bdcc
[2022-01-30 01:33:39,327] {warnings.py:110} WARNING - /home/***/.local/lib/python3.7/site-packages/***/utils/context.py:152: AirflowContextDeprecationWarning: Accessing 'execution_date' from the template is deprecated and will be removed in a future version. Please use 'data_interval_start' or 'logical_date' instead.
  warnings.warn(_create_deprecation_warning(key, self._deprecation_replacements[key]))

[2022-01-30 01:33:44,861] {taskinstance.py:1426} INFO - Exporting the following env vars:
AIRFLOW_CTX_DAG_OWNER=***
AIRFLOW_CTX_DAG_ID=data_ingestion_gcs_dag_fhv_2
AIRFLOW_CTX_TASK_ID=local_to_gcs_task
AIRFLOW_CTX_EXECUTION_DATE=2019-12-02T06:00:00+00:00
AIRFLOW_CTX_DAG_RUN_ID=scheduled__2019-12-02T06:00:00+00:00
