[2022-01-27 12:53:33,077] {processor.py:163} INFO - Started process (PID=40) to work on /opt/airflow/dags/data_ingestion_localDB_dag.py
[2022-01-27 12:53:33,085] {processor.py:642} INFO - Processing file /opt/airflow/dags/data_ingestion_localDB_dag.py for tasks to queue
[2022-01-27 12:53:33,086] {logging_mixin.py:109} INFO - [2022-01-27 12:53:33,086] {dagbag.py:500} INFO - Filling up the DagBag from /opt/airflow/dags/data_ingestion_localDB_dag.py
[2022-01-27 12:53:33,190] {processor.py:654} INFO - DAG(s) dict_keys(['data_ingestion_localDB_dag']) retrieved from /opt/airflow/dags/data_ingestion_localDB_dag.py
[2022-01-27 12:53:44,010] {logging_mixin.py:109} INFO - [2022-01-27 12:53:44,010] {manager.py:496} INFO - Created Permission View: can edit on DAG:data_ingestion_localDB_dag
[2022-01-27 12:53:44,038] {logging_mixin.py:109} INFO - [2022-01-27 12:53:44,038] {manager.py:496} INFO - Created Permission View: can read on DAG:data_ingestion_localDB_dag
[2022-01-27 12:53:44,038] {logging_mixin.py:109} INFO - [2022-01-27 12:53:44,038] {dag.py:2396} INFO - Sync 1 DAGs
[2022-01-27 12:53:44,059] {logging_mixin.py:109} INFO - [2022-01-27 12:53:44,059] {dag.py:2415} INFO - Creating ORM DAG for data_ingestion_localDB_dag
[2022-01-27 12:53:44,086] {logging_mixin.py:109} INFO - [2022-01-27 12:53:44,086] {dag.py:2935} INFO - Setting next_dagrun for data_ingestion_localDB_dag to 2022-01-26T00:00:00+00:00
[2022-01-27 12:53:44,114] {processor.py:171} INFO - Processing /opt/airflow/dags/data_ingestion_localDB_dag.py took 11.043 seconds
[2022-01-27 12:54:14,295] {processor.py:163} INFO - Started process (PID=79) to work on /opt/airflow/dags/data_ingestion_localDB_dag.py
[2022-01-27 12:54:14,305] {processor.py:642} INFO - Processing file /opt/airflow/dags/data_ingestion_localDB_dag.py for tasks to queue
[2022-01-27 12:54:14,306] {logging_mixin.py:109} INFO - [2022-01-27 12:54:14,306] {dagbag.py:500} INFO - Filling up the DagBag from /opt/airflow/dags/data_ingestion_localDB_dag.py
[2022-01-27 12:54:14,342] {processor.py:654} INFO - DAG(s) dict_keys(['data_ingestion_localDB_dag']) retrieved from /opt/airflow/dags/data_ingestion_localDB_dag.py
[2022-01-27 12:54:14,352] {logging_mixin.py:109} INFO - [2022-01-27 12:54:14,352] {dag.py:2396} INFO - Sync 1 DAGs
[2022-01-27 12:54:14,373] {logging_mixin.py:109} INFO - [2022-01-27 12:54:14,372] {dag.py:2935} INFO - Setting next_dagrun for data_ingestion_localDB_dag to 2022-01-26T00:00:00+00:00
[2022-01-27 12:54:14,383] {processor.py:171} INFO - Processing /opt/airflow/dags/data_ingestion_localDB_dag.py took 0.092 seconds
[2022-01-27 12:54:44,478] {processor.py:163} INFO - Started process (PID=104) to work on /opt/airflow/dags/data_ingestion_localDB_dag.py
[2022-01-27 12:54:44,480] {processor.py:642} INFO - Processing file /opt/airflow/dags/data_ingestion_localDB_dag.py for tasks to queue
[2022-01-27 12:54:44,480] {logging_mixin.py:109} INFO - [2022-01-27 12:54:44,480] {dagbag.py:500} INFO - Filling up the DagBag from /opt/airflow/dags/data_ingestion_localDB_dag.py
[2022-01-27 12:54:44,515] {processor.py:654} INFO - DAG(s) dict_keys(['data_ingestion_localDB_dag']) retrieved from /opt/airflow/dags/data_ingestion_localDB_dag.py
[2022-01-27 12:54:44,525] {logging_mixin.py:109} INFO - [2022-01-27 12:54:44,525] {dag.py:2396} INFO - Sync 1 DAGs
[2022-01-27 12:54:44,544] {logging_mixin.py:109} INFO - [2022-01-27 12:54:44,544] {dag.py:2935} INFO - Setting next_dagrun for data_ingestion_localDB_dag to 2022-01-26T00:00:00+00:00
[2022-01-27 12:54:44,554] {processor.py:171} INFO - Processing /opt/airflow/dags/data_ingestion_localDB_dag.py took 0.080 seconds
[2022-01-27 12:55:14,594] {processor.py:163} INFO - Started process (PID=139) to work on /opt/airflow/dags/data_ingestion_localDB_dag.py
[2022-01-27 12:55:14,597] {processor.py:642} INFO - Processing file /opt/airflow/dags/data_ingestion_localDB_dag.py for tasks to queue
[2022-01-27 12:55:14,598] {logging_mixin.py:109} INFO - [2022-01-27 12:55:14,598] {dagbag.py:500} INFO - Filling up the DagBag from /opt/airflow/dags/data_ingestion_localDB_dag.py
[2022-01-27 12:55:14,636] {processor.py:654} INFO - DAG(s) dict_keys(['data_ingestion_localDB_dag']) retrieved from /opt/airflow/dags/data_ingestion_localDB_dag.py
[2022-01-27 12:55:14,647] {logging_mixin.py:109} INFO - [2022-01-27 12:55:14,647] {dag.py:2396} INFO - Sync 1 DAGs
[2022-01-27 12:55:14,665] {logging_mixin.py:109} INFO - [2022-01-27 12:55:14,665] {dag.py:2935} INFO - Setting next_dagrun for data_ingestion_localDB_dag to 2022-01-26T00:00:00+00:00
[2022-01-27 12:55:14,675] {processor.py:171} INFO - Processing /opt/airflow/dags/data_ingestion_localDB_dag.py took 0.087 seconds
[2022-01-27 12:55:44,772] {processor.py:163} INFO - Started process (PID=164) to work on /opt/airflow/dags/data_ingestion_localDB_dag.py
[2022-01-27 12:55:44,774] {processor.py:642} INFO - Processing file /opt/airflow/dags/data_ingestion_localDB_dag.py for tasks to queue
[2022-01-27 12:55:44,774] {logging_mixin.py:109} INFO - [2022-01-27 12:55:44,774] {dagbag.py:500} INFO - Filling up the DagBag from /opt/airflow/dags/data_ingestion_localDB_dag.py
[2022-01-27 12:55:44,809] {processor.py:654} INFO - DAG(s) dict_keys(['data_ingestion_localDB_dag']) retrieved from /opt/airflow/dags/data_ingestion_localDB_dag.py
[2022-01-27 12:55:44,819] {logging_mixin.py:109} INFO - [2022-01-27 12:55:44,819] {dag.py:2396} INFO - Sync 1 DAGs
[2022-01-27 12:55:44,838] {logging_mixin.py:109} INFO - [2022-01-27 12:55:44,838] {dag.py:2935} INFO - Setting next_dagrun for data_ingestion_localDB_dag to 2022-01-26T00:00:00+00:00
[2022-01-27 12:55:44,848] {processor.py:171} INFO - Processing /opt/airflow/dags/data_ingestion_localDB_dag.py took 0.080 seconds
[2022-01-27 12:56:14,917] {processor.py:163} INFO - Started process (PID=199) to work on /opt/airflow/dags/data_ingestion_localDB_dag.py
[2022-01-27 12:56:14,919] {processor.py:642} INFO - Processing file /opt/airflow/dags/data_ingestion_localDB_dag.py for tasks to queue
[2022-01-27 12:56:14,919] {logging_mixin.py:109} INFO - [2022-01-27 12:56:14,919] {dagbag.py:500} INFO - Filling up the DagBag from /opt/airflow/dags/data_ingestion_localDB_dag.py
[2022-01-27 12:56:14,953] {processor.py:654} INFO - DAG(s) dict_keys(['data_ingestion_localDB_dag']) retrieved from /opt/airflow/dags/data_ingestion_localDB_dag.py
[2022-01-27 12:56:14,962] {logging_mixin.py:109} INFO - [2022-01-27 12:56:14,962] {dag.py:2396} INFO - Sync 1 DAGs
[2022-01-27 12:56:14,981] {logging_mixin.py:109} INFO - [2022-01-27 12:56:14,981] {dag.py:2935} INFO - Setting next_dagrun for data_ingestion_localDB_dag to 2022-01-26T00:00:00+00:00
[2022-01-27 12:56:14,990] {processor.py:171} INFO - Processing /opt/airflow/dags/data_ingestion_localDB_dag.py took 0.078 seconds
[2022-01-27 12:56:45,114] {processor.py:163} INFO - Started process (PID=224) to work on /opt/airflow/dags/data_ingestion_localDB_dag.py
[2022-01-27 12:56:45,115] {processor.py:642} INFO - Processing file /opt/airflow/dags/data_ingestion_localDB_dag.py for tasks to queue
[2022-01-27 12:56:45,116] {logging_mixin.py:109} INFO - [2022-01-27 12:56:45,116] {dagbag.py:500} INFO - Filling up the DagBag from /opt/airflow/dags/data_ingestion_localDB_dag.py
[2022-01-27 12:56:45,150] {processor.py:654} INFO - DAG(s) dict_keys(['data_ingestion_localDB_dag']) retrieved from /opt/airflow/dags/data_ingestion_localDB_dag.py
[2022-01-27 12:56:45,161] {logging_mixin.py:109} INFO - [2022-01-27 12:56:45,161] {dag.py:2396} INFO - Sync 1 DAGs
[2022-01-27 12:56:45,183] {logging_mixin.py:109} INFO - [2022-01-27 12:56:45,183] {dag.py:2935} INFO - Setting next_dagrun for data_ingestion_localDB_dag to 2022-01-26T00:00:00+00:00
[2022-01-27 12:56:45,194] {processor.py:171} INFO - Processing /opt/airflow/dags/data_ingestion_localDB_dag.py took 0.085 seconds
[2022-01-27 12:57:15,292] {processor.py:163} INFO - Started process (PID=260) to work on /opt/airflow/dags/data_ingestion_localDB_dag.py
[2022-01-27 12:57:15,296] {processor.py:642} INFO - Processing file /opt/airflow/dags/data_ingestion_localDB_dag.py for tasks to queue
[2022-01-27 12:57:15,297] {logging_mixin.py:109} INFO - [2022-01-27 12:57:15,297] {dagbag.py:500} INFO - Filling up the DagBag from /opt/airflow/dags/data_ingestion_localDB_dag.py
[2022-01-27 12:57:15,332] {processor.py:654} INFO - DAG(s) dict_keys(['data_ingestion_localDB_dag']) retrieved from /opt/airflow/dags/data_ingestion_localDB_dag.py
[2022-01-27 12:57:15,345] {logging_mixin.py:109} INFO - [2022-01-27 12:57:15,345] {dag.py:2396} INFO - Sync 1 DAGs
[2022-01-27 12:57:15,372] {logging_mixin.py:109} INFO - [2022-01-27 12:57:15,372] {dag.py:2935} INFO - Setting next_dagrun for data_ingestion_localDB_dag to 2022-01-26T00:00:00+00:00
[2022-01-27 12:57:15,383] {processor.py:171} INFO - Processing /opt/airflow/dags/data_ingestion_localDB_dag.py took 0.096 seconds
[2022-01-27 12:57:45,509] {processor.py:163} INFO - Started process (PID=286) to work on /opt/airflow/dags/data_ingestion_localDB_dag.py
[2022-01-27 12:57:45,511] {processor.py:642} INFO - Processing file /opt/airflow/dags/data_ingestion_localDB_dag.py for tasks to queue
[2022-01-27 12:57:45,511] {logging_mixin.py:109} INFO - [2022-01-27 12:57:45,511] {dagbag.py:500} INFO - Filling up the DagBag from /opt/airflow/dags/data_ingestion_localDB_dag.py
[2022-01-27 12:57:45,546] {processor.py:654} INFO - DAG(s) dict_keys(['data_ingestion_localDB_dag']) retrieved from /opt/airflow/dags/data_ingestion_localDB_dag.py
[2022-01-27 12:57:45,556] {logging_mixin.py:109} INFO - [2022-01-27 12:57:45,556] {dag.py:2396} INFO - Sync 1 DAGs
[2022-01-27 12:57:45,576] {logging_mixin.py:109} INFO - [2022-01-27 12:57:45,576] {dag.py:2935} INFO - Setting next_dagrun for data_ingestion_localDB_dag to 2022-01-26T00:00:00+00:00
[2022-01-27 12:57:45,586] {processor.py:171} INFO - Processing /opt/airflow/dags/data_ingestion_localDB_dag.py took 0.081 seconds
[2022-01-27 12:58:15,684] {processor.py:163} INFO - Started process (PID=321) to work on /opt/airflow/dags/data_ingestion_localDB_dag.py
[2022-01-27 12:58:15,687] {processor.py:642} INFO - Processing file /opt/airflow/dags/data_ingestion_localDB_dag.py for tasks to queue
[2022-01-27 12:58:15,688] {logging_mixin.py:109} INFO - [2022-01-27 12:58:15,688] {dagbag.py:500} INFO - Filling up the DagBag from /opt/airflow/dags/data_ingestion_localDB_dag.py
[2022-01-27 12:58:15,723] {processor.py:654} INFO - DAG(s) dict_keys(['data_ingestion_localDB_dag']) retrieved from /opt/airflow/dags/data_ingestion_localDB_dag.py
[2022-01-27 12:58:15,732] {logging_mixin.py:109} INFO - [2022-01-27 12:58:15,732] {dag.py:2396} INFO - Sync 1 DAGs
[2022-01-27 12:58:15,751] {logging_mixin.py:109} INFO - [2022-01-27 12:58:15,751] {dag.py:2935} INFO - Setting next_dagrun for data_ingestion_localDB_dag to 2022-01-26T00:00:00+00:00
[2022-01-27 12:58:15,760] {processor.py:171} INFO - Processing /opt/airflow/dags/data_ingestion_localDB_dag.py took 0.081 seconds
[2022-01-27 12:58:45,856] {processor.py:163} INFO - Started process (PID=348) to work on /opt/airflow/dags/data_ingestion_localDB_dag.py
[2022-01-27 12:58:45,858] {processor.py:642} INFO - Processing file /opt/airflow/dags/data_ingestion_localDB_dag.py for tasks to queue
[2022-01-27 12:58:45,858] {logging_mixin.py:109} INFO - [2022-01-27 12:58:45,858] {dagbag.py:500} INFO - Filling up the DagBag from /opt/airflow/dags/data_ingestion_localDB_dag.py
[2022-01-27 12:58:45,893] {processor.py:654} INFO - DAG(s) dict_keys(['data_ingestion_localDB_dag']) retrieved from /opt/airflow/dags/data_ingestion_localDB_dag.py
[2022-01-27 12:58:45,903] {logging_mixin.py:109} INFO - [2022-01-27 12:58:45,903] {dag.py:2396} INFO - Sync 1 DAGs
[2022-01-27 12:58:45,923] {logging_mixin.py:109} INFO - [2022-01-27 12:58:45,922] {dag.py:2935} INFO - Setting next_dagrun for data_ingestion_localDB_dag to 2022-01-26T00:00:00+00:00
[2022-01-27 12:58:45,933] {processor.py:171} INFO - Processing /opt/airflow/dags/data_ingestion_localDB_dag.py took 0.081 seconds
[2022-01-27 12:59:16,030] {processor.py:163} INFO - Started process (PID=377) to work on /opt/airflow/dags/data_ingestion_localDB_dag.py
[2022-01-27 12:59:16,033] {processor.py:642} INFO - Processing file /opt/airflow/dags/data_ingestion_localDB_dag.py for tasks to queue
[2022-01-27 12:59:16,034] {logging_mixin.py:109} INFO - [2022-01-27 12:59:16,034] {dagbag.py:500} INFO - Filling up the DagBag from /opt/airflow/dags/data_ingestion_localDB_dag.py
[2022-01-27 12:59:16,068] {processor.py:654} INFO - DAG(s) dict_keys(['data_ingestion_localDB_dag']) retrieved from /opt/airflow/dags/data_ingestion_localDB_dag.py
[2022-01-27 12:59:16,082] {logging_mixin.py:109} INFO - [2022-01-27 12:59:16,082] {dag.py:2396} INFO - Sync 1 DAGs
[2022-01-27 12:59:16,105] {logging_mixin.py:109} INFO - [2022-01-27 12:59:16,105] {dag.py:2935} INFO - Setting next_dagrun for data_ingestion_localDB_dag to 2022-01-26T00:00:00+00:00
[2022-01-27 12:59:16,114] {processor.py:171} INFO - Processing /opt/airflow/dags/data_ingestion_localDB_dag.py took 0.089 seconds
[2022-01-27 12:59:46,201] {processor.py:163} INFO - Started process (PID=415) to work on /opt/airflow/dags/data_ingestion_localDB_dag.py
[2022-01-27 12:59:46,204] {processor.py:642} INFO - Processing file /opt/airflow/dags/data_ingestion_localDB_dag.py for tasks to queue
[2022-01-27 12:59:46,205] {logging_mixin.py:109} INFO - [2022-01-27 12:59:46,205] {dagbag.py:500} INFO - Filling up the DagBag from /opt/airflow/dags/data_ingestion_localDB_dag.py
[2022-01-27 12:59:46,239] {processor.py:654} INFO - DAG(s) dict_keys(['data_ingestion_localDB_dag']) retrieved from /opt/airflow/dags/data_ingestion_localDB_dag.py
[2022-01-27 12:59:46,249] {logging_mixin.py:109} INFO - [2022-01-27 12:59:46,249] {dag.py:2396} INFO - Sync 1 DAGs
[2022-01-27 12:59:46,268] {logging_mixin.py:109} INFO - [2022-01-27 12:59:46,268] {dag.py:2935} INFO - Setting next_dagrun for data_ingestion_localDB_dag to 2022-01-26T00:00:00+00:00
[2022-01-27 12:59:46,278] {processor.py:171} INFO - Processing /opt/airflow/dags/data_ingestion_localDB_dag.py took 0.082 seconds
[2022-01-27 13:00:16,365] {processor.py:163} INFO - Started process (PID=443) to work on /opt/airflow/dags/data_ingestion_localDB_dag.py
[2022-01-27 13:00:16,367] {processor.py:642} INFO - Processing file /opt/airflow/dags/data_ingestion_localDB_dag.py for tasks to queue
[2022-01-27 13:00:16,368] {logging_mixin.py:109} INFO - [2022-01-27 13:00:16,368] {dagbag.py:500} INFO - Filling up the DagBag from /opt/airflow/dags/data_ingestion_localDB_dag.py
[2022-01-27 13:00:16,402] {processor.py:654} INFO - DAG(s) dict_keys(['data_ingestion_localDB_dag']) retrieved from /opt/airflow/dags/data_ingestion_localDB_dag.py
[2022-01-27 13:00:16,412] {logging_mixin.py:109} INFO - [2022-01-27 13:00:16,412] {dag.py:2396} INFO - Sync 1 DAGs
[2022-01-27 13:00:16,432] {logging_mixin.py:109} INFO - [2022-01-27 13:00:16,432] {dag.py:2935} INFO - Setting next_dagrun for data_ingestion_localDB_dag to 2022-01-26T00:00:00+00:00
[2022-01-27 13:00:16,442] {processor.py:171} INFO - Processing /opt/airflow/dags/data_ingestion_localDB_dag.py took 0.082 seconds
[2022-01-27 13:00:46,530] {processor.py:163} INFO - Started process (PID=477) to work on /opt/airflow/dags/data_ingestion_localDB_dag.py
[2022-01-27 13:00:46,531] {processor.py:642} INFO - Processing file /opt/airflow/dags/data_ingestion_localDB_dag.py for tasks to queue
[2022-01-27 13:00:46,532] {logging_mixin.py:109} INFO - [2022-01-27 13:00:46,532] {dagbag.py:500} INFO - Filling up the DagBag from /opt/airflow/dags/data_ingestion_localDB_dag.py
[2022-01-27 13:00:46,565] {processor.py:654} INFO - DAG(s) dict_keys(['data_ingestion_localDB_dag']) retrieved from /opt/airflow/dags/data_ingestion_localDB_dag.py
[2022-01-27 13:00:46,575] {logging_mixin.py:109} INFO - [2022-01-27 13:00:46,575] {dag.py:2396} INFO - Sync 1 DAGs
[2022-01-27 13:00:46,594] {logging_mixin.py:109} INFO - [2022-01-27 13:00:46,593] {dag.py:2935} INFO - Setting next_dagrun for data_ingestion_localDB_dag to 2022-01-26T00:00:00+00:00
[2022-01-27 13:00:46,603] {processor.py:171} INFO - Processing /opt/airflow/dags/data_ingestion_localDB_dag.py took 0.078 seconds
