[2022-01-27 12:53:33,071] {processor.py:163} INFO - Started process (PID=39) to work on /opt/airflow/dags/data_ingestion_gcs_dag.py
[2022-01-27 12:53:33,073] {processor.py:642} INFO - Processing file /opt/airflow/dags/data_ingestion_gcs_dag.py for tasks to queue
[2022-01-27 12:53:33,073] {logging_mixin.py:109} INFO - [2022-01-27 12:53:33,073] {dagbag.py:500} INFO - Filling up the DagBag from /opt/airflow/dags/data_ingestion_gcs_dag.py
[2022-01-27 12:53:37,168] {processor.py:654} INFO - DAG(s) dict_keys(['data_ingestion_gcs_dag']) retrieved from /opt/airflow/dags/data_ingestion_gcs_dag.py
[2022-01-27 12:53:44,027] {logging_mixin.py:109} INFO - [2022-01-27 12:53:44,026] {manager.py:496} INFO - Created Permission View: can edit on DAG:data_ingestion_gcs_dag
[2022-01-27 12:53:44,052] {logging_mixin.py:109} INFO - [2022-01-27 12:53:44,052] {manager.py:496} INFO - Created Permission View: can read on DAG:data_ingestion_gcs_dag
[2022-01-27 12:53:44,053] {logging_mixin.py:109} INFO - [2022-01-27 12:53:44,052] {dag.py:2396} INFO - Sync 1 DAGs
[2022-01-27 12:53:44,072] {logging_mixin.py:109} INFO - [2022-01-27 12:53:44,071] {dag.py:2415} INFO - Creating ORM DAG for data_ingestion_gcs_dag
[2022-01-27 12:53:44,093] {logging_mixin.py:109} INFO - [2022-01-27 12:53:44,093] {dag.py:2935} INFO - Setting next_dagrun for data_ingestion_gcs_dag to 2022-01-26 00:00:00+00:00
[2022-01-27 12:53:44,138] {processor.py:171} INFO - Processing /opt/airflow/dags/data_ingestion_gcs_dag.py took 11.073 seconds
[2022-01-27 12:54:14,289] {processor.py:163} INFO - Started process (PID=78) to work on /opt/airflow/dags/data_ingestion_gcs_dag.py
[2022-01-27 12:54:14,303] {processor.py:642} INFO - Processing file /opt/airflow/dags/data_ingestion_gcs_dag.py for tasks to queue
[2022-01-27 12:54:14,303] {logging_mixin.py:109} INFO - [2022-01-27 12:54:14,303] {dagbag.py:500} INFO - Filling up the DagBag from /opt/airflow/dags/data_ingestion_gcs_dag.py
[2022-01-27 12:54:15,134] {processor.py:654} INFO - DAG(s) dict_keys(['data_ingestion_gcs_dag']) retrieved from /opt/airflow/dags/data_ingestion_gcs_dag.py
[2022-01-27 12:54:15,143] {logging_mixin.py:109} INFO - [2022-01-27 12:54:15,143] {dag.py:2396} INFO - Sync 1 DAGs
[2022-01-27 12:54:15,160] {logging_mixin.py:109} INFO - [2022-01-27 12:54:15,160] {dag.py:2935} INFO - Setting next_dagrun for data_ingestion_gcs_dag to 2022-01-26 00:00:00+00:00
[2022-01-27 12:54:15,171] {processor.py:171} INFO - Processing /opt/airflow/dags/data_ingestion_gcs_dag.py took 0.886 seconds
[2022-01-27 12:54:45,487] {processor.py:163} INFO - Started process (PID=115) to work on /opt/airflow/dags/data_ingestion_gcs_dag.py
[2022-01-27 12:54:45,497] {processor.py:642} INFO - Processing file /opt/airflow/dags/data_ingestion_gcs_dag.py for tasks to queue
[2022-01-27 12:54:45,499] {logging_mixin.py:109} INFO - [2022-01-27 12:54:45,498] {dagbag.py:500} INFO - Filling up the DagBag from /opt/airflow/dags/data_ingestion_gcs_dag.py
[2022-01-27 12:54:46,473] {processor.py:654} INFO - DAG(s) dict_keys(['data_ingestion_gcs_dag']) retrieved from /opt/airflow/dags/data_ingestion_gcs_dag.py
[2022-01-27 12:54:46,486] {logging_mixin.py:109} INFO - [2022-01-27 12:54:46,485] {dag.py:2396} INFO - Sync 1 DAGs
[2022-01-27 12:54:46,510] {logging_mixin.py:109} INFO - [2022-01-27 12:54:46,510] {dag.py:2935} INFO - Setting next_dagrun for data_ingestion_gcs_dag to 2022-01-26 00:00:00+00:00
[2022-01-27 12:54:46,523] {processor.py:171} INFO - Processing /opt/airflow/dags/data_ingestion_gcs_dag.py took 1.040 seconds
[2022-01-27 12:55:16,608] {processor.py:163} INFO - Started process (PID=140) to work on /opt/airflow/dags/data_ingestion_gcs_dag.py
[2022-01-27 12:55:16,616] {processor.py:642} INFO - Processing file /opt/airflow/dags/data_ingestion_gcs_dag.py for tasks to queue
[2022-01-27 12:55:16,617] {logging_mixin.py:109} INFO - [2022-01-27 12:55:16,616] {dagbag.py:500} INFO - Filling up the DagBag from /opt/airflow/dags/data_ingestion_gcs_dag.py
[2022-01-27 12:55:17,403] {processor.py:654} INFO - DAG(s) dict_keys(['data_ingestion_gcs_dag']) retrieved from /opt/airflow/dags/data_ingestion_gcs_dag.py
[2022-01-27 12:55:17,413] {logging_mixin.py:109} INFO - [2022-01-27 12:55:17,413] {dag.py:2396} INFO - Sync 1 DAGs
[2022-01-27 12:55:17,428] {logging_mixin.py:109} INFO - [2022-01-27 12:55:17,428] {dag.py:2935} INFO - Setting next_dagrun for data_ingestion_gcs_dag to 2022-01-26 00:00:00+00:00
[2022-01-27 12:55:17,437] {processor.py:171} INFO - Processing /opt/airflow/dags/data_ingestion_gcs_dag.py took 0.833 seconds
[2022-01-27 12:55:47,783] {processor.py:163} INFO - Started process (PID=175) to work on /opt/airflow/dags/data_ingestion_gcs_dag.py
[2022-01-27 12:55:47,787] {processor.py:642} INFO - Processing file /opt/airflow/dags/data_ingestion_gcs_dag.py for tasks to queue
[2022-01-27 12:55:47,788] {logging_mixin.py:109} INFO - [2022-01-27 12:55:47,788] {dagbag.py:500} INFO - Filling up the DagBag from /opt/airflow/dags/data_ingestion_gcs_dag.py
[2022-01-27 12:55:48,695] {processor.py:654} INFO - DAG(s) dict_keys(['data_ingestion_gcs_dag']) retrieved from /opt/airflow/dags/data_ingestion_gcs_dag.py
[2022-01-27 12:55:48,703] {logging_mixin.py:109} INFO - [2022-01-27 12:55:48,703] {dag.py:2396} INFO - Sync 1 DAGs
[2022-01-27 12:55:48,721] {logging_mixin.py:109} INFO - [2022-01-27 12:55:48,721] {dag.py:2935} INFO - Setting next_dagrun for data_ingestion_gcs_dag to 2022-01-26 00:00:00+00:00
[2022-01-27 12:55:48,731] {processor.py:171} INFO - Processing /opt/airflow/dags/data_ingestion_gcs_dag.py took 0.952 seconds
[2022-01-27 12:56:18,933] {processor.py:163} INFO - Started process (PID=200) to work on /opt/airflow/dags/data_ingestion_gcs_dag.py
[2022-01-27 12:56:18,936] {processor.py:642} INFO - Processing file /opt/airflow/dags/data_ingestion_gcs_dag.py for tasks to queue
[2022-01-27 12:56:18,937] {logging_mixin.py:109} INFO - [2022-01-27 12:56:18,937] {dagbag.py:500} INFO - Filling up the DagBag from /opt/airflow/dags/data_ingestion_gcs_dag.py
[2022-01-27 12:56:20,057] {processor.py:654} INFO - DAG(s) dict_keys(['data_ingestion_gcs_dag']) retrieved from /opt/airflow/dags/data_ingestion_gcs_dag.py
[2022-01-27 12:56:20,070] {logging_mixin.py:109} INFO - [2022-01-27 12:56:20,069] {dag.py:2396} INFO - Sync 1 DAGs
[2022-01-27 12:56:20,106] {processor.py:171} INFO - Processing /opt/airflow/dags/data_ingestion_gcs_dag.py took 1.178 seconds
[2022-01-27 12:56:50,191] {processor.py:163} INFO - Started process (PID=234) to work on /opt/airflow/dags/data_ingestion_gcs_dag.py
[2022-01-27 12:56:50,192] {processor.py:642} INFO - Processing file /opt/airflow/dags/data_ingestion_gcs_dag.py for tasks to queue
[2022-01-27 12:56:50,193] {logging_mixin.py:109} INFO - [2022-01-27 12:56:50,193] {dagbag.py:500} INFO - Filling up the DagBag from /opt/airflow/dags/data_ingestion_gcs_dag.py
[2022-01-27 12:56:50,993] {processor.py:654} INFO - DAG(s) dict_keys(['data_ingestion_gcs_dag']) retrieved from /opt/airflow/dags/data_ingestion_gcs_dag.py
[2022-01-27 12:56:51,002] {logging_mixin.py:109} INFO - [2022-01-27 12:56:51,002] {dag.py:2396} INFO - Sync 1 DAGs
[2022-01-27 12:56:51,029] {processor.py:171} INFO - Processing /opt/airflow/dags/data_ingestion_gcs_dag.py took 0.844 seconds
[2022-01-27 12:57:21,314] {processor.py:163} INFO - Started process (PID=261) to work on /opt/airflow/dags/data_ingestion_gcs_dag.py
[2022-01-27 12:57:21,318] {processor.py:642} INFO - Processing file /opt/airflow/dags/data_ingestion_gcs_dag.py for tasks to queue
[2022-01-27 12:57:21,319] {logging_mixin.py:109} INFO - [2022-01-27 12:57:21,319] {dagbag.py:500} INFO - Filling up the DagBag from /opt/airflow/dags/data_ingestion_gcs_dag.py
[2022-01-27 12:57:22,471] {processor.py:654} INFO - DAG(s) dict_keys(['data_ingestion_gcs_dag']) retrieved from /opt/airflow/dags/data_ingestion_gcs_dag.py
[2022-01-27 12:57:22,484] {logging_mixin.py:109} INFO - [2022-01-27 12:57:22,484] {dag.py:2396} INFO - Sync 1 DAGs
[2022-01-27 12:57:22,521] {processor.py:171} INFO - Processing /opt/airflow/dags/data_ingestion_gcs_dag.py took 1.213 seconds
[2022-01-27 12:57:52,602] {processor.py:163} INFO - Started process (PID=297) to work on /opt/airflow/dags/data_ingestion_gcs_dag.py
[2022-01-27 12:57:52,603] {processor.py:642} INFO - Processing file /opt/airflow/dags/data_ingestion_gcs_dag.py for tasks to queue
[2022-01-27 12:57:52,604] {logging_mixin.py:109} INFO - [2022-01-27 12:57:52,604] {dagbag.py:500} INFO - Filling up the DagBag from /opt/airflow/dags/data_ingestion_gcs_dag.py
[2022-01-27 12:57:53,438] {processor.py:654} INFO - DAG(s) dict_keys(['data_ingestion_gcs_dag']) retrieved from /opt/airflow/dags/data_ingestion_gcs_dag.py
[2022-01-27 12:57:53,448] {logging_mixin.py:109} INFO - [2022-01-27 12:57:53,447] {dag.py:2396} INFO - Sync 1 DAGs
[2022-01-27 12:57:53,475] {processor.py:171} INFO - Processing /opt/airflow/dags/data_ingestion_gcs_dag.py took 0.877 seconds
[2022-01-27 12:58:23,707] {processor.py:163} INFO - Started process (PID=322) to work on /opt/airflow/dags/data_ingestion_gcs_dag.py
[2022-01-27 12:58:23,709] {processor.py:642} INFO - Processing file /opt/airflow/dags/data_ingestion_gcs_dag.py for tasks to queue
[2022-01-27 12:58:23,710] {logging_mixin.py:109} INFO - [2022-01-27 12:58:23,710] {dagbag.py:500} INFO - Filling up the DagBag from /opt/airflow/dags/data_ingestion_gcs_dag.py
[2022-01-27 12:58:24,591] {processor.py:654} INFO - DAG(s) dict_keys(['data_ingestion_gcs_dag']) retrieved from /opt/airflow/dags/data_ingestion_gcs_dag.py
[2022-01-27 12:58:24,602] {logging_mixin.py:109} INFO - [2022-01-27 12:58:24,601] {dag.py:2396} INFO - Sync 1 DAGs
[2022-01-27 12:58:24,628] {processor.py:171} INFO - Processing /opt/airflow/dags/data_ingestion_gcs_dag.py took 0.926 seconds
[2022-01-27 12:58:54,883] {processor.py:163} INFO - Started process (PID=359) to work on /opt/airflow/dags/data_ingestion_gcs_dag.py
[2022-01-27 12:58:54,884] {processor.py:642} INFO - Processing file /opt/airflow/dags/data_ingestion_gcs_dag.py for tasks to queue
[2022-01-27 12:58:54,885] {logging_mixin.py:109} INFO - [2022-01-27 12:58:54,885] {dagbag.py:500} INFO - Filling up the DagBag from /opt/airflow/dags/data_ingestion_gcs_dag.py
[2022-01-27 12:58:55,674] {processor.py:654} INFO - DAG(s) dict_keys(['data_ingestion_gcs_dag']) retrieved from /opt/airflow/dags/data_ingestion_gcs_dag.py
[2022-01-27 12:58:55,684] {logging_mixin.py:109} INFO - [2022-01-27 12:58:55,684] {dag.py:2396} INFO - Sync 1 DAGs
[2022-01-27 12:58:55,707] {processor.py:171} INFO - Processing /opt/airflow/dags/data_ingestion_gcs_dag.py took 0.829 seconds
[2022-01-27 12:59:26,068] {processor.py:163} INFO - Started process (PID=389) to work on /opt/airflow/dags/data_ingestion_gcs_dag.py
[2022-01-27 12:59:26,072] {processor.py:642} INFO - Processing file /opt/airflow/dags/data_ingestion_gcs_dag.py for tasks to queue
[2022-01-27 12:59:26,073] {logging_mixin.py:109} INFO - [2022-01-27 12:59:26,072] {dagbag.py:500} INFO - Filling up the DagBag from /opt/airflow/dags/data_ingestion_gcs_dag.py
[2022-01-27 12:59:26,875] {processor.py:654} INFO - DAG(s) dict_keys(['data_ingestion_gcs_dag']) retrieved from /opt/airflow/dags/data_ingestion_gcs_dag.py
[2022-01-27 12:59:26,885] {logging_mixin.py:109} INFO - [2022-01-27 12:59:26,885] {dag.py:2396} INFO - Sync 1 DAGs
[2022-01-27 12:59:26,909] {processor.py:171} INFO - Processing /opt/airflow/dags/data_ingestion_gcs_dag.py took 0.846 seconds
[2022-01-27 12:59:57,240] {processor.py:163} INFO - Started process (PID=427) to work on /opt/airflow/dags/data_ingestion_gcs_dag.py
[2022-01-27 12:59:57,246] {processor.py:642} INFO - Processing file /opt/airflow/dags/data_ingestion_gcs_dag.py for tasks to queue
[2022-01-27 12:59:57,246] {logging_mixin.py:109} INFO - [2022-01-27 12:59:57,246] {dagbag.py:500} INFO - Filling up the DagBag from /opt/airflow/dags/data_ingestion_gcs_dag.py
[2022-01-27 12:59:58,062] {processor.py:654} INFO - DAG(s) dict_keys(['data_ingestion_gcs_dag']) retrieved from /opt/airflow/dags/data_ingestion_gcs_dag.py
[2022-01-27 12:59:58,070] {logging_mixin.py:109} INFO - [2022-01-27 12:59:58,070] {dag.py:2396} INFO - Sync 1 DAGs
[2022-01-27 12:59:58,092] {processor.py:171} INFO - Processing /opt/airflow/dags/data_ingestion_gcs_dag.py took 0.856 seconds
[2022-01-27 13:00:28,410] {processor.py:163} INFO - Started process (PID=453) to work on /opt/airflow/dags/data_ingestion_gcs_dag.py
[2022-01-27 13:00:28,413] {processor.py:642} INFO - Processing file /opt/airflow/dags/data_ingestion_gcs_dag.py for tasks to queue
[2022-01-27 13:00:28,413] {logging_mixin.py:109} INFO - [2022-01-27 13:00:28,413] {dagbag.py:500} INFO - Filling up the DagBag from /opt/airflow/dags/data_ingestion_gcs_dag.py
[2022-01-27 13:00:29,237] {processor.py:654} INFO - DAG(s) dict_keys(['data_ingestion_gcs_dag']) retrieved from /opt/airflow/dags/data_ingestion_gcs_dag.py
[2022-01-27 13:00:29,246] {logging_mixin.py:109} INFO - [2022-01-27 13:00:29,245] {dag.py:2396} INFO - Sync 1 DAGs
[2022-01-27 13:00:29,270] {processor.py:171} INFO - Processing /opt/airflow/dags/data_ingestion_gcs_dag.py took 0.865 seconds
[2022-01-27 13:00:59,574] {processor.py:163} INFO - Started process (PID=488) to work on /opt/airflow/dags/data_ingestion_gcs_dag.py
[2022-01-27 13:00:59,576] {processor.py:642} INFO - Processing file /opt/airflow/dags/data_ingestion_gcs_dag.py for tasks to queue
[2022-01-27 13:00:59,576] {logging_mixin.py:109} INFO - [2022-01-27 13:00:59,576] {dagbag.py:500} INFO - Filling up the DagBag from /opt/airflow/dags/data_ingestion_gcs_dag.py
[2022-01-27 13:01:00,446] {processor.py:654} INFO - DAG(s) dict_keys(['data_ingestion_gcs_dag']) retrieved from /opt/airflow/dags/data_ingestion_gcs_dag.py
[2022-01-27 13:01:00,458] {logging_mixin.py:109} INFO - [2022-01-27 13:01:00,458] {dag.py:2396} INFO - Sync 1 DAGs
[2022-01-27 13:01:00,489] {processor.py:171} INFO - Processing /opt/airflow/dags/data_ingestion_gcs_dag.py took 0.919 seconds
