[2022-01-29 13:31:59,246] {taskinstance.py:1032} INFO - Dependencies all met for <TaskInstance: data_ingestion_gcs_dag.download_dataset_task scheduled__2021-01-02T06:00:00+00:00 [queued]>
[2022-01-29 13:31:59,257] {taskinstance.py:1032} INFO - Dependencies all met for <TaskInstance: data_ingestion_gcs_dag.download_dataset_task scheduled__2021-01-02T06:00:00+00:00 [queued]>
[2022-01-29 13:31:59,258] {taskinstance.py:1238} INFO - 
--------------------------------------------------------------------------------
[2022-01-29 13:31:59,258] {taskinstance.py:1239} INFO - Starting attempt 2 of 2
[2022-01-29 13:31:59,258] {taskinstance.py:1240} INFO - 
--------------------------------------------------------------------------------
[2022-01-29 13:31:59,271] {taskinstance.py:1259} INFO - Executing <Task(BashOperator): download_dataset_task> on 2021-01-02 06:00:00+00:00
[2022-01-29 13:31:59,278] {standard_task_runner.py:52} INFO - Started process 913 to run task
[2022-01-29 13:31:59,284] {standard_task_runner.py:76} INFO - Running: ['***', 'tasks', 'run', 'data_ingestion_gcs_dag', 'download_dataset_task', 'scheduled__2021-01-02T06:00:00+00:00', '--job-id', '582', '--raw', '--subdir', 'DAGS_FOLDER/data_ingestion_gcs_dag.py', '--cfg-path', '/tmp/tmp__u4u23n', '--error-file', '/tmp/tmpkigplpwk']
[2022-01-29 13:31:59,285] {standard_task_runner.py:77} INFO - Job 582: Subtask download_dataset_task
[2022-01-29 13:31:59,350] {logging_mixin.py:109} INFO - Running <TaskInstance: data_ingestion_gcs_dag.download_dataset_task scheduled__2021-01-02T06:00:00+00:00 [running]> on host 9bf957887753
[2022-01-29 13:31:59,394] {warnings.py:110} WARNING - /home/***/.local/lib/python3.7/site-packages/***/utils/context.py:152: AirflowContextDeprecationWarning: Accessing 'execution_date' from the template is deprecated and will be removed in a future version. Please use 'data_interval_start' or 'logical_date' instead.
  warnings.warn(_create_deprecation_warning(key, self._deprecation_replacements[key]))

[2022-01-29 13:31:59,414] {taskinstance.py:1426} INFO - Exporting the following env vars:
AIRFLOW_CTX_DAG_OWNER=***
AIRFLOW_CTX_DAG_ID=data_ingestion_gcs_dag
AIRFLOW_CTX_TASK_ID=download_dataset_task
AIRFLOW_CTX_EXECUTION_DATE=2021-01-02T06:00:00+00:00
AIRFLOW_CTX_DAG_RUN_ID=scheduled__2021-01-02T06:00:00+00:00
[2022-01-29 13:31:59,416] {subprocess.py:62} INFO - Tmp dir root location: 
 /tmp
[2022-01-29 13:31:59,417] {subprocess.py:74} INFO - Running command: ['bash', '-c', 'curl -sS https://s3.amazonaws.com/nyc-tlc/trip+data/yellow_tripdata_2021-01.csv > /opt/***/yellow_tripdata_2021-01.csv']
[2022-01-29 13:31:59,433] {subprocess.py:85} INFO - Output:
[2022-01-29 13:32:04,792] {subprocess.py:93} INFO - Command exited with return code 0
[2022-01-29 13:32:04,837] {taskinstance.py:1277} INFO - Marking task as SUCCESS. dag_id=data_ingestion_gcs_dag, task_id=download_dataset_task, execution_date=20210102T060000, start_date=20220129T133159, end_date=20220129T133204
[2022-01-29 13:32:04,872] {local_task_job.py:154} INFO - Task exited with return code 0
[2022-01-29 13:32:04,937] {local_task_job.py:264} INFO - 1 downstream tasks scheduled from follow-on schedule check
