[2022-01-30 01:12:01,057] {processor.py:163} INFO - Started process (PID=71) to work on /opt/airflow/dags/data_ingestion_localDB_dag.py
[2022-01-30 01:12:01,058] {processor.py:642} INFO - Processing file /opt/airflow/dags/data_ingestion_localDB_dag.py for tasks to queue
[2022-01-30 01:12:01,059] {logging_mixin.py:109} INFO - [2022-01-30 01:12:01,059] {dagbag.py:500} INFO - Filling up the DagBag from /opt/airflow/dags/data_ingestion_localDB_dag.py
[2022-01-30 01:12:01,150] {processor.py:654} INFO - DAG(s) dict_keys(['data_ingestion_localDB_dag']) retrieved from /opt/airflow/dags/data_ingestion_localDB_dag.py
[2022-01-30 01:12:04,282] {logging_mixin.py:109} INFO - [2022-01-30 01:12:04,281] {manager.py:496} INFO - Created Permission View: can read on DAG:data_ingestion_localDB_dag
[2022-01-30 01:12:04,322] {logging_mixin.py:109} INFO - [2022-01-30 01:12:04,322] {manager.py:496} INFO - Created Permission View: can edit on DAG:data_ingestion_localDB_dag
[2022-01-30 01:12:04,323] {logging_mixin.py:109} INFO - [2022-01-30 01:12:04,323] {dag.py:2396} INFO - Sync 1 DAGs
[2022-01-30 01:12:04,344] {logging_mixin.py:109} INFO - [2022-01-30 01:12:04,343] {dag.py:2415} INFO - Creating ORM DAG for data_ingestion_localDB_dag
[2022-01-30 01:12:04,371] {logging_mixin.py:109} INFO - [2022-01-30 01:12:04,371] {dag.py:2935} INFO - Setting next_dagrun for data_ingestion_localDB_dag to 2022-01-29T00:00:00+00:00
[2022-01-30 01:12:04,387] {processor.py:171} INFO - Processing /opt/airflow/dags/data_ingestion_localDB_dag.py took 3.348 seconds
[2022-01-30 01:12:34,461] {processor.py:163} INFO - Started process (PID=127) to work on /opt/airflow/dags/data_ingestion_localDB_dag.py
[2022-01-30 01:12:34,465] {processor.py:642} INFO - Processing file /opt/airflow/dags/data_ingestion_localDB_dag.py for tasks to queue
[2022-01-30 01:12:34,466] {logging_mixin.py:109} INFO - [2022-01-30 01:12:34,466] {dagbag.py:500} INFO - Filling up the DagBag from /opt/airflow/dags/data_ingestion_localDB_dag.py
[2022-01-30 01:12:34,502] {processor.py:654} INFO - DAG(s) dict_keys(['data_ingestion_localDB_dag']) retrieved from /opt/airflow/dags/data_ingestion_localDB_dag.py
[2022-01-30 01:12:34,512] {logging_mixin.py:109} INFO - [2022-01-30 01:12:34,511] {dag.py:2396} INFO - Sync 1 DAGs
[2022-01-30 01:12:34,538] {logging_mixin.py:109} INFO - [2022-01-30 01:12:34,538] {dag.py:2935} INFO - Setting next_dagrun for data_ingestion_localDB_dag to 2022-01-29T00:00:00+00:00
[2022-01-30 01:12:34,547] {processor.py:171} INFO - Processing /opt/airflow/dags/data_ingestion_localDB_dag.py took 0.092 seconds
[2022-01-30 01:13:04,839] {processor.py:163} INFO - Started process (PID=167) to work on /opt/airflow/dags/data_ingestion_localDB_dag.py
[2022-01-30 01:13:04,840] {processor.py:642} INFO - Processing file /opt/airflow/dags/data_ingestion_localDB_dag.py for tasks to queue
[2022-01-30 01:13:04,841] {logging_mixin.py:109} INFO - [2022-01-30 01:13:04,841] {dagbag.py:500} INFO - Filling up the DagBag from /opt/airflow/dags/data_ingestion_localDB_dag.py
[2022-01-30 01:13:04,877] {processor.py:654} INFO - DAG(s) dict_keys(['data_ingestion_localDB_dag']) retrieved from /opt/airflow/dags/data_ingestion_localDB_dag.py
[2022-01-30 01:13:04,888] {logging_mixin.py:109} INFO - [2022-01-30 01:13:04,887] {dag.py:2396} INFO - Sync 1 DAGs
[2022-01-30 01:13:04,906] {logging_mixin.py:109} INFO - [2022-01-30 01:13:04,906] {dag.py:2935} INFO - Setting next_dagrun for data_ingestion_localDB_dag to 2022-01-29T00:00:00+00:00
[2022-01-30 01:13:04,919] {processor.py:171} INFO - Processing /opt/airflow/dags/data_ingestion_localDB_dag.py took 0.084 seconds
[2022-01-30 01:13:36,533] {processor.py:163} INFO - Started process (PID=217) to work on /opt/airflow/dags/data_ingestion_localDB_dag.py
[2022-01-30 01:13:36,536] {processor.py:642} INFO - Processing file /opt/airflow/dags/data_ingestion_localDB_dag.py for tasks to queue
[2022-01-30 01:13:36,537] {logging_mixin.py:109} INFO - [2022-01-30 01:13:36,536] {dagbag.py:500} INFO - Filling up the DagBag from /opt/airflow/dags/data_ingestion_localDB_dag.py
[2022-01-30 01:13:36,584] {processor.py:654} INFO - DAG(s) dict_keys(['data_ingestion_localDB_dag']) retrieved from /opt/airflow/dags/data_ingestion_localDB_dag.py
[2022-01-30 01:13:36,598] {logging_mixin.py:109} INFO - [2022-01-30 01:13:36,598] {dag.py:2396} INFO - Sync 1 DAGs
[2022-01-30 01:13:36,627] {logging_mixin.py:109} INFO - [2022-01-30 01:13:36,627] {dag.py:2935} INFO - Setting next_dagrun for data_ingestion_localDB_dag to 2022-01-29T00:00:00+00:00
[2022-01-30 01:13:36,639] {processor.py:171} INFO - Processing /opt/airflow/dags/data_ingestion_localDB_dag.py took 0.111 seconds
[2022-01-30 01:14:08,469] {processor.py:163} INFO - Started process (PID=257) to work on /opt/airflow/dags/data_ingestion_localDB_dag.py
[2022-01-30 01:14:08,471] {processor.py:642} INFO - Processing file /opt/airflow/dags/data_ingestion_localDB_dag.py for tasks to queue
[2022-01-30 01:14:08,472] {logging_mixin.py:109} INFO - [2022-01-30 01:14:08,472] {dagbag.py:500} INFO - Filling up the DagBag from /opt/airflow/dags/data_ingestion_localDB_dag.py
[2022-01-30 01:14:08,525] {processor.py:654} INFO - DAG(s) dict_keys(['data_ingestion_localDB_dag']) retrieved from /opt/airflow/dags/data_ingestion_localDB_dag.py
[2022-01-30 01:14:08,544] {logging_mixin.py:109} INFO - [2022-01-30 01:14:08,544] {dag.py:2396} INFO - Sync 1 DAGs
[2022-01-30 01:14:08,574] {logging_mixin.py:109} INFO - [2022-01-30 01:14:08,574] {dag.py:2935} INFO - Setting next_dagrun for data_ingestion_localDB_dag to 2022-01-29T00:00:00+00:00
[2022-01-30 01:14:08,586] {processor.py:171} INFO - Processing /opt/airflow/dags/data_ingestion_localDB_dag.py took 0.124 seconds
[2022-01-30 01:14:39,789] {processor.py:163} INFO - Started process (PID=307) to work on /opt/airflow/dags/data_ingestion_localDB_dag.py
[2022-01-30 01:14:39,791] {processor.py:642} INFO - Processing file /opt/airflow/dags/data_ingestion_localDB_dag.py for tasks to queue
[2022-01-30 01:14:39,792] {logging_mixin.py:109} INFO - [2022-01-30 01:14:39,792] {dagbag.py:500} INFO - Filling up the DagBag from /opt/airflow/dags/data_ingestion_localDB_dag.py
[2022-01-30 01:14:39,840] {processor.py:654} INFO - DAG(s) dict_keys(['data_ingestion_localDB_dag']) retrieved from /opt/airflow/dags/data_ingestion_localDB_dag.py
[2022-01-30 01:14:39,855] {logging_mixin.py:109} INFO - [2022-01-30 01:14:39,854] {dag.py:2396} INFO - Sync 1 DAGs
[2022-01-30 01:14:39,883] {logging_mixin.py:109} INFO - [2022-01-30 01:14:39,883] {dag.py:2935} INFO - Setting next_dagrun for data_ingestion_localDB_dag to 2022-01-29T00:00:00+00:00
[2022-01-30 01:14:39,896] {processor.py:171} INFO - Processing /opt/airflow/dags/data_ingestion_localDB_dag.py took 0.113 seconds
[2022-01-30 01:15:11,306] {processor.py:163} INFO - Started process (PID=357) to work on /opt/airflow/dags/data_ingestion_localDB_dag.py
[2022-01-30 01:15:11,308] {processor.py:642} INFO - Processing file /opt/airflow/dags/data_ingestion_localDB_dag.py for tasks to queue
[2022-01-30 01:15:11,309] {logging_mixin.py:109} INFO - [2022-01-30 01:15:11,309] {dagbag.py:500} INFO - Filling up the DagBag from /opt/airflow/dags/data_ingestion_localDB_dag.py
[2022-01-30 01:15:11,350] {processor.py:654} INFO - DAG(s) dict_keys(['data_ingestion_localDB_dag']) retrieved from /opt/airflow/dags/data_ingestion_localDB_dag.py
[2022-01-30 01:15:11,363] {logging_mixin.py:109} INFO - [2022-01-30 01:15:11,363] {dag.py:2396} INFO - Sync 1 DAGs
[2022-01-30 01:15:11,392] {logging_mixin.py:109} INFO - [2022-01-30 01:15:11,392] {dag.py:2935} INFO - Setting next_dagrun for data_ingestion_localDB_dag to 2022-01-29T00:00:00+00:00
[2022-01-30 01:15:11,403] {processor.py:171} INFO - Processing /opt/airflow/dags/data_ingestion_localDB_dag.py took 0.102 seconds
[2022-01-30 01:15:42,973] {processor.py:163} INFO - Started process (PID=409) to work on /opt/airflow/dags/data_ingestion_localDB_dag.py
[2022-01-30 01:15:42,975] {processor.py:642} INFO - Processing file /opt/airflow/dags/data_ingestion_localDB_dag.py for tasks to queue
[2022-01-30 01:15:42,976] {logging_mixin.py:109} INFO - [2022-01-30 01:15:42,975] {dagbag.py:500} INFO - Filling up the DagBag from /opt/airflow/dags/data_ingestion_localDB_dag.py
[2022-01-30 01:15:43,012] {processor.py:654} INFO - DAG(s) dict_keys(['data_ingestion_localDB_dag']) retrieved from /opt/airflow/dags/data_ingestion_localDB_dag.py
[2022-01-30 01:15:43,023] {logging_mixin.py:109} INFO - [2022-01-30 01:15:43,023] {dag.py:2396} INFO - Sync 1 DAGs
[2022-01-30 01:15:43,044] {logging_mixin.py:109} INFO - [2022-01-30 01:15:43,043] {dag.py:2935} INFO - Setting next_dagrun for data_ingestion_localDB_dag to 2022-01-29T00:00:00+00:00
[2022-01-30 01:15:43,055] {processor.py:171} INFO - Processing /opt/airflow/dags/data_ingestion_localDB_dag.py took 0.086 seconds
[2022-01-30 01:16:14,194] {processor.py:163} INFO - Started process (PID=452) to work on /opt/airflow/dags/data_ingestion_localDB_dag.py
[2022-01-30 01:16:14,196] {processor.py:642} INFO - Processing file /opt/airflow/dags/data_ingestion_localDB_dag.py for tasks to queue
[2022-01-30 01:16:14,197] {logging_mixin.py:109} INFO - [2022-01-30 01:16:14,197] {dagbag.py:500} INFO - Filling up the DagBag from /opt/airflow/dags/data_ingestion_localDB_dag.py
[2022-01-30 01:16:14,232] {processor.py:654} INFO - DAG(s) dict_keys(['data_ingestion_localDB_dag']) retrieved from /opt/airflow/dags/data_ingestion_localDB_dag.py
[2022-01-30 01:16:14,242] {logging_mixin.py:109} INFO - [2022-01-30 01:16:14,242] {dag.py:2396} INFO - Sync 1 DAGs
[2022-01-30 01:16:14,262] {logging_mixin.py:109} INFO - [2022-01-30 01:16:14,262] {dag.py:2935} INFO - Setting next_dagrun for data_ingestion_localDB_dag to 2022-01-29T00:00:00+00:00
[2022-01-30 01:16:14,271] {processor.py:171} INFO - Processing /opt/airflow/dags/data_ingestion_localDB_dag.py took 0.082 seconds
[2022-01-30 01:16:45,897] {processor.py:163} INFO - Started process (PID=507) to work on /opt/airflow/dags/data_ingestion_localDB_dag.py
[2022-01-30 01:16:45,899] {processor.py:642} INFO - Processing file /opt/airflow/dags/data_ingestion_localDB_dag.py for tasks to queue
[2022-01-30 01:16:45,900] {logging_mixin.py:109} INFO - [2022-01-30 01:16:45,900] {dagbag.py:500} INFO - Filling up the DagBag from /opt/airflow/dags/data_ingestion_localDB_dag.py
[2022-01-30 01:16:45,946] {processor.py:654} INFO - DAG(s) dict_keys(['data_ingestion_localDB_dag']) retrieved from /opt/airflow/dags/data_ingestion_localDB_dag.py
[2022-01-30 01:16:45,958] {logging_mixin.py:109} INFO - [2022-01-30 01:16:45,958] {dag.py:2396} INFO - Sync 1 DAGs
[2022-01-30 01:16:45,977] {logging_mixin.py:109} INFO - [2022-01-30 01:16:45,977] {dag.py:2935} INFO - Setting next_dagrun for data_ingestion_localDB_dag to 2022-01-29T00:00:00+00:00
[2022-01-30 01:16:45,987] {processor.py:171} INFO - Processing /opt/airflow/dags/data_ingestion_localDB_dag.py took 0.095 seconds
[2022-01-30 01:17:16,258] {processor.py:163} INFO - Started process (PID=557) to work on /opt/airflow/dags/data_ingestion_localDB_dag.py
[2022-01-30 01:17:16,260] {processor.py:642} INFO - Processing file /opt/airflow/dags/data_ingestion_localDB_dag.py for tasks to queue
[2022-01-30 01:17:16,261] {logging_mixin.py:109} INFO - [2022-01-30 01:17:16,261] {dagbag.py:500} INFO - Filling up the DagBag from /opt/airflow/dags/data_ingestion_localDB_dag.py
[2022-01-30 01:17:16,339] {processor.py:654} INFO - DAG(s) dict_keys(['data_ingestion_localDB_dag']) retrieved from /opt/airflow/dags/data_ingestion_localDB_dag.py
[2022-01-30 01:17:16,361] {logging_mixin.py:109} INFO - [2022-01-30 01:17:16,361] {dag.py:2396} INFO - Sync 1 DAGs
[2022-01-30 01:17:16,395] {logging_mixin.py:109} INFO - [2022-01-30 01:17:16,394] {dag.py:2935} INFO - Setting next_dagrun for data_ingestion_localDB_dag to 2022-01-29T00:00:00+00:00
[2022-01-30 01:17:16,410] {processor.py:171} INFO - Processing /opt/airflow/dags/data_ingestion_localDB_dag.py took 0.163 seconds
[2022-01-30 01:17:46,627] {processor.py:163} INFO - Started process (PID=597) to work on /opt/airflow/dags/data_ingestion_localDB_dag.py
[2022-01-30 01:17:46,632] {processor.py:642} INFO - Processing file /opt/airflow/dags/data_ingestion_localDB_dag.py for tasks to queue
[2022-01-30 01:17:46,633] {logging_mixin.py:109} INFO - [2022-01-30 01:17:46,633] {dagbag.py:500} INFO - Filling up the DagBag from /opt/airflow/dags/data_ingestion_localDB_dag.py
[2022-01-30 01:17:46,685] {processor.py:654} INFO - DAG(s) dict_keys(['data_ingestion_localDB_dag']) retrieved from /opt/airflow/dags/data_ingestion_localDB_dag.py
[2022-01-30 01:17:46,695] {logging_mixin.py:109} INFO - [2022-01-30 01:17:46,695] {dag.py:2396} INFO - Sync 1 DAGs
[2022-01-30 01:17:46,714] {logging_mixin.py:109} INFO - [2022-01-30 01:17:46,714] {dag.py:2935} INFO - Setting next_dagrun for data_ingestion_localDB_dag to 2022-01-29T00:00:00+00:00
[2022-01-30 01:17:46,724] {processor.py:171} INFO - Processing /opt/airflow/dags/data_ingestion_localDB_dag.py took 0.104 seconds
[2022-01-30 01:18:17,033] {processor.py:163} INFO - Started process (PID=642) to work on /opt/airflow/dags/data_ingestion_localDB_dag.py
[2022-01-30 01:18:17,035] {processor.py:642} INFO - Processing file /opt/airflow/dags/data_ingestion_localDB_dag.py for tasks to queue
[2022-01-30 01:18:17,035] {logging_mixin.py:109} INFO - [2022-01-30 01:18:17,035] {dagbag.py:500} INFO - Filling up the DagBag from /opt/airflow/dags/data_ingestion_localDB_dag.py
[2022-01-30 01:18:17,072] {processor.py:654} INFO - DAG(s) dict_keys(['data_ingestion_localDB_dag']) retrieved from /opt/airflow/dags/data_ingestion_localDB_dag.py
[2022-01-30 01:18:17,082] {logging_mixin.py:109} INFO - [2022-01-30 01:18:17,082] {dag.py:2396} INFO - Sync 1 DAGs
[2022-01-30 01:18:17,102] {logging_mixin.py:109} INFO - [2022-01-30 01:18:17,102] {dag.py:2935} INFO - Setting next_dagrun for data_ingestion_localDB_dag to 2022-01-29T00:00:00+00:00
[2022-01-30 01:18:17,112] {processor.py:171} INFO - Processing /opt/airflow/dags/data_ingestion_localDB_dag.py took 0.084 seconds
[2022-01-30 01:18:47,153] {processor.py:163} INFO - Started process (PID=683) to work on /opt/airflow/dags/data_ingestion_localDB_dag.py
[2022-01-30 01:18:47,156] {processor.py:642} INFO - Processing file /opt/airflow/dags/data_ingestion_localDB_dag.py for tasks to queue
[2022-01-30 01:18:47,157] {logging_mixin.py:109} INFO - [2022-01-30 01:18:47,157] {dagbag.py:500} INFO - Filling up the DagBag from /opt/airflow/dags/data_ingestion_localDB_dag.py
[2022-01-30 01:18:47,204] {processor.py:654} INFO - DAG(s) dict_keys(['data_ingestion_localDB_dag']) retrieved from /opt/airflow/dags/data_ingestion_localDB_dag.py
[2022-01-30 01:18:47,217] {logging_mixin.py:109} INFO - [2022-01-30 01:18:47,217] {dag.py:2396} INFO - Sync 1 DAGs
[2022-01-30 01:18:47,246] {logging_mixin.py:109} INFO - [2022-01-30 01:18:47,246] {dag.py:2935} INFO - Setting next_dagrun for data_ingestion_localDB_dag to 2022-01-29T00:00:00+00:00
[2022-01-30 01:18:47,259] {processor.py:171} INFO - Processing /opt/airflow/dags/data_ingestion_localDB_dag.py took 0.112 seconds
[2022-01-30 01:19:17,573] {processor.py:163} INFO - Started process (PID=723) to work on /opt/airflow/dags/data_ingestion_localDB_dag.py
[2022-01-30 01:19:17,574] {processor.py:642} INFO - Processing file /opt/airflow/dags/data_ingestion_localDB_dag.py for tasks to queue
[2022-01-30 01:19:17,575] {logging_mixin.py:109} INFO - [2022-01-30 01:19:17,575] {dagbag.py:500} INFO - Filling up the DagBag from /opt/airflow/dags/data_ingestion_localDB_dag.py
[2022-01-30 01:19:17,612] {processor.py:654} INFO - DAG(s) dict_keys(['data_ingestion_localDB_dag']) retrieved from /opt/airflow/dags/data_ingestion_localDB_dag.py
[2022-01-30 01:19:17,622] {logging_mixin.py:109} INFO - [2022-01-30 01:19:17,622] {dag.py:2396} INFO - Sync 1 DAGs
[2022-01-30 01:19:17,642] {logging_mixin.py:109} INFO - [2022-01-30 01:19:17,642] {dag.py:2935} INFO - Setting next_dagrun for data_ingestion_localDB_dag to 2022-01-29T00:00:00+00:00
[2022-01-30 01:19:17,652] {processor.py:171} INFO - Processing /opt/airflow/dags/data_ingestion_localDB_dag.py took 0.083 seconds
[2022-01-30 01:19:47,692] {processor.py:163} INFO - Started process (PID=773) to work on /opt/airflow/dags/data_ingestion_localDB_dag.py
[2022-01-30 01:19:47,695] {processor.py:642} INFO - Processing file /opt/airflow/dags/data_ingestion_localDB_dag.py for tasks to queue
[2022-01-30 01:19:47,695] {logging_mixin.py:109} INFO - [2022-01-30 01:19:47,695] {dagbag.py:500} INFO - Filling up the DagBag from /opt/airflow/dags/data_ingestion_localDB_dag.py
[2022-01-30 01:19:47,731] {processor.py:654} INFO - DAG(s) dict_keys(['data_ingestion_localDB_dag']) retrieved from /opt/airflow/dags/data_ingestion_localDB_dag.py
[2022-01-30 01:19:47,741] {logging_mixin.py:109} INFO - [2022-01-30 01:19:47,741] {dag.py:2396} INFO - Sync 1 DAGs
[2022-01-30 01:19:47,761] {logging_mixin.py:109} INFO - [2022-01-30 01:19:47,761] {dag.py:2935} INFO - Setting next_dagrun for data_ingestion_localDB_dag to 2022-01-29T00:00:00+00:00
[2022-01-30 01:19:47,770] {processor.py:171} INFO - Processing /opt/airflow/dags/data_ingestion_localDB_dag.py took 0.082 seconds
[2022-01-30 01:20:17,864] {processor.py:163} INFO - Started process (PID=814) to work on /opt/airflow/dags/data_ingestion_localDB_dag.py
[2022-01-30 01:20:17,865] {processor.py:642} INFO - Processing file /opt/airflow/dags/data_ingestion_localDB_dag.py for tasks to queue
[2022-01-30 01:20:17,866] {logging_mixin.py:109} INFO - [2022-01-30 01:20:17,866] {dagbag.py:500} INFO - Filling up the DagBag from /opt/airflow/dags/data_ingestion_localDB_dag.py
[2022-01-30 01:20:17,902] {processor.py:654} INFO - DAG(s) dict_keys(['data_ingestion_localDB_dag']) retrieved from /opt/airflow/dags/data_ingestion_localDB_dag.py
[2022-01-30 01:20:17,912] {logging_mixin.py:109} INFO - [2022-01-30 01:20:17,912] {dag.py:2396} INFO - Sync 1 DAGs
[2022-01-30 01:20:17,930] {logging_mixin.py:109} INFO - [2022-01-30 01:20:17,930] {dag.py:2935} INFO - Setting next_dagrun for data_ingestion_localDB_dag to 2022-01-29T00:00:00+00:00
[2022-01-30 01:20:17,939] {processor.py:171} INFO - Processing /opt/airflow/dags/data_ingestion_localDB_dag.py took 0.080 seconds
[2022-01-30 01:20:48,071] {processor.py:163} INFO - Started process (PID=866) to work on /opt/airflow/dags/data_ingestion_localDB_dag.py
[2022-01-30 01:20:48,073] {processor.py:642} INFO - Processing file /opt/airflow/dags/data_ingestion_localDB_dag.py for tasks to queue
[2022-01-30 01:20:48,074] {logging_mixin.py:109} INFO - [2022-01-30 01:20:48,074] {dagbag.py:500} INFO - Filling up the DagBag from /opt/airflow/dags/data_ingestion_localDB_dag.py
[2022-01-30 01:20:48,117] {processor.py:654} INFO - DAG(s) dict_keys(['data_ingestion_localDB_dag']) retrieved from /opt/airflow/dags/data_ingestion_localDB_dag.py
[2022-01-30 01:20:48,132] {logging_mixin.py:109} INFO - [2022-01-30 01:20:48,132] {dag.py:2396} INFO - Sync 1 DAGs
[2022-01-30 01:20:48,159] {logging_mixin.py:109} INFO - [2022-01-30 01:20:48,159] {dag.py:2935} INFO - Setting next_dagrun for data_ingestion_localDB_dag to 2022-01-29T00:00:00+00:00
[2022-01-30 01:20:48,169] {processor.py:171} INFO - Processing /opt/airflow/dags/data_ingestion_localDB_dag.py took 0.103 seconds
[2022-01-30 01:21:18,258] {processor.py:163} INFO - Started process (PID=908) to work on /opt/airflow/dags/data_ingestion_localDB_dag.py
[2022-01-30 01:21:18,259] {processor.py:642} INFO - Processing file /opt/airflow/dags/data_ingestion_localDB_dag.py for tasks to queue
[2022-01-30 01:21:18,260] {logging_mixin.py:109} INFO - [2022-01-30 01:21:18,260] {dagbag.py:500} INFO - Filling up the DagBag from /opt/airflow/dags/data_ingestion_localDB_dag.py
[2022-01-30 01:21:18,297] {processor.py:654} INFO - DAG(s) dict_keys(['data_ingestion_localDB_dag']) retrieved from /opt/airflow/dags/data_ingestion_localDB_dag.py
[2022-01-30 01:21:18,308] {logging_mixin.py:109} INFO - [2022-01-30 01:21:18,308] {dag.py:2396} INFO - Sync 1 DAGs
[2022-01-30 01:21:18,330] {logging_mixin.py:109} INFO - [2022-01-30 01:21:18,329] {dag.py:2935} INFO - Setting next_dagrun for data_ingestion_localDB_dag to 2022-01-29T00:00:00+00:00
[2022-01-30 01:21:18,339] {processor.py:171} INFO - Processing /opt/airflow/dags/data_ingestion_localDB_dag.py took 0.086 seconds
[2022-01-30 01:23:15,002] {processor.py:163} INFO - Started process (PID=68) to work on /opt/airflow/dags/data_ingestion_localDB_dag.py
[2022-01-30 01:23:15,013] {processor.py:642} INFO - Processing file /opt/airflow/dags/data_ingestion_localDB_dag.py for tasks to queue
[2022-01-30 01:23:15,015] {logging_mixin.py:109} INFO - [2022-01-30 01:23:15,014] {dagbag.py:500} INFO - Filling up the DagBag from /opt/airflow/dags/data_ingestion_localDB_dag.py
[2022-01-30 01:23:15,172] {processor.py:654} INFO - DAG(s) dict_keys(['data_ingestion_localDB_dag']) retrieved from /opt/airflow/dags/data_ingestion_localDB_dag.py
[2022-01-30 01:23:15,217] {logging_mixin.py:109} INFO - [2022-01-30 01:23:15,216] {dag.py:2396} INFO - Sync 1 DAGs
[2022-01-30 01:23:15,301] {logging_mixin.py:109} INFO - [2022-01-30 01:23:15,300] {dag.py:2935} INFO - Setting next_dagrun for data_ingestion_localDB_dag to 2022-01-29T00:00:00+00:00
[2022-01-30 01:23:15,351] {processor.py:171} INFO - Processing /opt/airflow/dags/data_ingestion_localDB_dag.py took 0.354 seconds
[2022-01-30 01:23:46,010] {processor.py:163} INFO - Started process (PID=112) to work on /opt/airflow/dags/data_ingestion_localDB_dag.py
[2022-01-30 01:23:46,012] {processor.py:642} INFO - Processing file /opt/airflow/dags/data_ingestion_localDB_dag.py for tasks to queue
[2022-01-30 01:23:46,013] {logging_mixin.py:109} INFO - [2022-01-30 01:23:46,013] {dagbag.py:500} INFO - Filling up the DagBag from /opt/airflow/dags/data_ingestion_localDB_dag.py
[2022-01-30 01:23:46,055] {processor.py:654} INFO - DAG(s) dict_keys(['data_ingestion_localDB_dag']) retrieved from /opt/airflow/dags/data_ingestion_localDB_dag.py
[2022-01-30 01:23:46,065] {logging_mixin.py:109} INFO - [2022-01-30 01:23:46,065] {dag.py:2396} INFO - Sync 1 DAGs
[2022-01-30 01:23:46,087] {logging_mixin.py:109} INFO - [2022-01-30 01:23:46,087] {dag.py:2935} INFO - Setting next_dagrun for data_ingestion_localDB_dag to 2022-01-29T00:00:00+00:00
[2022-01-30 01:23:46,100] {processor.py:171} INFO - Processing /opt/airflow/dags/data_ingestion_localDB_dag.py took 0.096 seconds
[2022-01-30 01:24:16,216] {processor.py:163} INFO - Started process (PID=153) to work on /opt/airflow/dags/data_ingestion_localDB_dag.py
[2022-01-30 01:24:16,219] {processor.py:642} INFO - Processing file /opt/airflow/dags/data_ingestion_localDB_dag.py for tasks to queue
[2022-01-30 01:24:16,220] {logging_mixin.py:109} INFO - [2022-01-30 01:24:16,220] {dagbag.py:500} INFO - Filling up the DagBag from /opt/airflow/dags/data_ingestion_localDB_dag.py
[2022-01-30 01:24:16,266] {processor.py:654} INFO - DAG(s) dict_keys(['data_ingestion_localDB_dag']) retrieved from /opt/airflow/dags/data_ingestion_localDB_dag.py
[2022-01-30 01:24:16,280] {logging_mixin.py:109} INFO - [2022-01-30 01:24:16,280] {dag.py:2396} INFO - Sync 1 DAGs
[2022-01-30 01:24:16,308] {logging_mixin.py:109} INFO - [2022-01-30 01:24:16,307] {dag.py:2935} INFO - Setting next_dagrun for data_ingestion_localDB_dag to 2022-01-29T00:00:00+00:00
[2022-01-30 01:24:16,320] {processor.py:171} INFO - Processing /opt/airflow/dags/data_ingestion_localDB_dag.py took 0.109 seconds
[2022-01-30 01:24:46,621] {processor.py:163} INFO - Started process (PID=196) to work on /opt/airflow/dags/data_ingestion_localDB_dag.py
[2022-01-30 01:24:46,623] {processor.py:642} INFO - Processing file /opt/airflow/dags/data_ingestion_localDB_dag.py for tasks to queue
[2022-01-30 01:24:46,624] {logging_mixin.py:109} INFO - [2022-01-30 01:24:46,624] {dagbag.py:500} INFO - Filling up the DagBag from /opt/airflow/dags/data_ingestion_localDB_dag.py
[2022-01-30 01:24:46,675] {processor.py:654} INFO - DAG(s) dict_keys(['data_ingestion_localDB_dag']) retrieved from /opt/airflow/dags/data_ingestion_localDB_dag.py
[2022-01-30 01:24:46,692] {logging_mixin.py:109} INFO - [2022-01-30 01:24:46,692] {dag.py:2396} INFO - Sync 1 DAGs
[2022-01-30 01:24:46,723] {logging_mixin.py:109} INFO - [2022-01-30 01:24:46,723] {dag.py:2935} INFO - Setting next_dagrun for data_ingestion_localDB_dag to 2022-01-29T00:00:00+00:00
[2022-01-30 01:24:46,736] {processor.py:171} INFO - Processing /opt/airflow/dags/data_ingestion_localDB_dag.py took 0.121 seconds
[2022-01-30 01:25:16,766] {processor.py:163} INFO - Started process (PID=243) to work on /opt/airflow/dags/data_ingestion_localDB_dag.py
[2022-01-30 01:25:16,768] {processor.py:642} INFO - Processing file /opt/airflow/dags/data_ingestion_localDB_dag.py for tasks to queue
[2022-01-30 01:25:16,770] {logging_mixin.py:109} INFO - [2022-01-30 01:25:16,769] {dagbag.py:500} INFO - Filling up the DagBag from /opt/airflow/dags/data_ingestion_localDB_dag.py
[2022-01-30 01:25:16,814] {processor.py:654} INFO - DAG(s) dict_keys(['data_ingestion_localDB_dag']) retrieved from /opt/airflow/dags/data_ingestion_localDB_dag.py
[2022-01-30 01:25:16,825] {logging_mixin.py:109} INFO - [2022-01-30 01:25:16,825] {dag.py:2396} INFO - Sync 1 DAGs
[2022-01-30 01:25:16,845] {logging_mixin.py:109} INFO - [2022-01-30 01:25:16,844] {dag.py:2935} INFO - Setting next_dagrun for data_ingestion_localDB_dag to 2022-01-29T00:00:00+00:00
[2022-01-30 01:25:16,854] {processor.py:171} INFO - Processing /opt/airflow/dags/data_ingestion_localDB_dag.py took 0.095 seconds
[2022-01-30 01:25:49,272] {processor.py:163} INFO - Started process (PID=299) to work on /opt/airflow/dags/data_ingestion_localDB_dag.py
[2022-01-30 01:25:49,283] {processor.py:642} INFO - Processing file /opt/airflow/dags/data_ingestion_localDB_dag.py for tasks to queue
[2022-01-30 01:25:49,284] {logging_mixin.py:109} INFO - [2022-01-30 01:25:49,284] {dagbag.py:500} INFO - Filling up the DagBag from /opt/airflow/dags/data_ingestion_localDB_dag.py
[2022-01-30 01:25:49,342] {processor.py:654} INFO - DAG(s) dict_keys(['data_ingestion_localDB_dag']) retrieved from /opt/airflow/dags/data_ingestion_localDB_dag.py
[2022-01-30 01:25:49,356] {logging_mixin.py:109} INFO - [2022-01-30 01:25:49,355] {dag.py:2396} INFO - Sync 1 DAGs
[2022-01-30 01:25:49,391] {logging_mixin.py:109} INFO - [2022-01-30 01:25:49,391] {dag.py:2935} INFO - Setting next_dagrun for data_ingestion_localDB_dag to 2022-01-29T00:00:00+00:00
[2022-01-30 01:25:49,410] {processor.py:171} INFO - Processing /opt/airflow/dags/data_ingestion_localDB_dag.py took 0.149 seconds
[2022-01-30 01:26:20,757] {processor.py:163} INFO - Started process (PID=343) to work on /opt/airflow/dags/data_ingestion_localDB_dag.py
[2022-01-30 01:26:20,758] {processor.py:642} INFO - Processing file /opt/airflow/dags/data_ingestion_localDB_dag.py for tasks to queue
[2022-01-30 01:26:20,759] {logging_mixin.py:109} INFO - [2022-01-30 01:26:20,759] {dagbag.py:500} INFO - Filling up the DagBag from /opt/airflow/dags/data_ingestion_localDB_dag.py
[2022-01-30 01:26:20,795] {processor.py:654} INFO - DAG(s) dict_keys(['data_ingestion_localDB_dag']) retrieved from /opt/airflow/dags/data_ingestion_localDB_dag.py
[2022-01-30 01:26:20,808] {logging_mixin.py:109} INFO - [2022-01-30 01:26:20,808] {dag.py:2396} INFO - Sync 1 DAGs
[2022-01-30 01:26:20,834] {logging_mixin.py:109} INFO - [2022-01-30 01:26:20,834] {dag.py:2935} INFO - Setting next_dagrun for data_ingestion_localDB_dag to 2022-01-29T00:00:00+00:00
[2022-01-30 01:26:20,846] {processor.py:171} INFO - Processing /opt/airflow/dags/data_ingestion_localDB_dag.py took 0.094 seconds
[2022-01-30 01:26:52,413] {processor.py:163} INFO - Started process (PID=399) to work on /opt/airflow/dags/data_ingestion_localDB_dag.py
[2022-01-30 01:26:52,416] {processor.py:642} INFO - Processing file /opt/airflow/dags/data_ingestion_localDB_dag.py for tasks to queue
[2022-01-30 01:26:52,417] {logging_mixin.py:109} INFO - [2022-01-30 01:26:52,416] {dagbag.py:500} INFO - Filling up the DagBag from /opt/airflow/dags/data_ingestion_localDB_dag.py
[2022-01-30 01:26:52,467] {processor.py:654} INFO - DAG(s) dict_keys(['data_ingestion_localDB_dag']) retrieved from /opt/airflow/dags/data_ingestion_localDB_dag.py
[2022-01-30 01:26:52,480] {logging_mixin.py:109} INFO - [2022-01-30 01:26:52,480] {dag.py:2396} INFO - Sync 1 DAGs
[2022-01-30 01:26:52,551] {logging_mixin.py:109} INFO - [2022-01-30 01:26:52,551] {dag.py:2935} INFO - Setting next_dagrun for data_ingestion_localDB_dag to 2022-01-29T00:00:00+00:00
[2022-01-30 01:26:52,579] {processor.py:171} INFO - Processing /opt/airflow/dags/data_ingestion_localDB_dag.py took 0.172 seconds
[2022-01-30 01:27:25,096] {processor.py:163} INFO - Started process (PID=441) to work on /opt/airflow/dags/data_ingestion_localDB_dag.py
[2022-01-30 01:27:25,111] {processor.py:642} INFO - Processing file /opt/airflow/dags/data_ingestion_localDB_dag.py for tasks to queue
[2022-01-30 01:27:25,122] {logging_mixin.py:109} INFO - [2022-01-30 01:27:25,115] {dagbag.py:500} INFO - Filling up the DagBag from /opt/airflow/dags/data_ingestion_localDB_dag.py
[2022-01-30 01:27:25,633] {processor.py:654} INFO - DAG(s) dict_keys(['data_ingestion_localDB_dag']) retrieved from /opt/airflow/dags/data_ingestion_localDB_dag.py
[2022-01-30 01:27:25,798] {logging_mixin.py:109} INFO - [2022-01-30 01:27:25,791] {dag.py:2396} INFO - Sync 1 DAGs
[2022-01-30 01:27:25,975] {logging_mixin.py:109} INFO - [2022-01-30 01:27:25,974] {dag.py:2935} INFO - Setting next_dagrun for data_ingestion_localDB_dag to 2022-01-29T00:00:00+00:00
[2022-01-30 01:27:26,078] {processor.py:171} INFO - Processing /opt/airflow/dags/data_ingestion_localDB_dag.py took 1.003 seconds
[2022-01-30 01:27:56,364] {processor.py:163} INFO - Started process (PID=480) to work on /opt/airflow/dags/data_ingestion_localDB_dag.py
[2022-01-30 01:27:56,366] {processor.py:642} INFO - Processing file /opt/airflow/dags/data_ingestion_localDB_dag.py for tasks to queue
[2022-01-30 01:27:56,367] {logging_mixin.py:109} INFO - [2022-01-30 01:27:56,367] {dagbag.py:500} INFO - Filling up the DagBag from /opt/airflow/dags/data_ingestion_localDB_dag.py
[2022-01-30 01:27:56,411] {processor.py:654} INFO - DAG(s) dict_keys(['data_ingestion_localDB_dag']) retrieved from /opt/airflow/dags/data_ingestion_localDB_dag.py
[2022-01-30 01:27:56,421] {logging_mixin.py:109} INFO - [2022-01-30 01:27:56,421] {dag.py:2396} INFO - Sync 1 DAGs
[2022-01-30 01:27:56,439] {logging_mixin.py:109} INFO - [2022-01-30 01:27:56,439] {dag.py:2935} INFO - Setting next_dagrun for data_ingestion_localDB_dag to 2022-01-29T00:00:00+00:00
[2022-01-30 01:27:56,447] {processor.py:171} INFO - Processing /opt/airflow/dags/data_ingestion_localDB_dag.py took 0.090 seconds
[2022-01-30 01:28:33,783] {processor.py:163} INFO - Started process (PID=537) to work on /opt/airflow/dags/data_ingestion_localDB_dag.py
[2022-01-30 01:28:35,200] {processor.py:642} INFO - Processing file /opt/airflow/dags/data_ingestion_localDB_dag.py for tasks to queue
[2022-01-30 01:28:35,550] {logging_mixin.py:109} INFO - [2022-01-30 01:28:35,550] {dagbag.py:500} INFO - Filling up the DagBag from /opt/airflow/dags/data_ingestion_localDB_dag.py
[2022-01-30 01:28:35,618] {processor.py:654} INFO - DAG(s) dict_keys(['data_ingestion_localDB_dag']) retrieved from /opt/airflow/dags/data_ingestion_localDB_dag.py
[2022-01-30 01:28:35,632] {logging_mixin.py:109} INFO - [2022-01-30 01:28:35,632] {dag.py:2396} INFO - Sync 1 DAGs
[2022-01-30 01:28:35,661] {logging_mixin.py:109} INFO - [2022-01-30 01:28:35,660] {dag.py:2935} INFO - Setting next_dagrun for data_ingestion_localDB_dag to 2022-01-29T00:00:00+00:00
[2022-01-30 01:28:38,729] {processor.py:171} INFO - Processing /opt/airflow/dags/data_ingestion_localDB_dag.py took 4.952 seconds
[2022-01-30 01:29:09,459] {processor.py:163} INFO - Started process (PID=585) to work on /opt/airflow/dags/data_ingestion_localDB_dag.py
[2022-01-30 01:29:09,470] {processor.py:642} INFO - Processing file /opt/airflow/dags/data_ingestion_localDB_dag.py for tasks to queue
[2022-01-30 01:29:09,471] {logging_mixin.py:109} INFO - [2022-01-30 01:29:09,471] {dagbag.py:500} INFO - Filling up the DagBag from /opt/airflow/dags/data_ingestion_localDB_dag.py
[2022-01-30 01:29:09,604] {processor.py:654} INFO - DAG(s) dict_keys(['data_ingestion_localDB_dag']) retrieved from /opt/airflow/dags/data_ingestion_localDB_dag.py
[2022-01-30 01:29:09,636] {logging_mixin.py:109} INFO - [2022-01-30 01:29:09,636] {dag.py:2396} INFO - Sync 1 DAGs
[2022-01-30 01:29:09,695] {logging_mixin.py:109} INFO - [2022-01-30 01:29:09,695] {dag.py:2935} INFO - Setting next_dagrun for data_ingestion_localDB_dag to 2022-01-29T00:00:00+00:00
[2022-01-30 01:29:09,722] {processor.py:171} INFO - Processing /opt/airflow/dags/data_ingestion_localDB_dag.py took 0.270 seconds
[2022-01-30 01:29:40,302] {processor.py:163} INFO - Started process (PID=630) to work on /opt/airflow/dags/data_ingestion_localDB_dag.py
[2022-01-30 01:29:40,303] {processor.py:642} INFO - Processing file /opt/airflow/dags/data_ingestion_localDB_dag.py for tasks to queue
[2022-01-30 01:29:40,304] {logging_mixin.py:109} INFO - [2022-01-30 01:29:40,304] {dagbag.py:500} INFO - Filling up the DagBag from /opt/airflow/dags/data_ingestion_localDB_dag.py
[2022-01-30 01:29:40,340] {processor.py:654} INFO - DAG(s) dict_keys(['data_ingestion_localDB_dag']) retrieved from /opt/airflow/dags/data_ingestion_localDB_dag.py
[2022-01-30 01:29:40,350] {logging_mixin.py:109} INFO - [2022-01-30 01:29:40,350] {dag.py:2396} INFO - Sync 1 DAGs
[2022-01-30 01:29:40,370] {logging_mixin.py:109} INFO - [2022-01-30 01:29:40,370] {dag.py:2935} INFO - Setting next_dagrun for data_ingestion_localDB_dag to 2022-01-29T00:00:00+00:00
[2022-01-30 01:29:40,380] {processor.py:171} INFO - Processing /opt/airflow/dags/data_ingestion_localDB_dag.py took 0.082 seconds
[2022-01-30 01:30:10,535] {processor.py:163} INFO - Started process (PID=675) to work on /opt/airflow/dags/data_ingestion_localDB_dag.py
[2022-01-30 01:30:10,539] {processor.py:642} INFO - Processing file /opt/airflow/dags/data_ingestion_localDB_dag.py for tasks to queue
[2022-01-30 01:30:10,540] {logging_mixin.py:109} INFO - [2022-01-30 01:30:10,540] {dagbag.py:500} INFO - Filling up the DagBag from /opt/airflow/dags/data_ingestion_localDB_dag.py
[2022-01-30 01:30:10,575] {processor.py:654} INFO - DAG(s) dict_keys(['data_ingestion_localDB_dag']) retrieved from /opt/airflow/dags/data_ingestion_localDB_dag.py
[2022-01-30 01:30:10,585] {logging_mixin.py:109} INFO - [2022-01-30 01:30:10,585] {dag.py:2396} INFO - Sync 1 DAGs
[2022-01-30 01:30:10,604] {logging_mixin.py:109} INFO - [2022-01-30 01:30:10,604] {dag.py:2935} INFO - Setting next_dagrun for data_ingestion_localDB_dag to 2022-01-29T00:00:00+00:00
[2022-01-30 01:30:10,613] {processor.py:171} INFO - Processing /opt/airflow/dags/data_ingestion_localDB_dag.py took 0.083 seconds
[2022-01-30 01:30:40,844] {processor.py:163} INFO - Started process (PID=731) to work on /opt/airflow/dags/data_ingestion_localDB_dag.py
[2022-01-30 01:30:40,845] {processor.py:642} INFO - Processing file /opt/airflow/dags/data_ingestion_localDB_dag.py for tasks to queue
[2022-01-30 01:30:40,846] {logging_mixin.py:109} INFO - [2022-01-30 01:30:40,846] {dagbag.py:500} INFO - Filling up the DagBag from /opt/airflow/dags/data_ingestion_localDB_dag.py
[2022-01-30 01:30:40,882] {processor.py:654} INFO - DAG(s) dict_keys(['data_ingestion_localDB_dag']) retrieved from /opt/airflow/dags/data_ingestion_localDB_dag.py
[2022-01-30 01:30:40,892] {logging_mixin.py:109} INFO - [2022-01-30 01:30:40,892] {dag.py:2396} INFO - Sync 1 DAGs
[2022-01-30 01:30:40,911] {logging_mixin.py:109} INFO - [2022-01-30 01:30:40,910] {dag.py:2935} INFO - Setting next_dagrun for data_ingestion_localDB_dag to 2022-01-29T00:00:00+00:00
[2022-01-30 01:30:40,920] {processor.py:171} INFO - Processing /opt/airflow/dags/data_ingestion_localDB_dag.py took 0.081 seconds
[2022-01-30 01:31:11,090] {processor.py:163} INFO - Started process (PID=771) to work on /opt/airflow/dags/data_ingestion_localDB_dag.py
[2022-01-30 01:31:11,093] {processor.py:642} INFO - Processing file /opt/airflow/dags/data_ingestion_localDB_dag.py for tasks to queue
[2022-01-30 01:31:11,094] {logging_mixin.py:109} INFO - [2022-01-30 01:31:11,094] {dagbag.py:500} INFO - Filling up the DagBag from /opt/airflow/dags/data_ingestion_localDB_dag.py
[2022-01-30 01:31:11,145] {processor.py:654} INFO - DAG(s) dict_keys(['data_ingestion_localDB_dag']) retrieved from /opt/airflow/dags/data_ingestion_localDB_dag.py
[2022-01-30 01:31:11,158] {logging_mixin.py:109} INFO - [2022-01-30 01:31:11,158] {dag.py:2396} INFO - Sync 1 DAGs
[2022-01-30 01:31:11,195] {logging_mixin.py:109} INFO - [2022-01-30 01:31:11,195] {dag.py:2935} INFO - Setting next_dagrun for data_ingestion_localDB_dag to 2022-01-29T00:00:00+00:00
[2022-01-30 01:31:11,222] {processor.py:171} INFO - Processing /opt/airflow/dags/data_ingestion_localDB_dag.py took 0.138 seconds
[2022-01-30 01:31:41,425] {processor.py:163} INFO - Started process (PID=831) to work on /opt/airflow/dags/data_ingestion_localDB_dag.py
[2022-01-30 01:31:41,426] {processor.py:642} INFO - Processing file /opt/airflow/dags/data_ingestion_localDB_dag.py for tasks to queue
[2022-01-30 01:31:41,441] {logging_mixin.py:109} INFO - [2022-01-30 01:31:41,427] {dagbag.py:500} INFO - Filling up the DagBag from /opt/airflow/dags/data_ingestion_localDB_dag.py
[2022-01-30 01:31:41,538] {processor.py:654} INFO - DAG(s) dict_keys(['data_ingestion_localDB_dag']) retrieved from /opt/airflow/dags/data_ingestion_localDB_dag.py
[2022-01-30 01:31:41,562] {logging_mixin.py:109} INFO - [2022-01-30 01:31:41,562] {dag.py:2396} INFO - Sync 1 DAGs
[2022-01-30 01:31:41,601] {logging_mixin.py:109} INFO - [2022-01-30 01:31:41,601] {dag.py:2935} INFO - Setting next_dagrun for data_ingestion_localDB_dag to 2022-01-29T00:00:00+00:00
[2022-01-30 01:31:41,630] {processor.py:171} INFO - Processing /opt/airflow/dags/data_ingestion_localDB_dag.py took 0.211 seconds
[2022-01-30 01:32:11,863] {processor.py:163} INFO - Started process (PID=899) to work on /opt/airflow/dags/data_ingestion_localDB_dag.py
[2022-01-30 01:32:12,180] {processor.py:642} INFO - Processing file /opt/airflow/dags/data_ingestion_localDB_dag.py for tasks to queue
[2022-01-30 01:32:12,181] {logging_mixin.py:109} INFO - [2022-01-30 01:32:12,180] {dagbag.py:500} INFO - Filling up the DagBag from /opt/airflow/dags/data_ingestion_localDB_dag.py
[2022-01-30 01:32:12,254] {processor.py:654} INFO - DAG(s) dict_keys(['data_ingestion_localDB_dag']) retrieved from /opt/airflow/dags/data_ingestion_localDB_dag.py
[2022-01-30 01:32:12,268] {logging_mixin.py:109} INFO - [2022-01-30 01:32:12,268] {dag.py:2396} INFO - Sync 1 DAGs
[2022-01-30 01:32:12,315] {logging_mixin.py:109} INFO - [2022-01-30 01:32:12,315] {dag.py:2935} INFO - Setting next_dagrun for data_ingestion_localDB_dag to 2022-01-29T00:00:00+00:00
[2022-01-30 01:32:12,414] {processor.py:171} INFO - Processing /opt/airflow/dags/data_ingestion_localDB_dag.py took 0.555 seconds
[2022-01-30 01:32:42,967] {processor.py:163} INFO - Started process (PID=953) to work on /opt/airflow/dags/data_ingestion_localDB_dag.py
[2022-01-30 01:32:44,351] {processor.py:642} INFO - Processing file /opt/airflow/dags/data_ingestion_localDB_dag.py for tasks to queue
[2022-01-30 01:32:44,352] {logging_mixin.py:109} INFO - [2022-01-30 01:32:44,351] {dagbag.py:500} INFO - Filling up the DagBag from /opt/airflow/dags/data_ingestion_localDB_dag.py
[2022-01-30 01:32:44,387] {processor.py:654} INFO - DAG(s) dict_keys(['data_ingestion_localDB_dag']) retrieved from /opt/airflow/dags/data_ingestion_localDB_dag.py
[2022-01-30 01:32:44,398] {logging_mixin.py:109} INFO - [2022-01-30 01:32:44,398] {dag.py:2396} INFO - Sync 1 DAGs
[2022-01-30 01:32:44,419] {logging_mixin.py:109} INFO - [2022-01-30 01:32:44,419] {dag.py:2935} INFO - Setting next_dagrun for data_ingestion_localDB_dag to 2022-01-29T00:00:00+00:00
[2022-01-30 01:32:48,021] {processor.py:171} INFO - Processing /opt/airflow/dags/data_ingestion_localDB_dag.py took 5.060 seconds
[2022-01-30 01:33:18,689] {processor.py:163} INFO - Started process (PID=1007) to work on /opt/airflow/dags/data_ingestion_localDB_dag.py
[2022-01-30 01:33:19,035] {processor.py:642} INFO - Processing file /opt/airflow/dags/data_ingestion_localDB_dag.py for tasks to queue
[2022-01-30 01:33:19,036] {logging_mixin.py:109} INFO - [2022-01-30 01:33:19,036] {dagbag.py:500} INFO - Filling up the DagBag from /opt/airflow/dags/data_ingestion_localDB_dag.py
[2022-01-30 01:33:19,161] {processor.py:654} INFO - DAG(s) dict_keys(['data_ingestion_localDB_dag']) retrieved from /opt/airflow/dags/data_ingestion_localDB_dag.py
[2022-01-30 01:33:19,742] {logging_mixin.py:109} INFO - [2022-01-30 01:33:19,742] {dag.py:2396} INFO - Sync 1 DAGs
[2022-01-30 01:33:19,774] {logging_mixin.py:109} INFO - [2022-01-30 01:33:19,774] {dag.py:2935} INFO - Setting next_dagrun for data_ingestion_localDB_dag to 2022-01-29T00:00:00+00:00
[2022-01-30 01:33:22,533] {processor.py:171} INFO - Processing /opt/airflow/dags/data_ingestion_localDB_dag.py took 3.849 seconds
