[2022-01-30 01:11:59,402] {processor.py:163} INFO - Started process (PID=62) to work on /opt/airflow/dags/data_ingestion_gcs_dag_fhv.py
[2022-01-30 01:11:59,404] {processor.py:642} INFO - Processing file /opt/airflow/dags/data_ingestion_gcs_dag_fhv.py for tasks to queue
[2022-01-30 01:11:59,405] {logging_mixin.py:109} INFO - [2022-01-30 01:11:59,405] {dagbag.py:500} INFO - Filling up the DagBag from /opt/airflow/dags/data_ingestion_gcs_dag_fhv.py
[2022-01-30 01:12:01,298] {processor.py:654} INFO - DAG(s) dict_keys(['data_ingestion_gcs_dag']) retrieved from /opt/airflow/dags/data_ingestion_gcs_dag_fhv.py
[2022-01-30 01:12:01,306] {logging_mixin.py:109} INFO - [2022-01-30 01:12:01,305] {dag.py:2396} INFO - Sync 1 DAGs
[2022-01-30 01:12:01,336] {logging_mixin.py:109} INFO - [2022-01-30 01:12:01,336] {dag.py:2935} INFO - Setting next_dagrun for data_ingestion_gcs_dag to 2022-01-29T00:00:00+00:00
[2022-01-30 01:12:01,361] {processor.py:171} INFO - Processing /opt/airflow/dags/data_ingestion_gcs_dag_fhv.py took 1.973 seconds
[2022-01-30 01:12:31,865] {processor.py:163} INFO - Started process (PID=109) to work on /opt/airflow/dags/data_ingestion_gcs_dag_fhv.py
[2022-01-30 01:12:31,867] {processor.py:642} INFO - Processing file /opt/airflow/dags/data_ingestion_gcs_dag_fhv.py for tasks to queue
[2022-01-30 01:12:31,868] {logging_mixin.py:109} INFO - [2022-01-30 01:12:31,868] {dagbag.py:500} INFO - Filling up the DagBag from /opt/airflow/dags/data_ingestion_gcs_dag_fhv.py
[2022-01-30 01:12:33,040] {processor.py:654} INFO - DAG(s) dict_keys(['data_ingestion_gcs_dag']) retrieved from /opt/airflow/dags/data_ingestion_gcs_dag_fhv.py
[2022-01-30 01:12:33,288] {logging_mixin.py:109} INFO - [2022-01-30 01:12:33,288] {dag.py:2396} INFO - Sync 1 DAGs
[2022-01-30 01:12:33,312] {logging_mixin.py:109} INFO - [2022-01-30 01:12:33,311] {dag.py:2935} INFO - Setting next_dagrun for data_ingestion_gcs_dag to 2022-01-29T00:00:00+00:00
[2022-01-30 01:12:33,330] {processor.py:171} INFO - Processing /opt/airflow/dags/data_ingestion_gcs_dag_fhv.py took 1.471 seconds
[2022-01-30 01:13:03,930] {processor.py:163} INFO - Started process (PID=158) to work on /opt/airflow/dags/data_ingestion_gcs_dag_fhv.py
[2022-01-30 01:13:03,931] {processor.py:642} INFO - Processing file /opt/airflow/dags/data_ingestion_gcs_dag_fhv.py for tasks to queue
[2022-01-30 01:13:03,932] {logging_mixin.py:109} INFO - [2022-01-30 01:13:03,932] {dagbag.py:500} INFO - Filling up the DagBag from /opt/airflow/dags/data_ingestion_gcs_dag_fhv.py
[2022-01-30 01:13:04,806] {processor.py:654} INFO - DAG(s) dict_keys(['data_ingestion_gcs_dag']) retrieved from /opt/airflow/dags/data_ingestion_gcs_dag_fhv.py
[2022-01-30 01:13:04,818] {logging_mixin.py:109} INFO - [2022-01-30 01:13:04,817] {dag.py:2396} INFO - Sync 1 DAGs
[2022-01-30 01:13:04,834] {logging_mixin.py:109} INFO - [2022-01-30 01:13:04,834] {dag.py:2935} INFO - Setting next_dagrun for data_ingestion_gcs_dag to 2022-01-29T00:00:00+00:00
[2022-01-30 01:13:04,843] {processor.py:171} INFO - Processing /opt/airflow/dags/data_ingestion_gcs_dag_fhv.py took 0.918 seconds
[2022-01-30 01:13:35,368] {processor.py:163} INFO - Started process (PID=208) to work on /opt/airflow/dags/data_ingestion_gcs_dag_fhv.py
[2022-01-30 01:13:35,370] {processor.py:642} INFO - Processing file /opt/airflow/dags/data_ingestion_gcs_dag_fhv.py for tasks to queue
[2022-01-30 01:13:35,371] {logging_mixin.py:109} INFO - [2022-01-30 01:13:35,371] {dagbag.py:500} INFO - Filling up the DagBag from /opt/airflow/dags/data_ingestion_gcs_dag_fhv.py
[2022-01-30 01:13:36,605] {processor.py:654} INFO - DAG(s) dict_keys(['data_ingestion_gcs_dag']) retrieved from /opt/airflow/dags/data_ingestion_gcs_dag_fhv.py
[2022-01-30 01:13:36,610] {logging_mixin.py:109} INFO - [2022-01-30 01:13:36,610] {dag.py:2396} INFO - Sync 1 DAGs
[2022-01-30 01:13:36,635] {logging_mixin.py:109} INFO - [2022-01-30 01:13:36,635] {dag.py:2935} INFO - Setting next_dagrun for data_ingestion_gcs_dag to 2022-01-29T00:00:00+00:00
[2022-01-30 01:13:36,646] {processor.py:171} INFO - Processing /opt/airflow/dags/data_ingestion_gcs_dag_fhv.py took 1.283 seconds
[2022-01-30 01:14:06,700] {processor.py:163} INFO - Started process (PID=248) to work on /opt/airflow/dags/data_ingestion_gcs_dag_fhv.py
[2022-01-30 01:14:06,705] {processor.py:642} INFO - Processing file /opt/airflow/dags/data_ingestion_gcs_dag_fhv.py for tasks to queue
[2022-01-30 01:14:06,706] {logging_mixin.py:109} INFO - [2022-01-30 01:14:06,706] {dagbag.py:500} INFO - Filling up the DagBag from /opt/airflow/dags/data_ingestion_gcs_dag_fhv.py
[2022-01-30 01:14:07,973] {processor.py:654} INFO - DAG(s) dict_keys(['data_ingestion_gcs_dag']) retrieved from /opt/airflow/dags/data_ingestion_gcs_dag_fhv.py
[2022-01-30 01:14:08,349] {logging_mixin.py:109} INFO - [2022-01-30 01:14:08,349] {dag.py:2396} INFO - Sync 1 DAGs
[2022-01-30 01:14:08,420] {processor.py:171} INFO - Processing /opt/airflow/dags/data_ingestion_gcs_dag_fhv.py took 1.726 seconds
[2022-01-30 01:14:38,524] {processor.py:163} INFO - Started process (PID=298) to work on /opt/airflow/dags/data_ingestion_gcs_dag_fhv.py
[2022-01-30 01:14:38,527] {processor.py:642} INFO - Processing file /opt/airflow/dags/data_ingestion_gcs_dag_fhv.py for tasks to queue
[2022-01-30 01:14:38,528] {logging_mixin.py:109} INFO - [2022-01-30 01:14:38,527] {dagbag.py:500} INFO - Filling up the DagBag from /opt/airflow/dags/data_ingestion_gcs_dag_fhv.py
[2022-01-30 01:14:39,827] {processor.py:654} INFO - DAG(s) dict_keys(['data_ingestion_gcs_dag']) retrieved from /opt/airflow/dags/data_ingestion_gcs_dag_fhv.py
[2022-01-30 01:14:39,846] {logging_mixin.py:109} INFO - [2022-01-30 01:14:39,844] {dag.py:2396} INFO - Sync 1 DAGs
[2022-01-30 01:14:39,878] {processor.py:171} INFO - Processing /opt/airflow/dags/data_ingestion_gcs_dag_fhv.py took 1.361 seconds
[2022-01-30 01:15:10,363] {processor.py:163} INFO - Started process (PID=348) to work on /opt/airflow/dags/data_ingestion_gcs_dag_fhv.py
[2022-01-30 01:15:10,365] {processor.py:642} INFO - Processing file /opt/airflow/dags/data_ingestion_gcs_dag_fhv.py for tasks to queue
[2022-01-30 01:15:10,366] {logging_mixin.py:109} INFO - [2022-01-30 01:15:10,365] {dagbag.py:500} INFO - Filling up the DagBag from /opt/airflow/dags/data_ingestion_gcs_dag_fhv.py
[2022-01-30 01:15:11,248] {processor.py:654} INFO - DAG(s) dict_keys(['data_ingestion_gcs_dag']) retrieved from /opt/airflow/dags/data_ingestion_gcs_dag_fhv.py
[2022-01-30 01:15:11,253] {logging_mixin.py:109} INFO - [2022-01-30 01:15:11,252] {dag.py:2396} INFO - Sync 1 DAGs
[2022-01-30 01:15:11,280] {processor.py:171} INFO - Processing /opt/airflow/dags/data_ingestion_gcs_dag_fhv.py took 0.923 seconds
[2022-01-30 01:15:41,669] {processor.py:163} INFO - Started process (PID=400) to work on /opt/airflow/dags/data_ingestion_gcs_dag_fhv.py
[2022-01-30 01:15:41,671] {processor.py:642} INFO - Processing file /opt/airflow/dags/data_ingestion_gcs_dag_fhv.py for tasks to queue
[2022-01-30 01:15:41,672] {logging_mixin.py:109} INFO - [2022-01-30 01:15:41,672] {dagbag.py:500} INFO - Filling up the DagBag from /opt/airflow/dags/data_ingestion_gcs_dag_fhv.py
[2022-01-30 01:15:42,871] {processor.py:654} INFO - DAG(s) dict_keys(['data_ingestion_gcs_dag']) retrieved from /opt/airflow/dags/data_ingestion_gcs_dag_fhv.py
[2022-01-30 01:15:43,109] {logging_mixin.py:109} INFO - [2022-01-30 01:15:43,109] {dag.py:2396} INFO - Sync 1 DAGs
[2022-01-30 01:15:43,135] {processor.py:171} INFO - Processing /opt/airflow/dags/data_ingestion_gcs_dag_fhv.py took 1.472 seconds
[2022-01-30 01:16:13,230] {processor.py:163} INFO - Started process (PID=443) to work on /opt/airflow/dags/data_ingestion_gcs_dag_fhv.py
[2022-01-30 01:16:13,232] {processor.py:642} INFO - Processing file /opt/airflow/dags/data_ingestion_gcs_dag_fhv.py for tasks to queue
[2022-01-30 01:16:13,234] {logging_mixin.py:109} INFO - [2022-01-30 01:16:13,233] {dagbag.py:500} INFO - Filling up the DagBag from /opt/airflow/dags/data_ingestion_gcs_dag_fhv.py
[2022-01-30 01:16:14,130] {processor.py:654} INFO - DAG(s) dict_keys(['data_ingestion_gcs_dag']) retrieved from /opt/airflow/dags/data_ingestion_gcs_dag_fhv.py
[2022-01-30 01:16:14,141] {logging_mixin.py:109} INFO - [2022-01-30 01:16:14,140] {dag.py:2396} INFO - Sync 1 DAGs
[2022-01-30 01:16:14,169] {processor.py:171} INFO - Processing /opt/airflow/dags/data_ingestion_gcs_dag_fhv.py took 0.944 seconds
[2022-01-30 01:16:44,489] {processor.py:163} INFO - Started process (PID=498) to work on /opt/airflow/dags/data_ingestion_gcs_dag_fhv.py
[2022-01-30 01:16:44,490] {processor.py:642} INFO - Processing file /opt/airflow/dags/data_ingestion_gcs_dag_fhv.py for tasks to queue
[2022-01-30 01:16:44,491] {logging_mixin.py:109} INFO - [2022-01-30 01:16:44,491] {dagbag.py:500} INFO - Filling up the DagBag from /opt/airflow/dags/data_ingestion_gcs_dag_fhv.py
[2022-01-30 01:16:45,827] {processor.py:654} INFO - DAG(s) dict_keys(['data_ingestion_gcs_dag']) retrieved from /opt/airflow/dags/data_ingestion_gcs_dag_fhv.py
[2022-01-30 01:16:45,832] {logging_mixin.py:109} INFO - [2022-01-30 01:16:45,832] {dag.py:2396} INFO - Sync 1 DAGs
[2022-01-30 01:16:45,869] {processor.py:171} INFO - Processing /opt/airflow/dags/data_ingestion_gcs_dag_fhv.py took 1.386 seconds
[2022-01-30 01:16:49,925] {processor.py:163} INFO - Started process (PID=508) to work on /opt/airflow/dags/data_ingestion_gcs_dag_fhv.py
[2022-01-30 01:16:49,926] {processor.py:642} INFO - Processing file /opt/airflow/dags/data_ingestion_gcs_dag_fhv.py for tasks to queue
[2022-01-30 01:16:49,927] {logging_mixin.py:109} INFO - [2022-01-30 01:16:49,926] {dagbag.py:500} INFO - Filling up the DagBag from /opt/airflow/dags/data_ingestion_gcs_dag_fhv.py
[2022-01-30 01:16:50,769] {processor.py:690} INFO - Deactivated 1 DAGs which are no longer present in /opt/airflow/dags/data_ingestion_gcs_dag_fhv.py
[2022-01-30 01:16:50,770] {processor.py:654} INFO - DAG(s) dict_keys(['data_ingestion_gcs_dag_']) retrieved from /opt/airflow/dags/data_ingestion_gcs_dag_fhv.py
[2022-01-30 01:16:51,940] {logging_mixin.py:109} INFO - [2022-01-30 01:16:51,940] {manager.py:496} INFO - Created Permission View: can read on DAG:data_ingestion_gcs_dag_
[2022-01-30 01:16:51,948] {logging_mixin.py:109} INFO - [2022-01-30 01:16:51,948] {manager.py:496} INFO - Created Permission View: can edit on DAG:data_ingestion_gcs_dag_
[2022-01-30 01:16:51,948] {logging_mixin.py:109} INFO - [2022-01-30 01:16:51,948] {dag.py:2396} INFO - Sync 1 DAGs
[2022-01-30 01:16:51,955] {logging_mixin.py:109} INFO - [2022-01-30 01:16:51,955] {dag.py:2415} INFO - Creating ORM DAG for data_ingestion_gcs_dag_
[2022-01-30 01:16:51,962] {logging_mixin.py:109} INFO - [2022-01-30 01:16:51,962] {dag.py:2935} INFO - Setting next_dagrun for data_ingestion_gcs_dag_ to 2022-01-29T00:00:00+00:00
[2022-01-30 01:16:51,974] {processor.py:171} INFO - Processing /opt/airflow/dags/data_ingestion_gcs_dag_fhv.py took 2.054 seconds
[2022-01-30 01:16:52,938] {processor.py:163} INFO - Started process (PID=513) to work on /opt/airflow/dags/data_ingestion_gcs_dag_fhv.py
[2022-01-30 01:16:52,939] {processor.py:642} INFO - Processing file /opt/airflow/dags/data_ingestion_gcs_dag_fhv.py for tasks to queue
[2022-01-30 01:16:52,940] {logging_mixin.py:109} INFO - [2022-01-30 01:16:52,940] {dagbag.py:500} INFO - Filling up the DagBag from /opt/airflow/dags/data_ingestion_gcs_dag_fhv.py
[2022-01-30 01:16:53,822] {processor.py:690} INFO - Deactivated 1 DAGs which are no longer present in /opt/airflow/dags/data_ingestion_gcs_dag_fhv.py
[2022-01-30 01:16:53,822] {processor.py:654} INFO - DAG(s) dict_keys(['data_ingestion_gcs_dag_fhv']) retrieved from /opt/airflow/dags/data_ingestion_gcs_dag_fhv.py
[2022-01-30 01:16:54,927] {logging_mixin.py:109} INFO - [2022-01-30 01:16:54,927] {manager.py:496} INFO - Created Permission View: can read on DAG:data_ingestion_gcs_dag_fhv
[2022-01-30 01:16:54,936] {logging_mixin.py:109} INFO - [2022-01-30 01:16:54,935] {manager.py:496} INFO - Created Permission View: can edit on DAG:data_ingestion_gcs_dag_fhv
[2022-01-30 01:16:54,936] {logging_mixin.py:109} INFO - [2022-01-30 01:16:54,936] {dag.py:2396} INFO - Sync 1 DAGs
[2022-01-30 01:16:54,943] {logging_mixin.py:109} INFO - [2022-01-30 01:16:54,943] {dag.py:2415} INFO - Creating ORM DAG for data_ingestion_gcs_dag_fhv
[2022-01-30 01:16:54,951] {logging_mixin.py:109} INFO - [2022-01-30 01:16:54,951] {dag.py:2935} INFO - Setting next_dagrun for data_ingestion_gcs_dag_fhv to 2022-01-29T00:00:00+00:00
[2022-01-30 01:16:54,965] {processor.py:171} INFO - Processing /opt/airflow/dags/data_ingestion_gcs_dag_fhv.py took 2.032 seconds
[2022-01-30 01:17:25,475] {processor.py:163} INFO - Started process (PID=567) to work on /opt/airflow/dags/data_ingestion_gcs_dag_fhv.py
[2022-01-30 01:17:25,478] {processor.py:642} INFO - Processing file /opt/airflow/dags/data_ingestion_gcs_dag_fhv.py for tasks to queue
[2022-01-30 01:17:25,479] {logging_mixin.py:109} INFO - [2022-01-30 01:17:25,479] {dagbag.py:500} INFO - Filling up the DagBag from /opt/airflow/dags/data_ingestion_gcs_dag_fhv.py
[2022-01-30 01:17:26,543] {processor.py:654} INFO - DAG(s) dict_keys(['data_ingestion_gcs_dag_fhv']) retrieved from /opt/airflow/dags/data_ingestion_gcs_dag_fhv.py
[2022-01-30 01:17:26,557] {logging_mixin.py:109} INFO - [2022-01-30 01:17:26,556] {dag.py:2396} INFO - Sync 1 DAGs
[2022-01-30 01:17:26,576] {logging_mixin.py:109} INFO - [2022-01-30 01:17:26,575] {dag.py:2935} INFO - Setting next_dagrun for data_ingestion_gcs_dag_fhv to 2022-01-29T00:00:00+00:00
[2022-01-30 01:17:26,586] {processor.py:171} INFO - Processing /opt/airflow/dags/data_ingestion_gcs_dag_fhv.py took 1.120 seconds
[2022-01-30 01:17:56,734] {processor.py:163} INFO - Started process (PID=607) to work on /opt/airflow/dags/data_ingestion_gcs_dag_fhv.py
[2022-01-30 01:17:56,738] {processor.py:642} INFO - Processing file /opt/airflow/dags/data_ingestion_gcs_dag_fhv.py for tasks to queue
[2022-01-30 01:17:56,739] {logging_mixin.py:109} INFO - [2022-01-30 01:17:56,738] {dagbag.py:500} INFO - Filling up the DagBag from /opt/airflow/dags/data_ingestion_gcs_dag_fhv.py
[2022-01-30 01:17:57,658] {processor.py:654} INFO - DAG(s) dict_keys(['data_ingestion_gcs_dag_fhv']) retrieved from /opt/airflow/dags/data_ingestion_gcs_dag_fhv.py
[2022-01-30 01:17:57,686] {logging_mixin.py:109} INFO - [2022-01-30 01:17:57,686] {dag.py:2396} INFO - Sync 1 DAGs
[2022-01-30 01:17:57,705] {logging_mixin.py:109} INFO - [2022-01-30 01:17:57,704] {dag.py:2935} INFO - Setting next_dagrun for data_ingestion_gcs_dag_fhv to 2022-01-29T00:00:00+00:00
[2022-01-30 01:17:57,875] {processor.py:171} INFO - Processing /opt/airflow/dags/data_ingestion_gcs_dag_fhv.py took 1.149 seconds
[2022-01-30 01:18:28,074] {processor.py:163} INFO - Started process (PID=647) to work on /opt/airflow/dags/data_ingestion_gcs_dag_fhv.py
[2022-01-30 01:18:28,076] {processor.py:642} INFO - Processing file /opt/airflow/dags/data_ingestion_gcs_dag_fhv.py for tasks to queue
[2022-01-30 01:18:28,076] {logging_mixin.py:109} INFO - [2022-01-30 01:18:28,076] {dagbag.py:500} INFO - Filling up the DagBag from /opt/airflow/dags/data_ingestion_gcs_dag_fhv.py
[2022-01-30 01:18:28,988] {processor.py:654} INFO - DAG(s) dict_keys(['data_ingestion_gcs_dag_fhv']) retrieved from /opt/airflow/dags/data_ingestion_gcs_dag_fhv.py
[2022-01-30 01:18:28,998] {logging_mixin.py:109} INFO - [2022-01-30 01:18:28,997] {dag.py:2396} INFO - Sync 1 DAGs
[2022-01-30 01:18:29,013] {logging_mixin.py:109} INFO - [2022-01-30 01:18:29,013] {dag.py:2935} INFO - Setting next_dagrun for data_ingestion_gcs_dag_fhv to 2022-01-29T00:00:00+00:00
[2022-01-30 01:18:29,023] {processor.py:171} INFO - Processing /opt/airflow/dags/data_ingestion_gcs_dag_fhv.py took 0.954 seconds
[2022-01-30 01:18:59,204] {processor.py:163} INFO - Started process (PID=698) to work on /opt/airflow/dags/data_ingestion_gcs_dag_fhv.py
[2022-01-30 01:18:59,208] {processor.py:642} INFO - Processing file /opt/airflow/dags/data_ingestion_gcs_dag_fhv.py for tasks to queue
[2022-01-30 01:18:59,209] {logging_mixin.py:109} INFO - [2022-01-30 01:18:59,209] {dagbag.py:500} INFO - Filling up the DagBag from /opt/airflow/dags/data_ingestion_gcs_dag_fhv.py
[2022-01-30 01:19:00,457] {processor.py:654} INFO - DAG(s) dict_keys(['data_ingestion_gcs_dag_fhv']) retrieved from /opt/airflow/dags/data_ingestion_gcs_dag_fhv.py
[2022-01-30 01:19:00,471] {logging_mixin.py:109} INFO - [2022-01-30 01:19:00,470] {dag.py:2396} INFO - Sync 1 DAGs
[2022-01-30 01:19:00,493] {logging_mixin.py:109} INFO - [2022-01-30 01:19:00,493] {dag.py:2935} INFO - Setting next_dagrun for data_ingestion_gcs_dag_fhv to 2022-01-29T00:00:00+00:00
[2022-01-30 01:19:00,505] {processor.py:171} INFO - Processing /opt/airflow/dags/data_ingestion_gcs_dag_fhv.py took 1.307 seconds
[2022-01-30 01:19:30,602] {processor.py:163} INFO - Started process (PID=739) to work on /opt/airflow/dags/data_ingestion_gcs_dag_fhv.py
[2022-01-30 01:19:30,605] {processor.py:642} INFO - Processing file /opt/airflow/dags/data_ingestion_gcs_dag_fhv.py for tasks to queue
[2022-01-30 01:19:30,605] {logging_mixin.py:109} INFO - [2022-01-30 01:19:30,605] {dagbag.py:500} INFO - Filling up the DagBag from /opt/airflow/dags/data_ingestion_gcs_dag_fhv.py
[2022-01-30 01:19:31,540] {processor.py:654} INFO - DAG(s) dict_keys(['data_ingestion_gcs_dag_fhv']) retrieved from /opt/airflow/dags/data_ingestion_gcs_dag_fhv.py
[2022-01-30 01:19:31,550] {logging_mixin.py:109} INFO - [2022-01-30 01:19:31,549] {dag.py:2396} INFO - Sync 1 DAGs
[2022-01-30 01:19:31,565] {logging_mixin.py:109} INFO - [2022-01-30 01:19:31,565] {dag.py:2935} INFO - Setting next_dagrun for data_ingestion_gcs_dag_fhv to 2022-01-29T00:00:00+00:00
[2022-01-30 01:19:31,576] {processor.py:171} INFO - Processing /opt/airflow/dags/data_ingestion_gcs_dag_fhv.py took 0.978 seconds
[2022-01-30 01:20:01,804] {processor.py:163} INFO - Started process (PID=789) to work on /opt/airflow/dags/data_ingestion_gcs_dag_fhv.py
[2022-01-30 01:20:01,805] {processor.py:642} INFO - Processing file /opt/airflow/dags/data_ingestion_gcs_dag_fhv.py for tasks to queue
[2022-01-30 01:20:01,806] {logging_mixin.py:109} INFO - [2022-01-30 01:20:01,806] {dagbag.py:500} INFO - Filling up the DagBag from /opt/airflow/dags/data_ingestion_gcs_dag_fhv.py
[2022-01-30 01:20:02,750] {processor.py:654} INFO - DAG(s) dict_keys(['data_ingestion_gcs_dag_fhv']) retrieved from /opt/airflow/dags/data_ingestion_gcs_dag_fhv.py
[2022-01-30 01:20:02,764] {logging_mixin.py:109} INFO - [2022-01-30 01:20:02,764] {dag.py:2396} INFO - Sync 1 DAGs
[2022-01-30 01:20:02,788] {logging_mixin.py:109} INFO - [2022-01-30 01:20:02,787] {dag.py:2935} INFO - Setting next_dagrun for data_ingestion_gcs_dag_fhv to 2022-01-29T00:00:00+00:00
[2022-01-30 01:20:02,802] {processor.py:171} INFO - Processing /opt/airflow/dags/data_ingestion_gcs_dag_fhv.py took 1.002 seconds
[2022-01-30 01:20:32,865] {processor.py:163} INFO - Started process (PID=831) to work on /opt/airflow/dags/data_ingestion_gcs_dag_fhv.py
[2022-01-30 01:20:32,869] {processor.py:642} INFO - Processing file /opt/airflow/dags/data_ingestion_gcs_dag_fhv.py for tasks to queue
[2022-01-30 01:20:32,870] {logging_mixin.py:109} INFO - [2022-01-30 01:20:32,870] {dagbag.py:500} INFO - Filling up the DagBag from /opt/airflow/dags/data_ingestion_gcs_dag_fhv.py
[2022-01-30 01:20:33,825] {processor.py:654} INFO - DAG(s) dict_keys(['data_ingestion_gcs_dag_fhv']) retrieved from /opt/airflow/dags/data_ingestion_gcs_dag_fhv.py
[2022-01-30 01:20:33,834] {logging_mixin.py:109} INFO - [2022-01-30 01:20:33,834] {dag.py:2396} INFO - Sync 1 DAGs
[2022-01-30 01:20:33,849] {logging_mixin.py:109} INFO - [2022-01-30 01:20:33,849] {dag.py:2935} INFO - Setting next_dagrun for data_ingestion_gcs_dag_fhv to 2022-01-29T00:00:00+00:00
[2022-01-30 01:20:33,858] {processor.py:171} INFO - Processing /opt/airflow/dags/data_ingestion_gcs_dag_fhv.py took 0.998 seconds
[2022-01-30 01:21:04,035] {processor.py:163} INFO - Started process (PID=883) to work on /opt/airflow/dags/data_ingestion_gcs_dag_fhv.py
[2022-01-30 01:21:04,037] {processor.py:642} INFO - Processing file /opt/airflow/dags/data_ingestion_gcs_dag_fhv.py for tasks to queue
[2022-01-30 01:21:04,038] {logging_mixin.py:109} INFO - [2022-01-30 01:21:04,038] {dagbag.py:500} INFO - Filling up the DagBag from /opt/airflow/dags/data_ingestion_gcs_dag_fhv.py
[2022-01-30 01:21:04,947] {processor.py:654} INFO - DAG(s) dict_keys(['data_ingestion_gcs_dag_fhv']) retrieved from /opt/airflow/dags/data_ingestion_gcs_dag_fhv.py
[2022-01-30 01:21:04,956] {logging_mixin.py:109} INFO - [2022-01-30 01:21:04,955] {dag.py:2396} INFO - Sync 1 DAGs
[2022-01-30 01:21:04,970] {logging_mixin.py:109} INFO - [2022-01-30 01:21:04,969] {dag.py:2935} INFO - Setting next_dagrun for data_ingestion_gcs_dag_fhv to 2022-01-29T00:00:00+00:00
[2022-01-30 01:21:04,978] {processor.py:171} INFO - Processing /opt/airflow/dags/data_ingestion_gcs_dag_fhv.py took 0.948 seconds
[2022-01-30 01:23:04,757] {processor.py:163} INFO - Started process (PID=40) to work on /opt/airflow/dags/data_ingestion_gcs_dag_fhv.py
[2022-01-30 01:23:04,761] {processor.py:642} INFO - Processing file /opt/airflow/dags/data_ingestion_gcs_dag_fhv.py for tasks to queue
[2022-01-30 01:23:04,762] {logging_mixin.py:109} INFO - [2022-01-30 01:23:04,762] {dagbag.py:500} INFO - Filling up the DagBag from /opt/airflow/dags/data_ingestion_gcs_dag_fhv.py
[2022-01-30 01:23:08,442] {processor.py:654} INFO - DAG(s) dict_keys(['data_ingestion_gcs_dag_fhv']) retrieved from /opt/airflow/dags/data_ingestion_gcs_dag_fhv.py
[2022-01-30 01:23:10,301] {logging_mixin.py:109} INFO - [2022-01-30 01:23:10,300] {dag.py:2396} INFO - Sync 1 DAGs
[2022-01-30 01:23:10,365] {logging_mixin.py:109} INFO - [2022-01-30 01:23:10,364] {dag.py:2935} INFO - Setting next_dagrun for data_ingestion_gcs_dag_fhv to 2022-01-29T00:00:00+00:00
[2022-01-30 01:23:10,399] {processor.py:171} INFO - Processing /opt/airflow/dags/data_ingestion_gcs_dag_fhv.py took 5.648 seconds
[2022-01-30 01:23:40,569] {processor.py:163} INFO - Started process (PID=94) to work on /opt/airflow/dags/data_ingestion_gcs_dag_fhv.py
[2022-01-30 01:23:40,572] {processor.py:642} INFO - Processing file /opt/airflow/dags/data_ingestion_gcs_dag_fhv.py for tasks to queue
[2022-01-30 01:23:40,573] {logging_mixin.py:109} INFO - [2022-01-30 01:23:40,573] {dagbag.py:500} INFO - Filling up the DagBag from /opt/airflow/dags/data_ingestion_gcs_dag_fhv.py
[2022-01-30 01:23:41,926] {processor.py:654} INFO - DAG(s) dict_keys(['data_ingestion_gcs_dag_fhv']) retrieved from /opt/airflow/dags/data_ingestion_gcs_dag_fhv.py
[2022-01-30 01:23:41,938] {logging_mixin.py:109} INFO - [2022-01-30 01:23:41,938] {dag.py:2396} INFO - Sync 1 DAGs
[2022-01-30 01:23:41,961] {logging_mixin.py:109} INFO - [2022-01-30 01:23:41,961] {dag.py:2935} INFO - Setting next_dagrun for data_ingestion_gcs_dag_fhv to 2022-01-29T00:00:00+00:00
[2022-01-30 01:23:41,972] {processor.py:171} INFO - Processing /opt/airflow/dags/data_ingestion_gcs_dag_fhv.py took 1.409 seconds
[2022-01-30 01:24:12,272] {processor.py:163} INFO - Started process (PID=143) to work on /opt/airflow/dags/data_ingestion_gcs_dag_fhv.py
[2022-01-30 01:24:12,274] {processor.py:642} INFO - Processing file /opt/airflow/dags/data_ingestion_gcs_dag_fhv.py for tasks to queue
[2022-01-30 01:24:12,274] {logging_mixin.py:109} INFO - [2022-01-30 01:24:12,274] {dagbag.py:500} INFO - Filling up the DagBag from /opt/airflow/dags/data_ingestion_gcs_dag_fhv.py
[2022-01-30 01:24:13,142] {processor.py:654} INFO - DAG(s) dict_keys(['data_ingestion_gcs_dag_fhv']) retrieved from /opt/airflow/dags/data_ingestion_gcs_dag_fhv.py
[2022-01-30 01:24:13,151] {logging_mixin.py:109} INFO - [2022-01-30 01:24:13,151] {dag.py:2396} INFO - Sync 1 DAGs
[2022-01-30 01:24:13,167] {logging_mixin.py:109} INFO - [2022-01-30 01:24:13,166] {dag.py:2935} INFO - Setting next_dagrun for data_ingestion_gcs_dag_fhv to 2022-01-29T00:00:00+00:00
[2022-01-30 01:24:13,177] {processor.py:171} INFO - Processing /opt/airflow/dags/data_ingestion_gcs_dag_fhv.py took 0.909 seconds
[2022-01-30 01:24:44,199] {processor.py:163} INFO - Started process (PID=187) to work on /opt/airflow/dags/data_ingestion_gcs_dag_fhv.py
[2022-01-30 01:24:44,204] {processor.py:642} INFO - Processing file /opt/airflow/dags/data_ingestion_gcs_dag_fhv.py for tasks to queue
[2022-01-30 01:24:44,205] {logging_mixin.py:109} INFO - [2022-01-30 01:24:44,205] {dagbag.py:500} INFO - Filling up the DagBag from /opt/airflow/dags/data_ingestion_gcs_dag_fhv.py
[2022-01-30 01:24:45,519] {processor.py:654} INFO - DAG(s) dict_keys(['data_ingestion_gcs_dag_fhv']) retrieved from /opt/airflow/dags/data_ingestion_gcs_dag_fhv.py
[2022-01-30 01:24:45,532] {logging_mixin.py:109} INFO - [2022-01-30 01:24:45,532] {dag.py:2396} INFO - Sync 1 DAGs
[2022-01-30 01:24:45,557] {logging_mixin.py:109} INFO - [2022-01-30 01:24:45,557] {dag.py:2935} INFO - Setting next_dagrun for data_ingestion_gcs_dag_fhv to 2022-01-29T00:00:00+00:00
[2022-01-30 01:24:45,576] {processor.py:171} INFO - Processing /opt/airflow/dags/data_ingestion_gcs_dag_fhv.py took 1.383 seconds
[2022-01-30 01:25:15,842] {processor.py:163} INFO - Started process (PID=234) to work on /opt/airflow/dags/data_ingestion_gcs_dag_fhv.py
[2022-01-30 01:25:15,844] {processor.py:642} INFO - Processing file /opt/airflow/dags/data_ingestion_gcs_dag_fhv.py for tasks to queue
[2022-01-30 01:25:15,844] {logging_mixin.py:109} INFO - [2022-01-30 01:25:15,844] {dagbag.py:500} INFO - Filling up the DagBag from /opt/airflow/dags/data_ingestion_gcs_dag_fhv.py
[2022-01-30 01:25:16,691] {processor.py:654} INFO - DAG(s) dict_keys(['data_ingestion_gcs_dag_fhv']) retrieved from /opt/airflow/dags/data_ingestion_gcs_dag_fhv.py
[2022-01-30 01:25:16,700] {logging_mixin.py:109} INFO - [2022-01-30 01:25:16,699] {dag.py:2396} INFO - Sync 1 DAGs
[2022-01-30 01:25:16,716] {logging_mixin.py:109} INFO - [2022-01-30 01:25:16,716] {dag.py:2935} INFO - Setting next_dagrun for data_ingestion_gcs_dag_fhv to 2022-01-29T00:00:00+00:00
[2022-01-30 01:25:16,727] {processor.py:171} INFO - Processing /opt/airflow/dags/data_ingestion_gcs_dag_fhv.py took 0.889 seconds
[2022-01-30 01:25:47,061] {processor.py:163} INFO - Started process (PID=290) to work on /opt/airflow/dags/data_ingestion_gcs_dag_fhv.py
[2022-01-30 01:25:47,074] {processor.py:642} INFO - Processing file /opt/airflow/dags/data_ingestion_gcs_dag_fhv.py for tasks to queue
[2022-01-30 01:25:47,075] {logging_mixin.py:109} INFO - [2022-01-30 01:25:47,074] {dagbag.py:500} INFO - Filling up the DagBag from /opt/airflow/dags/data_ingestion_gcs_dag_fhv.py
[2022-01-30 01:25:49,167] {processor.py:654} INFO - DAG(s) dict_keys(['data_ingestion_gcs_dag_fhv']) retrieved from /opt/airflow/dags/data_ingestion_gcs_dag_fhv.py
[2022-01-30 01:25:49,183] {logging_mixin.py:109} INFO - [2022-01-30 01:25:49,182] {dag.py:2396} INFO - Sync 1 DAGs
[2022-01-30 01:25:49,204] {logging_mixin.py:109} INFO - [2022-01-30 01:25:49,204] {dag.py:2935} INFO - Setting next_dagrun for data_ingestion_gcs_dag_fhv to 2022-01-29T00:00:00+00:00
[2022-01-30 01:25:49,217] {processor.py:171} INFO - Processing /opt/airflow/dags/data_ingestion_gcs_dag_fhv.py took 2.169 seconds
[2022-01-30 01:26:19,599] {processor.py:163} INFO - Started process (PID=334) to work on /opt/airflow/dags/data_ingestion_gcs_dag_fhv.py
[2022-01-30 01:26:19,601] {processor.py:642} INFO - Processing file /opt/airflow/dags/data_ingestion_gcs_dag_fhv.py for tasks to queue
[2022-01-30 01:26:19,603] {logging_mixin.py:109} INFO - [2022-01-30 01:26:19,603] {dagbag.py:500} INFO - Filling up the DagBag from /opt/airflow/dags/data_ingestion_gcs_dag_fhv.py
[2022-01-30 01:26:20,696] {processor.py:654} INFO - DAG(s) dict_keys(['data_ingestion_gcs_dag_fhv']) retrieved from /opt/airflow/dags/data_ingestion_gcs_dag_fhv.py
[2022-01-30 01:26:20,707] {logging_mixin.py:109} INFO - [2022-01-30 01:26:20,706] {dag.py:2396} INFO - Sync 1 DAGs
[2022-01-30 01:26:20,731] {processor.py:171} INFO - Processing /opt/airflow/dags/data_ingestion_gcs_dag_fhv.py took 1.140 seconds
[2022-01-30 01:26:51,023] {processor.py:163} INFO - Started process (PID=390) to work on /opt/airflow/dags/data_ingestion_gcs_dag_fhv.py
[2022-01-30 01:26:51,024] {processor.py:642} INFO - Processing file /opt/airflow/dags/data_ingestion_gcs_dag_fhv.py for tasks to queue
[2022-01-30 01:26:51,025] {logging_mixin.py:109} INFO - [2022-01-30 01:26:51,025] {dagbag.py:500} INFO - Filling up the DagBag from /opt/airflow/dags/data_ingestion_gcs_dag_fhv.py
[2022-01-30 01:26:52,329] {processor.py:654} INFO - DAG(s) dict_keys(['data_ingestion_gcs_dag_fhv']) retrieved from /opt/airflow/dags/data_ingestion_gcs_dag_fhv.py
[2022-01-30 01:26:52,341] {logging_mixin.py:109} INFO - [2022-01-30 01:26:52,341] {dag.py:2396} INFO - Sync 1 DAGs
[2022-01-30 01:26:52,375] {processor.py:171} INFO - Processing /opt/airflow/dags/data_ingestion_gcs_dag_fhv.py took 1.358 seconds
[2022-01-30 01:27:22,494] {processor.py:163} INFO - Started process (PID=424) to work on /opt/airflow/dags/data_ingestion_gcs_dag_fhv.py
[2022-01-30 01:27:23,633] {processor.py:642} INFO - Processing file /opt/airflow/dags/data_ingestion_gcs_dag_fhv.py for tasks to queue
[2022-01-30 01:27:23,634] {logging_mixin.py:109} INFO - [2022-01-30 01:27:23,634] {dagbag.py:500} INFO - Filling up the DagBag from /opt/airflow/dags/data_ingestion_gcs_dag_fhv.py
[2022-01-30 01:27:24,640] {processor.py:654} INFO - DAG(s) dict_keys(['data_ingestion_gcs_dag_fhv']) retrieved from /opt/airflow/dags/data_ingestion_gcs_dag_fhv.py
[2022-01-30 01:27:24,730] {logging_mixin.py:109} INFO - [2022-01-30 01:27:24,729] {dag.py:2396} INFO - Sync 1 DAGs
[2022-01-30 01:27:24,849] {processor.py:171} INFO - Processing /opt/airflow/dags/data_ingestion_gcs_dag_fhv.py took 2.359 seconds
[2022-01-30 01:27:55,151] {processor.py:163} INFO - Started process (PID=470) to work on /opt/airflow/dags/data_ingestion_gcs_dag_fhv.py
[2022-01-30 01:27:55,154] {processor.py:642} INFO - Processing file /opt/airflow/dags/data_ingestion_gcs_dag_fhv.py for tasks to queue
[2022-01-30 01:27:55,156] {logging_mixin.py:109} INFO - [2022-01-30 01:27:55,155] {dagbag.py:500} INFO - Filling up the DagBag from /opt/airflow/dags/data_ingestion_gcs_dag_fhv.py
[2022-01-30 01:27:56,292] {processor.py:654} INFO - DAG(s) dict_keys(['data_ingestion_gcs_dag_fhv']) retrieved from /opt/airflow/dags/data_ingestion_gcs_dag_fhv.py
[2022-01-30 01:27:56,302] {logging_mixin.py:109} INFO - [2022-01-30 01:27:56,302] {dag.py:2396} INFO - Sync 1 DAGs
[2022-01-30 01:27:56,333] {processor.py:171} INFO - Processing /opt/airflow/dags/data_ingestion_gcs_dag_fhv.py took 1.191 seconds
[2022-01-30 01:28:27,891] {processor.py:163} INFO - Started process (PID=528) to work on /opt/airflow/dags/data_ingestion_gcs_dag_fhv.py
[2022-01-30 01:28:27,894] {processor.py:642} INFO - Processing file /opt/airflow/dags/data_ingestion_gcs_dag_fhv.py for tasks to queue
[2022-01-30 01:28:27,895] {logging_mixin.py:109} INFO - [2022-01-30 01:28:27,895] {dagbag.py:500} INFO - Filling up the DagBag from /opt/airflow/dags/data_ingestion_gcs_dag_fhv.py
[2022-01-30 01:28:28,950] {processor.py:654} INFO - DAG(s) dict_keys(['data_ingestion_gcs_dag_fhv']) retrieved from /opt/airflow/dags/data_ingestion_gcs_dag_fhv.py
[2022-01-30 01:28:28,960] {logging_mixin.py:109} INFO - [2022-01-30 01:28:28,960] {dag.py:2396} INFO - Sync 1 DAGs
[2022-01-30 01:28:33,089] {processor.py:171} INFO - Processing /opt/airflow/dags/data_ingestion_gcs_dag_fhv.py took 5.205 seconds
[2022-01-30 01:29:04,170] {processor.py:163} INFO - Started process (PID=563) to work on /opt/airflow/dags/data_ingestion_gcs_dag_fhv.py
[2022-01-30 01:29:04,174] {processor.py:642} INFO - Processing file /opt/airflow/dags/data_ingestion_gcs_dag_fhv.py for tasks to queue
[2022-01-30 01:29:04,175] {logging_mixin.py:109} INFO - [2022-01-30 01:29:04,175] {dagbag.py:500} INFO - Filling up the DagBag from /opt/airflow/dags/data_ingestion_gcs_dag_fhv.py
[2022-01-30 01:29:05,403] {processor.py:654} INFO - DAG(s) dict_keys(['data_ingestion_gcs_dag_fhv']) retrieved from /opt/airflow/dags/data_ingestion_gcs_dag_fhv.py
[2022-01-30 01:29:05,416] {logging_mixin.py:109} INFO - [2022-01-30 01:29:05,415] {dag.py:2396} INFO - Sync 1 DAGs
[2022-01-30 01:29:05,455] {processor.py:171} INFO - Processing /opt/airflow/dags/data_ingestion_gcs_dag_fhv.py took 1.291 seconds
[2022-01-30 01:29:36,279] {processor.py:163} INFO - Started process (PID=621) to work on /opt/airflow/dags/data_ingestion_gcs_dag_fhv.py
[2022-01-30 01:29:36,280] {processor.py:642} INFO - Processing file /opt/airflow/dags/data_ingestion_gcs_dag_fhv.py for tasks to queue
[2022-01-30 01:29:36,281] {logging_mixin.py:109} INFO - [2022-01-30 01:29:36,281] {dagbag.py:500} INFO - Filling up the DagBag from /opt/airflow/dags/data_ingestion_gcs_dag_fhv.py
[2022-01-30 01:29:37,446] {processor.py:654} INFO - DAG(s) dict_keys(['data_ingestion_gcs_dag_fhv']) retrieved from /opt/airflow/dags/data_ingestion_gcs_dag_fhv.py
[2022-01-30 01:29:37,459] {logging_mixin.py:109} INFO - [2022-01-30 01:29:37,459] {dag.py:2396} INFO - Sync 1 DAGs
[2022-01-30 01:29:37,482] {logging_mixin.py:109} INFO - [2022-01-30 01:29:37,482] {dag.py:2935} INFO - Setting next_dagrun for data_ingestion_gcs_dag_fhv to None
[2022-01-30 01:29:37,494] {processor.py:171} INFO - Processing /opt/airflow/dags/data_ingestion_gcs_dag_fhv.py took 1.220 seconds
[2022-01-30 01:30:08,256] {processor.py:163} INFO - Started process (PID=670) to work on /opt/airflow/dags/data_ingestion_gcs_dag_fhv.py
[2022-01-30 01:30:08,259] {processor.py:642} INFO - Processing file /opt/airflow/dags/data_ingestion_gcs_dag_fhv.py for tasks to queue
[2022-01-30 01:30:08,261] {logging_mixin.py:109} INFO - [2022-01-30 01:30:08,261] {dagbag.py:500} INFO - Filling up the DagBag from /opt/airflow/dags/data_ingestion_gcs_dag_fhv.py
[2022-01-30 01:30:09,247] {processor.py:654} INFO - DAG(s) dict_keys(['data_ingestion_gcs_dag_fhv']) retrieved from /opt/airflow/dags/data_ingestion_gcs_dag_fhv.py
[2022-01-30 01:30:09,257] {logging_mixin.py:109} INFO - [2022-01-30 01:30:09,257] {dag.py:2396} INFO - Sync 1 DAGs
[2022-01-30 01:30:09,274] {logging_mixin.py:109} INFO - [2022-01-30 01:30:09,274] {dag.py:2935} INFO - Setting next_dagrun for data_ingestion_gcs_dag_fhv to None
[2022-01-30 01:30:09,284] {processor.py:171} INFO - Processing /opt/airflow/dags/data_ingestion_gcs_dag_fhv.py took 1.034 seconds
[2022-01-30 01:30:39,659] {processor.py:163} INFO - Started process (PID=726) to work on /opt/airflow/dags/data_ingestion_gcs_dag_fhv.py
[2022-01-30 01:30:39,661] {processor.py:642} INFO - Processing file /opt/airflow/dags/data_ingestion_gcs_dag_fhv.py for tasks to queue
[2022-01-30 01:30:39,662] {logging_mixin.py:109} INFO - [2022-01-30 01:30:39,662] {dagbag.py:500} INFO - Filling up the DagBag from /opt/airflow/dags/data_ingestion_gcs_dag_fhv.py
[2022-01-30 01:30:40,494] {processor.py:654} INFO - DAG(s) dict_keys(['data_ingestion_gcs_dag_fhv']) retrieved from /opt/airflow/dags/data_ingestion_gcs_dag_fhv.py
[2022-01-30 01:30:40,503] {logging_mixin.py:109} INFO - [2022-01-30 01:30:40,502] {dag.py:2396} INFO - Sync 1 DAGs
[2022-01-30 01:30:40,517] {logging_mixin.py:109} INFO - [2022-01-30 01:30:40,516] {dag.py:2935} INFO - Setting next_dagrun for data_ingestion_gcs_dag_fhv to None
[2022-01-30 01:30:40,525] {processor.py:171} INFO - Processing /opt/airflow/dags/data_ingestion_gcs_dag_fhv.py took 0.871 seconds
[2022-01-30 01:31:10,866] {processor.py:163} INFO - Started process (PID=770) to work on /opt/airflow/dags/data_ingestion_gcs_dag_fhv.py
[2022-01-30 01:31:10,868] {processor.py:642} INFO - Processing file /opt/airflow/dags/data_ingestion_gcs_dag_fhv.py for tasks to queue
[2022-01-30 01:31:10,869] {logging_mixin.py:109} INFO - [2022-01-30 01:31:10,869] {dagbag.py:500} INFO - Filling up the DagBag from /opt/airflow/dags/data_ingestion_gcs_dag_fhv.py
[2022-01-30 01:31:11,831] {processor.py:654} INFO - DAG(s) dict_keys(['data_ingestion_gcs_dag_fhv']) retrieved from /opt/airflow/dags/data_ingestion_gcs_dag_fhv.py
[2022-01-30 01:31:11,842] {logging_mixin.py:109} INFO - [2022-01-30 01:31:11,841] {dag.py:2396} INFO - Sync 1 DAGs
[2022-01-30 01:31:11,859] {logging_mixin.py:109} INFO - [2022-01-30 01:31:11,858] {dag.py:2935} INFO - Setting next_dagrun for data_ingestion_gcs_dag_fhv to None
[2022-01-30 01:31:11,869] {processor.py:171} INFO - Processing /opt/airflow/dags/data_ingestion_gcs_dag_fhv.py took 1.009 seconds
[2022-01-30 01:31:42,437] {processor.py:163} INFO - Started process (PID=836) to work on /opt/airflow/dags/data_ingestion_gcs_dag_fhv.py
[2022-01-30 01:31:42,441] {processor.py:642} INFO - Processing file /opt/airflow/dags/data_ingestion_gcs_dag_fhv.py for tasks to queue
[2022-01-30 01:31:42,442] {logging_mixin.py:109} INFO - [2022-01-30 01:31:42,442] {dagbag.py:500} INFO - Filling up the DagBag from /opt/airflow/dags/data_ingestion_gcs_dag_fhv.py
[2022-01-30 01:31:44,656] {processor.py:654} INFO - DAG(s) dict_keys(['data_ingestion_gcs_dag_fhv']) retrieved from /opt/airflow/dags/data_ingestion_gcs_dag_fhv.py
[2022-01-30 01:31:44,691] {logging_mixin.py:109} INFO - [2022-01-30 01:31:44,691] {dag.py:2396} INFO - Sync 1 DAGs
[2022-01-30 01:31:44,719] {logging_mixin.py:109} INFO - [2022-01-30 01:31:44,719] {dag.py:2935} INFO - Setting next_dagrun for data_ingestion_gcs_dag_fhv to None
[2022-01-30 01:31:44,733] {processor.py:171} INFO - Processing /opt/airflow/dags/data_ingestion_gcs_dag_fhv.py took 2.323 seconds
[2022-01-30 01:32:14,874] {processor.py:163} INFO - Started process (PID=900) to work on /opt/airflow/dags/data_ingestion_gcs_dag_fhv.py
[2022-01-30 01:32:17,318] {processor.py:642} INFO - Processing file /opt/airflow/dags/data_ingestion_gcs_dag_fhv.py for tasks to queue
[2022-01-30 01:32:17,492] {logging_mixin.py:109} INFO - [2022-01-30 01:32:17,492] {dagbag.py:500} INFO - Filling up the DagBag from /opt/airflow/dags/data_ingestion_gcs_dag_fhv.py
[2022-01-30 01:32:18,621] {processor.py:654} INFO - DAG(s) dict_keys(['data_ingestion_gcs_dag_fhv']) retrieved from /opt/airflow/dags/data_ingestion_gcs_dag_fhv.py
[2022-01-30 01:32:18,630] {logging_mixin.py:109} INFO - [2022-01-30 01:32:18,630] {dag.py:2396} INFO - Sync 1 DAGs
[2022-01-30 01:32:18,645] {logging_mixin.py:109} INFO - [2022-01-30 01:32:18,645] {dag.py:2935} INFO - Setting next_dagrun for data_ingestion_gcs_dag_fhv to None
[2022-01-30 01:32:19,566] {processor.py:171} INFO - Processing /opt/airflow/dags/data_ingestion_gcs_dag_fhv.py took 4.698 seconds
[2022-01-30 01:32:50,155] {processor.py:163} INFO - Started process (PID=954) to work on /opt/airflow/dags/data_ingestion_gcs_dag_fhv.py
[2022-01-30 01:32:50,762] {processor.py:642} INFO - Processing file /opt/airflow/dags/data_ingestion_gcs_dag_fhv.py for tasks to queue
[2022-01-30 01:32:50,764] {logging_mixin.py:109} INFO - [2022-01-30 01:32:50,763] {dagbag.py:500} INFO - Filling up the DagBag from /opt/airflow/dags/data_ingestion_gcs_dag_fhv.py
[2022-01-30 01:32:51,722] {processor.py:654} INFO - DAG(s) dict_keys(['data_ingestion_gcs_dag_fhv']) retrieved from /opt/airflow/dags/data_ingestion_gcs_dag_fhv.py
[2022-01-30 01:32:51,735] {logging_mixin.py:109} INFO - [2022-01-30 01:32:51,734] {dag.py:2396} INFO - Sync 1 DAGs
[2022-01-30 01:32:51,757] {logging_mixin.py:109} INFO - [2022-01-30 01:32:51,757] {dag.py:2935} INFO - Setting next_dagrun for data_ingestion_gcs_dag_fhv to None
[2022-01-30 01:32:55,368] {processor.py:171} INFO - Processing /opt/airflow/dags/data_ingestion_gcs_dag_fhv.py took 5.217 seconds
[2022-01-30 01:33:26,684] {processor.py:163} INFO - Started process (PID=1008) to work on /opt/airflow/dags/data_ingestion_gcs_dag_fhv.py
[2022-01-30 01:33:28,564] {processor.py:642} INFO - Processing file /opt/airflow/dags/data_ingestion_gcs_dag_fhv.py for tasks to queue
[2022-01-30 01:33:28,565] {logging_mixin.py:109} INFO - [2022-01-30 01:33:28,565] {dagbag.py:500} INFO - Filling up the DagBag from /opt/airflow/dags/data_ingestion_gcs_dag_fhv.py
[2022-01-30 01:33:29,477] {processor.py:654} INFO - DAG(s) dict_keys(['data_ingestion_gcs_dag_fhv']) retrieved from /opt/airflow/dags/data_ingestion_gcs_dag_fhv.py
[2022-01-30 01:33:29,486] {logging_mixin.py:109} INFO - [2022-01-30 01:33:29,486] {dag.py:2396} INFO - Sync 1 DAGs
[2022-01-30 01:33:29,500] {logging_mixin.py:109} INFO - [2022-01-30 01:33:29,499] {dag.py:2935} INFO - Setting next_dagrun for data_ingestion_gcs_dag_fhv to None
[2022-01-30 01:33:33,456] {processor.py:171} INFO - Processing /opt/airflow/dags/data_ingestion_gcs_dag_fhv.py took 6.777 seconds
