[2022-01-30 01:11:59,392] {processor.py:163} INFO - Started process (PID=61) to work on /opt/airflow/dags/data_ingestion_gcs_dag_2_fhv.py
[2022-01-30 01:11:59,394] {processor.py:642} INFO - Processing file /opt/airflow/dags/data_ingestion_gcs_dag_2_fhv.py for tasks to queue
[2022-01-30 01:11:59,395] {logging_mixin.py:109} INFO - [2022-01-30 01:11:59,395] {dagbag.py:500} INFO - Filling up the DagBag from /opt/airflow/dags/data_ingestion_gcs_dag_2_fhv.py
[2022-01-30 01:12:00,927] {processor.py:654} INFO - DAG(s) dict_keys(['data_ingestion_gcs_dag_2']) retrieved from /opt/airflow/dags/data_ingestion_gcs_dag_2_fhv.py
[2022-01-30 01:12:00,933] {logging_mixin.py:109} INFO - [2022-01-30 01:12:00,932] {dag.py:2396} INFO - Sync 1 DAGs
[2022-01-30 01:12:00,970] {logging_mixin.py:109} INFO - [2022-01-30 01:12:00,970] {dag.py:2935} INFO - Setting next_dagrun for data_ingestion_gcs_dag_2 to 2021-01-02 06:00:00+00:00
[2022-01-30 01:12:00,999] {processor.py:171} INFO - Processing /opt/airflow/dags/data_ingestion_gcs_dag_2_fhv.py took 1.619 seconds
[2022-01-30 01:12:31,857] {processor.py:163} INFO - Started process (PID=108) to work on /opt/airflow/dags/data_ingestion_gcs_dag_2_fhv.py
[2022-01-30 01:12:31,859] {processor.py:642} INFO - Processing file /opt/airflow/dags/data_ingestion_gcs_dag_2_fhv.py for tasks to queue
[2022-01-30 01:12:31,860] {logging_mixin.py:109} INFO - [2022-01-30 01:12:31,860] {dagbag.py:500} INFO - Filling up the DagBag from /opt/airflow/dags/data_ingestion_gcs_dag_2_fhv.py
[2022-01-30 01:12:33,108] {processor.py:654} INFO - DAG(s) dict_keys(['data_ingestion_gcs_dag_2']) retrieved from /opt/airflow/dags/data_ingestion_gcs_dag_2_fhv.py
[2022-01-30 01:12:33,400] {logging_mixin.py:109} INFO - [2022-01-30 01:12:33,400] {dag.py:2396} INFO - Sync 1 DAGs
[2022-01-30 01:12:33,417] {logging_mixin.py:109} INFO - [2022-01-30 01:12:33,416] {dag.py:2935} INFO - Setting next_dagrun for data_ingestion_gcs_dag_2 to 2021-01-02 06:00:00+00:00
[2022-01-30 01:12:33,429] {processor.py:171} INFO - Processing /opt/airflow/dags/data_ingestion_gcs_dag_2_fhv.py took 1.578 seconds
[2022-01-30 01:13:03,924] {processor.py:163} INFO - Started process (PID=157) to work on /opt/airflow/dags/data_ingestion_gcs_dag_2_fhv.py
[2022-01-30 01:13:03,926] {processor.py:642} INFO - Processing file /opt/airflow/dags/data_ingestion_gcs_dag_2_fhv.py for tasks to queue
[2022-01-30 01:13:03,927] {logging_mixin.py:109} INFO - [2022-01-30 01:13:03,927] {dagbag.py:500} INFO - Filling up the DagBag from /opt/airflow/dags/data_ingestion_gcs_dag_2_fhv.py
[2022-01-30 01:13:04,761] {processor.py:654} INFO - DAG(s) dict_keys(['data_ingestion_gcs_dag_2']) retrieved from /opt/airflow/dags/data_ingestion_gcs_dag_2_fhv.py
[2022-01-30 01:13:04,770] {logging_mixin.py:109} INFO - [2022-01-30 01:13:04,769] {dag.py:2396} INFO - Sync 1 DAGs
[2022-01-30 01:13:04,787] {logging_mixin.py:109} INFO - [2022-01-30 01:13:04,787] {dag.py:2935} INFO - Setting next_dagrun for data_ingestion_gcs_dag_2 to 2021-01-02 06:00:00+00:00
[2022-01-30 01:13:04,797] {processor.py:171} INFO - Processing /opt/airflow/dags/data_ingestion_gcs_dag_2_fhv.py took 0.877 seconds
[2022-01-30 01:13:35,361] {processor.py:163} INFO - Started process (PID=207) to work on /opt/airflow/dags/data_ingestion_gcs_dag_2_fhv.py
[2022-01-30 01:13:35,362] {processor.py:642} INFO - Processing file /opt/airflow/dags/data_ingestion_gcs_dag_2_fhv.py for tasks to queue
[2022-01-30 01:13:35,363] {logging_mixin.py:109} INFO - [2022-01-30 01:13:35,363] {dagbag.py:500} INFO - Filling up the DagBag from /opt/airflow/dags/data_ingestion_gcs_dag_2_fhv.py
[2022-01-30 01:13:36,457] {processor.py:654} INFO - DAG(s) dict_keys(['data_ingestion_gcs_dag_2']) retrieved from /opt/airflow/dags/data_ingestion_gcs_dag_2_fhv.py
[2022-01-30 01:13:36,462] {logging_mixin.py:109} INFO - [2022-01-30 01:13:36,461] {dag.py:2396} INFO - Sync 1 DAGs
[2022-01-30 01:13:36,486] {logging_mixin.py:109} INFO - [2022-01-30 01:13:36,486] {dag.py:2935} INFO - Setting next_dagrun for data_ingestion_gcs_dag_2 to 2021-01-02 06:00:00+00:00
[2022-01-30 01:13:36,498] {processor.py:171} INFO - Processing /opt/airflow/dags/data_ingestion_gcs_dag_2_fhv.py took 1.142 seconds
[2022-01-30 01:14:06,691] {processor.py:163} INFO - Started process (PID=247) to work on /opt/airflow/dags/data_ingestion_gcs_dag_2_fhv.py
[2022-01-30 01:14:06,694] {processor.py:642} INFO - Processing file /opt/airflow/dags/data_ingestion_gcs_dag_2_fhv.py for tasks to queue
[2022-01-30 01:14:06,695] {logging_mixin.py:109} INFO - [2022-01-30 01:14:06,695] {dagbag.py:500} INFO - Filling up the DagBag from /opt/airflow/dags/data_ingestion_gcs_dag_2_fhv.py
[2022-01-30 01:14:07,984] {processor.py:654} INFO - DAG(s) dict_keys(['data_ingestion_gcs_dag_2']) retrieved from /opt/airflow/dags/data_ingestion_gcs_dag_2_fhv.py
[2022-01-30 01:14:08,340] {logging_mixin.py:109} INFO - [2022-01-30 01:14:08,339] {dag.py:2396} INFO - Sync 1 DAGs
[2022-01-30 01:14:08,384] {logging_mixin.py:109} INFO - [2022-01-30 01:14:08,384] {dag.py:2935} INFO - Setting next_dagrun for data_ingestion_gcs_dag_2 to 2021-01-02 06:00:00+00:00
[2022-01-30 01:14:08,432] {processor.py:171} INFO - Processing /opt/airflow/dags/data_ingestion_gcs_dag_2_fhv.py took 1.746 seconds
[2022-01-30 01:14:38,514] {processor.py:163} INFO - Started process (PID=297) to work on /opt/airflow/dags/data_ingestion_gcs_dag_2_fhv.py
[2022-01-30 01:14:38,517] {processor.py:642} INFO - Processing file /opt/airflow/dags/data_ingestion_gcs_dag_2_fhv.py for tasks to queue
[2022-01-30 01:14:38,518] {logging_mixin.py:109} INFO - [2022-01-30 01:14:38,518] {dagbag.py:500} INFO - Filling up the DagBag from /opt/airflow/dags/data_ingestion_gcs_dag_2_fhv.py
[2022-01-30 01:14:39,706] {processor.py:654} INFO - DAG(s) dict_keys(['data_ingestion_gcs_dag_2']) retrieved from /opt/airflow/dags/data_ingestion_gcs_dag_2_fhv.py
[2022-01-30 01:14:39,718] {logging_mixin.py:109} INFO - [2022-01-30 01:14:39,717] {dag.py:2396} INFO - Sync 1 DAGs
[2022-01-30 01:14:39,737] {logging_mixin.py:109} INFO - [2022-01-30 01:14:39,737] {dag.py:2935} INFO - Setting next_dagrun for data_ingestion_gcs_dag_2 to 2021-01-02 06:00:00+00:00
[2022-01-30 01:14:39,753] {processor.py:171} INFO - Processing /opt/airflow/dags/data_ingestion_gcs_dag_2_fhv.py took 1.244 seconds
[2022-01-30 01:15:10,355] {processor.py:163} INFO - Started process (PID=347) to work on /opt/airflow/dags/data_ingestion_gcs_dag_2_fhv.py
[2022-01-30 01:15:10,357] {processor.py:642} INFO - Processing file /opt/airflow/dags/data_ingestion_gcs_dag_2_fhv.py for tasks to queue
[2022-01-30 01:15:10,358] {logging_mixin.py:109} INFO - [2022-01-30 01:15:10,358] {dagbag.py:500} INFO - Filling up the DagBag from /opt/airflow/dags/data_ingestion_gcs_dag_2_fhv.py
[2022-01-30 01:15:11,243] {processor.py:654} INFO - DAG(s) dict_keys(['data_ingestion_gcs_dag_2']) retrieved from /opt/airflow/dags/data_ingestion_gcs_dag_2_fhv.py
[2022-01-30 01:15:11,251] {logging_mixin.py:109} INFO - [2022-01-30 01:15:11,251] {dag.py:2396} INFO - Sync 1 DAGs
[2022-01-30 01:15:11,267] {logging_mixin.py:109} INFO - [2022-01-30 01:15:11,267] {dag.py:2935} INFO - Setting next_dagrun for data_ingestion_gcs_dag_2 to 2021-01-02 06:00:00+00:00
[2022-01-30 01:15:11,276] {processor.py:171} INFO - Processing /opt/airflow/dags/data_ingestion_gcs_dag_2_fhv.py took 0.927 seconds
[2022-01-30 01:15:41,661] {processor.py:163} INFO - Started process (PID=399) to work on /opt/airflow/dags/data_ingestion_gcs_dag_2_fhv.py
[2022-01-30 01:15:41,664] {processor.py:642} INFO - Processing file /opt/airflow/dags/data_ingestion_gcs_dag_2_fhv.py for tasks to queue
[2022-01-30 01:15:41,665] {logging_mixin.py:109} INFO - [2022-01-30 01:15:41,665] {dagbag.py:500} INFO - Filling up the DagBag from /opt/airflow/dags/data_ingestion_gcs_dag_2_fhv.py
[2022-01-30 01:15:42,903] {processor.py:654} INFO - DAG(s) dict_keys(['data_ingestion_gcs_dag_2']) retrieved from /opt/airflow/dags/data_ingestion_gcs_dag_2_fhv.py
[2022-01-30 01:15:42,911] {logging_mixin.py:109} INFO - [2022-01-30 01:15:42,911] {dag.py:2396} INFO - Sync 1 DAGs
[2022-01-30 01:15:42,935] {logging_mixin.py:109} INFO - [2022-01-30 01:15:42,935] {dag.py:2935} INFO - Setting next_dagrun for data_ingestion_gcs_dag_2 to 2021-01-02 06:00:00+00:00
[2022-01-30 01:15:42,947] {processor.py:171} INFO - Processing /opt/airflow/dags/data_ingestion_gcs_dag_2_fhv.py took 1.291 seconds
[2022-01-30 01:16:13,222] {processor.py:163} INFO - Started process (PID=442) to work on /opt/airflow/dags/data_ingestion_gcs_dag_2_fhv.py
[2022-01-30 01:16:13,228] {processor.py:642} INFO - Processing file /opt/airflow/dags/data_ingestion_gcs_dag_2_fhv.py for tasks to queue
[2022-01-30 01:16:13,229] {logging_mixin.py:109} INFO - [2022-01-30 01:16:13,229] {dagbag.py:500} INFO - Filling up the DagBag from /opt/airflow/dags/data_ingestion_gcs_dag_2_fhv.py
[2022-01-30 01:16:14,144] {processor.py:654} INFO - DAG(s) dict_keys(['data_ingestion_gcs_dag_2']) retrieved from /opt/airflow/dags/data_ingestion_gcs_dag_2_fhv.py
[2022-01-30 01:16:14,357] {logging_mixin.py:109} INFO - [2022-01-30 01:16:14,357] {dag.py:2396} INFO - Sync 1 DAGs
[2022-01-30 01:16:14,374] {logging_mixin.py:109} INFO - [2022-01-30 01:16:14,374] {dag.py:2935} INFO - Setting next_dagrun for data_ingestion_gcs_dag_2 to 2021-01-02 06:00:00+00:00
[2022-01-30 01:16:14,386] {processor.py:171} INFO - Processing /opt/airflow/dags/data_ingestion_gcs_dag_2_fhv.py took 1.170 seconds
[2022-01-30 01:16:44,479] {processor.py:163} INFO - Started process (PID=497) to work on /opt/airflow/dags/data_ingestion_gcs_dag_2_fhv.py
[2022-01-30 01:16:44,481] {processor.py:642} INFO - Processing file /opt/airflow/dags/data_ingestion_gcs_dag_2_fhv.py for tasks to queue
[2022-01-30 01:16:44,482] {logging_mixin.py:109} INFO - [2022-01-30 01:16:44,482] {dagbag.py:500} INFO - Filling up the DagBag from /opt/airflow/dags/data_ingestion_gcs_dag_2_fhv.py
[2022-01-30 01:16:45,807] {processor.py:654} INFO - DAG(s) dict_keys(['data_ingestion_gcs_dag_2']) retrieved from /opt/airflow/dags/data_ingestion_gcs_dag_2_fhv.py
[2022-01-30 01:16:45,821] {logging_mixin.py:109} INFO - [2022-01-30 01:16:45,820] {dag.py:2396} INFO - Sync 1 DAGs
[2022-01-30 01:16:45,845] {logging_mixin.py:109} INFO - [2022-01-30 01:16:45,845] {dag.py:2935} INFO - Setting next_dagrun for data_ingestion_gcs_dag_2 to 2021-01-02 06:00:00+00:00
[2022-01-30 01:16:45,858] {processor.py:171} INFO - Processing /opt/airflow/dags/data_ingestion_gcs_dag_2_fhv.py took 1.384 seconds
[2022-01-30 01:17:00,977] {processor.py:163} INFO - Started process (PID=527) to work on /opt/airflow/dags/data_ingestion_gcs_dag_2_fhv.py
[2022-01-30 01:17:00,979] {processor.py:642} INFO - Processing file /opt/airflow/dags/data_ingestion_gcs_dag_2_fhv.py for tasks to queue
[2022-01-30 01:17:00,980] {logging_mixin.py:109} INFO - [2022-01-30 01:17:00,980] {dagbag.py:500} INFO - Filling up the DagBag from /opt/airflow/dags/data_ingestion_gcs_dag_2_fhv.py
[2022-01-30 01:17:01,894] {processor.py:690} INFO - Deactivated 1 DAGs which are no longer present in /opt/airflow/dags/data_ingestion_gcs_dag_2_fhv.py
[2022-01-30 01:17:01,894] {processor.py:654} INFO - DAG(s) dict_keys(['data_ingestion_gcs_dag_fh2']) retrieved from /opt/airflow/dags/data_ingestion_gcs_dag_2_fhv.py
[2022-01-30 01:17:02,987] {logging_mixin.py:109} INFO - [2022-01-30 01:17:02,987] {manager.py:496} INFO - Created Permission View: can read on DAG:data_ingestion_gcs_dag_fh2
[2022-01-30 01:17:02,995] {logging_mixin.py:109} INFO - [2022-01-30 01:17:02,995] {manager.py:496} INFO - Created Permission View: can edit on DAG:data_ingestion_gcs_dag_fh2
[2022-01-30 01:17:02,995] {logging_mixin.py:109} INFO - [2022-01-30 01:17:02,995] {dag.py:2396} INFO - Sync 1 DAGs
[2022-01-30 01:17:03,002] {logging_mixin.py:109} INFO - [2022-01-30 01:17:03,001] {dag.py:2415} INFO - Creating ORM DAG for data_ingestion_gcs_dag_fh2
[2022-01-30 01:17:03,010] {logging_mixin.py:109} INFO - [2022-01-30 01:17:03,010] {dag.py:2935} INFO - Setting next_dagrun for data_ingestion_gcs_dag_fh2 to 2021-01-02 06:00:00+00:00
[2022-01-30 01:17:03,023] {processor.py:171} INFO - Processing /opt/airflow/dags/data_ingestion_gcs_dag_2_fhv.py took 2.051 seconds
[2022-01-30 01:17:04,015] {processor.py:163} INFO - Started process (PID=537) to work on /opt/airflow/dags/data_ingestion_gcs_dag_2_fhv.py
[2022-01-30 01:17:04,017] {processor.py:642} INFO - Processing file /opt/airflow/dags/data_ingestion_gcs_dag_2_fhv.py for tasks to queue
[2022-01-30 01:17:04,017] {logging_mixin.py:109} INFO - [2022-01-30 01:17:04,017] {dagbag.py:500} INFO - Filling up the DagBag from /opt/airflow/dags/data_ingestion_gcs_dag_2_fhv.py
[2022-01-30 01:17:04,985] {processor.py:690} INFO - Deactivated 1 DAGs which are no longer present in /opt/airflow/dags/data_ingestion_gcs_dag_2_fhv.py
[2022-01-30 01:17:04,986] {processor.py:654} INFO - DAG(s) dict_keys(['data_ingestion_gcs_dag_fhv_2']) retrieved from /opt/airflow/dags/data_ingestion_gcs_dag_2_fhv.py
[2022-01-30 01:17:06,131] {logging_mixin.py:109} INFO - [2022-01-30 01:17:06,131] {manager.py:496} INFO - Created Permission View: can read on DAG:data_ingestion_gcs_dag_fhv_2
[2022-01-30 01:17:06,139] {logging_mixin.py:109} INFO - [2022-01-30 01:17:06,139] {manager.py:496} INFO - Created Permission View: can edit on DAG:data_ingestion_gcs_dag_fhv_2
[2022-01-30 01:17:06,140] {logging_mixin.py:109} INFO - [2022-01-30 01:17:06,139] {dag.py:2396} INFO - Sync 1 DAGs
[2022-01-30 01:17:06,149] {logging_mixin.py:109} INFO - [2022-01-30 01:17:06,149] {dag.py:2415} INFO - Creating ORM DAG for data_ingestion_gcs_dag_fhv_2
[2022-01-30 01:17:06,162] {logging_mixin.py:109} INFO - [2022-01-30 01:17:06,162] {dag.py:2935} INFO - Setting next_dagrun for data_ingestion_gcs_dag_fhv_2 to 2021-01-02 06:00:00+00:00
[2022-01-30 01:17:06,181] {processor.py:171} INFO - Processing /opt/airflow/dags/data_ingestion_gcs_dag_2_fhv.py took 2.171 seconds
[2022-01-30 01:17:36,520] {processor.py:163} INFO - Started process (PID=587) to work on /opt/airflow/dags/data_ingestion_gcs_dag_2_fhv.py
[2022-01-30 01:17:36,523] {processor.py:642} INFO - Processing file /opt/airflow/dags/data_ingestion_gcs_dag_2_fhv.py for tasks to queue
[2022-01-30 01:17:36,524] {logging_mixin.py:109} INFO - [2022-01-30 01:17:36,524] {dagbag.py:500} INFO - Filling up the DagBag from /opt/airflow/dags/data_ingestion_gcs_dag_2_fhv.py
[2022-01-30 01:17:37,737] {processor.py:654} INFO - DAG(s) dict_keys(['data_ingestion_gcs_dag_fhv_2']) retrieved from /opt/airflow/dags/data_ingestion_gcs_dag_2_fhv.py
[2022-01-30 01:17:37,752] {logging_mixin.py:109} INFO - [2022-01-30 01:17:37,751] {dag.py:2396} INFO - Sync 1 DAGs
[2022-01-30 01:17:37,779] {logging_mixin.py:109} INFO - [2022-01-30 01:17:37,779] {dag.py:2935} INFO - Setting next_dagrun for data_ingestion_gcs_dag_fhv_2 to 2021-01-02 06:00:00+00:00
[2022-01-30 01:17:37,796] {processor.py:171} INFO - Processing /opt/airflow/dags/data_ingestion_gcs_dag_2_fhv.py took 1.285 seconds
[2022-01-30 01:18:08,007] {processor.py:163} INFO - Started process (PID=626) to work on /opt/airflow/dags/data_ingestion_gcs_dag_2_fhv.py
[2022-01-30 01:18:08,014] {processor.py:642} INFO - Processing file /opt/airflow/dags/data_ingestion_gcs_dag_2_fhv.py for tasks to queue
[2022-01-30 01:18:08,015] {logging_mixin.py:109} INFO - [2022-01-30 01:18:08,015] {dagbag.py:500} INFO - Filling up the DagBag from /opt/airflow/dags/data_ingestion_gcs_dag_2_fhv.py
[2022-01-30 01:18:09,447] {processor.py:654} INFO - DAG(s) dict_keys(['data_ingestion_gcs_dag_fhv_2']) retrieved from /opt/airflow/dags/data_ingestion_gcs_dag_2_fhv.py
[2022-01-30 01:18:09,456] {logging_mixin.py:109} INFO - [2022-01-30 01:18:09,456] {dag.py:2396} INFO - Sync 1 DAGs
[2022-01-30 01:18:09,472] {logging_mixin.py:109} INFO - [2022-01-30 01:18:09,471] {dag.py:2935} INFO - Setting next_dagrun for data_ingestion_gcs_dag_fhv_2 to 2021-01-02 06:00:00+00:00
[2022-01-30 01:18:09,481] {processor.py:171} INFO - Processing /opt/airflow/dags/data_ingestion_gcs_dag_2_fhv.py took 1.483 seconds
[2022-01-30 01:18:39,992] {processor.py:163} INFO - Started process (PID=668) to work on /opt/airflow/dags/data_ingestion_gcs_dag_2_fhv.py
[2022-01-30 01:18:39,996] {processor.py:642} INFO - Processing file /opt/airflow/dags/data_ingestion_gcs_dag_2_fhv.py for tasks to queue
[2022-01-30 01:18:39,997] {logging_mixin.py:109} INFO - [2022-01-30 01:18:39,997] {dagbag.py:500} INFO - Filling up the DagBag from /opt/airflow/dags/data_ingestion_gcs_dag_2_fhv.py
[2022-01-30 01:18:40,845] {processor.py:654} INFO - DAG(s) dict_keys(['data_ingestion_gcs_dag_fhv_2']) retrieved from /opt/airflow/dags/data_ingestion_gcs_dag_2_fhv.py
[2022-01-30 01:18:40,853] {logging_mixin.py:109} INFO - [2022-01-30 01:18:40,853] {dag.py:2396} INFO - Sync 1 DAGs
[2022-01-30 01:18:40,869] {logging_mixin.py:109} INFO - [2022-01-30 01:18:40,869] {dag.py:2935} INFO - Setting next_dagrun for data_ingestion_gcs_dag_fhv_2 to 2021-01-02 06:00:00+00:00
[2022-01-30 01:18:40,879] {processor.py:171} INFO - Processing /opt/airflow/dags/data_ingestion_gcs_dag_2_fhv.py took 0.892 seconds
[2022-01-30 01:19:11,256] {processor.py:163} INFO - Started process (PID=718) to work on /opt/airflow/dags/data_ingestion_gcs_dag_2_fhv.py
[2022-01-30 01:19:11,257] {processor.py:642} INFO - Processing file /opt/airflow/dags/data_ingestion_gcs_dag_2_fhv.py for tasks to queue
[2022-01-30 01:19:11,258] {logging_mixin.py:109} INFO - [2022-01-30 01:19:11,258] {dagbag.py:500} INFO - Filling up the DagBag from /opt/airflow/dags/data_ingestion_gcs_dag_2_fhv.py
[2022-01-30 01:19:12,110] {processor.py:654} INFO - DAG(s) dict_keys(['data_ingestion_gcs_dag_fhv_2']) retrieved from /opt/airflow/dags/data_ingestion_gcs_dag_2_fhv.py
[2022-01-30 01:19:12,120] {logging_mixin.py:109} INFO - [2022-01-30 01:19:12,120] {dag.py:2396} INFO - Sync 1 DAGs
[2022-01-30 01:19:12,136] {logging_mixin.py:109} INFO - [2022-01-30 01:19:12,136] {dag.py:2935} INFO - Setting next_dagrun for data_ingestion_gcs_dag_fhv_2 to 2021-01-02 06:00:00+00:00
[2022-01-30 01:19:12,146] {processor.py:171} INFO - Processing /opt/airflow/dags/data_ingestion_gcs_dag_2_fhv.py took 0.895 seconds
[2022-01-30 01:19:42,734] {processor.py:163} INFO - Started process (PID=758) to work on /opt/airflow/dags/data_ingestion_gcs_dag_2_fhv.py
[2022-01-30 01:19:42,736] {processor.py:642} INFO - Processing file /opt/airflow/dags/data_ingestion_gcs_dag_2_fhv.py for tasks to queue
[2022-01-30 01:19:42,737] {logging_mixin.py:109} INFO - [2022-01-30 01:19:42,737] {dagbag.py:500} INFO - Filling up the DagBag from /opt/airflow/dags/data_ingestion_gcs_dag_2_fhv.py
[2022-01-30 01:19:43,620] {processor.py:654} INFO - DAG(s) dict_keys(['data_ingestion_gcs_dag_fhv_2']) retrieved from /opt/airflow/dags/data_ingestion_gcs_dag_2_fhv.py
[2022-01-30 01:19:43,629] {logging_mixin.py:109} INFO - [2022-01-30 01:19:43,629] {dag.py:2396} INFO - Sync 1 DAGs
[2022-01-30 01:19:43,645] {logging_mixin.py:109} INFO - [2022-01-30 01:19:43,645] {dag.py:2935} INFO - Setting next_dagrun for data_ingestion_gcs_dag_fhv_2 to 2021-01-02 06:00:00+00:00
[2022-01-30 01:19:43,655] {processor.py:171} INFO - Processing /opt/airflow/dags/data_ingestion_gcs_dag_2_fhv.py took 0.925 seconds
[2022-01-30 01:20:13,831] {processor.py:163} INFO - Started process (PID=809) to work on /opt/airflow/dags/data_ingestion_gcs_dag_2_fhv.py
[2022-01-30 01:20:13,833] {processor.py:642} INFO - Processing file /opt/airflow/dags/data_ingestion_gcs_dag_2_fhv.py for tasks to queue
[2022-01-30 01:20:13,833] {logging_mixin.py:109} INFO - [2022-01-30 01:20:13,833] {dagbag.py:500} INFO - Filling up the DagBag from /opt/airflow/dags/data_ingestion_gcs_dag_2_fhv.py
[2022-01-30 01:20:14,673] {processor.py:654} INFO - DAG(s) dict_keys(['data_ingestion_gcs_dag_fhv_2']) retrieved from /opt/airflow/dags/data_ingestion_gcs_dag_2_fhv.py
[2022-01-30 01:20:14,682] {logging_mixin.py:109} INFO - [2022-01-30 01:20:14,681] {dag.py:2396} INFO - Sync 1 DAGs
[2022-01-30 01:20:14,697] {logging_mixin.py:109} INFO - [2022-01-30 01:20:14,697] {dag.py:2935} INFO - Setting next_dagrun for data_ingestion_gcs_dag_fhv_2 to 2021-01-02 06:00:00+00:00
[2022-01-30 01:20:14,707] {processor.py:171} INFO - Processing /opt/airflow/dags/data_ingestion_gcs_dag_2_fhv.py took 0.880 seconds
[2022-01-30 01:20:44,926] {processor.py:163} INFO - Started process (PID=851) to work on /opt/airflow/dags/data_ingestion_gcs_dag_2_fhv.py
[2022-01-30 01:20:44,928] {processor.py:642} INFO - Processing file /opt/airflow/dags/data_ingestion_gcs_dag_2_fhv.py for tasks to queue
[2022-01-30 01:20:44,929] {logging_mixin.py:109} INFO - [2022-01-30 01:20:44,929] {dagbag.py:500} INFO - Filling up the DagBag from /opt/airflow/dags/data_ingestion_gcs_dag_2_fhv.py
[2022-01-30 01:20:45,978] {processor.py:654} INFO - DAG(s) dict_keys(['data_ingestion_gcs_dag_fhv_2']) retrieved from /opt/airflow/dags/data_ingestion_gcs_dag_2_fhv.py
[2022-01-30 01:20:45,992] {logging_mixin.py:109} INFO - [2022-01-30 01:20:45,992] {dag.py:2396} INFO - Sync 1 DAGs
[2022-01-30 01:20:46,017] {logging_mixin.py:109} INFO - [2022-01-30 01:20:46,017] {dag.py:2935} INFO - Setting next_dagrun for data_ingestion_gcs_dag_fhv_2 to 2021-01-02 06:00:00+00:00
[2022-01-30 01:20:46,031] {processor.py:171} INFO - Processing /opt/airflow/dags/data_ingestion_gcs_dag_2_fhv.py took 1.109 seconds
[2022-01-30 01:21:16,288] {processor.py:163} INFO - Started process (PID=903) to work on /opt/airflow/dags/data_ingestion_gcs_dag_2_fhv.py
[2022-01-30 01:21:16,290] {processor.py:642} INFO - Processing file /opt/airflow/dags/data_ingestion_gcs_dag_2_fhv.py for tasks to queue
[2022-01-30 01:21:16,291] {logging_mixin.py:109} INFO - [2022-01-30 01:21:16,291] {dagbag.py:500} INFO - Filling up the DagBag from /opt/airflow/dags/data_ingestion_gcs_dag_2_fhv.py
[2022-01-30 01:21:17,189] {processor.py:654} INFO - DAG(s) dict_keys(['data_ingestion_gcs_dag_fhv_2']) retrieved from /opt/airflow/dags/data_ingestion_gcs_dag_2_fhv.py
[2022-01-30 01:21:17,198] {logging_mixin.py:109} INFO - [2022-01-30 01:21:17,197] {dag.py:2396} INFO - Sync 1 DAGs
[2022-01-30 01:21:17,214] {logging_mixin.py:109} INFO - [2022-01-30 01:21:17,213] {dag.py:2935} INFO - Setting next_dagrun for data_ingestion_gcs_dag_fhv_2 to 2021-01-02 06:00:00+00:00
[2022-01-30 01:21:17,223] {processor.py:171} INFO - Processing /opt/airflow/dags/data_ingestion_gcs_dag_2_fhv.py took 0.940 seconds
[2022-01-30 01:23:04,636] {processor.py:163} INFO - Started process (PID=39) to work on /opt/airflow/dags/data_ingestion_gcs_dag_2_fhv.py
[2022-01-30 01:23:04,640] {processor.py:642} INFO - Processing file /opt/airflow/dags/data_ingestion_gcs_dag_2_fhv.py for tasks to queue
[2022-01-30 01:23:04,641] {logging_mixin.py:109} INFO - [2022-01-30 01:23:04,641] {dagbag.py:500} INFO - Filling up the DagBag from /opt/airflow/dags/data_ingestion_gcs_dag_2_fhv.py
[2022-01-30 01:23:08,439] {processor.py:654} INFO - DAG(s) dict_keys(['data_ingestion_gcs_dag_fhv_2']) retrieved from /opt/airflow/dags/data_ingestion_gcs_dag_2_fhv.py
[2022-01-30 01:23:10,292] {logging_mixin.py:109} INFO - [2022-01-30 01:23:10,292] {dag.py:2396} INFO - Sync 1 DAGs
[2022-01-30 01:23:10,347] {logging_mixin.py:109} INFO - [2022-01-30 01:23:10,347] {dag.py:2935} INFO - Setting next_dagrun for data_ingestion_gcs_dag_fhv_2 to 2021-01-02 06:00:00+00:00
[2022-01-30 01:23:10,388] {processor.py:171} INFO - Processing /opt/airflow/dags/data_ingestion_gcs_dag_2_fhv.py took 5.767 seconds
[2022-01-30 01:23:40,556] {processor.py:163} INFO - Started process (PID=91) to work on /opt/airflow/dags/data_ingestion_gcs_dag_2_fhv.py
[2022-01-30 01:23:40,559] {processor.py:642} INFO - Processing file /opt/airflow/dags/data_ingestion_gcs_dag_2_fhv.py for tasks to queue
[2022-01-30 01:23:40,560] {logging_mixin.py:109} INFO - [2022-01-30 01:23:40,560] {dagbag.py:500} INFO - Filling up the DagBag from /opt/airflow/dags/data_ingestion_gcs_dag_2_fhv.py
[2022-01-30 01:23:41,929] {processor.py:654} INFO - DAG(s) dict_keys(['data_ingestion_gcs_dag_fhv_2']) retrieved from /opt/airflow/dags/data_ingestion_gcs_dag_2_fhv.py
[2022-01-30 01:23:41,942] {logging_mixin.py:109} INFO - [2022-01-30 01:23:41,941] {dag.py:2396} INFO - Sync 1 DAGs
[2022-01-30 01:23:41,967] {logging_mixin.py:109} INFO - [2022-01-30 01:23:41,967] {dag.py:2935} INFO - Setting next_dagrun for data_ingestion_gcs_dag_fhv_2 to 2021-01-02 06:00:00+00:00
[2022-01-30 01:23:41,994] {processor.py:171} INFO - Processing /opt/airflow/dags/data_ingestion_gcs_dag_2_fhv.py took 1.443 seconds
[2022-01-30 01:24:12,267] {processor.py:163} INFO - Started process (PID=142) to work on /opt/airflow/dags/data_ingestion_gcs_dag_2_fhv.py
[2022-01-30 01:24:12,268] {processor.py:642} INFO - Processing file /opt/airflow/dags/data_ingestion_gcs_dag_2_fhv.py for tasks to queue
[2022-01-30 01:24:12,269] {logging_mixin.py:109} INFO - [2022-01-30 01:24:12,269] {dagbag.py:500} INFO - Filling up the DagBag from /opt/airflow/dags/data_ingestion_gcs_dag_2_fhv.py
[2022-01-30 01:24:13,132] {processor.py:654} INFO - DAG(s) dict_keys(['data_ingestion_gcs_dag_fhv_2']) retrieved from /opt/airflow/dags/data_ingestion_gcs_dag_2_fhv.py
[2022-01-30 01:24:13,142] {logging_mixin.py:109} INFO - [2022-01-30 01:24:13,141] {dag.py:2396} INFO - Sync 1 DAGs
[2022-01-30 01:24:13,161] {logging_mixin.py:109} INFO - [2022-01-30 01:24:13,161] {dag.py:2935} INFO - Setting next_dagrun for data_ingestion_gcs_dag_fhv_2 to 2021-01-02 06:00:00+00:00
[2022-01-30 01:24:13,170] {processor.py:171} INFO - Processing /opt/airflow/dags/data_ingestion_gcs_dag_2_fhv.py took 0.909 seconds
[2022-01-30 01:24:44,192] {processor.py:163} INFO - Started process (PID=186) to work on /opt/airflow/dags/data_ingestion_gcs_dag_2_fhv.py
[2022-01-30 01:24:44,204] {processor.py:642} INFO - Processing file /opt/airflow/dags/data_ingestion_gcs_dag_2_fhv.py for tasks to queue
[2022-01-30 01:24:44,205] {logging_mixin.py:109} INFO - [2022-01-30 01:24:44,205] {dagbag.py:500} INFO - Filling up the DagBag from /opt/airflow/dags/data_ingestion_gcs_dag_2_fhv.py
[2022-01-30 01:24:45,495] {processor.py:654} INFO - DAG(s) dict_keys(['data_ingestion_gcs_dag_fhv_2']) retrieved from /opt/airflow/dags/data_ingestion_gcs_dag_2_fhv.py
[2022-01-30 01:24:45,512] {logging_mixin.py:109} INFO - [2022-01-30 01:24:45,512] {dag.py:2396} INFO - Sync 1 DAGs
[2022-01-30 01:24:45,548] {logging_mixin.py:109} INFO - [2022-01-30 01:24:45,548] {dag.py:2935} INFO - Setting next_dagrun for data_ingestion_gcs_dag_fhv_2 to 2021-01-02 06:00:00+00:00
[2022-01-30 01:24:45,577] {processor.py:171} INFO - Processing /opt/airflow/dags/data_ingestion_gcs_dag_2_fhv.py took 1.390 seconds
[2022-01-30 01:25:15,836] {processor.py:163} INFO - Started process (PID=233) to work on /opt/airflow/dags/data_ingestion_gcs_dag_2_fhv.py
[2022-01-30 01:25:15,838] {processor.py:642} INFO - Processing file /opt/airflow/dags/data_ingestion_gcs_dag_2_fhv.py for tasks to queue
[2022-01-30 01:25:15,838] {logging_mixin.py:109} INFO - [2022-01-30 01:25:15,838] {dagbag.py:500} INFO - Filling up the DagBag from /opt/airflow/dags/data_ingestion_gcs_dag_2_fhv.py
[2022-01-30 01:25:16,705] {processor.py:654} INFO - DAG(s) dict_keys(['data_ingestion_gcs_dag_fhv_2']) retrieved from /opt/airflow/dags/data_ingestion_gcs_dag_2_fhv.py
[2022-01-30 01:25:16,714] {logging_mixin.py:109} INFO - [2022-01-30 01:25:16,714] {dag.py:2396} INFO - Sync 1 DAGs
[2022-01-30 01:25:16,736] {logging_mixin.py:109} INFO - [2022-01-30 01:25:16,736] {dag.py:2935} INFO - Setting next_dagrun for data_ingestion_gcs_dag_fhv_2 to 2021-01-02 06:00:00+00:00
[2022-01-30 01:25:16,749] {processor.py:171} INFO - Processing /opt/airflow/dags/data_ingestion_gcs_dag_2_fhv.py took 0.917 seconds
[2022-01-30 01:25:47,057] {processor.py:163} INFO - Started process (PID=289) to work on /opt/airflow/dags/data_ingestion_gcs_dag_2_fhv.py
[2022-01-30 01:25:47,066] {processor.py:642} INFO - Processing file /opt/airflow/dags/data_ingestion_gcs_dag_2_fhv.py for tasks to queue
[2022-01-30 01:25:47,067] {logging_mixin.py:109} INFO - [2022-01-30 01:25:47,067] {dagbag.py:500} INFO - Filling up the DagBag from /opt/airflow/dags/data_ingestion_gcs_dag_2_fhv.py
[2022-01-30 01:25:49,395] {processor.py:654} INFO - DAG(s) dict_keys(['data_ingestion_gcs_dag_fhv_2']) retrieved from /opt/airflow/dags/data_ingestion_gcs_dag_2_fhv.py
[2022-01-30 01:25:49,421] {logging_mixin.py:109} INFO - [2022-01-30 01:25:49,421] {dag.py:2396} INFO - Sync 1 DAGs
[2022-01-30 01:25:49,448] {logging_mixin.py:109} INFO - [2022-01-30 01:25:49,448] {dag.py:2935} INFO - Setting next_dagrun for data_ingestion_gcs_dag_fhv_2 to 2021-01-02 06:00:00+00:00
[2022-01-30 01:25:49,461] {processor.py:171} INFO - Processing /opt/airflow/dags/data_ingestion_gcs_dag_2_fhv.py took 2.439 seconds
[2022-01-30 01:26:19,589] {processor.py:163} INFO - Started process (PID=333) to work on /opt/airflow/dags/data_ingestion_gcs_dag_2_fhv.py
[2022-01-30 01:26:19,591] {processor.py:642} INFO - Processing file /opt/airflow/dags/data_ingestion_gcs_dag_2_fhv.py for tasks to queue
[2022-01-30 01:26:19,591] {logging_mixin.py:109} INFO - [2022-01-30 01:26:19,591] {dagbag.py:500} INFO - Filling up the DagBag from /opt/airflow/dags/data_ingestion_gcs_dag_2_fhv.py
[2022-01-30 01:26:20,859] {processor.py:654} INFO - DAG(s) dict_keys(['data_ingestion_gcs_dag_fhv_2']) retrieved from /opt/airflow/dags/data_ingestion_gcs_dag_2_fhv.py
[2022-01-30 01:26:20,869] {logging_mixin.py:109} INFO - [2022-01-30 01:26:20,869] {dag.py:2396} INFO - Sync 1 DAGs
[2022-01-30 01:26:20,885] {logging_mixin.py:109} INFO - [2022-01-30 01:26:20,884] {dag.py:2935} INFO - Setting next_dagrun for data_ingestion_gcs_dag_fhv_2 to 2021-01-02 06:00:00+00:00
[2022-01-30 01:26:20,896] {processor.py:171} INFO - Processing /opt/airflow/dags/data_ingestion_gcs_dag_2_fhv.py took 1.312 seconds
[2022-01-30 01:26:51,018] {processor.py:163} INFO - Started process (PID=389) to work on /opt/airflow/dags/data_ingestion_gcs_dag_2_fhv.py
[2022-01-30 01:26:51,022] {processor.py:642} INFO - Processing file /opt/airflow/dags/data_ingestion_gcs_dag_2_fhv.py for tasks to queue
[2022-01-30 01:26:51,025] {logging_mixin.py:109} INFO - [2022-01-30 01:26:51,024] {dagbag.py:500} INFO - Filling up the DagBag from /opt/airflow/dags/data_ingestion_gcs_dag_2_fhv.py
[2022-01-30 01:26:52,638] {processor.py:654} INFO - DAG(s) dict_keys(['data_ingestion_gcs_dag_fhv_2']) retrieved from /opt/airflow/dags/data_ingestion_gcs_dag_2_fhv.py
[2022-01-30 01:26:52,651] {logging_mixin.py:109} INFO - [2022-01-30 01:26:52,651] {dag.py:2396} INFO - Sync 1 DAGs
[2022-01-30 01:26:52,681] {logging_mixin.py:109} INFO - [2022-01-30 01:26:52,681] {dag.py:2935} INFO - Setting next_dagrun for data_ingestion_gcs_dag_fhv_2 to 2021-01-02 06:00:00+00:00
[2022-01-30 01:26:52,693] {processor.py:171} INFO - Processing /opt/airflow/dags/data_ingestion_gcs_dag_2_fhv.py took 1.684 seconds
[2022-01-30 01:27:23,220] {processor.py:163} INFO - Started process (PID=425) to work on /opt/airflow/dags/data_ingestion_gcs_dag_2_fhv.py
[2022-01-30 01:27:23,622] {processor.py:642} INFO - Processing file /opt/airflow/dags/data_ingestion_gcs_dag_2_fhv.py for tasks to queue
[2022-01-30 01:27:23,623] {logging_mixin.py:109} INFO - [2022-01-30 01:27:23,623] {dagbag.py:500} INFO - Filling up the DagBag from /opt/airflow/dags/data_ingestion_gcs_dag_2_fhv.py
[2022-01-30 01:27:24,864] {processor.py:654} INFO - DAG(s) dict_keys(['data_ingestion_gcs_dag_fhv_2']) retrieved from /opt/airflow/dags/data_ingestion_gcs_dag_2_fhv.py
[2022-01-30 01:27:25,027] {logging_mixin.py:109} INFO - [2022-01-30 01:27:24,997] {dag.py:2396} INFO - Sync 1 DAGs
[2022-01-30 01:27:25,334] {logging_mixin.py:109} INFO - [2022-01-30 01:27:25,333] {dag.py:2935} INFO - Setting next_dagrun for data_ingestion_gcs_dag_fhv_2 to 2021-01-02 06:00:00+00:00
[2022-01-30 01:27:25,453] {processor.py:171} INFO - Processing /opt/airflow/dags/data_ingestion_gcs_dag_2_fhv.py took 2.238 seconds
[2022-01-30 01:27:55,716] {processor.py:163} INFO - Started process (PID=475) to work on /opt/airflow/dags/data_ingestion_gcs_dag_2_fhv.py
[2022-01-30 01:27:55,719] {processor.py:642} INFO - Processing file /opt/airflow/dags/data_ingestion_gcs_dag_2_fhv.py for tasks to queue
[2022-01-30 01:27:55,720] {logging_mixin.py:109} INFO - [2022-01-30 01:27:55,720] {dagbag.py:500} INFO - Filling up the DagBag from /opt/airflow/dags/data_ingestion_gcs_dag_2_fhv.py
[2022-01-30 01:27:56,770] {processor.py:654} INFO - DAG(s) dict_keys(['data_ingestion_gcs_dag_fhv_2']) retrieved from /opt/airflow/dags/data_ingestion_gcs_dag_2_fhv.py
[2022-01-30 01:27:56,779] {logging_mixin.py:109} INFO - [2022-01-30 01:27:56,779] {dag.py:2396} INFO - Sync 1 DAGs
[2022-01-30 01:27:56,795] {logging_mixin.py:109} INFO - [2022-01-30 01:27:56,795] {dag.py:2935} INFO - Setting next_dagrun for data_ingestion_gcs_dag_fhv_2 to 2021-01-02 06:00:00+00:00
[2022-01-30 01:27:56,804] {processor.py:171} INFO - Processing /opt/airflow/dags/data_ingestion_gcs_dag_2_fhv.py took 1.096 seconds
[2022-01-30 01:28:30,088] {processor.py:163} INFO - Started process (PID=527) to work on /opt/airflow/dags/data_ingestion_gcs_dag_2_fhv.py
[2022-01-30 01:28:30,089] {processor.py:642} INFO - Processing file /opt/airflow/dags/data_ingestion_gcs_dag_2_fhv.py for tasks to queue
[2022-01-30 01:28:30,089] {logging_mixin.py:109} INFO - [2022-01-30 01:28:30,089] {dagbag.py:500} INFO - Filling up the DagBag from /opt/airflow/dags/data_ingestion_gcs_dag_2_fhv.py
[2022-01-30 01:28:30,913] {processor.py:654} INFO - DAG(s) dict_keys(['data_ingestion_gcs_dag_fhv_2']) retrieved from /opt/airflow/dags/data_ingestion_gcs_dag_2_fhv.py
[2022-01-30 01:28:30,922] {logging_mixin.py:109} INFO - [2022-01-30 01:28:30,921] {dag.py:2396} INFO - Sync 1 DAGs
[2022-01-30 01:28:30,937] {logging_mixin.py:109} INFO - [2022-01-30 01:28:30,937] {dag.py:2935} INFO - Setting next_dagrun for data_ingestion_gcs_dag_fhv_2 to 2021-01-02 06:00:00+00:00
[2022-01-30 01:28:33,088] {processor.py:171} INFO - Processing /opt/airflow/dags/data_ingestion_gcs_dag_2_fhv.py took 3.005 seconds
[2022-01-30 01:29:04,167] {processor.py:163} INFO - Started process (PID=562) to work on /opt/airflow/dags/data_ingestion_gcs_dag_2_fhv.py
[2022-01-30 01:29:04,169] {processor.py:642} INFO - Processing file /opt/airflow/dags/data_ingestion_gcs_dag_2_fhv.py for tasks to queue
[2022-01-30 01:29:04,170] {logging_mixin.py:109} INFO - [2022-01-30 01:29:04,170] {dagbag.py:500} INFO - Filling up the DagBag from /opt/airflow/dags/data_ingestion_gcs_dag_2_fhv.py
[2022-01-30 01:29:05,344] {processor.py:654} INFO - DAG(s) dict_keys(['data_ingestion_gcs_dag_fhv_2']) retrieved from /opt/airflow/dags/data_ingestion_gcs_dag_2_fhv.py
[2022-01-30 01:29:05,364] {logging_mixin.py:109} INFO - [2022-01-30 01:29:05,364] {dag.py:2396} INFO - Sync 1 DAGs
[2022-01-30 01:29:05,385] {logging_mixin.py:109} INFO - [2022-01-30 01:29:05,385] {dag.py:2935} INFO - Setting next_dagrun for data_ingestion_gcs_dag_fhv_2 to 2021-01-02 06:00:00+00:00
[2022-01-30 01:29:05,398] {processor.py:171} INFO - Processing /opt/airflow/dags/data_ingestion_gcs_dag_2_fhv.py took 1.237 seconds
[2022-01-30 01:29:36,271] {processor.py:163} INFO - Started process (PID=620) to work on /opt/airflow/dags/data_ingestion_gcs_dag_2_fhv.py
[2022-01-30 01:29:36,274] {processor.py:642} INFO - Processing file /opt/airflow/dags/data_ingestion_gcs_dag_2_fhv.py for tasks to queue
[2022-01-30 01:29:36,275] {logging_mixin.py:109} INFO - [2022-01-30 01:29:36,275] {dagbag.py:500} INFO - Filling up the DagBag from /opt/airflow/dags/data_ingestion_gcs_dag_2_fhv.py
[2022-01-30 01:29:37,231] {processor.py:654} INFO - DAG(s) dict_keys(['data_ingestion_gcs_dag_fhv_2']) retrieved from /opt/airflow/dags/data_ingestion_gcs_dag_2_fhv.py
[2022-01-30 01:29:37,241] {logging_mixin.py:109} INFO - [2022-01-30 01:29:37,240] {dag.py:2396} INFO - Sync 1 DAGs
[2022-01-30 01:29:37,256] {logging_mixin.py:109} INFO - [2022-01-30 01:29:37,256] {dag.py:2935} INFO - Setting next_dagrun for data_ingestion_gcs_dag_fhv_2 to 2021-01-02 06:00:00+00:00
[2022-01-30 01:29:37,266] {processor.py:171} INFO - Processing /opt/airflow/dags/data_ingestion_gcs_dag_2_fhv.py took 1.001 seconds
[2022-01-30 01:30:07,418] {processor.py:163} INFO - Started process (PID=665) to work on /opt/airflow/dags/data_ingestion_gcs_dag_2_fhv.py
[2022-01-30 01:30:07,423] {processor.py:642} INFO - Processing file /opt/airflow/dags/data_ingestion_gcs_dag_2_fhv.py for tasks to queue
[2022-01-30 01:30:07,424] {logging_mixin.py:109} INFO - [2022-01-30 01:30:07,424] {dagbag.py:500} INFO - Filling up the DagBag from /opt/airflow/dags/data_ingestion_gcs_dag_2_fhv.py
[2022-01-30 01:30:08,461] {processor.py:654} INFO - DAG(s) dict_keys(['data_ingestion_gcs_dag_fhv_2']) retrieved from /opt/airflow/dags/data_ingestion_gcs_dag_2_fhv.py
[2022-01-30 01:30:08,471] {logging_mixin.py:109} INFO - [2022-01-30 01:30:08,471] {dag.py:2396} INFO - Sync 1 DAGs
[2022-01-30 01:30:08,488] {logging_mixin.py:109} INFO - [2022-01-30 01:30:08,488] {dag.py:2935} INFO - Setting next_dagrun for data_ingestion_gcs_dag_fhv_2 to 2021-01-02 06:00:00+00:00
[2022-01-30 01:30:08,499] {processor.py:171} INFO - Processing /opt/airflow/dags/data_ingestion_gcs_dag_2_fhv.py took 1.086 seconds
[2022-01-30 01:30:38,700] {processor.py:163} INFO - Started process (PID=721) to work on /opt/airflow/dags/data_ingestion_gcs_dag_2_fhv.py
[2022-01-30 01:30:38,701] {processor.py:642} INFO - Processing file /opt/airflow/dags/data_ingestion_gcs_dag_2_fhv.py for tasks to queue
[2022-01-30 01:30:38,702] {logging_mixin.py:109} INFO - [2022-01-30 01:30:38,702] {dagbag.py:500} INFO - Filling up the DagBag from /opt/airflow/dags/data_ingestion_gcs_dag_2_fhv.py
[2022-01-30 01:30:39,592] {processor.py:654} INFO - DAG(s) dict_keys(['data_ingestion_gcs_dag_fhv_2']) retrieved from /opt/airflow/dags/data_ingestion_gcs_dag_2_fhv.py
[2022-01-30 01:30:39,605] {logging_mixin.py:109} INFO - [2022-01-30 01:30:39,604] {dag.py:2396} INFO - Sync 1 DAGs
[2022-01-30 01:30:39,620] {logging_mixin.py:109} INFO - [2022-01-30 01:30:39,620] {dag.py:2935} INFO - Setting next_dagrun for data_ingestion_gcs_dag_fhv_2 to 2021-01-02 06:00:00+00:00
[2022-01-30 01:30:39,630] {processor.py:171} INFO - Processing /opt/airflow/dags/data_ingestion_gcs_dag_2_fhv.py took 0.935 seconds
[2022-01-30 01:31:09,849] {processor.py:163} INFO - Started process (PID=765) to work on /opt/airflow/dags/data_ingestion_gcs_dag_2_fhv.py
[2022-01-30 01:31:09,855] {processor.py:642} INFO - Processing file /opt/airflow/dags/data_ingestion_gcs_dag_2_fhv.py for tasks to queue
[2022-01-30 01:31:09,855] {logging_mixin.py:109} INFO - [2022-01-30 01:31:09,855] {dagbag.py:500} INFO - Filling up the DagBag from /opt/airflow/dags/data_ingestion_gcs_dag_2_fhv.py
[2022-01-30 01:31:10,749] {processor.py:654} INFO - DAG(s) dict_keys(['data_ingestion_gcs_dag_fhv_2']) retrieved from /opt/airflow/dags/data_ingestion_gcs_dag_2_fhv.py
[2022-01-30 01:31:11,012] {logging_mixin.py:109} INFO - [2022-01-30 01:31:11,012] {dag.py:2396} INFO - Sync 1 DAGs
[2022-01-30 01:31:11,035] {logging_mixin.py:109} INFO - [2022-01-30 01:31:11,035] {dag.py:2935} INFO - Setting next_dagrun for data_ingestion_gcs_dag_fhv_2 to 2019-01-02 06:00:00+00:00
[2022-01-30 01:31:11,055] {processor.py:171} INFO - Processing /opt/airflow/dags/data_ingestion_gcs_dag_2_fhv.py took 1.210 seconds
[2022-01-30 01:31:13,254] {processor.py:163} INFO - Started process (PID=776) to work on /opt/airflow/dags/data_ingestion_gcs_dag_2_fhv.py
[2022-01-30 01:31:13,255] {processor.py:642} INFO - Processing file /opt/airflow/dags/data_ingestion_gcs_dag_2_fhv.py for tasks to queue
[2022-01-30 01:31:13,256] {logging_mixin.py:109} INFO - [2022-01-30 01:31:13,256] {dagbag.py:500} INFO - Filling up the DagBag from /opt/airflow/dags/data_ingestion_gcs_dag_2_fhv.py
[2022-01-30 01:31:13,259] {logging_mixin.py:109} INFO - [2022-01-30 01:31:13,258] {dagbag.py:334} ERROR - Failed to import: /opt/airflow/dags/data_ingestion_gcs_dag_2_fhv.py
Traceback (most recent call last):
  File "/home/airflow/.local/lib/python3.7/site-packages/airflow/models/dagbag.py", line 331, in _load_modules_from_file
    loader.exec_module(new_module)
  File "<frozen importlib._bootstrap_external>", line 724, in exec_module
  File "<frozen importlib._bootstrap_external>", line 860, in get_code
  File "<frozen importlib._bootstrap_external>", line 791, in source_to_code
  File "<frozen importlib._bootstrap>", line 219, in _call_with_frames_removed
  File "/opt/airflow/dags/data_ingestion_gcs_dag_2_fhv.py", line 71
    max_active_runs=,
                    ^
SyntaxError: invalid syntax
[2022-01-30 01:31:13,278] {processor.py:690} INFO - Deactivated 1 DAGs which are no longer present in /opt/airflow/dags/data_ingestion_gcs_dag_2_fhv.py
[2022-01-30 01:31:13,279] {processor.py:656} WARNING - No viable dags retrieved from /opt/airflow/dags/data_ingestion_gcs_dag_2_fhv.py
[2022-01-30 01:31:13,291] {processor.py:171} INFO - Processing /opt/airflow/dags/data_ingestion_gcs_dag_2_fhv.py took 0.042 seconds
[2022-01-30 01:31:19,209] {processor.py:163} INFO - Started process (PID=792) to work on /opt/airflow/dags/data_ingestion_gcs_dag_2_fhv.py
[2022-01-30 01:31:19,210] {processor.py:642} INFO - Processing file /opt/airflow/dags/data_ingestion_gcs_dag_2_fhv.py for tasks to queue
[2022-01-30 01:31:19,211] {logging_mixin.py:109} INFO - [2022-01-30 01:31:19,211] {dagbag.py:500} INFO - Filling up the DagBag from /opt/airflow/dags/data_ingestion_gcs_dag_2_fhv.py
[2022-01-30 01:31:20,133] {processor.py:654} INFO - DAG(s) dict_keys(['data_ingestion_gcs_dag_fhv_2']) retrieved from /opt/airflow/dags/data_ingestion_gcs_dag_2_fhv.py
[2022-01-30 01:31:20,137] {logging_mixin.py:109} INFO - [2022-01-30 01:31:20,137] {dag.py:2396} INFO - Sync 1 DAGs
[2022-01-30 01:31:20,153] {logging_mixin.py:109} INFO - [2022-01-30 01:31:20,153] {dag.py:2935} INFO - Setting next_dagrun for data_ingestion_gcs_dag_fhv_2 to 2019-01-02 06:00:00+00:00
[2022-01-30 01:31:20,166] {processor.py:171} INFO - Processing /opt/airflow/dags/data_ingestion_gcs_dag_2_fhv.py took 0.963 seconds
[2022-01-30 01:31:50,462] {processor.py:163} INFO - Started process (PID=859) to work on /opt/airflow/dags/data_ingestion_gcs_dag_2_fhv.py
[2022-01-30 01:31:50,469] {processor.py:642} INFO - Processing file /opt/airflow/dags/data_ingestion_gcs_dag_2_fhv.py for tasks to queue
[2022-01-30 01:31:50,471] {logging_mixin.py:109} INFO - [2022-01-30 01:31:50,471] {dagbag.py:500} INFO - Filling up the DagBag from /opt/airflow/dags/data_ingestion_gcs_dag_2_fhv.py
[2022-01-30 01:31:51,943] {processor.py:654} INFO - DAG(s) dict_keys(['data_ingestion_gcs_dag_fhv_2']) retrieved from /opt/airflow/dags/data_ingestion_gcs_dag_2_fhv.py
[2022-01-30 01:31:52,284] {logging_mixin.py:109} INFO - [2022-01-30 01:31:52,283] {dag.py:2396} INFO - Sync 1 DAGs
[2022-01-30 01:31:52,307] {logging_mixin.py:109} INFO - [2022-01-30 01:31:52,307] {dag.py:2935} INFO - Setting next_dagrun for data_ingestion_gcs_dag_fhv_2 to 2019-12-02T06:00:00+00:00
[2022-01-30 01:31:52,460] {processor.py:171} INFO - Processing /opt/airflow/dags/data_ingestion_gcs_dag_2_fhv.py took 2.009 seconds
[2022-01-30 01:32:24,237] {processor.py:163} INFO - Started process (PID=915) to work on /opt/airflow/dags/data_ingestion_gcs_dag_2_fhv.py
[2022-01-30 01:32:24,239] {processor.py:642} INFO - Processing file /opt/airflow/dags/data_ingestion_gcs_dag_2_fhv.py for tasks to queue
[2022-01-30 01:32:24,240] {logging_mixin.py:109} INFO - [2022-01-30 01:32:24,240] {dagbag.py:500} INFO - Filling up the DagBag from /opt/airflow/dags/data_ingestion_gcs_dag_2_fhv.py
[2022-01-30 01:32:25,449] {processor.py:654} INFO - DAG(s) dict_keys(['data_ingestion_gcs_dag_fhv_2']) retrieved from /opt/airflow/dags/data_ingestion_gcs_dag_2_fhv.py
[2022-01-30 01:32:26,055] {logging_mixin.py:109} INFO - [2022-01-30 01:32:26,054] {dag.py:2396} INFO - Sync 1 DAGs
[2022-01-30 01:32:26,078] {logging_mixin.py:109} INFO - [2022-01-30 01:32:26,078] {dag.py:2935} INFO - Setting next_dagrun for data_ingestion_gcs_dag_fhv_2 to 2020-03-02T06:00:00+00:00
[2022-01-30 01:32:27,714] {processor.py:171} INFO - Processing /opt/airflow/dags/data_ingestion_gcs_dag_2_fhv.py took 3.495 seconds
[2022-01-30 01:32:58,845] {processor.py:163} INFO - Started process (PID=969) to work on /opt/airflow/dags/data_ingestion_gcs_dag_2_fhv.py
[2022-01-30 01:32:58,919] {processor.py:642} INFO - Processing file /opt/airflow/dags/data_ingestion_gcs_dag_2_fhv.py for tasks to queue
[2022-01-30 01:32:58,921] {logging_mixin.py:109} INFO - [2022-01-30 01:32:58,920] {dagbag.py:500} INFO - Filling up the DagBag from /opt/airflow/dags/data_ingestion_gcs_dag_2_fhv.py
[2022-01-30 01:32:59,887] {processor.py:654} INFO - DAG(s) dict_keys(['data_ingestion_gcs_dag_fhv_2']) retrieved from /opt/airflow/dags/data_ingestion_gcs_dag_2_fhv.py
[2022-01-30 01:32:59,897] {logging_mixin.py:109} INFO - [2022-01-30 01:32:59,896] {dag.py:2396} INFO - Sync 1 DAGs
[2022-01-30 01:32:59,913] {logging_mixin.py:109} INFO - [2022-01-30 01:32:59,913] {dag.py:2935} INFO - Setting next_dagrun for data_ingestion_gcs_dag_fhv_2 to 2020-04-02T06:00:00+00:00
[2022-01-30 01:33:03,521] {processor.py:171} INFO - Processing /opt/airflow/dags/data_ingestion_gcs_dag_2_fhv.py took 4.681 seconds
[2022-01-30 01:33:34,917] {processor.py:163} INFO - Started process (PID=1018) to work on /opt/airflow/dags/data_ingestion_gcs_dag_2_fhv.py
[2022-01-30 01:33:35,224] {processor.py:642} INFO - Processing file /opt/airflow/dags/data_ingestion_gcs_dag_2_fhv.py for tasks to queue
[2022-01-30 01:33:35,225] {logging_mixin.py:109} INFO - [2022-01-30 01:33:35,225] {dagbag.py:500} INFO - Filling up the DagBag from /opt/airflow/dags/data_ingestion_gcs_dag_2_fhv.py
[2022-01-30 01:33:36,246] {processor.py:654} INFO - DAG(s) dict_keys(['data_ingestion_gcs_dag_fhv_2']) retrieved from /opt/airflow/dags/data_ingestion_gcs_dag_2_fhv.py
[2022-01-30 01:33:36,256] {logging_mixin.py:109} INFO - [2022-01-30 01:33:36,255] {dag.py:2396} INFO - Sync 1 DAGs
[2022-01-30 01:33:36,272] {logging_mixin.py:109} INFO - [2022-01-30 01:33:36,271] {dag.py:2935} INFO - Setting next_dagrun for data_ingestion_gcs_dag_fhv_2 to 2020-05-02T06:00:00+00:00
[2022-01-30 01:33:38,905] {processor.py:171} INFO - Processing /opt/airflow/dags/data_ingestion_gcs_dag_2_fhv.py took 4.003 seconds
[2022-01-30 01:34:10,582] {processor.py:163} INFO - Started process (PID=1087) to work on /opt/airflow/dags/data_ingestion_gcs_dag_2_fhv.py
[2022-01-30 01:34:10,585] {processor.py:642} INFO - Processing file /opt/airflow/dags/data_ingestion_gcs_dag_2_fhv.py for tasks to queue
[2022-01-30 01:34:10,586] {logging_mixin.py:109} INFO - [2022-01-30 01:34:10,586] {dagbag.py:500} INFO - Filling up the DagBag from /opt/airflow/dags/data_ingestion_gcs_dag_2_fhv.py
[2022-01-30 01:34:12,790] {processor.py:654} INFO - DAG(s) dict_keys(['data_ingestion_gcs_dag_fhv_2']) retrieved from /opt/airflow/dags/data_ingestion_gcs_dag_2_fhv.py
[2022-01-30 01:34:12,829] {logging_mixin.py:109} INFO - [2022-01-30 01:34:12,828] {dag.py:2396} INFO - Sync 1 DAGs
[2022-01-30 01:34:12,879] {logging_mixin.py:109} INFO - [2022-01-30 01:34:12,879] {dag.py:2935} INFO - Setting next_dagrun for data_ingestion_gcs_dag_fhv_2 to 2020-12-02T06:00:00+00:00
[2022-01-30 01:34:12,899] {processor.py:171} INFO - Processing /opt/airflow/dags/data_ingestion_gcs_dag_2_fhv.py took 2.330 seconds
[2022-01-30 01:34:43,695] {processor.py:163} INFO - Started process (PID=1169) to work on /opt/airflow/dags/data_ingestion_gcs_dag_2_fhv.py
[2022-01-30 01:34:43,864] {processor.py:642} INFO - Processing file /opt/airflow/dags/data_ingestion_gcs_dag_2_fhv.py for tasks to queue
[2022-01-30 01:34:43,868] {logging_mixin.py:109} INFO - [2022-01-30 01:34:43,868] {dagbag.py:500} INFO - Filling up the DagBag from /opt/airflow/dags/data_ingestion_gcs_dag_2_fhv.py
[2022-01-30 01:34:45,093] {processor.py:654} INFO - DAG(s) dict_keys(['data_ingestion_gcs_dag_fhv_2']) retrieved from /opt/airflow/dags/data_ingestion_gcs_dag_2_fhv.py
[2022-01-30 01:34:45,108] {logging_mixin.py:109} INFO - [2022-01-30 01:34:45,108] {dag.py:2396} INFO - Sync 1 DAGs
[2022-01-30 01:34:46,133] {logging_mixin.py:109} INFO - [2022-01-30 01:34:46,133] {dag.py:2935} INFO - Setting next_dagrun for data_ingestion_gcs_dag_fhv_2 to 2021-10-02T06:00:00+00:00
[2022-01-30 01:34:46,364] {processor.py:171} INFO - Processing /opt/airflow/dags/data_ingestion_gcs_dag_2_fhv.py took 2.680 seconds
[2022-01-30 01:35:17,577] {processor.py:163} INFO - Started process (PID=1238) to work on /opt/airflow/dags/data_ingestion_gcs_dag_2_fhv.py
[2022-01-30 01:35:17,579] {processor.py:642} INFO - Processing file /opt/airflow/dags/data_ingestion_gcs_dag_2_fhv.py for tasks to queue
[2022-01-30 01:35:17,586] {logging_mixin.py:109} INFO - [2022-01-30 01:35:17,580] {dagbag.py:500} INFO - Filling up the DagBag from /opt/airflow/dags/data_ingestion_gcs_dag_2_fhv.py
[2022-01-30 01:35:18,768] {processor.py:654} INFO - DAG(s) dict_keys(['data_ingestion_gcs_dag_fhv_2']) retrieved from /opt/airflow/dags/data_ingestion_gcs_dag_2_fhv.py
[2022-01-30 01:35:18,780] {logging_mixin.py:109} INFO - [2022-01-30 01:35:18,780] {dag.py:2396} INFO - Sync 1 DAGs
[2022-01-30 01:35:22,343] {logging_mixin.py:109} INFO - [2022-01-30 01:35:22,343] {dag.py:2935} INFO - Setting next_dagrun for data_ingestion_gcs_dag_fhv_2 to 2021-12-02T06:00:00+00:00
[2022-01-30 01:35:27,030] {processor.py:171} INFO - Processing /opt/airflow/dags/data_ingestion_gcs_dag_2_fhv.py took 9.461 seconds
[2022-01-30 01:35:56,564] {processor.py:163} INFO - Started process (PID=1292) to work on /opt/airflow/dags/data_ingestion_gcs_dag_2_fhv.py
[2022-01-30 01:35:56,566] {processor.py:642} INFO - Processing file /opt/airflow/dags/data_ingestion_gcs_dag_2_fhv.py for tasks to queue
[2022-01-30 01:35:56,567] {logging_mixin.py:109} INFO - [2022-01-30 01:35:56,566] {dagbag.py:500} INFO - Filling up the DagBag from /opt/airflow/dags/data_ingestion_gcs_dag_2_fhv.py
[2022-01-30 01:35:57,410] {processor.py:654} INFO - DAG(s) dict_keys(['data_ingestion_gcs_dag_fhv_2']) retrieved from /opt/airflow/dags/data_ingestion_gcs_dag_2_fhv.py
[2022-01-30 01:35:57,617] {logging_mixin.py:109} INFO - [2022-01-30 01:35:57,616] {dag.py:2396} INFO - Sync 1 DAGs
[2022-01-30 01:35:57,633] {logging_mixin.py:109} INFO - [2022-01-30 01:35:57,632] {dag.py:2935} INFO - Setting next_dagrun for data_ingestion_gcs_dag_fhv_2 to 2022-01-02T06:00:00+00:00
[2022-01-30 01:35:57,646] {processor.py:171} INFO - Processing /opt/airflow/dags/data_ingestion_gcs_dag_2_fhv.py took 1.087 seconds
