[2022-01-30 01:11:42,785] {processor.py:163} INFO - Started process (PID=43) to work on /opt/airflow/dags/data_ingestion_gcs_dag_2.py
[2022-01-30 01:11:42,800] {processor.py:642} INFO - Processing file /opt/airflow/dags/data_ingestion_gcs_dag_2.py for tasks to queue
[2022-01-30 01:11:42,801] {logging_mixin.py:109} INFO - [2022-01-30 01:11:42,801] {dagbag.py:500} INFO - Filling up the DagBag from /opt/airflow/dags/data_ingestion_gcs_dag_2.py
[2022-01-30 01:11:47,994] {processor.py:654} INFO - DAG(s) dict_keys(['data_ingestion_gcs_dag_2']) retrieved from /opt/airflow/dags/data_ingestion_gcs_dag_2.py
[2022-01-30 01:11:59,265] {logging_mixin.py:109} INFO - [2022-01-30 01:11:59,265] {manager.py:496} INFO - Created Permission View: can read on DAG:data_ingestion_gcs_dag_2
[2022-01-30 01:11:59,282] {logging_mixin.py:109} INFO - [2022-01-30 01:11:59,282] {manager.py:496} INFO - Created Permission View: can edit on DAG:data_ingestion_gcs_dag_2
[2022-01-30 01:11:59,283] {logging_mixin.py:109} INFO - [2022-01-30 01:11:59,282] {dag.py:2396} INFO - Sync 1 DAGs
[2022-01-30 01:11:59,298] {logging_mixin.py:109} INFO - [2022-01-30 01:11:59,298] {dag.py:2415} INFO - Creating ORM DAG for data_ingestion_gcs_dag_2
[2022-01-30 01:11:59,318] {logging_mixin.py:109} INFO - [2022-01-30 01:11:59,318] {dag.py:2935} INFO - Setting next_dagrun for data_ingestion_gcs_dag_2 to 2021-01-02 06:00:00+00:00
[2022-01-30 01:11:59,339] {processor.py:171} INFO - Processing /opt/airflow/dags/data_ingestion_gcs_dag_2.py took 16.573 seconds
[2022-01-30 01:12:29,502] {processor.py:163} INFO - Started process (PID=99) to work on /opt/airflow/dags/data_ingestion_gcs_dag_2.py
[2022-01-30 01:12:29,508] {processor.py:642} INFO - Processing file /opt/airflow/dags/data_ingestion_gcs_dag_2.py for tasks to queue
[2022-01-30 01:12:29,509] {logging_mixin.py:109} INFO - [2022-01-30 01:12:29,509] {dagbag.py:500} INFO - Filling up the DagBag from /opt/airflow/dags/data_ingestion_gcs_dag_2.py
[2022-01-30 01:12:30,836] {processor.py:654} INFO - DAG(s) dict_keys(['data_ingestion_gcs_dag_2']) retrieved from /opt/airflow/dags/data_ingestion_gcs_dag_2.py
[2022-01-30 01:12:30,849] {logging_mixin.py:109} INFO - [2022-01-30 01:12:30,849] {dag.py:2396} INFO - Sync 1 DAGs
[2022-01-30 01:12:30,875] {logging_mixin.py:109} INFO - [2022-01-30 01:12:30,875] {dag.py:2935} INFO - Setting next_dagrun for data_ingestion_gcs_dag_2 to 2021-01-02 06:00:00+00:00
[2022-01-30 01:12:30,888] {processor.py:171} INFO - Processing /opt/airflow/dags/data_ingestion_gcs_dag_2.py took 1.390 seconds
[2022-01-30 01:13:01,570] {processor.py:163} INFO - Started process (PID=148) to work on /opt/airflow/dags/data_ingestion_gcs_dag_2.py
[2022-01-30 01:13:01,572] {processor.py:642} INFO - Processing file /opt/airflow/dags/data_ingestion_gcs_dag_2.py for tasks to queue
[2022-01-30 01:13:01,574] {logging_mixin.py:109} INFO - [2022-01-30 01:13:01,573] {dagbag.py:500} INFO - Filling up the DagBag from /opt/airflow/dags/data_ingestion_gcs_dag_2.py
[2022-01-30 01:13:02,883] {processor.py:654} INFO - DAG(s) dict_keys(['data_ingestion_gcs_dag_2']) retrieved from /opt/airflow/dags/data_ingestion_gcs_dag_2.py
[2022-01-30 01:13:02,888] {logging_mixin.py:109} INFO - [2022-01-30 01:13:02,887] {dag.py:2396} INFO - Sync 1 DAGs
[2022-01-30 01:13:02,912] {logging_mixin.py:109} INFO - [2022-01-30 01:13:02,912] {dag.py:2935} INFO - Setting next_dagrun for data_ingestion_gcs_dag_2 to 2021-01-02 06:00:00+00:00
[2022-01-30 01:13:02,923] {processor.py:171} INFO - Processing /opt/airflow/dags/data_ingestion_gcs_dag_2.py took 1.359 seconds
[2022-01-30 01:13:32,987] {processor.py:163} INFO - Started process (PID=188) to work on /opt/airflow/dags/data_ingestion_gcs_dag_2.py
[2022-01-30 01:13:32,989] {processor.py:642} INFO - Processing file /opt/airflow/dags/data_ingestion_gcs_dag_2.py for tasks to queue
[2022-01-30 01:13:32,989] {logging_mixin.py:109} INFO - [2022-01-30 01:13:32,989] {dagbag.py:500} INFO - Filling up the DagBag from /opt/airflow/dags/data_ingestion_gcs_dag_2.py
[2022-01-30 01:13:34,057] {processor.py:654} INFO - DAG(s) dict_keys(['data_ingestion_gcs_dag_2']) retrieved from /opt/airflow/dags/data_ingestion_gcs_dag_2.py
[2022-01-30 01:13:34,281] {logging_mixin.py:109} INFO - [2022-01-30 01:13:34,281] {dag.py:2396} INFO - Sync 1 DAGs
[2022-01-30 01:13:34,306] {logging_mixin.py:109} INFO - [2022-01-30 01:13:34,305] {dag.py:2935} INFO - Setting next_dagrun for data_ingestion_gcs_dag_2 to 2021-01-02 06:00:00+00:00
[2022-01-30 01:13:34,318] {processor.py:171} INFO - Processing /opt/airflow/dags/data_ingestion_gcs_dag_2.py took 1.336 seconds
[2022-01-30 01:14:04,752] {processor.py:163} INFO - Started process (PID=238) to work on /opt/airflow/dags/data_ingestion_gcs_dag_2.py
[2022-01-30 01:14:04,753] {processor.py:642} INFO - Processing file /opt/airflow/dags/data_ingestion_gcs_dag_2.py for tasks to queue
[2022-01-30 01:14:04,754] {logging_mixin.py:109} INFO - [2022-01-30 01:14:04,754] {dagbag.py:500} INFO - Filling up the DagBag from /opt/airflow/dags/data_ingestion_gcs_dag_2.py
[2022-01-30 01:14:05,688] {processor.py:654} INFO - DAG(s) dict_keys(['data_ingestion_gcs_dag_2']) retrieved from /opt/airflow/dags/data_ingestion_gcs_dag_2.py
[2022-01-30 01:14:05,698] {logging_mixin.py:109} INFO - [2022-01-30 01:14:05,698] {dag.py:2396} INFO - Sync 1 DAGs
[2022-01-30 01:14:05,715] {logging_mixin.py:109} INFO - [2022-01-30 01:14:05,715] {dag.py:2935} INFO - Setting next_dagrun for data_ingestion_gcs_dag_2 to 2021-01-02 06:00:00+00:00
[2022-01-30 01:14:05,724] {processor.py:171} INFO - Processing /opt/airflow/dags/data_ingestion_gcs_dag_2.py took 0.977 seconds
[2022-01-30 01:14:35,555] {processor.py:163} INFO - Started process (PID=278) to work on /opt/airflow/dags/data_ingestion_gcs_dag_2.py
[2022-01-30 01:14:35,556] {processor.py:642} INFO - Processing file /opt/airflow/dags/data_ingestion_gcs_dag_2.py for tasks to queue
[2022-01-30 01:14:35,557] {logging_mixin.py:109} INFO - [2022-01-30 01:14:35,557] {dagbag.py:500} INFO - Filling up the DagBag from /opt/airflow/dags/data_ingestion_gcs_dag_2.py
[2022-01-30 01:14:36,485] {processor.py:654} INFO - DAG(s) dict_keys(['data_ingestion_gcs_dag_2']) retrieved from /opt/airflow/dags/data_ingestion_gcs_dag_2.py
[2022-01-30 01:14:36,493] {logging_mixin.py:109} INFO - [2022-01-30 01:14:36,492] {dag.py:2396} INFO - Sync 1 DAGs
[2022-01-30 01:14:36,516] {logging_mixin.py:109} INFO - [2022-01-30 01:14:36,516] {dag.py:2935} INFO - Setting next_dagrun for data_ingestion_gcs_dag_2 to 2019-01-02 06:00:00+00:00
[2022-01-30 01:14:36,529] {processor.py:171} INFO - Processing /opt/airflow/dags/data_ingestion_gcs_dag_2.py took 0.979 seconds
[2022-01-30 01:14:41,918] {processor.py:163} INFO - Started process (PID=308) to work on /opt/airflow/dags/data_ingestion_gcs_dag_2.py
[2022-01-30 01:14:41,920] {processor.py:642} INFO - Processing file /opt/airflow/dags/data_ingestion_gcs_dag_2.py for tasks to queue
[2022-01-30 01:14:41,920] {logging_mixin.py:109} INFO - [2022-01-30 01:14:41,920] {dagbag.py:500} INFO - Filling up the DagBag from /opt/airflow/dags/data_ingestion_gcs_dag_2.py
[2022-01-30 01:14:42,788] {processor.py:654} INFO - DAG(s) dict_keys(['data_ingestion_gcs_dag_2']) retrieved from /opt/airflow/dags/data_ingestion_gcs_dag_2.py
[2022-01-30 01:14:43,000] {logging_mixin.py:109} INFO - [2022-01-30 01:14:43,000] {dag.py:2396} INFO - Sync 1 DAGs
[2022-01-30 01:14:43,020] {logging_mixin.py:109} INFO - [2022-01-30 01:14:43,020] {dag.py:2935} INFO - Setting next_dagrun for data_ingestion_gcs_dag_2 to 2019-01-02 06:00:00+00:00
[2022-01-30 01:14:43,259] {processor.py:171} INFO - Processing /opt/airflow/dags/data_ingestion_gcs_dag_2.py took 1.346 seconds
[2022-01-30 01:14:48,298] {processor.py:163} INFO - Started process (PID=313) to work on /opt/airflow/dags/data_ingestion_gcs_dag_2.py
[2022-01-30 01:14:48,300] {processor.py:642} INFO - Processing file /opt/airflow/dags/data_ingestion_gcs_dag_2.py for tasks to queue
[2022-01-30 01:14:48,301] {logging_mixin.py:109} INFO - [2022-01-30 01:14:48,301] {dagbag.py:500} INFO - Filling up the DagBag from /opt/airflow/dags/data_ingestion_gcs_dag_2.py
[2022-01-30 01:14:49,242] {processor.py:654} INFO - DAG(s) dict_keys(['data_ingestion_gcs_dag_2']) retrieved from /opt/airflow/dags/data_ingestion_gcs_dag_2.py
[2022-01-30 01:14:49,248] {logging_mixin.py:109} INFO - [2022-01-30 01:14:49,248] {dag.py:2396} INFO - Sync 1 DAGs
[2022-01-30 01:14:49,265] {logging_mixin.py:109} INFO - [2022-01-30 01:14:49,265] {dag.py:2935} INFO - Setting next_dagrun for data_ingestion_gcs_dag_2 to 2019-01-02 06:00:00+00:00
[2022-01-30 01:14:49,277] {processor.py:171} INFO - Processing /opt/airflow/dags/data_ingestion_gcs_dag_2.py took 0.983 seconds
[2022-01-30 01:14:55,320] {processor.py:163} INFO - Started process (PID=328) to work on /opt/airflow/dags/data_ingestion_gcs_dag_2.py
[2022-01-30 01:14:55,321] {processor.py:642} INFO - Processing file /opt/airflow/dags/data_ingestion_gcs_dag_2.py for tasks to queue
[2022-01-30 01:14:55,322] {logging_mixin.py:109} INFO - [2022-01-30 01:14:55,322] {dagbag.py:500} INFO - Filling up the DagBag from /opt/airflow/dags/data_ingestion_gcs_dag_2.py
[2022-01-30 01:14:56,190] {processor.py:654} INFO - DAG(s) dict_keys(['data_ingestion_gcs_dag_2']) retrieved from /opt/airflow/dags/data_ingestion_gcs_dag_2.py
[2022-01-30 01:14:56,196] {logging_mixin.py:109} INFO - [2022-01-30 01:14:56,196] {dag.py:2396} INFO - Sync 1 DAGs
[2022-01-30 01:14:56,212] {logging_mixin.py:109} INFO - [2022-01-30 01:14:56,212] {dag.py:2935} INFO - Setting next_dagrun for data_ingestion_gcs_dag_2 to 2019-01-02 06:00:00+00:00
[2022-01-30 01:14:56,223] {processor.py:171} INFO - Processing /opt/airflow/dags/data_ingestion_gcs_dag_2.py took 0.907 seconds
[2022-01-30 01:15:26,371] {processor.py:163} INFO - Started process (PID=368) to work on /opt/airflow/dags/data_ingestion_gcs_dag_2.py
[2022-01-30 01:15:26,375] {processor.py:642} INFO - Processing file /opt/airflow/dags/data_ingestion_gcs_dag_2.py for tasks to queue
[2022-01-30 01:15:26,376] {logging_mixin.py:109} INFO - [2022-01-30 01:15:26,376] {dagbag.py:500} INFO - Filling up the DagBag from /opt/airflow/dags/data_ingestion_gcs_dag_2.py
[2022-01-30 01:15:27,341] {processor.py:654} INFO - DAG(s) dict_keys(['data_ingestion_gcs_dag_2']) retrieved from /opt/airflow/dags/data_ingestion_gcs_dag_2.py
[2022-01-30 01:15:27,582] {logging_mixin.py:109} INFO - [2022-01-30 01:15:27,581] {dag.py:2396} INFO - Sync 1 DAGs
[2022-01-30 01:15:27,597] {logging_mixin.py:109} INFO - [2022-01-30 01:15:27,597] {dag.py:2935} INFO - Setting next_dagrun for data_ingestion_gcs_dag_2 to 2019-01-02 06:00:00+00:00
[2022-01-30 01:15:27,608] {processor.py:171} INFO - Processing /opt/airflow/dags/data_ingestion_gcs_dag_2.py took 1.243 seconds
[2022-01-30 01:15:58,133] {processor.py:163} INFO - Started process (PID=421) to work on /opt/airflow/dags/data_ingestion_gcs_dag_2.py
[2022-01-30 01:15:58,134] {processor.py:642} INFO - Processing file /opt/airflow/dags/data_ingestion_gcs_dag_2.py for tasks to queue
[2022-01-30 01:15:58,135] {logging_mixin.py:109} INFO - [2022-01-30 01:15:58,135] {dagbag.py:500} INFO - Filling up the DagBag from /opt/airflow/dags/data_ingestion_gcs_dag_2.py
[2022-01-30 01:15:58,969] {processor.py:654} INFO - DAG(s) dict_keys(['data_ingestion_gcs_dag_2']) retrieved from /opt/airflow/dags/data_ingestion_gcs_dag_2.py
[2022-01-30 01:15:58,978] {logging_mixin.py:109} INFO - [2022-01-30 01:15:58,978] {dag.py:2396} INFO - Sync 1 DAGs
[2022-01-30 01:15:58,994] {logging_mixin.py:109} INFO - [2022-01-30 01:15:58,994] {dag.py:2935} INFO - Setting next_dagrun for data_ingestion_gcs_dag_2 to 2019-01-02 06:00:00+00:00
[2022-01-30 01:15:59,003] {processor.py:171} INFO - Processing /opt/airflow/dags/data_ingestion_gcs_dag_2.py took 0.874 seconds
[2022-01-30 01:16:29,347] {processor.py:163} INFO - Started process (PID=467) to work on /opt/airflow/dags/data_ingestion_gcs_dag_2.py
[2022-01-30 01:16:29,349] {processor.py:642} INFO - Processing file /opt/airflow/dags/data_ingestion_gcs_dag_2.py for tasks to queue
[2022-01-30 01:16:29,350] {logging_mixin.py:109} INFO - [2022-01-30 01:16:29,350] {dagbag.py:500} INFO - Filling up the DagBag from /opt/airflow/dags/data_ingestion_gcs_dag_2.py
[2022-01-30 01:16:30,236] {processor.py:654} INFO - DAG(s) dict_keys(['data_ingestion_gcs_dag_2']) retrieved from /opt/airflow/dags/data_ingestion_gcs_dag_2.py
[2022-01-30 01:16:30,242] {logging_mixin.py:109} INFO - [2022-01-30 01:16:30,242] {dag.py:2396} INFO - Sync 1 DAGs
[2022-01-30 01:16:30,260] {logging_mixin.py:109} INFO - [2022-01-30 01:16:30,260] {dag.py:2935} INFO - Setting next_dagrun for data_ingestion_gcs_dag_2 to 2019-01-02 06:00:00+00:00
[2022-01-30 01:16:30,274] {processor.py:171} INFO - Processing /opt/airflow/dags/data_ingestion_gcs_dag_2.py took 0.932 seconds
[2022-01-30 01:17:00,981] {processor.py:163} INFO - Started process (PID=528) to work on /opt/airflow/dags/data_ingestion_gcs_dag_2.py
[2022-01-30 01:17:00,983] {processor.py:642} INFO - Processing file /opt/airflow/dags/data_ingestion_gcs_dag_2.py for tasks to queue
[2022-01-30 01:17:00,984] {logging_mixin.py:109} INFO - [2022-01-30 01:17:00,984] {dagbag.py:500} INFO - Filling up the DagBag from /opt/airflow/dags/data_ingestion_gcs_dag_2.py
[2022-01-30 01:17:01,879] {processor.py:654} INFO - DAG(s) dict_keys(['data_ingestion_gcs_dag_2']) retrieved from /opt/airflow/dags/data_ingestion_gcs_dag_2.py
[2022-01-30 01:17:02,092] {logging_mixin.py:109} INFO - [2022-01-30 01:17:02,092] {dag.py:2396} INFO - Sync 1 DAGs
[2022-01-30 01:17:02,108] {logging_mixin.py:109} INFO - [2022-01-30 01:17:02,108] {dag.py:2935} INFO - Setting next_dagrun for data_ingestion_gcs_dag_2 to 2019-01-02 06:00:00+00:00
[2022-01-30 01:17:02,120] {processor.py:171} INFO - Processing /opt/airflow/dags/data_ingestion_gcs_dag_2.py took 1.143 seconds
[2022-01-30 01:17:32,497] {processor.py:163} INFO - Started process (PID=572) to work on /opt/airflow/dags/data_ingestion_gcs_dag_2.py
[2022-01-30 01:17:32,500] {processor.py:642} INFO - Processing file /opt/airflow/dags/data_ingestion_gcs_dag_2.py for tasks to queue
[2022-01-30 01:17:32,500] {logging_mixin.py:109} INFO - [2022-01-30 01:17:32,500] {dagbag.py:500} INFO - Filling up the DagBag from /opt/airflow/dags/data_ingestion_gcs_dag_2.py
[2022-01-30 01:17:33,509] {processor.py:654} INFO - DAG(s) dict_keys(['data_ingestion_gcs_dag_2']) retrieved from /opt/airflow/dags/data_ingestion_gcs_dag_2.py
[2022-01-30 01:17:33,519] {logging_mixin.py:109} INFO - [2022-01-30 01:17:33,519] {dag.py:2396} INFO - Sync 1 DAGs
[2022-01-30 01:17:33,537] {logging_mixin.py:109} INFO - [2022-01-30 01:17:33,537] {dag.py:2935} INFO - Setting next_dagrun for data_ingestion_gcs_dag_2 to 2019-01-02 06:00:00+00:00
[2022-01-30 01:17:33,548] {processor.py:171} INFO - Processing /opt/airflow/dags/data_ingestion_gcs_dag_2.py took 1.055 seconds
[2022-01-30 01:18:03,827] {processor.py:163} INFO - Started process (PID=621) to work on /opt/airflow/dags/data_ingestion_gcs_dag_2.py
[2022-01-30 01:18:03,832] {processor.py:642} INFO - Processing file /opt/airflow/dags/data_ingestion_gcs_dag_2.py for tasks to queue
[2022-01-30 01:18:03,833] {logging_mixin.py:109} INFO - [2022-01-30 01:18:03,833] {dagbag.py:500} INFO - Filling up the DagBag from /opt/airflow/dags/data_ingestion_gcs_dag_2.py
[2022-01-30 01:18:05,432] {processor.py:654} INFO - DAG(s) dict_keys(['data_ingestion_gcs_dag_2']) retrieved from /opt/airflow/dags/data_ingestion_gcs_dag_2.py
[2022-01-30 01:18:05,454] {logging_mixin.py:109} INFO - [2022-01-30 01:18:05,454] {dag.py:2396} INFO - Sync 1 DAGs
[2022-01-30 01:18:05,488] {logging_mixin.py:109} INFO - [2022-01-30 01:18:05,488] {dag.py:2935} INFO - Setting next_dagrun for data_ingestion_gcs_dag_2 to 2019-01-02 06:00:00+00:00
[2022-01-30 01:18:05,516] {processor.py:171} INFO - Processing /opt/airflow/dags/data_ingestion_gcs_dag_2.py took 1.719 seconds
[2022-01-30 01:18:36,069] {processor.py:163} INFO - Started process (PID=663) to work on /opt/airflow/dags/data_ingestion_gcs_dag_2.py
[2022-01-30 01:18:36,072] {processor.py:642} INFO - Processing file /opt/airflow/dags/data_ingestion_gcs_dag_2.py for tasks to queue
[2022-01-30 01:18:36,072] {logging_mixin.py:109} INFO - [2022-01-30 01:18:36,072] {dagbag.py:500} INFO - Filling up the DagBag from /opt/airflow/dags/data_ingestion_gcs_dag_2.py
[2022-01-30 01:18:36,915] {processor.py:654} INFO - DAG(s) dict_keys(['data_ingestion_gcs_dag_2']) retrieved from /opt/airflow/dags/data_ingestion_gcs_dag_2.py
[2022-01-30 01:18:36,925] {logging_mixin.py:109} INFO - [2022-01-30 01:18:36,925] {dag.py:2396} INFO - Sync 1 DAGs
[2022-01-30 01:18:36,943] {logging_mixin.py:109} INFO - [2022-01-30 01:18:36,943] {dag.py:2935} INFO - Setting next_dagrun for data_ingestion_gcs_dag_2 to 2019-01-02 06:00:00+00:00
[2022-01-30 01:18:36,953] {processor.py:171} INFO - Processing /opt/airflow/dags/data_ingestion_gcs_dag_2.py took 0.889 seconds
[2022-01-30 01:19:07,249] {processor.py:163} INFO - Started process (PID=713) to work on /opt/airflow/dags/data_ingestion_gcs_dag_2.py
[2022-01-30 01:19:07,250] {processor.py:642} INFO - Processing file /opt/airflow/dags/data_ingestion_gcs_dag_2.py for tasks to queue
[2022-01-30 01:19:07,251] {logging_mixin.py:109} INFO - [2022-01-30 01:19:07,251] {dagbag.py:500} INFO - Filling up the DagBag from /opt/airflow/dags/data_ingestion_gcs_dag_2.py
[2022-01-30 01:19:08,178] {processor.py:654} INFO - DAG(s) dict_keys(['data_ingestion_gcs_dag_2']) retrieved from /opt/airflow/dags/data_ingestion_gcs_dag_2.py
[2022-01-30 01:19:08,188] {logging_mixin.py:109} INFO - [2022-01-30 01:19:08,188] {dag.py:2396} INFO - Sync 1 DAGs
[2022-01-30 01:19:08,205] {logging_mixin.py:109} INFO - [2022-01-30 01:19:08,204] {dag.py:2935} INFO - Setting next_dagrun for data_ingestion_gcs_dag_2 to 2019-01-02 06:00:00+00:00
[2022-01-30 01:19:08,214] {processor.py:171} INFO - Processing /opt/airflow/dags/data_ingestion_gcs_dag_2.py took 0.971 seconds
[2022-01-30 01:19:38,621] {processor.py:163} INFO - Started process (PID=753) to work on /opt/airflow/dags/data_ingestion_gcs_dag_2.py
[2022-01-30 01:19:38,623] {processor.py:642} INFO - Processing file /opt/airflow/dags/data_ingestion_gcs_dag_2.py for tasks to queue
[2022-01-30 01:19:38,624] {logging_mixin.py:109} INFO - [2022-01-30 01:19:38,623] {dagbag.py:500} INFO - Filling up the DagBag from /opt/airflow/dags/data_ingestion_gcs_dag_2.py
[2022-01-30 01:19:39,685] {processor.py:654} INFO - DAG(s) dict_keys(['data_ingestion_gcs_dag_2']) retrieved from /opt/airflow/dags/data_ingestion_gcs_dag_2.py
[2022-01-30 01:19:39,698] {logging_mixin.py:109} INFO - [2022-01-30 01:19:39,698] {dag.py:2396} INFO - Sync 1 DAGs
[2022-01-30 01:19:39,715] {logging_mixin.py:109} INFO - [2022-01-30 01:19:39,715] {dag.py:2935} INFO - Setting next_dagrun for data_ingestion_gcs_dag_2 to 2019-01-02 06:00:00+00:00
[2022-01-30 01:19:39,724] {processor.py:171} INFO - Processing /opt/airflow/dags/data_ingestion_gcs_dag_2.py took 1.109 seconds
[2022-01-30 01:20:09,838] {processor.py:163} INFO - Started process (PID=804) to work on /opt/airflow/dags/data_ingestion_gcs_dag_2.py
[2022-01-30 01:20:09,839] {processor.py:642} INFO - Processing file /opt/airflow/dags/data_ingestion_gcs_dag_2.py for tasks to queue
[2022-01-30 01:20:09,840] {logging_mixin.py:109} INFO - [2022-01-30 01:20:09,840] {dagbag.py:500} INFO - Filling up the DagBag from /opt/airflow/dags/data_ingestion_gcs_dag_2.py
[2022-01-30 01:20:10,737] {processor.py:654} INFO - DAG(s) dict_keys(['data_ingestion_gcs_dag_2']) retrieved from /opt/airflow/dags/data_ingestion_gcs_dag_2.py
[2022-01-30 01:20:10,750] {logging_mixin.py:109} INFO - [2022-01-30 01:20:10,750] {dag.py:2396} INFO - Sync 1 DAGs
[2022-01-30 01:20:10,773] {logging_mixin.py:109} INFO - [2022-01-30 01:20:10,773] {dag.py:2935} INFO - Setting next_dagrun for data_ingestion_gcs_dag_2 to 2019-01-02 06:00:00+00:00
[2022-01-30 01:20:10,787] {processor.py:171} INFO - Processing /opt/airflow/dags/data_ingestion_gcs_dag_2.py took 0.954 seconds
[2022-01-30 01:20:40,897] {processor.py:163} INFO - Started process (PID=846) to work on /opt/airflow/dags/data_ingestion_gcs_dag_2.py
[2022-01-30 01:20:40,898] {processor.py:642} INFO - Processing file /opt/airflow/dags/data_ingestion_gcs_dag_2.py for tasks to queue
[2022-01-30 01:20:40,899] {logging_mixin.py:109} INFO - [2022-01-30 01:20:40,899] {dagbag.py:500} INFO - Filling up the DagBag from /opt/airflow/dags/data_ingestion_gcs_dag_2.py
[2022-01-30 01:20:41,864] {processor.py:654} INFO - DAG(s) dict_keys(['data_ingestion_gcs_dag_2']) retrieved from /opt/airflow/dags/data_ingestion_gcs_dag_2.py
[2022-01-30 01:20:41,874] {logging_mixin.py:109} INFO - [2022-01-30 01:20:41,873] {dag.py:2396} INFO - Sync 1 DAGs
[2022-01-30 01:20:41,889] {logging_mixin.py:109} INFO - [2022-01-30 01:20:41,889] {dag.py:2935} INFO - Setting next_dagrun for data_ingestion_gcs_dag_2 to 2019-01-02 06:00:00+00:00
[2022-01-30 01:20:41,899] {processor.py:171} INFO - Processing /opt/airflow/dags/data_ingestion_gcs_dag_2.py took 1.008 seconds
[2022-01-30 01:21:12,029] {processor.py:163} INFO - Started process (PID=898) to work on /opt/airflow/dags/data_ingestion_gcs_dag_2.py
[2022-01-30 01:21:12,033] {processor.py:642} INFO - Processing file /opt/airflow/dags/data_ingestion_gcs_dag_2.py for tasks to queue
[2022-01-30 01:21:12,034] {logging_mixin.py:109} INFO - [2022-01-30 01:21:12,034] {dagbag.py:500} INFO - Filling up the DagBag from /opt/airflow/dags/data_ingestion_gcs_dag_2.py
[2022-01-30 01:21:13,287] {processor.py:654} INFO - DAG(s) dict_keys(['data_ingestion_gcs_dag_2']) retrieved from /opt/airflow/dags/data_ingestion_gcs_dag_2.py
[2022-01-30 01:21:13,300] {logging_mixin.py:109} INFO - [2022-01-30 01:21:13,300] {dag.py:2396} INFO - Sync 1 DAGs
[2022-01-30 01:21:13,323] {logging_mixin.py:109} INFO - [2022-01-30 01:21:13,323] {dag.py:2935} INFO - Setting next_dagrun for data_ingestion_gcs_dag_2 to 2019-01-02 06:00:00+00:00
[2022-01-30 01:21:13,335] {processor.py:171} INFO - Processing /opt/airflow/dags/data_ingestion_gcs_dag_2.py took 1.312 seconds
[2022-01-30 01:23:10,535] {processor.py:163} INFO - Started process (PID=58) to work on /opt/airflow/dags/data_ingestion_gcs_dag_2.py
[2022-01-30 01:23:10,543] {processor.py:642} INFO - Processing file /opt/airflow/dags/data_ingestion_gcs_dag_2.py for tasks to queue
[2022-01-30 01:23:10,544] {logging_mixin.py:109} INFO - [2022-01-30 01:23:10,544] {dagbag.py:500} INFO - Filling up the DagBag from /opt/airflow/dags/data_ingestion_gcs_dag_2.py
[2022-01-30 01:23:13,818] {processor.py:654} INFO - DAG(s) dict_keys(['data_ingestion_gcs_dag_2']) retrieved from /opt/airflow/dags/data_ingestion_gcs_dag_2.py
[2022-01-30 01:23:14,796] {logging_mixin.py:109} INFO - [2022-01-30 01:23:14,796] {dag.py:2396} INFO - Sync 1 DAGs
[2022-01-30 01:23:14,859] {logging_mixin.py:109} INFO - [2022-01-30 01:23:14,859] {dag.py:2935} INFO - Setting next_dagrun for data_ingestion_gcs_dag_2 to 2019-01-02 06:00:00+00:00
[2022-01-30 01:23:14,896] {processor.py:171} INFO - Processing /opt/airflow/dags/data_ingestion_gcs_dag_2.py took 4.367 seconds
[2022-01-30 01:23:45,011] {processor.py:163} INFO - Started process (PID=106) to work on /opt/airflow/dags/data_ingestion_gcs_dag_2.py
[2022-01-30 01:23:45,015] {processor.py:642} INFO - Processing file /opt/airflow/dags/data_ingestion_gcs_dag_2.py for tasks to queue
[2022-01-30 01:23:45,015] {logging_mixin.py:109} INFO - [2022-01-30 01:23:45,015] {dagbag.py:500} INFO - Filling up the DagBag from /opt/airflow/dags/data_ingestion_gcs_dag_2.py
[2022-01-30 01:23:45,925] {processor.py:654} INFO - DAG(s) dict_keys(['data_ingestion_gcs_dag_2']) retrieved from /opt/airflow/dags/data_ingestion_gcs_dag_2.py
[2022-01-30 01:23:45,935] {logging_mixin.py:109} INFO - [2022-01-30 01:23:45,935] {dag.py:2396} INFO - Sync 1 DAGs
[2022-01-30 01:23:45,953] {logging_mixin.py:109} INFO - [2022-01-30 01:23:45,953] {dag.py:2935} INFO - Setting next_dagrun for data_ingestion_gcs_dag_2 to 2019-01-02 06:00:00+00:00
[2022-01-30 01:23:45,963] {processor.py:171} INFO - Processing /opt/airflow/dags/data_ingestion_gcs_dag_2.py took 0.956 seconds
[2022-01-30 01:24:16,209] {processor.py:163} INFO - Started process (PID=152) to work on /opt/airflow/dags/data_ingestion_gcs_dag_2.py
[2022-01-30 01:24:16,213] {processor.py:642} INFO - Processing file /opt/airflow/dags/data_ingestion_gcs_dag_2.py for tasks to queue
[2022-01-30 01:24:16,214] {logging_mixin.py:109} INFO - [2022-01-30 01:24:16,214] {dagbag.py:500} INFO - Filling up the DagBag from /opt/airflow/dags/data_ingestion_gcs_dag_2.py
[2022-01-30 01:24:17,133] {processor.py:654} INFO - DAG(s) dict_keys(['data_ingestion_gcs_dag_2']) retrieved from /opt/airflow/dags/data_ingestion_gcs_dag_2.py
[2022-01-30 01:24:17,147] {logging_mixin.py:109} INFO - [2022-01-30 01:24:17,147] {dag.py:2396} INFO - Sync 1 DAGs
[2022-01-30 01:24:17,165] {logging_mixin.py:109} INFO - [2022-01-30 01:24:17,164] {dag.py:2935} INFO - Setting next_dagrun for data_ingestion_gcs_dag_2 to 2019-01-02 06:00:00+00:00
[2022-01-30 01:24:17,174] {processor.py:171} INFO - Processing /opt/airflow/dags/data_ingestion_gcs_dag_2.py took 0.971 seconds
[2022-01-30 01:24:47,636] {processor.py:163} INFO - Started process (PID=197) to work on /opt/airflow/dags/data_ingestion_gcs_dag_2.py
[2022-01-30 01:24:47,637] {processor.py:642} INFO - Processing file /opt/airflow/dags/data_ingestion_gcs_dag_2.py for tasks to queue
[2022-01-30 01:24:47,638] {logging_mixin.py:109} INFO - [2022-01-30 01:24:47,638] {dagbag.py:500} INFO - Filling up the DagBag from /opt/airflow/dags/data_ingestion_gcs_dag_2.py
[2022-01-30 01:24:48,462] {processor.py:654} INFO - DAG(s) dict_keys(['data_ingestion_gcs_dag_2']) retrieved from /opt/airflow/dags/data_ingestion_gcs_dag_2.py
[2022-01-30 01:24:48,470] {logging_mixin.py:109} INFO - [2022-01-30 01:24:48,470] {dag.py:2396} INFO - Sync 1 DAGs
[2022-01-30 01:24:48,487] {logging_mixin.py:109} INFO - [2022-01-30 01:24:48,487] {dag.py:2935} INFO - Setting next_dagrun for data_ingestion_gcs_dag_2 to 2019-01-02 06:00:00+00:00
[2022-01-30 01:24:48,495] {processor.py:171} INFO - Processing /opt/airflow/dags/data_ingestion_gcs_dag_2.py took 0.864 seconds
[2022-01-30 01:25:18,783] {processor.py:163} INFO - Started process (PID=251) to work on /opt/airflow/dags/data_ingestion_gcs_dag_2.py
[2022-01-30 01:25:18,785] {processor.py:642} INFO - Processing file /opt/airflow/dags/data_ingestion_gcs_dag_2.py for tasks to queue
[2022-01-30 01:25:18,786] {logging_mixin.py:109} INFO - [2022-01-30 01:25:18,786] {dagbag.py:500} INFO - Filling up the DagBag from /opt/airflow/dags/data_ingestion_gcs_dag_2.py
[2022-01-30 01:25:19,942] {processor.py:654} INFO - DAG(s) dict_keys(['data_ingestion_gcs_dag_2']) retrieved from /opt/airflow/dags/data_ingestion_gcs_dag_2.py
[2022-01-30 01:25:19,955] {logging_mixin.py:109} INFO - [2022-01-30 01:25:19,954] {dag.py:2396} INFO - Sync 1 DAGs
[2022-01-30 01:25:19,980] {logging_mixin.py:109} INFO - [2022-01-30 01:25:19,980] {dag.py:2935} INFO - Setting next_dagrun for data_ingestion_gcs_dag_2 to 2019-01-02 06:00:00+00:00
[2022-01-30 01:25:20,004] {processor.py:171} INFO - Processing /opt/airflow/dags/data_ingestion_gcs_dag_2.py took 1.226 seconds
[2022-01-30 01:25:50,443] {processor.py:163} INFO - Started process (PID=300) to work on /opt/airflow/dags/data_ingestion_gcs_dag_2.py
[2022-01-30 01:25:50,446] {processor.py:642} INFO - Processing file /opt/airflow/dags/data_ingestion_gcs_dag_2.py for tasks to queue
[2022-01-30 01:25:50,447] {logging_mixin.py:109} INFO - [2022-01-30 01:25:50,447] {dagbag.py:500} INFO - Filling up the DagBag from /opt/airflow/dags/data_ingestion_gcs_dag_2.py
[2022-01-30 01:25:51,410] {processor.py:654} INFO - DAG(s) dict_keys(['data_ingestion_gcs_dag_2']) retrieved from /opt/airflow/dags/data_ingestion_gcs_dag_2.py
[2022-01-30 01:25:51,421] {logging_mixin.py:109} INFO - [2022-01-30 01:25:51,421] {dag.py:2396} INFO - Sync 1 DAGs
[2022-01-30 01:25:51,438] {logging_mixin.py:109} INFO - [2022-01-30 01:25:51,438] {dag.py:2935} INFO - Setting next_dagrun for data_ingestion_gcs_dag_2 to 2019-01-02 06:00:00+00:00
[2022-01-30 01:25:51,448] {processor.py:171} INFO - Processing /opt/airflow/dags/data_ingestion_gcs_dag_2.py took 1.011 seconds
[2022-01-30 01:26:21,874] {processor.py:163} INFO - Started process (PID=344) to work on /opt/airflow/dags/data_ingestion_gcs_dag_2.py
[2022-01-30 01:26:21,875] {processor.py:642} INFO - Processing file /opt/airflow/dags/data_ingestion_gcs_dag_2.py for tasks to queue
[2022-01-30 01:26:21,876] {logging_mixin.py:109} INFO - [2022-01-30 01:26:21,876] {dagbag.py:500} INFO - Filling up the DagBag from /opt/airflow/dags/data_ingestion_gcs_dag_2.py
[2022-01-30 01:26:22,729] {processor.py:654} INFO - DAG(s) dict_keys(['data_ingestion_gcs_dag_2']) retrieved from /opt/airflow/dags/data_ingestion_gcs_dag_2.py
[2022-01-30 01:26:22,740] {logging_mixin.py:109} INFO - [2022-01-30 01:26:22,739] {dag.py:2396} INFO - Sync 1 DAGs
[2022-01-30 01:26:22,756] {logging_mixin.py:109} INFO - [2022-01-30 01:26:22,756] {dag.py:2935} INFO - Setting next_dagrun for data_ingestion_gcs_dag_2 to 2019-01-02 06:00:00+00:00
[2022-01-30 01:26:22,767] {processor.py:171} INFO - Processing /opt/airflow/dags/data_ingestion_gcs_dag_2.py took 0.898 seconds
[2022-01-30 01:26:53,608] {processor.py:163} INFO - Started process (PID=400) to work on /opt/airflow/dags/data_ingestion_gcs_dag_2.py
[2022-01-30 01:26:53,611] {processor.py:642} INFO - Processing file /opt/airflow/dags/data_ingestion_gcs_dag_2.py for tasks to queue
[2022-01-30 01:26:53,612] {logging_mixin.py:109} INFO - [2022-01-30 01:26:53,611] {dagbag.py:500} INFO - Filling up the DagBag from /opt/airflow/dags/data_ingestion_gcs_dag_2.py
[2022-01-30 01:26:54,633] {processor.py:654} INFO - DAG(s) dict_keys(['data_ingestion_gcs_dag_2']) retrieved from /opt/airflow/dags/data_ingestion_gcs_dag_2.py
[2022-01-30 01:26:54,647] {logging_mixin.py:109} INFO - [2022-01-30 01:26:54,647] {dag.py:2396} INFO - Sync 1 DAGs
[2022-01-30 01:26:54,672] {logging_mixin.py:109} INFO - [2022-01-30 01:26:54,672] {dag.py:2935} INFO - Setting next_dagrun for data_ingestion_gcs_dag_2 to 2019-01-02 06:00:00+00:00
[2022-01-30 01:26:54,918] {processor.py:171} INFO - Processing /opt/airflow/dags/data_ingestion_gcs_dag_2.py took 1.315 seconds
[2022-01-30 01:27:25,647] {processor.py:163} INFO - Started process (PID=444) to work on /opt/airflow/dags/data_ingestion_gcs_dag_2.py
[2022-01-30 01:27:25,656] {processor.py:642} INFO - Processing file /opt/airflow/dags/data_ingestion_gcs_dag_2.py for tasks to queue
[2022-01-30 01:27:25,659] {logging_mixin.py:109} INFO - [2022-01-30 01:27:25,659] {dagbag.py:500} INFO - Filling up the DagBag from /opt/airflow/dags/data_ingestion_gcs_dag_2.py
[2022-01-30 01:27:31,445] {processor.py:654} INFO - DAG(s) dict_keys(['data_ingestion_gcs_dag_2']) retrieved from /opt/airflow/dags/data_ingestion_gcs_dag_2.py
[2022-01-30 01:27:31,481] {logging_mixin.py:109} INFO - [2022-01-30 01:27:31,481] {dag.py:2396} INFO - Sync 1 DAGs
[2022-01-30 01:27:31,530] {logging_mixin.py:109} INFO - [2022-01-30 01:27:31,530] {dag.py:2935} INFO - Setting next_dagrun for data_ingestion_gcs_dag_2 to 2019-01-02 06:00:00+00:00
[2022-01-30 01:27:31,556] {processor.py:171} INFO - Processing /opt/airflow/dags/data_ingestion_gcs_dag_2.py took 5.925 seconds
[2022-01-30 01:28:01,855] {processor.py:163} INFO - Started process (PID=491) to work on /opt/airflow/dags/data_ingestion_gcs_dag_2.py
[2022-01-30 01:28:01,858] {processor.py:642} INFO - Processing file /opt/airflow/dags/data_ingestion_gcs_dag_2.py for tasks to queue
[2022-01-30 01:28:01,859] {logging_mixin.py:109} INFO - [2022-01-30 01:28:01,859] {dagbag.py:500} INFO - Filling up the DagBag from /opt/airflow/dags/data_ingestion_gcs_dag_2.py
[2022-01-30 01:28:02,944] {processor.py:654} INFO - DAG(s) dict_keys(['data_ingestion_gcs_dag_2']) retrieved from /opt/airflow/dags/data_ingestion_gcs_dag_2.py
[2022-01-30 01:28:02,954] {logging_mixin.py:109} INFO - [2022-01-30 01:28:02,953] {dag.py:2396} INFO - Sync 1 DAGs
[2022-01-30 01:28:02,969] {logging_mixin.py:109} INFO - [2022-01-30 01:28:02,969] {dag.py:2935} INFO - Setting next_dagrun for data_ingestion_gcs_dag_2 to 2019-01-02 06:00:00+00:00
[2022-01-30 01:28:02,978] {processor.py:171} INFO - Processing /opt/airflow/dags/data_ingestion_gcs_dag_2.py took 1.131 seconds
[2022-01-30 01:28:35,209] {processor.py:163} INFO - Started process (PID=538) to work on /opt/airflow/dags/data_ingestion_gcs_dag_2.py
[2022-01-30 01:28:35,550] {processor.py:642} INFO - Processing file /opt/airflow/dags/data_ingestion_gcs_dag_2.py for tasks to queue
[2022-01-30 01:28:35,551] {logging_mixin.py:109} INFO - [2022-01-30 01:28:35,551] {dagbag.py:500} INFO - Filling up the DagBag from /opt/airflow/dags/data_ingestion_gcs_dag_2.py
[2022-01-30 01:28:36,463] {processor.py:654} INFO - DAG(s) dict_keys(['data_ingestion_gcs_dag_2']) retrieved from /opt/airflow/dags/data_ingestion_gcs_dag_2.py
[2022-01-30 01:28:36,472] {logging_mixin.py:109} INFO - [2022-01-30 01:28:36,471] {dag.py:2396} INFO - Sync 1 DAGs
[2022-01-30 01:28:36,486] {logging_mixin.py:109} INFO - [2022-01-30 01:28:36,486] {dag.py:2935} INFO - Setting next_dagrun for data_ingestion_gcs_dag_2 to 2019-01-02 06:00:00+00:00
[2022-01-30 01:28:38,729] {processor.py:171} INFO - Processing /opt/airflow/dags/data_ingestion_gcs_dag_2.py took 3.526 seconds
[2022-01-30 01:29:09,456] {processor.py:163} INFO - Started process (PID=584) to work on /opt/airflow/dags/data_ingestion_gcs_dag_2.py
[2022-01-30 01:29:09,458] {processor.py:642} INFO - Processing file /opt/airflow/dags/data_ingestion_gcs_dag_2.py for tasks to queue
[2022-01-30 01:29:09,460] {logging_mixin.py:109} INFO - [2022-01-30 01:29:09,459] {dagbag.py:500} INFO - Filling up the DagBag from /opt/airflow/dags/data_ingestion_gcs_dag_2.py
[2022-01-30 01:29:11,140] {processor.py:654} INFO - DAG(s) dict_keys(['data_ingestion_gcs_dag_2']) retrieved from /opt/airflow/dags/data_ingestion_gcs_dag_2.py
[2022-01-30 01:29:11,173] {logging_mixin.py:109} INFO - [2022-01-30 01:29:11,172] {dag.py:2396} INFO - Sync 1 DAGs
[2022-01-30 01:29:11,207] {logging_mixin.py:109} INFO - [2022-01-30 01:29:11,207] {dag.py:2935} INFO - Setting next_dagrun for data_ingestion_gcs_dag_2 to 2019-01-02 06:00:00+00:00
[2022-01-30 01:29:11,227] {processor.py:171} INFO - Processing /opt/airflow/dags/data_ingestion_gcs_dag_2.py took 1.784 seconds
[2022-01-30 01:29:41,308] {processor.py:163} INFO - Started process (PID=631) to work on /opt/airflow/dags/data_ingestion_gcs_dag_2.py
[2022-01-30 01:29:41,310] {processor.py:642} INFO - Processing file /opt/airflow/dags/data_ingestion_gcs_dag_2.py for tasks to queue
[2022-01-30 01:29:41,311] {logging_mixin.py:109} INFO - [2022-01-30 01:29:41,311] {dagbag.py:500} INFO - Filling up the DagBag from /opt/airflow/dags/data_ingestion_gcs_dag_2.py
[2022-01-30 01:29:42,146] {processor.py:654} INFO - DAG(s) dict_keys(['data_ingestion_gcs_dag_2']) retrieved from /opt/airflow/dags/data_ingestion_gcs_dag_2.py
[2022-01-30 01:29:42,156] {logging_mixin.py:109} INFO - [2022-01-30 01:29:42,156] {dag.py:2396} INFO - Sync 1 DAGs
[2022-01-30 01:29:42,172] {logging_mixin.py:109} INFO - [2022-01-30 01:29:42,172] {dag.py:2935} INFO - Setting next_dagrun for data_ingestion_gcs_dag_2 to 2019-01-02 06:00:00+00:00
[2022-01-30 01:29:42,182] {processor.py:171} INFO - Processing /opt/airflow/dags/data_ingestion_gcs_dag_2.py took 0.879 seconds
[2022-01-30 01:30:12,548] {processor.py:163} INFO - Started process (PID=686) to work on /opt/airflow/dags/data_ingestion_gcs_dag_2.py
[2022-01-30 01:30:12,550] {processor.py:642} INFO - Processing file /opt/airflow/dags/data_ingestion_gcs_dag_2.py for tasks to queue
[2022-01-30 01:30:12,551] {logging_mixin.py:109} INFO - [2022-01-30 01:30:12,551] {dagbag.py:500} INFO - Filling up the DagBag from /opt/airflow/dags/data_ingestion_gcs_dag_2.py
[2022-01-30 01:30:13,467] {processor.py:654} INFO - DAG(s) dict_keys(['data_ingestion_gcs_dag_2']) retrieved from /opt/airflow/dags/data_ingestion_gcs_dag_2.py
[2022-01-30 01:30:13,480] {logging_mixin.py:109} INFO - [2022-01-30 01:30:13,480] {dag.py:2396} INFO - Sync 1 DAGs
[2022-01-30 01:30:13,507] {logging_mixin.py:109} INFO - [2022-01-30 01:30:13,507] {dag.py:2935} INFO - Setting next_dagrun for data_ingestion_gcs_dag_2 to 2019-01-02 06:00:00+00:00
[2022-01-30 01:30:13,519] {processor.py:171} INFO - Processing /opt/airflow/dags/data_ingestion_gcs_dag_2.py took 0.976 seconds
[2022-01-30 01:30:43,868] {processor.py:163} INFO - Started process (PID=732) to work on /opt/airflow/dags/data_ingestion_gcs_dag_2.py
[2022-01-30 01:30:43,871] {processor.py:642} INFO - Processing file /opt/airflow/dags/data_ingestion_gcs_dag_2.py for tasks to queue
[2022-01-30 01:30:43,872] {logging_mixin.py:109} INFO - [2022-01-30 01:30:43,872] {dagbag.py:500} INFO - Filling up the DagBag from /opt/airflow/dags/data_ingestion_gcs_dag_2.py
[2022-01-30 01:30:45,732] {processor.py:654} INFO - DAG(s) dict_keys(['data_ingestion_gcs_dag_2']) retrieved from /opt/airflow/dags/data_ingestion_gcs_dag_2.py
[2022-01-30 01:30:45,746] {logging_mixin.py:109} INFO - [2022-01-30 01:30:45,745] {dag.py:2396} INFO - Sync 1 DAGs
[2022-01-30 01:30:45,768] {logging_mixin.py:109} INFO - [2022-01-30 01:30:45,768] {dag.py:2935} INFO - Setting next_dagrun for data_ingestion_gcs_dag_2 to 2019-01-02 06:00:00+00:00
[2022-01-30 01:30:45,780] {processor.py:171} INFO - Processing /opt/airflow/dags/data_ingestion_gcs_dag_2.py took 1.920 seconds
[2022-01-30 01:31:16,277] {processor.py:163} INFO - Started process (PID=787) to work on /opt/airflow/dags/data_ingestion_gcs_dag_2.py
[2022-01-30 01:31:16,278] {processor.py:642} INFO - Processing file /opt/airflow/dags/data_ingestion_gcs_dag_2.py for tasks to queue
[2022-01-30 01:31:16,280] {logging_mixin.py:109} INFO - [2022-01-30 01:31:16,280] {dagbag.py:500} INFO - Filling up the DagBag from /opt/airflow/dags/data_ingestion_gcs_dag_2.py
[2022-01-30 01:31:17,135] {processor.py:654} INFO - DAG(s) dict_keys(['data_ingestion_gcs_dag_2']) retrieved from /opt/airflow/dags/data_ingestion_gcs_dag_2.py
[2022-01-30 01:31:17,144] {logging_mixin.py:109} INFO - [2022-01-30 01:31:17,144] {dag.py:2396} INFO - Sync 1 DAGs
[2022-01-30 01:31:17,162] {logging_mixin.py:109} INFO - [2022-01-30 01:31:17,162] {dag.py:2935} INFO - Setting next_dagrun for data_ingestion_gcs_dag_2 to 2019-01-02 06:00:00+00:00
[2022-01-30 01:31:17,172] {processor.py:171} INFO - Processing /opt/airflow/dags/data_ingestion_gcs_dag_2.py took 0.900 seconds
[2022-01-30 01:31:47,694] {processor.py:163} INFO - Started process (PID=849) to work on /opt/airflow/dags/data_ingestion_gcs_dag_2.py
[2022-01-30 01:31:47,701] {processor.py:642} INFO - Processing file /opt/airflow/dags/data_ingestion_gcs_dag_2.py for tasks to queue
[2022-01-30 01:31:47,702] {logging_mixin.py:109} INFO - [2022-01-30 01:31:47,702] {dagbag.py:500} INFO - Filling up the DagBag from /opt/airflow/dags/data_ingestion_gcs_dag_2.py
[2022-01-30 01:31:49,248] {processor.py:654} INFO - DAG(s) dict_keys(['data_ingestion_gcs_dag_2']) retrieved from /opt/airflow/dags/data_ingestion_gcs_dag_2.py
[2022-01-30 01:31:49,264] {logging_mixin.py:109} INFO - [2022-01-30 01:31:49,263] {dag.py:2396} INFO - Sync 1 DAGs
[2022-01-30 01:31:49,295] {logging_mixin.py:109} INFO - [2022-01-30 01:31:49,295] {dag.py:2935} INFO - Setting next_dagrun for data_ingestion_gcs_dag_2 to 2019-01-02 06:00:00+00:00
[2022-01-30 01:31:50,245] {processor.py:171} INFO - Processing /opt/airflow/dags/data_ingestion_gcs_dag_2.py took 2.557 seconds
[2022-01-30 01:32:20,962] {processor.py:163} INFO - Started process (PID=910) to work on /opt/airflow/dags/data_ingestion_gcs_dag_2.py
[2022-01-30 01:32:20,963] {processor.py:642} INFO - Processing file /opt/airflow/dags/data_ingestion_gcs_dag_2.py for tasks to queue
[2022-01-30 01:32:20,964] {logging_mixin.py:109} INFO - [2022-01-30 01:32:20,964] {dagbag.py:500} INFO - Filling up the DagBag from /opt/airflow/dags/data_ingestion_gcs_dag_2.py
[2022-01-30 01:32:22,147] {processor.py:654} INFO - DAG(s) dict_keys(['data_ingestion_gcs_dag_2']) retrieved from /opt/airflow/dags/data_ingestion_gcs_dag_2.py
[2022-01-30 01:32:22,161] {logging_mixin.py:109} INFO - [2022-01-30 01:32:22,160] {dag.py:2396} INFO - Sync 1 DAGs
[2022-01-30 01:32:22,188] {logging_mixin.py:109} INFO - [2022-01-30 01:32:22,188] {dag.py:2935} INFO - Setting next_dagrun for data_ingestion_gcs_dag_2 to 2019-01-02 06:00:00+00:00
[2022-01-30 01:32:24,235] {processor.py:171} INFO - Processing /opt/airflow/dags/data_ingestion_gcs_dag_2.py took 3.278 seconds
[2022-01-30 01:32:54,660] {processor.py:163} INFO - Started process (PID=959) to work on /opt/airflow/dags/data_ingestion_gcs_dag_2.py
[2022-01-30 01:32:54,661] {processor.py:642} INFO - Processing file /opt/airflow/dags/data_ingestion_gcs_dag_2.py for tasks to queue
[2022-01-30 01:32:54,662] {logging_mixin.py:109} INFO - [2022-01-30 01:32:54,662] {dagbag.py:500} INFO - Filling up the DagBag from /opt/airflow/dags/data_ingestion_gcs_dag_2.py
[2022-01-30 01:32:55,572] {processor.py:654} INFO - DAG(s) dict_keys(['data_ingestion_gcs_dag_2']) retrieved from /opt/airflow/dags/data_ingestion_gcs_dag_2.py
[2022-01-30 01:32:56,084] {logging_mixin.py:109} INFO - [2022-01-30 01:32:56,084] {dag.py:2396} INFO - Sync 1 DAGs
[2022-01-30 01:32:56,102] {logging_mixin.py:109} INFO - [2022-01-30 01:32:56,102] {dag.py:2935} INFO - Setting next_dagrun for data_ingestion_gcs_dag_2 to 2019-01-02 06:00:00+00:00
[2022-01-30 01:32:58,866] {processor.py:171} INFO - Processing /opt/airflow/dags/data_ingestion_gcs_dag_2.py took 4.211 seconds
[2022-01-30 01:33:29,697] {processor.py:163} INFO - Started process (PID=1013) to work on /opt/airflow/dags/data_ingestion_gcs_dag_2.py
[2022-01-30 01:33:29,698] {processor.py:642} INFO - Processing file /opt/airflow/dags/data_ingestion_gcs_dag_2.py for tasks to queue
[2022-01-30 01:33:29,699] {logging_mixin.py:109} INFO - [2022-01-30 01:33:29,699] {dagbag.py:500} INFO - Filling up the DagBag from /opt/airflow/dags/data_ingestion_gcs_dag_2.py
[2022-01-30 01:33:30,588] {processor.py:654} INFO - DAG(s) dict_keys(['data_ingestion_gcs_dag_2']) retrieved from /opt/airflow/dags/data_ingestion_gcs_dag_2.py
[2022-01-30 01:33:32,050] {logging_mixin.py:109} INFO - [2022-01-30 01:33:32,049] {dag.py:2396} INFO - Sync 1 DAGs
[2022-01-30 01:33:32,066] {logging_mixin.py:109} INFO - [2022-01-30 01:33:32,066] {dag.py:2935} INFO - Setting next_dagrun for data_ingestion_gcs_dag_2 to 2019-01-02 06:00:00+00:00
[2022-01-30 01:33:34,908] {processor.py:171} INFO - Processing /opt/airflow/dags/data_ingestion_gcs_dag_2.py took 5.216 seconds
