[2022-01-30 01:23:04,628] {processor.py:163} INFO - Started process (PID=38) to work on /opt/airflow/dags/data_ingestion_gcs_zones.py
[2022-01-30 01:23:04,630] {processor.py:642} INFO - Processing file /opt/airflow/dags/data_ingestion_gcs_zones.py for tasks to queue
[2022-01-30 01:23:04,631] {logging_mixin.py:109} INFO - [2022-01-30 01:23:04,631] {dagbag.py:500} INFO - Filling up the DagBag from /opt/airflow/dags/data_ingestion_gcs_zones.py
[2022-01-30 01:23:04,635] {logging_mixin.py:109} INFO - [2022-01-30 01:23:04,633] {dagbag.py:334} ERROR - Failed to import: /opt/airflow/dags/data_ingestion_gcs_zones.py
Traceback (most recent call last):
  File "/home/airflow/.local/lib/python3.7/site-packages/airflow/models/dagbag.py", line 331, in _load_modules_from_file
    loader.exec_module(new_module)
  File "<frozen importlib._bootstrap_external>", line 724, in exec_module
  File "<frozen importlib._bootstrap_external>", line 860, in get_code
  File "<frozen importlib._bootstrap_external>", line 791, in source_to_code
  File "<frozen importlib._bootstrap>", line 219, in _call_with_frames_removed
  File "/opt/airflow/dags/data_ingestion_gcs_zones.py", line 20
    https://s3.amazonaws.com/nyc-tlc/misc/taxi+_zone_lookup.csv
           ^
SyntaxError: invalid syntax
[2022-01-30 01:23:04,682] {processor.py:656} WARNING - No viable dags retrieved from /opt/airflow/dags/data_ingestion_gcs_zones.py
[2022-01-30 01:23:04,708] {processor.py:171} INFO - Processing /opt/airflow/dags/data_ingestion_gcs_zones.py took 0.096 seconds
[2022-01-30 01:23:15,453] {processor.py:163} INFO - Started process (PID=69) to work on /opt/airflow/dags/data_ingestion_gcs_zones.py
[2022-01-30 01:23:15,455] {processor.py:642} INFO - Processing file /opt/airflow/dags/data_ingestion_gcs_zones.py for tasks to queue
[2022-01-30 01:23:15,456] {logging_mixin.py:109} INFO - [2022-01-30 01:23:15,456] {dagbag.py:500} INFO - Filling up the DagBag from /opt/airflow/dags/data_ingestion_gcs_zones.py
[2022-01-30 01:23:17,613] {processor.py:654} INFO - DAG(s) dict_keys(['data_ingestion_gcs_zones']) retrieved from /opt/airflow/dags/data_ingestion_gcs_zones.py
[2022-01-30 01:23:22,394] {logging_mixin.py:109} INFO - [2022-01-30 01:23:22,394] {manager.py:496} INFO - Created Permission View: can read on DAG:data_ingestion_gcs_zones
[2022-01-30 01:23:22,417] {logging_mixin.py:109} INFO - [2022-01-30 01:23:22,417] {manager.py:496} INFO - Created Permission View: can edit on DAG:data_ingestion_gcs_zones
[2022-01-30 01:23:22,418] {logging_mixin.py:109} INFO - [2022-01-30 01:23:22,417] {dag.py:2396} INFO - Sync 1 DAGs
[2022-01-30 01:23:22,433] {logging_mixin.py:109} INFO - [2022-01-30 01:23:22,432] {dag.py:2415} INFO - Creating ORM DAG for data_ingestion_gcs_zones
[2022-01-30 01:23:22,452] {logging_mixin.py:109} INFO - [2022-01-30 01:23:22,451] {dag.py:2935} INFO - Setting next_dagrun for data_ingestion_gcs_zones to 2022-01-29 00:00:00+00:00
[2022-01-30 01:23:22,477] {processor.py:171} INFO - Processing /opt/airflow/dags/data_ingestion_gcs_zones.py took 7.050 seconds
[2022-01-30 01:23:53,137] {processor.py:163} INFO - Started process (PID=117) to work on /opt/airflow/dags/data_ingestion_gcs_zones.py
[2022-01-30 01:23:53,140] {processor.py:642} INFO - Processing file /opt/airflow/dags/data_ingestion_gcs_zones.py for tasks to queue
[2022-01-30 01:23:53,140] {logging_mixin.py:109} INFO - [2022-01-30 01:23:53,140] {dagbag.py:500} INFO - Filling up the DagBag from /opt/airflow/dags/data_ingestion_gcs_zones.py
[2022-01-30 01:23:54,008] {processor.py:654} INFO - DAG(s) dict_keys(['data_ingestion_gcs_zones']) retrieved from /opt/airflow/dags/data_ingestion_gcs_zones.py
[2022-01-30 01:23:54,289] {logging_mixin.py:109} INFO - [2022-01-30 01:23:54,288] {dag.py:2396} INFO - Sync 1 DAGs
[2022-01-30 01:23:54,326] {logging_mixin.py:109} INFO - [2022-01-30 01:23:54,326] {dag.py:2935} INFO - Setting next_dagrun for data_ingestion_gcs_zones to 2022-01-29 00:00:00+00:00
[2022-01-30 01:23:54,353] {processor.py:171} INFO - Processing /opt/airflow/dags/data_ingestion_gcs_zones.py took 1.221 seconds
[2022-01-30 01:24:25,111] {processor.py:163} INFO - Started process (PID=172) to work on /opt/airflow/dags/data_ingestion_gcs_zones.py
[2022-01-30 01:24:25,112] {processor.py:642} INFO - Processing file /opt/airflow/dags/data_ingestion_gcs_zones.py for tasks to queue
[2022-01-30 01:24:25,113] {logging_mixin.py:109} INFO - [2022-01-30 01:24:25,113] {dagbag.py:500} INFO - Filling up the DagBag from /opt/airflow/dags/data_ingestion_gcs_zones.py
[2022-01-30 01:24:26,007] {processor.py:654} INFO - DAG(s) dict_keys(['data_ingestion_gcs_zones']) retrieved from /opt/airflow/dags/data_ingestion_gcs_zones.py
[2022-01-30 01:24:26,020] {logging_mixin.py:109} INFO - [2022-01-30 01:24:26,019] {dag.py:2396} INFO - Sync 1 DAGs
[2022-01-30 01:24:26,037] {logging_mixin.py:109} INFO - [2022-01-30 01:24:26,037] {dag.py:2935} INFO - Setting next_dagrun for data_ingestion_gcs_zones to 2022-01-29 00:00:00+00:00
[2022-01-30 01:24:26,107] {processor.py:171} INFO - Processing /opt/airflow/dags/data_ingestion_gcs_zones.py took 1.001 seconds
[2022-01-30 01:24:56,448] {processor.py:163} INFO - Started process (PID=217) to work on /opt/airflow/dags/data_ingestion_gcs_zones.py
[2022-01-30 01:24:56,452] {processor.py:642} INFO - Processing file /opt/airflow/dags/data_ingestion_gcs_zones.py for tasks to queue
[2022-01-30 01:24:56,453] {logging_mixin.py:109} INFO - [2022-01-30 01:24:56,453] {dagbag.py:500} INFO - Filling up the DagBag from /opt/airflow/dags/data_ingestion_gcs_zones.py
[2022-01-30 01:24:57,328] {processor.py:654} INFO - DAG(s) dict_keys(['data_ingestion_gcs_zones']) retrieved from /opt/airflow/dags/data_ingestion_gcs_zones.py
[2022-01-30 01:24:57,342] {logging_mixin.py:109} INFO - [2022-01-30 01:24:57,341] {dag.py:2396} INFO - Sync 1 DAGs
[2022-01-30 01:24:57,372] {logging_mixin.py:109} INFO - [2022-01-30 01:24:57,371] {dag.py:2935} INFO - Setting next_dagrun for data_ingestion_gcs_zones to 2022-01-29 00:00:00+00:00
[2022-01-30 01:24:57,383] {processor.py:171} INFO - Processing /opt/airflow/dags/data_ingestion_gcs_zones.py took 0.940 seconds
[2022-01-30 01:25:28,075] {processor.py:163} INFO - Started process (PID=263) to work on /opt/airflow/dags/data_ingestion_gcs_zones.py
[2022-01-30 01:25:28,077] {processor.py:642} INFO - Processing file /opt/airflow/dags/data_ingestion_gcs_zones.py for tasks to queue
[2022-01-30 01:25:28,078] {logging_mixin.py:109} INFO - [2022-01-30 01:25:28,078] {dagbag.py:500} INFO - Filling up the DagBag from /opt/airflow/dags/data_ingestion_gcs_zones.py
[2022-01-30 01:25:28,923] {processor.py:654} INFO - DAG(s) dict_keys(['data_ingestion_gcs_zones']) retrieved from /opt/airflow/dags/data_ingestion_gcs_zones.py
[2022-01-30 01:25:28,932] {logging_mixin.py:109} INFO - [2022-01-30 01:25:28,932] {dag.py:2396} INFO - Sync 1 DAGs
[2022-01-30 01:25:28,949] {logging_mixin.py:109} INFO - [2022-01-30 01:25:28,949] {dag.py:2935} INFO - Setting next_dagrun for data_ingestion_gcs_zones to 2022-01-29 00:00:00+00:00
[2022-01-30 01:25:28,959] {processor.py:171} INFO - Processing /opt/airflow/dags/data_ingestion_gcs_zones.py took 0.889 seconds
[2022-01-30 01:25:59,517] {processor.py:163} INFO - Started process (PID=319) to work on /opt/airflow/dags/data_ingestion_gcs_zones.py
[2022-01-30 01:25:59,519] {processor.py:642} INFO - Processing file /opt/airflow/dags/data_ingestion_gcs_zones.py for tasks to queue
[2022-01-30 01:25:59,520] {logging_mixin.py:109} INFO - [2022-01-30 01:25:59,520] {dagbag.py:500} INFO - Filling up the DagBag from /opt/airflow/dags/data_ingestion_gcs_zones.py
[2022-01-30 01:26:00,591] {processor.py:654} INFO - DAG(s) dict_keys(['data_ingestion_gcs_zones']) retrieved from /opt/airflow/dags/data_ingestion_gcs_zones.py
[2022-01-30 01:26:00,608] {logging_mixin.py:109} INFO - [2022-01-30 01:26:00,607] {dag.py:2396} INFO - Sync 1 DAGs
[2022-01-30 01:26:00,642] {processor.py:171} INFO - Processing /opt/airflow/dags/data_ingestion_gcs_zones.py took 1.131 seconds
[2022-01-30 01:26:30,775] {processor.py:163} INFO - Started process (PID=364) to work on /opt/airflow/dags/data_ingestion_gcs_zones.py
[2022-01-30 01:26:30,777] {processor.py:642} INFO - Processing file /opt/airflow/dags/data_ingestion_gcs_zones.py for tasks to queue
[2022-01-30 01:26:30,777] {logging_mixin.py:109} INFO - [2022-01-30 01:26:30,777] {dagbag.py:500} INFO - Filling up the DagBag from /opt/airflow/dags/data_ingestion_gcs_zones.py
[2022-01-30 01:26:31,643] {processor.py:654} INFO - DAG(s) dict_keys(['data_ingestion_gcs_zones']) retrieved from /opt/airflow/dags/data_ingestion_gcs_zones.py
[2022-01-30 01:26:31,655] {logging_mixin.py:109} INFO - [2022-01-30 01:26:31,654] {dag.py:2396} INFO - Sync 1 DAGs
[2022-01-30 01:26:31,673] {logging_mixin.py:109} INFO - [2022-01-30 01:26:31,673] {dag.py:2935} INFO - Setting next_dagrun for data_ingestion_gcs_zones to 2022-01-30T00:00:00+00:00
[2022-01-30 01:26:31,685] {processor.py:171} INFO - Processing /opt/airflow/dags/data_ingestion_gcs_zones.py took 0.914 seconds
[2022-01-30 01:27:02,046] {processor.py:163} INFO - Started process (PID=410) to work on /opt/airflow/dags/data_ingestion_gcs_zones.py
[2022-01-30 01:27:02,675] {processor.py:642} INFO - Processing file /opt/airflow/dags/data_ingestion_gcs_zones.py for tasks to queue
[2022-01-30 01:27:02,675] {logging_mixin.py:109} INFO - [2022-01-30 01:27:02,675] {dagbag.py:500} INFO - Filling up the DagBag from /opt/airflow/dags/data_ingestion_gcs_zones.py
[2022-01-30 01:27:03,537] {processor.py:654} INFO - DAG(s) dict_keys(['data_ingestion_gcs_zones']) retrieved from /opt/airflow/dags/data_ingestion_gcs_zones.py
[2022-01-30 01:27:03,546] {logging_mixin.py:109} INFO - [2022-01-30 01:27:03,545] {dag.py:2396} INFO - Sync 1 DAGs
[2022-01-30 01:27:03,561] {logging_mixin.py:109} INFO - [2022-01-30 01:27:03,561] {dag.py:2935} INFO - Setting next_dagrun for data_ingestion_gcs_zones to 2022-01-30T00:00:00+00:00
[2022-01-30 01:27:07,335] {processor.py:171} INFO - Processing /opt/airflow/dags/data_ingestion_gcs_zones.py took 5.294 seconds
[2022-01-30 01:27:38,438] {processor.py:163} INFO - Started process (PID=454) to work on /opt/airflow/dags/data_ingestion_gcs_zones.py
[2022-01-30 01:27:38,455] {processor.py:642} INFO - Processing file /opt/airflow/dags/data_ingestion_gcs_zones.py for tasks to queue
[2022-01-30 01:27:38,456] {logging_mixin.py:109} INFO - [2022-01-30 01:27:38,456] {dagbag.py:500} INFO - Filling up the DagBag from /opt/airflow/dags/data_ingestion_gcs_zones.py
[2022-01-30 01:27:40,048] {processor.py:654} INFO - DAG(s) dict_keys(['data_ingestion_gcs_zones']) retrieved from /opt/airflow/dags/data_ingestion_gcs_zones.py
[2022-01-30 01:27:40,059] {logging_mixin.py:109} INFO - [2022-01-30 01:27:40,058] {dag.py:2396} INFO - Sync 1 DAGs
[2022-01-30 01:27:40,077] {logging_mixin.py:109} INFO - [2022-01-30 01:27:40,077] {dag.py:2935} INFO - Setting next_dagrun for data_ingestion_gcs_zones to 2022-01-30T00:00:00+00:00
[2022-01-30 01:27:40,086] {processor.py:171} INFO - Processing /opt/airflow/dags/data_ingestion_gcs_zones.py took 1.654 seconds
[2022-01-30 01:28:10,911] {processor.py:163} INFO - Started process (PID=511) to work on /opt/airflow/dags/data_ingestion_gcs_zones.py
[2022-01-30 01:28:10,917] {processor.py:642} INFO - Processing file /opt/airflow/dags/data_ingestion_gcs_zones.py for tasks to queue
[2022-01-30 01:28:10,919] {logging_mixin.py:109} INFO - [2022-01-30 01:28:10,918] {dagbag.py:500} INFO - Filling up the DagBag from /opt/airflow/dags/data_ingestion_gcs_zones.py
[2022-01-30 01:28:12,228] {processor.py:654} INFO - DAG(s) dict_keys(['data_ingestion_gcs_zones']) retrieved from /opt/airflow/dags/data_ingestion_gcs_zones.py
[2022-01-30 01:28:12,236] {logging_mixin.py:109} INFO - [2022-01-30 01:28:12,236] {dag.py:2396} INFO - Sync 1 DAGs
[2022-01-30 01:28:12,252] {logging_mixin.py:109} INFO - [2022-01-30 01:28:12,252] {dag.py:2935} INFO - Setting next_dagrun for data_ingestion_gcs_zones to 2022-01-30T00:00:00+00:00
[2022-01-30 01:28:12,262] {processor.py:171} INFO - Processing /opt/airflow/dags/data_ingestion_gcs_zones.py took 1.364 seconds
[2022-01-30 01:28:43,259] {processor.py:163} INFO - Started process (PID=548) to work on /opt/airflow/dags/data_ingestion_gcs_zones.py
[2022-01-30 01:28:43,260] {processor.py:642} INFO - Processing file /opt/airflow/dags/data_ingestion_gcs_zones.py for tasks to queue
[2022-01-30 01:28:43,261] {logging_mixin.py:109} INFO - [2022-01-30 01:28:43,261] {dagbag.py:500} INFO - Filling up the DagBag from /opt/airflow/dags/data_ingestion_gcs_zones.py
[2022-01-30 01:28:44,083] {processor.py:654} INFO - DAG(s) dict_keys(['data_ingestion_gcs_zones']) retrieved from /opt/airflow/dags/data_ingestion_gcs_zones.py
[2022-01-30 01:28:44,092] {logging_mixin.py:109} INFO - [2022-01-30 01:28:44,091] {dag.py:2396} INFO - Sync 1 DAGs
[2022-01-30 01:28:44,107] {logging_mixin.py:109} INFO - [2022-01-30 01:28:44,107] {dag.py:2935} INFO - Setting next_dagrun for data_ingestion_gcs_zones to 2022-01-30T00:00:00+00:00
[2022-01-30 01:28:46,785] {processor.py:171} INFO - Processing /opt/airflow/dags/data_ingestion_gcs_zones.py took 3.530 seconds
[2022-01-30 01:29:18,301] {processor.py:163} INFO - Started process (PID=595) to work on /opt/airflow/dags/data_ingestion_gcs_zones.py
[2022-01-30 01:29:18,302] {processor.py:642} INFO - Processing file /opt/airflow/dags/data_ingestion_gcs_zones.py for tasks to queue
[2022-01-30 01:29:18,303] {logging_mixin.py:109} INFO - [2022-01-30 01:29:18,303] {dagbag.py:500} INFO - Filling up the DagBag from /opt/airflow/dags/data_ingestion_gcs_zones.py
[2022-01-30 01:29:19,165] {processor.py:654} INFO - DAG(s) dict_keys(['data_ingestion_gcs_zones']) retrieved from /opt/airflow/dags/data_ingestion_gcs_zones.py
[2022-01-30 01:29:19,173] {logging_mixin.py:109} INFO - [2022-01-30 01:29:19,173] {dag.py:2396} INFO - Sync 1 DAGs
[2022-01-30 01:29:19,191] {logging_mixin.py:109} INFO - [2022-01-30 01:29:19,190] {dag.py:2935} INFO - Setting next_dagrun for data_ingestion_gcs_zones to 2022-01-30T00:00:00+00:00
[2022-01-30 01:29:19,202] {processor.py:171} INFO - Processing /opt/airflow/dags/data_ingestion_gcs_zones.py took 0.906 seconds
[2022-01-30 01:29:49,245] {processor.py:163} INFO - Started process (PID=650) to work on /opt/airflow/dags/data_ingestion_gcs_zones.py
[2022-01-30 01:29:49,246] {processor.py:642} INFO - Processing file /opt/airflow/dags/data_ingestion_gcs_zones.py for tasks to queue
[2022-01-30 01:29:49,247] {logging_mixin.py:109} INFO - [2022-01-30 01:29:49,247] {dagbag.py:500} INFO - Filling up the DagBag from /opt/airflow/dags/data_ingestion_gcs_zones.py
[2022-01-30 01:29:50,130] {processor.py:654} INFO - DAG(s) dict_keys(['data_ingestion_gcs_zones']) retrieved from /opt/airflow/dags/data_ingestion_gcs_zones.py
[2022-01-30 01:29:50,140] {logging_mixin.py:109} INFO - [2022-01-30 01:29:50,140] {dag.py:2396} INFO - Sync 1 DAGs
[2022-01-30 01:29:50,157] {logging_mixin.py:109} INFO - [2022-01-30 01:29:50,157] {dag.py:2935} INFO - Setting next_dagrun for data_ingestion_gcs_zones to 2022-01-30T00:00:00+00:00
[2022-01-30 01:29:50,168] {processor.py:171} INFO - Processing /opt/airflow/dags/data_ingestion_gcs_zones.py took 0.928 seconds
[2022-01-30 01:30:20,655] {processor.py:163} INFO - Started process (PID=696) to work on /opt/airflow/dags/data_ingestion_gcs_zones.py
[2022-01-30 01:30:20,660] {processor.py:642} INFO - Processing file /opt/airflow/dags/data_ingestion_gcs_zones.py for tasks to queue
[2022-01-30 01:30:20,661] {logging_mixin.py:109} INFO - [2022-01-30 01:30:20,661] {dagbag.py:500} INFO - Filling up the DagBag from /opt/airflow/dags/data_ingestion_gcs_zones.py
[2022-01-30 01:30:21,577] {processor.py:654} INFO - DAG(s) dict_keys(['data_ingestion_gcs_zones']) retrieved from /opt/airflow/dags/data_ingestion_gcs_zones.py
[2022-01-30 01:30:21,586] {logging_mixin.py:109} INFO - [2022-01-30 01:30:21,586] {dag.py:2396} INFO - Sync 1 DAGs
[2022-01-30 01:30:21,601] {logging_mixin.py:109} INFO - [2022-01-30 01:30:21,601] {dag.py:2935} INFO - Setting next_dagrun for data_ingestion_gcs_zones to 2022-01-30T00:00:00+00:00
[2022-01-30 01:30:21,611] {processor.py:171} INFO - Processing /opt/airflow/dags/data_ingestion_gcs_zones.py took 0.960 seconds
[2022-01-30 01:30:51,829] {processor.py:163} INFO - Started process (PID=751) to work on /opt/airflow/dags/data_ingestion_gcs_zones.py
[2022-01-30 01:30:51,830] {processor.py:642} INFO - Processing file /opt/airflow/dags/data_ingestion_gcs_zones.py for tasks to queue
[2022-01-30 01:30:51,831] {logging_mixin.py:109} INFO - [2022-01-30 01:30:51,831] {dagbag.py:500} INFO - Filling up the DagBag from /opt/airflow/dags/data_ingestion_gcs_zones.py
[2022-01-30 01:30:52,720] {processor.py:654} INFO - DAG(s) dict_keys(['data_ingestion_gcs_zones']) retrieved from /opt/airflow/dags/data_ingestion_gcs_zones.py
[2022-01-30 01:30:52,729] {logging_mixin.py:109} INFO - [2022-01-30 01:30:52,729] {dag.py:2396} INFO - Sync 1 DAGs
[2022-01-30 01:30:52,745] {logging_mixin.py:109} INFO - [2022-01-30 01:30:52,745] {dag.py:2935} INFO - Setting next_dagrun for data_ingestion_gcs_zones to 2022-01-30T00:00:00+00:00
[2022-01-30 01:30:52,757] {processor.py:171} INFO - Processing /opt/airflow/dags/data_ingestion_gcs_zones.py took 0.932 seconds
[2022-01-30 01:31:23,138] {processor.py:163} INFO - Started process (PID=802) to work on /opt/airflow/dags/data_ingestion_gcs_zones.py
[2022-01-30 01:31:23,141] {processor.py:642} INFO - Processing file /opt/airflow/dags/data_ingestion_gcs_zones.py for tasks to queue
[2022-01-30 01:31:23,141] {logging_mixin.py:109} INFO - [2022-01-30 01:31:23,141] {dagbag.py:500} INFO - Filling up the DagBag from /opt/airflow/dags/data_ingestion_gcs_zones.py
[2022-01-30 01:31:23,998] {processor.py:654} INFO - DAG(s) dict_keys(['data_ingestion_gcs_zones']) retrieved from /opt/airflow/dags/data_ingestion_gcs_zones.py
[2022-01-30 01:31:24,007] {logging_mixin.py:109} INFO - [2022-01-30 01:31:24,007] {dag.py:2396} INFO - Sync 1 DAGs
[2022-01-30 01:31:24,023] {logging_mixin.py:109} INFO - [2022-01-30 01:31:24,023] {dag.py:2935} INFO - Setting next_dagrun for data_ingestion_gcs_zones to 2022-01-30T00:00:00+00:00
[2022-01-30 01:31:24,031] {processor.py:171} INFO - Processing /opt/airflow/dags/data_ingestion_gcs_zones.py took 0.898 seconds
[2022-01-30 01:31:54,481] {processor.py:163} INFO - Started process (PID=878) to work on /opt/airflow/dags/data_ingestion_gcs_zones.py
[2022-01-30 01:31:54,515] {processor.py:642} INFO - Processing file /opt/airflow/dags/data_ingestion_gcs_zones.py for tasks to queue
[2022-01-30 01:31:54,765] {logging_mixin.py:109} INFO - [2022-01-30 01:31:54,765] {dagbag.py:500} INFO - Filling up the DagBag from /opt/airflow/dags/data_ingestion_gcs_zones.py
[2022-01-30 01:31:56,704] {processor.py:654} INFO - DAG(s) dict_keys(['data_ingestion_gcs_zones']) retrieved from /opt/airflow/dags/data_ingestion_gcs_zones.py
[2022-01-30 01:31:56,720] {logging_mixin.py:109} INFO - [2022-01-30 01:31:56,720] {dag.py:2396} INFO - Sync 1 DAGs
[2022-01-30 01:31:56,751] {logging_mixin.py:109} INFO - [2022-01-30 01:31:56,751] {dag.py:2935} INFO - Setting next_dagrun for data_ingestion_gcs_zones to 2022-01-30T00:00:00+00:00
[2022-01-30 01:31:59,582] {processor.py:171} INFO - Processing /opt/airflow/dags/data_ingestion_gcs_zones.py took 5.106 seconds
[2022-01-30 01:32:29,871] {processor.py:163} INFO - Started process (PID=933) to work on /opt/airflow/dags/data_ingestion_gcs_zones.py
[2022-01-30 01:32:30,995] {processor.py:642} INFO - Processing file /opt/airflow/dags/data_ingestion_gcs_zones.py for tasks to queue
[2022-01-30 01:32:30,996] {logging_mixin.py:109} INFO - [2022-01-30 01:32:30,996] {dagbag.py:500} INFO - Filling up the DagBag from /opt/airflow/dags/data_ingestion_gcs_zones.py
[2022-01-30 01:32:32,097] {processor.py:654} INFO - DAG(s) dict_keys(['data_ingestion_gcs_zones']) retrieved from /opt/airflow/dags/data_ingestion_gcs_zones.py
[2022-01-30 01:32:32,107] {logging_mixin.py:109} INFO - [2022-01-30 01:32:32,107] {dag.py:2396} INFO - Sync 1 DAGs
[2022-01-30 01:32:32,123] {logging_mixin.py:109} INFO - [2022-01-30 01:32:32,123] {dag.py:2935} INFO - Setting next_dagrun for data_ingestion_gcs_zones to 2022-01-30T00:00:00+00:00
[2022-01-30 01:32:35,377] {processor.py:171} INFO - Processing /opt/airflow/dags/data_ingestion_gcs_zones.py took 5.511 seconds
[2022-01-30 01:33:05,977] {processor.py:163} INFO - Started process (PID=989) to work on /opt/airflow/dags/data_ingestion_gcs_zones.py
[2022-01-30 01:33:07,358] {processor.py:642} INFO - Processing file /opt/airflow/dags/data_ingestion_gcs_zones.py for tasks to queue
[2022-01-30 01:33:07,359] {logging_mixin.py:109} INFO - [2022-01-30 01:33:07,359] {dagbag.py:500} INFO - Filling up the DagBag from /opt/airflow/dags/data_ingestion_gcs_zones.py
[2022-01-30 01:33:08,436] {processor.py:654} INFO - DAG(s) dict_keys(['data_ingestion_gcs_zones']) retrieved from /opt/airflow/dags/data_ingestion_gcs_zones.py
[2022-01-30 01:33:08,445] {logging_mixin.py:109} INFO - [2022-01-30 01:33:08,445] {dag.py:2396} INFO - Sync 1 DAGs
[2022-01-30 01:33:08,461] {logging_mixin.py:109} INFO - [2022-01-30 01:33:08,461] {dag.py:2935} INFO - Setting next_dagrun for data_ingestion_gcs_zones to 2022-01-30T00:00:00+00:00
[2022-01-30 01:33:11,133] {processor.py:171} INFO - Processing /opt/airflow/dags/data_ingestion_gcs_zones.py took 5.164 seconds
[2022-01-30 01:33:43,463] {processor.py:163} INFO - Started process (PID=1038) to work on /opt/airflow/dags/data_ingestion_gcs_zones.py
[2022-01-30 01:33:45,243] {processor.py:642} INFO - Processing file /opt/airflow/dags/data_ingestion_gcs_zones.py for tasks to queue
[2022-01-30 01:33:45,244] {logging_mixin.py:109} INFO - [2022-01-30 01:33:45,244] {dagbag.py:500} INFO - Filling up the DagBag from /opt/airflow/dags/data_ingestion_gcs_zones.py
[2022-01-30 01:33:46,158] {processor.py:654} INFO - DAG(s) dict_keys(['data_ingestion_gcs_zones']) retrieved from /opt/airflow/dags/data_ingestion_gcs_zones.py
[2022-01-30 01:33:46,789] {logging_mixin.py:109} INFO - [2022-01-30 01:33:46,788] {dag.py:2396} INFO - Sync 1 DAGs
[2022-01-30 01:33:46,889] {logging_mixin.py:109} INFO - [2022-01-30 01:33:46,889] {dag.py:2935} INFO - Setting next_dagrun for data_ingestion_gcs_zones to 2022-01-30T00:00:00+00:00
[2022-01-30 01:33:47,061] {processor.py:171} INFO - Processing /opt/airflow/dags/data_ingestion_gcs_zones.py took 3.603 seconds
