[2022-01-29 12:37:54,621] {taskinstance.py:1032} INFO - Dependencies all met for <TaskInstance: data_ingestion_gcs_dag.local_to_gcs_task scheduled__2021-10-02T06:00:00+00:00 [queued]>
[2022-01-29 12:37:54,639] {taskinstance.py:1032} INFO - Dependencies all met for <TaskInstance: data_ingestion_gcs_dag.local_to_gcs_task scheduled__2021-10-02T06:00:00+00:00 [queued]>
[2022-01-29 12:37:54,639] {taskinstance.py:1238} INFO - 
--------------------------------------------------------------------------------
[2022-01-29 12:37:54,639] {taskinstance.py:1239} INFO - Starting attempt 1 of 2
[2022-01-29 12:37:54,640] {taskinstance.py:1240} INFO - 
--------------------------------------------------------------------------------
[2022-01-29 12:37:54,655] {taskinstance.py:1259} INFO - Executing <Task(PythonOperator): local_to_gcs_task> on 2021-10-02 06:00:00+00:00
[2022-01-29 12:37:54,662] {standard_task_runner.py:52} INFO - Started process 5010 to run task
[2022-01-29 12:37:54,669] {standard_task_runner.py:76} INFO - Running: ['***', 'tasks', 'run', 'data_ingestion_gcs_dag', 'local_to_gcs_task', 'scheduled__2021-10-02T06:00:00+00:00', '--job-id', '490', '--raw', '--subdir', 'DAGS_FOLDER/data_ingestion_gcs_dag.py', '--cfg-path', '/tmp/tmpncki3s8b', '--error-file', '/tmp/tmpz6usumjs']
[2022-01-29 12:37:54,670] {standard_task_runner.py:77} INFO - Job 490: Subtask local_to_gcs_task
[2022-01-29 12:37:54,755] {logging_mixin.py:109} INFO - Running <TaskInstance: data_ingestion_gcs_dag.local_to_gcs_task scheduled__2021-10-02T06:00:00+00:00 [running]> on host 85e1117cfb12
[2022-01-29 12:37:54,864] {taskinstance.py:1426} INFO - Exporting the following env vars:
AIRFLOW_CTX_DAG_OWNER=***
AIRFLOW_CTX_DAG_ID=data_ingestion_gcs_dag
AIRFLOW_CTX_TASK_ID=local_to_gcs_task
AIRFLOW_CTX_EXECUTION_DATE=2021-10-02T06:00:00+00:00
AIRFLOW_CTX_DAG_RUN_ID=scheduled__2021-10-02T06:00:00+00:00
[2022-01-29 12:37:56,057] {python.py:175} INFO - Done. Returned value was: None
[2022-01-29 12:37:56,076] {taskinstance.py:1277} INFO - Marking task as SUCCESS. dag_id=data_ingestion_gcs_dag, task_id=local_to_gcs_task, execution_date=20211002T060000, start_date=20220129T123754, end_date=20220129T123756
[2022-01-29 12:37:56,132] {local_task_job.py:154} INFO - Task exited with return code 0
[2022-01-29 12:37:56,190] {local_task_job.py:264} INFO - 1 downstream tasks scheduled from follow-on schedule check
[2022-01-29 13:23:15,316] {taskinstance.py:1032} INFO - Dependencies all met for <TaskInstance: data_ingestion_gcs_dag.local_to_gcs_task scheduled__2021-10-02T06:00:00+00:00 [queued]>
[2022-01-29 13:23:15,445] {taskinstance.py:1032} INFO - Dependencies all met for <TaskInstance: data_ingestion_gcs_dag.local_to_gcs_task scheduled__2021-10-02T06:00:00+00:00 [queued]>
[2022-01-29 13:23:15,445] {taskinstance.py:1238} INFO - 
--------------------------------------------------------------------------------
[2022-01-29 13:23:15,445] {taskinstance.py:1239} INFO - Starting attempt 1 of 1
[2022-01-29 13:23:15,445] {taskinstance.py:1240} INFO - 
--------------------------------------------------------------------------------
[2022-01-29 13:23:15,553] {taskinstance.py:1259} INFO - Executing <Task(PythonOperator): local_to_gcs_task> on 2021-10-02 06:00:00+00:00
[2022-01-29 13:23:15,611] {standard_task_runner.py:52} INFO - Started process 454 to run task
[2022-01-29 13:23:15,701] {standard_task_runner.py:76} INFO - Running: ['***', 'tasks', 'run', 'data_ingestion_gcs_dag', 'local_to_gcs_task', 'scheduled__2021-10-02T06:00:00+00:00', '--job-id', '560', '--raw', '--subdir', 'DAGS_FOLDER/data_ingestion_gcs_dag.py', '--cfg-path', '/tmp/tmpd36vgo98', '--error-file', '/tmp/tmp543xhrya']
[2022-01-29 13:23:15,702] {standard_task_runner.py:77} INFO - Job 560: Subtask local_to_gcs_task
[2022-01-29 13:23:16,111] {logging_mixin.py:109} INFO - Running <TaskInstance: data_ingestion_gcs_dag.local_to_gcs_task scheduled__2021-10-02T06:00:00+00:00 [running]> on host 9bf957887753
[2022-01-29 13:23:16,482] {warnings.py:110} WARNING - /home/***/.local/lib/python3.7/site-packages/***/utils/context.py:152: AirflowContextDeprecationWarning: Accessing 'execution_date' from the template is deprecated and will be removed in a future version. Please use 'data_interval_start' or 'logical_date' instead.
  warnings.warn(_create_deprecation_warning(key, self._deprecation_replacements[key]))

[2022-01-29 13:23:16,718] {taskinstance.py:1426} INFO - Exporting the following env vars:
AIRFLOW_CTX_DAG_OWNER=***
AIRFLOW_CTX_DAG_ID=data_ingestion_gcs_dag
AIRFLOW_CTX_TASK_ID=local_to_gcs_task
AIRFLOW_CTX_EXECUTION_DATE=2021-10-02T06:00:00+00:00
AIRFLOW_CTX_DAG_RUN_ID=scheduled__2021-10-02T06:00:00+00:00
[2022-01-29 13:23:17,408] {python.py:175} INFO - Done. Returned value was: None
[2022-01-29 13:23:17,433] {taskinstance.py:1277} INFO - Marking task as SUCCESS. dag_id=data_ingestion_gcs_dag, task_id=local_to_gcs_task, execution_date=20211002T060000, start_date=20220129T132315, end_date=20220129T132317
[2022-01-29 13:23:17,669] {local_task_job.py:154} INFO - Task exited with return code 0
[2022-01-29 13:23:18,479] {local_task_job.py:264} INFO - 0 downstream tasks scheduled from follow-on schedule check
