[2022-01-29 12:27:41,934] {taskinstance.py:1032} INFO - Dependencies all met for <TaskInstance: data_ingestion_gcs_dag.bigquery_external_table_task scheduled__2019-02-06T00:00:00+00:00 [queued]>
[2022-01-29 12:27:41,999] {taskinstance.py:1032} INFO - Dependencies all met for <TaskInstance: data_ingestion_gcs_dag.bigquery_external_table_task scheduled__2019-02-06T00:00:00+00:00 [queued]>
[2022-01-29 12:27:41,999] {taskinstance.py:1238} INFO - 
--------------------------------------------------------------------------------
[2022-01-29 12:27:41,999] {taskinstance.py:1239} INFO - Starting attempt 1 of 2
[2022-01-29 12:27:41,999] {taskinstance.py:1240} INFO - 
--------------------------------------------------------------------------------
[2022-01-29 12:27:42,055] {taskinstance.py:1259} INFO - Executing <Task(BigQueryCreateExternalTableOperator): bigquery_external_table_task> on 2019-02-06 00:00:00+00:00
[2022-01-29 12:27:42,079] {standard_task_runner.py:52} INFO - Started process 3489 to run task
[2022-01-29 12:27:42,092] {standard_task_runner.py:76} INFO - Running: ['***', 'tasks', 'run', 'data_ingestion_gcs_dag', 'bigquery_external_table_task', 'scheduled__2019-02-06T00:00:00+00:00', '--job-id', '279', '--raw', '--subdir', 'DAGS_FOLDER/data_ingestion_gcs_dag.py', '--cfg-path', '/tmp/tmp3hglhgk7', '--error-file', '/tmp/tmpp94tg_re']
[2022-01-29 12:27:42,093] {standard_task_runner.py:77} INFO - Job 279: Subtask bigquery_external_table_task
[2022-01-29 12:27:42,316] {logging_mixin.py:109} INFO - Running <TaskInstance: data_ingestion_gcs_dag.bigquery_external_table_task scheduled__2019-02-06T00:00:00+00:00 [running]> on host 85e1117cfb12
[2022-01-29 12:27:42,560] {taskinstance.py:1426} INFO - Exporting the following env vars:
AIRFLOW_CTX_DAG_OWNER=***
AIRFLOW_CTX_DAG_ID=data_ingestion_gcs_dag
AIRFLOW_CTX_TASK_ID=bigquery_external_table_task
AIRFLOW_CTX_EXECUTION_DATE=2019-02-06T00:00:00+00:00
AIRFLOW_CTX_DAG_RUN_ID=scheduled__2019-02-06T00:00:00+00:00
[2022-01-29 12:27:42,563] {crypto.py:82} WARNING - empty cryptography key - values will not be stored encrypted.
[2022-01-29 12:27:43,379] {taskinstance.py:1277} INFO - Marking task as SUCCESS. dag_id=data_ingestion_gcs_dag, task_id=bigquery_external_table_task, execution_date=20190206T000000, start_date=20220129T122741, end_date=20220129T122743
[2022-01-29 12:27:43,438] {local_task_job.py:154} INFO - Task exited with return code 0
[2022-01-29 12:27:43,514] {local_task_job.py:264} INFO - 0 downstream tasks scheduled from follow-on schedule check
