[2022-01-29 09:05:51,733] {taskinstance.py:1032} INFO - Dependencies all met for <TaskInstance: LocalIngestionDag.ingest scheduled__2021-08-02T06:00:00+00:00 [queued]>
[2022-01-29 09:05:51,744] {taskinstance.py:1032} INFO - Dependencies all met for <TaskInstance: LocalIngestionDag.ingest scheduled__2021-08-02T06:00:00+00:00 [queued]>
[2022-01-29 09:05:51,745] {taskinstance.py:1238} INFO - 
--------------------------------------------------------------------------------
[2022-01-29 09:05:51,745] {taskinstance.py:1239} INFO - Starting attempt 1 of 1
[2022-01-29 09:05:51,745] {taskinstance.py:1240} INFO - 
--------------------------------------------------------------------------------
[2022-01-29 09:05:51,761] {taskinstance.py:1259} INFO - Executing <Task(BashOperator): ingest> on 2021-08-02 06:00:00+00:00
[2022-01-29 09:05:51,766] {standard_task_runner.py:52} INFO - Started process 304 to run task
[2022-01-29 09:05:51,772] {standard_task_runner.py:76} INFO - Running: ['***', 'tasks', 'run', 'LocalIngestionDag', 'ingest', 'scheduled__2021-08-02T06:00:00+00:00', '--job-id', '64', '--raw', '--subdir', 'DAGS_FOLDER/data_ingestion_local.py', '--cfg-path', '/tmp/tmps4bhpg5j', '--error-file', '/tmp/tmpbvvsqw8g']
[2022-01-29 09:05:51,773] {standard_task_runner.py:77} INFO - Job 64: Subtask ingest
[2022-01-29 09:05:51,842] {logging_mixin.py:109} INFO - Running <TaskInstance: LocalIngestionDag.ingest scheduled__2021-08-02T06:00:00+00:00 [running]> on host 68102482cc2e
[2022-01-29 09:05:51,910] {taskinstance.py:1426} INFO - Exporting the following env vars:
AIRFLOW_CTX_DAG_OWNER=***
AIRFLOW_CTX_DAG_ID=LocalIngestionDag
AIRFLOW_CTX_TASK_ID=ingest
AIRFLOW_CTX_EXECUTION_DATE=2021-08-02T06:00:00+00:00
AIRFLOW_CTX_DAG_RUN_ID=scheduled__2021-08-02T06:00:00+00:00
[2022-01-29 09:05:51,912] {subprocess.py:62} INFO - Tmp dir root location: 
 /tmp
[2022-01-29 09:05:51,913] {subprocess.py:74} INFO - Running command: ['bash', '-c', 'echo "hello world"']
[2022-01-29 09:05:51,930] {subprocess.py:85} INFO - Output:
[2022-01-29 09:05:51,931] {subprocess.py:89} INFO - hello world
[2022-01-29 09:05:51,931] {subprocess.py:93} INFO - Command exited with return code 0
[2022-01-29 09:05:51,969] {taskinstance.py:1277} INFO - Marking task as SUCCESS. dag_id=LocalIngestionDag, task_id=ingest, execution_date=20210802T060000, start_date=20220129T090551, end_date=20220129T090551
[2022-01-29 09:05:52,025] {local_task_job.py:154} INFO - Task exited with return code 0
[2022-01-29 09:05:52,064] {local_task_job.py:264} INFO - 0 downstream tasks scheduled from follow-on schedule check
