[2022-01-29 12:35:18,450] {taskinstance.py:1032} INFO - Dependencies all met for <TaskInstance: data_ingestion_gcs_dag.format_to_parquet_task scheduled__2019-09-02T06:00:00+00:00 [queued]>
[2022-01-29 12:35:18,594] {taskinstance.py:1032} INFO - Dependencies all met for <TaskInstance: data_ingestion_gcs_dag.format_to_parquet_task scheduled__2019-09-02T06:00:00+00:00 [queued]>
[2022-01-29 12:35:18,594] {taskinstance.py:1238} INFO - 
--------------------------------------------------------------------------------
[2022-01-29 12:35:18,594] {taskinstance.py:1239} INFO - Starting attempt 1 of 2
[2022-01-29 12:35:18,594] {taskinstance.py:1240} INFO - 
--------------------------------------------------------------------------------
[2022-01-29 12:35:18,629] {taskinstance.py:1259} INFO - Executing <Task(PythonOperator): format_to_parquet_task> on 2019-09-02 06:00:00+00:00
[2022-01-29 12:35:18,671] {standard_task_runner.py:52} INFO - Started process 4364 to run task
[2022-01-29 12:35:18,719] {standard_task_runner.py:76} INFO - Running: ['***', 'tasks', 'run', 'data_ingestion_gcs_dag', 'format_to_parquet_task', 'scheduled__2019-09-02T06:00:00+00:00', '--job-id', '380', '--raw', '--subdir', 'DAGS_FOLDER/data_ingestion_gcs_dag.py', '--cfg-path', '/tmp/tmpvxyqf1ge', '--error-file', '/tmp/tmpmvkim8n2']
[2022-01-29 12:35:18,721] {standard_task_runner.py:77} INFO - Job 380: Subtask format_to_parquet_task
[2022-01-29 12:35:19,220] {logging_mixin.py:109} INFO - Running <TaskInstance: data_ingestion_gcs_dag.format_to_parquet_task scheduled__2019-09-02T06:00:00+00:00 [running]> on host 85e1117cfb12
[2022-01-29 12:35:19,641] {taskinstance.py:1426} INFO - Exporting the following env vars:
AIRFLOW_CTX_DAG_OWNER=***
AIRFLOW_CTX_DAG_ID=data_ingestion_gcs_dag
AIRFLOW_CTX_TASK_ID=format_to_parquet_task
AIRFLOW_CTX_EXECUTION_DATE=2019-09-02T06:00:00+00:00
AIRFLOW_CTX_DAG_RUN_ID=scheduled__2019-09-02T06:00:00+00:00
[2022-01-29 12:35:32,995] {python.py:175} INFO - Done. Returned value was: None
[2022-01-29 12:35:33,107] {taskinstance.py:1277} INFO - Marking task as SUCCESS. dag_id=data_ingestion_gcs_dag, task_id=format_to_parquet_task, execution_date=20190902T060000, start_date=20220129T123518, end_date=20220129T123533
[2022-01-29 12:35:33,513] {local_task_job.py:154} INFO - Task exited with return code 0
[2022-01-29 12:35:33,642] {local_task_job.py:264} INFO - 1 downstream tasks scheduled from follow-on schedule check
