[2022-01-30 01:18:00,380] {taskinstance.py:1032} INFO - Dependencies all met for <TaskInstance: data_ingestion_gcs_dag.format_to_parquet_task scheduled__2022-01-29T00:00:00+00:00 [queued]>
[2022-01-30 01:18:00,392] {taskinstance.py:1032} INFO - Dependencies all met for <TaskInstance: data_ingestion_gcs_dag.format_to_parquet_task scheduled__2022-01-29T00:00:00+00:00 [queued]>
[2022-01-30 01:18:00,392] {taskinstance.py:1238} INFO - 
--------------------------------------------------------------------------------
[2022-01-30 01:18:00,392] {taskinstance.py:1239} INFO - Starting attempt 2 of 3
[2022-01-30 01:18:00,392] {taskinstance.py:1240} INFO - 
--------------------------------------------------------------------------------
[2022-01-30 01:18:00,404] {taskinstance.py:1259} INFO - Executing <Task(PythonOperator): format_to_parquet_task> on 2022-01-29 00:00:00+00:00
[2022-01-30 01:18:00,410] {standard_task_runner.py:52} INFO - Started process 361 to run task
[2022-01-30 01:18:00,415] {standard_task_runner.py:76} INFO - Running: ['***', 'tasks', 'run', 'data_ingestion_gcs_dag', 'format_to_parquet_task', 'scheduled__2022-01-29T00:00:00+00:00', '--job-id', '6', '--raw', '--subdir', 'DAGS_FOLDER/data_ingestion_gcs_dag.py', '--cfg-path', '/tmp/tmpzya4fv2n', '--error-file', '/tmp/tmpeujuoi_z']
[2022-01-30 01:18:00,416] {standard_task_runner.py:77} INFO - Job 6: Subtask format_to_parquet_task
[2022-01-30 01:18:00,480] {logging_mixin.py:109} INFO - Running <TaskInstance: data_ingestion_gcs_dag.format_to_parquet_task scheduled__2022-01-29T00:00:00+00:00 [running]> on host ca36c7a3c080
[2022-01-30 01:18:00,542] {taskinstance.py:1426} INFO - Exporting the following env vars:
AIRFLOW_CTX_DAG_OWNER=***
AIRFLOW_CTX_DAG_ID=data_ingestion_gcs_dag
AIRFLOW_CTX_TASK_ID=format_to_parquet_task
AIRFLOW_CTX_EXECUTION_DATE=2022-01-29T00:00:00+00:00
AIRFLOW_CTX_DAG_RUN_ID=scheduled__2022-01-29T00:00:00+00:00
[2022-01-30 01:18:11,264] {python.py:175} INFO - Done. Returned value was: None
[2022-01-30 01:18:11,278] {taskinstance.py:1277} INFO - Marking task as SUCCESS. dag_id=data_ingestion_gcs_dag, task_id=format_to_parquet_task, execution_date=20220129T000000, start_date=20220130T011800, end_date=20220130T011811
[2022-01-30 01:18:11,406] {local_task_job.py:154} INFO - Task exited with return code 0
[2022-01-30 01:18:11,443] {local_task_job.py:264} INFO - 1 downstream tasks scheduled from follow-on schedule check
