[2022-01-30 01:24:53,618] {taskinstance.py:1032} INFO - Dependencies all met for <TaskInstance: data_ingestion_gcs_dag.local_to_gcs_task scheduled__2022-01-29T00:00:00+00:00 [queued]>
[2022-01-30 01:24:53,635] {taskinstance.py:1032} INFO - Dependencies all met for <TaskInstance: data_ingestion_gcs_dag.local_to_gcs_task scheduled__2022-01-29T00:00:00+00:00 [queued]>
[2022-01-30 01:24:53,635] {taskinstance.py:1238} INFO - 
--------------------------------------------------------------------------------
[2022-01-30 01:24:53,635] {taskinstance.py:1239} INFO - Starting attempt 3 of 4
[2022-01-30 01:24:53,635] {taskinstance.py:1240} INFO - 
--------------------------------------------------------------------------------
[2022-01-30 01:24:53,664] {taskinstance.py:1259} INFO - Executing <Task(PythonOperator): local_to_gcs_task> on 2022-01-29 00:00:00+00:00
[2022-01-30 01:24:53,673] {standard_task_runner.py:52} INFO - Started process 184 to run task
[2022-01-30 01:24:53,692] {standard_task_runner.py:76} INFO - Running: ['***', 'tasks', 'run', 'data_ingestion_gcs_dag', 'local_to_gcs_task', 'scheduled__2022-01-29T00:00:00+00:00', '--job-id', '17', '--raw', '--subdir', 'DAGS_FOLDER/data_ingestion_gcs_dag.py', '--cfg-path', '/tmp/tmpks8rcaxf', '--error-file', '/tmp/tmp7hs6x2sr']
[2022-01-30 01:24:53,694] {standard_task_runner.py:77} INFO - Job 17: Subtask local_to_gcs_task
[2022-01-30 01:24:53,790] {logging_mixin.py:109} INFO - Running <TaskInstance: data_ingestion_gcs_dag.local_to_gcs_task scheduled__2022-01-29T00:00:00+00:00 [running]> on host 04ca2676bdcc
[2022-01-30 01:24:53,882] {taskinstance.py:1426} INFO - Exporting the following env vars:
AIRFLOW_CTX_DAG_OWNER=***
AIRFLOW_CTX_DAG_ID=data_ingestion_gcs_dag
AIRFLOW_CTX_TASK_ID=local_to_gcs_task
AIRFLOW_CTX_EXECUTION_DATE=2022-01-29T00:00:00+00:00
AIRFLOW_CTX_DAG_RUN_ID=scheduled__2022-01-29T00:00:00+00:00
[2022-01-30 01:24:59,099] {python.py:175} INFO - Done. Returned value was: None
[2022-01-30 01:24:59,112] {taskinstance.py:1277} INFO - Marking task as SUCCESS. dag_id=data_ingestion_gcs_dag, task_id=local_to_gcs_task, execution_date=20220129T000000, start_date=20220130T012453, end_date=20220130T012459
[2022-01-30 01:24:59,145] {local_task_job.py:154} INFO - Task exited with return code 0
[2022-01-30 01:24:59,179] {local_task_job.py:264} INFO - 1 downstream tasks scheduled from follow-on schedule check
