[2022-01-29 12:25:49,466] {taskinstance.py:1032} INFO - Dependencies all met for <TaskInstance: data_ingestion_gcs_dag.format_to_parquet_task manual__2022-01-29T12:25:38.753618+00:00 [queued]>
[2022-01-29 12:25:49,492] {taskinstance.py:1032} INFO - Dependencies all met for <TaskInstance: data_ingestion_gcs_dag.format_to_parquet_task manual__2022-01-29T12:25:38.753618+00:00 [queued]>
[2022-01-29 12:25:49,492] {taskinstance.py:1238} INFO - 
--------------------------------------------------------------------------------
[2022-01-29 12:25:49,492] {taskinstance.py:1239} INFO - Starting attempt 1 of 2
[2022-01-29 12:25:49,492] {taskinstance.py:1240} INFO - 
--------------------------------------------------------------------------------
[2022-01-29 12:25:49,528] {taskinstance.py:1259} INFO - Executing <Task(PythonOperator): format_to_parquet_task> on 2022-01-29 12:25:38.753618+00:00
[2022-01-29 12:25:49,542] {standard_task_runner.py:52} INFO - Started process 2941 to run task
[2022-01-29 12:25:49,564] {standard_task_runner.py:76} INFO - Running: ['***', 'tasks', 'run', 'data_ingestion_gcs_dag', 'format_to_parquet_task', 'manual__2022-01-29T12:25:38.753618+00:00', '--job-id', '189', '--raw', '--subdir', 'DAGS_FOLDER/data_ingestion_gcs_dag.py', '--cfg-path', '/tmp/tmp045b_ytx', '--error-file', '/tmp/tmpi23l571n']
[2022-01-29 12:25:49,570] {standard_task_runner.py:77} INFO - Job 189: Subtask format_to_parquet_task
[2022-01-29 12:25:49,716] {logging_mixin.py:109} INFO - Running <TaskInstance: data_ingestion_gcs_dag.format_to_parquet_task manual__2022-01-29T12:25:38.753618+00:00 [running]> on host 85e1117cfb12
[2022-01-29 12:25:49,858] {taskinstance.py:1426} INFO - Exporting the following env vars:
AIRFLOW_CTX_DAG_OWNER=***
AIRFLOW_CTX_DAG_ID=data_ingestion_gcs_dag
AIRFLOW_CTX_TASK_ID=format_to_parquet_task
AIRFLOW_CTX_EXECUTION_DATE=2022-01-29T12:25:38.753618+00:00
AIRFLOW_CTX_DAG_RUN_ID=manual__2022-01-29T12:25:38.753618+00:00
[2022-01-29 12:25:56,020] {python.py:175} INFO - Done. Returned value was: None
[2022-01-29 12:25:56,041] {taskinstance.py:1277} INFO - Marking task as SUCCESS. dag_id=data_ingestion_gcs_dag, task_id=format_to_parquet_task, execution_date=20220129T122538, start_date=20220129T122549, end_date=20220129T122556
[2022-01-29 12:25:56,217] {local_task_job.py:154} INFO - Task exited with return code 0
[2022-01-29 12:25:56,315] {local_task_job.py:264} INFO - 1 downstream tasks scheduled from follow-on schedule check
