[2022-01-29 12:36:40,121] {taskinstance.py:1032} INFO - Dependencies all met for <TaskInstance: data_ingestion_gcs_dag.download_dataset_task scheduled__2019-02-02T06:00:00+00:00 [queued]>
[2022-01-29 12:36:40,133] {taskinstance.py:1032} INFO - Dependencies all met for <TaskInstance: data_ingestion_gcs_dag.download_dataset_task scheduled__2019-02-02T06:00:00+00:00 [queued]>
[2022-01-29 12:36:40,133] {taskinstance.py:1238} INFO - 
--------------------------------------------------------------------------------
[2022-01-29 12:36:40,133] {taskinstance.py:1239} INFO - Starting attempt 2 of 3
[2022-01-29 12:36:40,133] {taskinstance.py:1240} INFO - 
--------------------------------------------------------------------------------
[2022-01-29 12:36:40,149] {taskinstance.py:1259} INFO - Executing <Task(BashOperator): download_dataset_task> on 2019-02-02 06:00:00+00:00
[2022-01-29 12:36:40,157] {standard_task_runner.py:52} INFO - Started process 4734 to run task
[2022-01-29 12:36:40,164] {standard_task_runner.py:76} INFO - Running: ['***', 'tasks', 'run', 'data_ingestion_gcs_dag', 'download_dataset_task', 'scheduled__2019-02-02T06:00:00+00:00', '--job-id', '449', '--raw', '--subdir', 'DAGS_FOLDER/data_ingestion_gcs_dag.py', '--cfg-path', '/tmp/tmpisakruw9', '--error-file', '/tmp/tmpjsj5h2cf']
[2022-01-29 12:36:40,165] {standard_task_runner.py:77} INFO - Job 449: Subtask download_dataset_task
[2022-01-29 12:36:40,253] {logging_mixin.py:109} INFO - Running <TaskInstance: data_ingestion_gcs_dag.download_dataset_task scheduled__2019-02-02T06:00:00+00:00 [running]> on host 85e1117cfb12
[2022-01-29 12:36:40,329] {taskinstance.py:1426} INFO - Exporting the following env vars:
AIRFLOW_CTX_DAG_OWNER=***
AIRFLOW_CTX_DAG_ID=data_ingestion_gcs_dag
AIRFLOW_CTX_TASK_ID=download_dataset_task
AIRFLOW_CTX_EXECUTION_DATE=2019-02-02T06:00:00+00:00
AIRFLOW_CTX_DAG_RUN_ID=scheduled__2019-02-02T06:00:00+00:00
[2022-01-29 12:36:40,331] {subprocess.py:62} INFO - Tmp dir root location: 
 /tmp
[2022-01-29 12:36:40,332] {subprocess.py:74} INFO - Running command: ['bash', '-c', 'curl -sS https://s3.amazonaws.com/nyc-tlc/trip+data/yellow_tripdata_2021-01.csv > /opt/***/yellow_tripdata_2021-01.csv']
[2022-01-29 12:36:40,346] {subprocess.py:85} INFO - Output:
[2022-01-29 12:36:45,593] {subprocess.py:93} INFO - Command exited with return code 0
[2022-01-29 12:36:45,702] {taskinstance.py:1277} INFO - Marking task as SUCCESS. dag_id=data_ingestion_gcs_dag, task_id=download_dataset_task, execution_date=20190202T060000, start_date=20220129T123640, end_date=20220129T123645
[2022-01-29 12:36:45,761] {local_task_job.py:154} INFO - Task exited with return code 0
[2022-01-29 12:36:45,849] {local_task_job.py:264} INFO - 1 downstream tasks scheduled from follow-on schedule check
