[2022-01-29 12:37:02,080] {taskinstance.py:1032} INFO - Dependencies all met for <TaskInstance: data_ingestion_gcs_dag.format_to_parquet_task scheduled__2021-09-02T06:00:00+00:00 [queued]>
[2022-01-29 12:37:02,159] {taskinstance.py:1032} INFO - Dependencies all met for <TaskInstance: data_ingestion_gcs_dag.format_to_parquet_task scheduled__2021-09-02T06:00:00+00:00 [queued]>
[2022-01-29 12:37:02,160] {taskinstance.py:1238} INFO - 
--------------------------------------------------------------------------------
[2022-01-29 12:37:02,160] {taskinstance.py:1239} INFO - Starting attempt 1 of 2
[2022-01-29 12:37:02,160] {taskinstance.py:1240} INFO - 
--------------------------------------------------------------------------------
[2022-01-29 12:37:02,221] {taskinstance.py:1259} INFO - Executing <Task(PythonOperator): format_to_parquet_task> on 2021-09-02 06:00:00+00:00
[2022-01-29 12:37:02,258] {standard_task_runner.py:52} INFO - Started process 4851 to run task
[2022-01-29 12:37:02,314] {standard_task_runner.py:76} INFO - Running: ['***', 'tasks', 'run', 'data_ingestion_gcs_dag', 'format_to_parquet_task', 'scheduled__2021-09-02T06:00:00+00:00', '--job-id', '464', '--raw', '--subdir', 'DAGS_FOLDER/data_ingestion_gcs_dag.py', '--cfg-path', '/tmp/tmp_3k50g2v', '--error-file', '/tmp/tmpxp25ub99']
[2022-01-29 12:37:02,316] {standard_task_runner.py:77} INFO - Job 464: Subtask format_to_parquet_task
[2022-01-29 12:37:02,706] {logging_mixin.py:109} INFO - Running <TaskInstance: data_ingestion_gcs_dag.format_to_parquet_task scheduled__2021-09-02T06:00:00+00:00 [running]> on host 85e1117cfb12
[2022-01-29 12:37:03,081] {taskinstance.py:1426} INFO - Exporting the following env vars:
AIRFLOW_CTX_DAG_OWNER=***
AIRFLOW_CTX_DAG_ID=data_ingestion_gcs_dag
AIRFLOW_CTX_TASK_ID=format_to_parquet_task
AIRFLOW_CTX_EXECUTION_DATE=2021-09-02T06:00:00+00:00
AIRFLOW_CTX_DAG_RUN_ID=scheduled__2021-09-02T06:00:00+00:00
[2022-01-29 12:37:11,903] {python.py:175} INFO - Done. Returned value was: None
[2022-01-29 12:37:11,931] {taskinstance.py:1277} INFO - Marking task as SUCCESS. dag_id=data_ingestion_gcs_dag, task_id=format_to_parquet_task, execution_date=20210902T060000, start_date=20220129T123702, end_date=20220129T123711
[2022-01-29 12:37:12,436] {local_task_job.py:154} INFO - Task exited with return code 0
[2022-01-29 12:37:12,978] {local_task_job.py:264} INFO - 0 downstream tasks scheduled from follow-on schedule check
[2022-01-29 13:23:09,197] {taskinstance.py:1032} INFO - Dependencies all met for <TaskInstance: data_ingestion_gcs_dag.format_to_parquet_task scheduled__2021-09-02T06:00:00+00:00 [queued]>
[2022-01-29 13:23:09,269] {taskinstance.py:1032} INFO - Dependencies all met for <TaskInstance: data_ingestion_gcs_dag.format_to_parquet_task scheduled__2021-09-02T06:00:00+00:00 [queued]>
[2022-01-29 13:23:09,269] {taskinstance.py:1238} INFO - 
--------------------------------------------------------------------------------
[2022-01-29 13:23:09,269] {taskinstance.py:1239} INFO - Starting attempt 1 of 1
[2022-01-29 13:23:09,269] {taskinstance.py:1240} INFO - 
--------------------------------------------------------------------------------
[2022-01-29 13:23:09,306] {taskinstance.py:1259} INFO - Executing <Task(PythonOperator): format_to_parquet_task> on 2021-09-02 06:00:00+00:00
[2022-01-29 13:23:09,315] {standard_task_runner.py:52} INFO - Started process 398 to run task
[2022-01-29 13:23:09,358] {standard_task_runner.py:76} INFO - Running: ['***', 'tasks', 'run', 'data_ingestion_gcs_dag', 'format_to_parquet_task', 'scheduled__2021-09-02T06:00:00+00:00', '--job-id', '553', '--raw', '--subdir', 'DAGS_FOLDER/data_ingestion_gcs_dag.py', '--cfg-path', '/tmp/tmpamwjnw8q', '--error-file', '/tmp/tmpi7oxs00y']
[2022-01-29 13:23:09,360] {standard_task_runner.py:77} INFO - Job 553: Subtask format_to_parquet_task
[2022-01-29 13:23:09,634] {logging_mixin.py:109} INFO - Running <TaskInstance: data_ingestion_gcs_dag.format_to_parquet_task scheduled__2021-09-02T06:00:00+00:00 [running]> on host 9bf957887753
[2022-01-29 13:23:09,791] {warnings.py:110} WARNING - /home/***/.local/lib/python3.7/site-packages/***/utils/context.py:152: AirflowContextDeprecationWarning: Accessing 'execution_date' from the template is deprecated and will be removed in a future version. Please use 'data_interval_start' or 'logical_date' instead.
  warnings.warn(_create_deprecation_warning(key, self._deprecation_replacements[key]))

[2022-01-29 13:23:09,868] {taskinstance.py:1426} INFO - Exporting the following env vars:
AIRFLOW_CTX_DAG_OWNER=***
AIRFLOW_CTX_DAG_ID=data_ingestion_gcs_dag
AIRFLOW_CTX_TASK_ID=format_to_parquet_task
AIRFLOW_CTX_EXECUTION_DATE=2021-09-02T06:00:00+00:00
AIRFLOW_CTX_DAG_RUN_ID=scheduled__2021-09-02T06:00:00+00:00
[2022-01-29 13:23:10,145] {python.py:175} INFO - Done. Returned value was: None
[2022-01-29 13:23:10,163] {taskinstance.py:1277} INFO - Marking task as SUCCESS. dag_id=data_ingestion_gcs_dag, task_id=format_to_parquet_task, execution_date=20210902T060000, start_date=20220129T132309, end_date=20220129T132310
[2022-01-29 13:23:10,241] {local_task_job.py:154} INFO - Task exited with return code 0
[2022-01-29 13:23:10,640] {local_task_job.py:264} INFO - 0 downstream tasks scheduled from follow-on schedule check
