[2022-01-29 13:53:55,153] {taskinstance.py:1032} INFO - Dependencies all met for <TaskInstance: data_ingestion_gcs_dag_2.download_dataset_task scheduled__2021-07-02T06:00:00+00:00 [queued]>
[2022-01-29 13:53:55,166] {taskinstance.py:1032} INFO - Dependencies all met for <TaskInstance: data_ingestion_gcs_dag_2.download_dataset_task scheduled__2021-07-02T06:00:00+00:00 [queued]>
[2022-01-29 13:53:55,166] {taskinstance.py:1238} INFO - 
--------------------------------------------------------------------------------
[2022-01-29 13:53:55,166] {taskinstance.py:1239} INFO - Starting attempt 2 of 2
[2022-01-29 13:53:55,166] {taskinstance.py:1240} INFO - 
--------------------------------------------------------------------------------
[2022-01-29 13:53:55,180] {taskinstance.py:1259} INFO - Executing <Task(BashOperator): download_dataset_task> on 2021-07-02 06:00:00+00:00
[2022-01-29 13:53:55,186] {standard_task_runner.py:52} INFO - Started process 2134 to run task
[2022-01-29 13:53:55,194] {standard_task_runner.py:76} INFO - Running: ['***', 'tasks', 'run', 'data_ingestion_gcs_dag_2', 'download_dataset_task', 'scheduled__2021-07-02T06:00:00+00:00', '--job-id', '634', '--raw', '--subdir', 'DAGS_FOLDER/data_ingestion_gcs_dag_2.py', '--cfg-path', '/tmp/tmpp2k0plav', '--error-file', '/tmp/tmpe_sd3u08']
[2022-01-29 13:53:55,195] {standard_task_runner.py:77} INFO - Job 634: Subtask download_dataset_task
[2022-01-29 13:53:55,299] {logging_mixin.py:109} INFO - Running <TaskInstance: data_ingestion_gcs_dag_2.download_dataset_task scheduled__2021-07-02T06:00:00+00:00 [running]> on host 9bf957887753
[2022-01-29 13:53:55,376] {warnings.py:110} WARNING - /home/***/.local/lib/python3.7/site-packages/***/utils/context.py:152: AirflowContextDeprecationWarning: Accessing 'execution_date' from the template is deprecated and will be removed in a future version. Please use 'data_interval_start' or 'logical_date' instead.
  warnings.warn(_create_deprecation_warning(key, self._deprecation_replacements[key]))

[2022-01-29 13:53:55,442] {taskinstance.py:1426} INFO - Exporting the following env vars:
AIRFLOW_CTX_DAG_OWNER=***
AIRFLOW_CTX_DAG_ID=data_ingestion_gcs_dag_2
AIRFLOW_CTX_TASK_ID=download_dataset_task
AIRFLOW_CTX_EXECUTION_DATE=2021-07-02T06:00:00+00:00
AIRFLOW_CTX_DAG_RUN_ID=scheduled__2021-07-02T06:00:00+00:00
[2022-01-29 13:53:55,444] {subprocess.py:62} INFO - Tmp dir root location: 
 /tmp
[2022-01-29 13:53:55,445] {subprocess.py:74} INFO - Running command: ['bash', '-c', 'curl -sS https://s3.amazonaws.com/nyc-tlc/trip+data/yellow_tripdata_2021-07.csv > /opt/***/yellow_tripdata_2021-07.csv']
[2022-01-29 13:53:55,467] {subprocess.py:85} INFO - Output:
[2022-01-29 13:54:05,539] {subprocess.py:93} INFO - Command exited with return code 0
[2022-01-29 13:54:05,624] {taskinstance.py:1277} INFO - Marking task as SUCCESS. dag_id=data_ingestion_gcs_dag_2, task_id=download_dataset_task, execution_date=20210702T060000, start_date=20220129T135355, end_date=20220129T135405
[2022-01-29 13:54:05,656] {local_task_job.py:154} INFO - Task exited with return code 0
[2022-01-29 13:54:05,699] {local_task_job.py:264} INFO - 1 downstream tasks scheduled from follow-on schedule check
