[2022-01-29 10:53:22,636] {taskinstance.py:1032} INFO - Dependencies all met for <TaskInstance: LocalIngestionDag.wget scheduled__2021-01-02T06:00:00+00:00 [queued]>
[2022-01-29 10:53:22,650] {taskinstance.py:1032} INFO - Dependencies all met for <TaskInstance: LocalIngestionDag.wget scheduled__2021-01-02T06:00:00+00:00 [queued]>
[2022-01-29 10:53:22,651] {taskinstance.py:1238} INFO - 
--------------------------------------------------------------------------------
[2022-01-29 10:53:22,651] {taskinstance.py:1239} INFO - Starting attempt 6 of 6
[2022-01-29 10:53:22,651] {taskinstance.py:1240} INFO - 
--------------------------------------------------------------------------------
[2022-01-29 10:53:22,666] {taskinstance.py:1259} INFO - Executing <Task(BashOperator): wget> on 2021-01-02 06:00:00+00:00
[2022-01-29 10:53:22,671] {standard_task_runner.py:52} INFO - Started process 1222 to run task
[2022-01-29 10:53:22,677] {standard_task_runner.py:76} INFO - Running: ['***', 'tasks', 'run', 'LocalIngestionDag', 'wget', 'scheduled__2021-01-02T06:00:00+00:00', '--job-id', '94', '--raw', '--subdir', 'DAGS_FOLDER/data_ingestion_local.py', '--cfg-path', '/tmp/tmp5wbx5wlv', '--error-file', '/tmp/tmp8d_d5hae']
[2022-01-29 10:53:22,679] {standard_task_runner.py:77} INFO - Job 94: Subtask wget
[2022-01-29 10:53:22,775] {logging_mixin.py:109} INFO - Running <TaskInstance: LocalIngestionDag.wget scheduled__2021-01-02T06:00:00+00:00 [running]> on host 89af7c3452a0
[2022-01-29 10:53:22,825] {warnings.py:110} WARNING - /home/***/.local/lib/python3.7/site-packages/***/utils/context.py:152: AirflowContextDeprecationWarning: Accessing 'execution_date' from the template is deprecated and will be removed in a future version. Please use 'data_interval_start' or 'logical_date' instead.
  warnings.warn(_create_deprecation_warning(key, self._deprecation_replacements[key]))

[2022-01-29 10:53:22,846] {taskinstance.py:1426} INFO - Exporting the following env vars:
AIRFLOW_CTX_DAG_OWNER=***
AIRFLOW_CTX_DAG_ID=LocalIngestionDag
AIRFLOW_CTX_TASK_ID=wget
AIRFLOW_CTX_EXECUTION_DATE=2021-01-02T06:00:00+00:00
AIRFLOW_CTX_DAG_RUN_ID=scheduled__2021-01-02T06:00:00+00:00
[2022-01-29 10:53:22,847] {subprocess.py:62} INFO - Tmp dir root location: 
 /tmp
[2022-01-29 10:53:22,848] {subprocess.py:74} INFO - Running command: ['bash', '-c', 'curl -sSL https://s3.amazonaws.com/nyc-tlc/trip+data/yellow_tripdata_2021-01.csv > /opt/***/output_2021-01.csv']
[2022-01-29 10:53:22,862] {subprocess.py:85} INFO - Output:
[2022-01-29 10:53:28,215] {subprocess.py:93} INFO - Command exited with return code 0
[2022-01-29 10:53:28,267] {taskinstance.py:1277} INFO - Marking task as SUCCESS. dag_id=LocalIngestionDag, task_id=wget, execution_date=20210102T060000, start_date=20220129T105322, end_date=20220129T105328
[2022-01-29 10:53:28,330] {local_task_job.py:154} INFO - Task exited with return code 0
[2022-01-29 10:53:28,404] {local_task_job.py:264} INFO - 0 downstream tasks scheduled from follow-on schedule check
