[2022-01-29 12:37:59,771] {taskinstance.py:1032} INFO - Dependencies all met for <TaskInstance: data_ingestion_gcs_dag.bigquery_external_table_task scheduled__2021-11-02T06:00:00+00:00 [queued]>
[2022-01-29 12:37:59,789] {taskinstance.py:1032} INFO - Dependencies all met for <TaskInstance: data_ingestion_gcs_dag.bigquery_external_table_task scheduled__2021-11-02T06:00:00+00:00 [queued]>
[2022-01-29 12:37:59,790] {taskinstance.py:1238} INFO - 
--------------------------------------------------------------------------------
[2022-01-29 12:37:59,790] {taskinstance.py:1239} INFO - Starting attempt 1 of 2
[2022-01-29 12:37:59,790] {taskinstance.py:1240} INFO - 
--------------------------------------------------------------------------------
[2022-01-29 12:37:59,809] {taskinstance.py:1259} INFO - Executing <Task(BigQueryCreateExternalTableOperator): bigquery_external_table_task> on 2021-11-02 06:00:00+00:00
[2022-01-29 12:37:59,816] {standard_task_runner.py:52} INFO - Started process 5024 to run task
[2022-01-29 12:37:59,822] {standard_task_runner.py:76} INFO - Running: ['***', 'tasks', 'run', 'data_ingestion_gcs_dag', 'bigquery_external_table_task', 'scheduled__2021-11-02T06:00:00+00:00', '--job-id', '494', '--raw', '--subdir', 'DAGS_FOLDER/data_ingestion_gcs_dag.py', '--cfg-path', '/tmp/tmp2gwdgmu0', '--error-file', '/tmp/tmptr_k6i0i']
[2022-01-29 12:37:59,824] {standard_task_runner.py:77} INFO - Job 494: Subtask bigquery_external_table_task
[2022-01-29 12:37:59,910] {logging_mixin.py:109} INFO - Running <TaskInstance: data_ingestion_gcs_dag.bigquery_external_table_task scheduled__2021-11-02T06:00:00+00:00 [running]> on host 85e1117cfb12
[2022-01-29 12:37:59,991] {taskinstance.py:1426} INFO - Exporting the following env vars:
AIRFLOW_CTX_DAG_OWNER=***
AIRFLOW_CTX_DAG_ID=data_ingestion_gcs_dag
AIRFLOW_CTX_TASK_ID=bigquery_external_table_task
AIRFLOW_CTX_EXECUTION_DATE=2021-11-02T06:00:00+00:00
AIRFLOW_CTX_DAG_RUN_ID=scheduled__2021-11-02T06:00:00+00:00
[2022-01-29 12:37:59,993] {crypto.py:82} WARNING - empty cryptography key - values will not be stored encrypted.
[2022-01-29 12:38:00,418] {taskinstance.py:1277} INFO - Marking task as SUCCESS. dag_id=data_ingestion_gcs_dag, task_id=bigquery_external_table_task, execution_date=20211102T060000, start_date=20220129T123759, end_date=20220129T123800
[2022-01-29 12:38:00,477] {local_task_job.py:154} INFO - Task exited with return code 0
[2022-01-29 12:38:00,518] {local_task_job.py:264} INFO - 0 downstream tasks scheduled from follow-on schedule check
[2022-01-29 13:23:28,692] {taskinstance.py:1032} INFO - Dependencies all met for <TaskInstance: data_ingestion_gcs_dag.bigquery_external_table_task scheduled__2021-11-02T06:00:00+00:00 [queued]>
[2022-01-29 13:23:28,737] {taskinstance.py:1032} INFO - Dependencies all met for <TaskInstance: data_ingestion_gcs_dag.bigquery_external_table_task scheduled__2021-11-02T06:00:00+00:00 [queued]>
[2022-01-29 13:23:28,737] {taskinstance.py:1238} INFO - 
--------------------------------------------------------------------------------
[2022-01-29 13:23:28,737] {taskinstance.py:1239} INFO - Starting attempt 1 of 1
[2022-01-29 13:23:28,737] {taskinstance.py:1240} INFO - 
--------------------------------------------------------------------------------
[2022-01-29 13:23:28,768] {taskinstance.py:1259} INFO - Executing <Task(BigQueryCreateExternalTableOperator): bigquery_external_table_task> on 2021-11-02 06:00:00+00:00
[2022-01-29 13:23:28,780] {standard_task_runner.py:52} INFO - Started process 496 to run task
[2022-01-29 13:23:28,824] {standard_task_runner.py:76} INFO - Running: ['***', 'tasks', 'run', 'data_ingestion_gcs_dag', 'bigquery_external_table_task', 'scheduled__2021-11-02T06:00:00+00:00', '--job-id', '572', '--raw', '--subdir', 'DAGS_FOLDER/data_ingestion_gcs_dag.py', '--cfg-path', '/tmp/tmp8rspy465', '--error-file', '/tmp/tmpjh2qk0g9']
[2022-01-29 13:23:28,825] {standard_task_runner.py:77} INFO - Job 572: Subtask bigquery_external_table_task
[2022-01-29 13:23:29,028] {logging_mixin.py:109} INFO - Running <TaskInstance: data_ingestion_gcs_dag.bigquery_external_table_task scheduled__2021-11-02T06:00:00+00:00 [running]> on host 9bf957887753
[2022-01-29 13:23:29,166] {warnings.py:110} WARNING - /home/***/.local/lib/python3.7/site-packages/***/utils/context.py:152: AirflowContextDeprecationWarning: Accessing 'execution_date' from the template is deprecated and will be removed in a future version. Please use 'data_interval_start' or 'logical_date' instead.
  warnings.warn(_create_deprecation_warning(key, self._deprecation_replacements[key]))

[2022-01-29 13:23:29,213] {taskinstance.py:1426} INFO - Exporting the following env vars:
AIRFLOW_CTX_DAG_OWNER=***
AIRFLOW_CTX_DAG_ID=data_ingestion_gcs_dag
AIRFLOW_CTX_TASK_ID=bigquery_external_table_task
AIRFLOW_CTX_EXECUTION_DATE=2021-11-02T06:00:00+00:00
AIRFLOW_CTX_DAG_RUN_ID=scheduled__2021-11-02T06:00:00+00:00
[2022-01-29 13:23:29,215] {crypto.py:82} WARNING - empty cryptography key - values will not be stored encrypted.
[2022-01-29 13:23:29,836] {taskinstance.py:1277} INFO - Marking task as SUCCESS. dag_id=data_ingestion_gcs_dag, task_id=bigquery_external_table_task, execution_date=20211102T060000, start_date=20220129T132328, end_date=20220129T132329
[2022-01-29 13:23:29,896] {local_task_job.py:154} INFO - Task exited with return code 0
[2022-01-29 13:23:30,002] {local_task_job.py:264} INFO - 0 downstream tasks scheduled from follow-on schedule check
