[2022-01-29 12:28:50,123] {taskinstance.py:1032} INFO - Dependencies all met for <TaskInstance: data_ingestion_gcs_dag.bigquery_external_table_task scheduled__2021-12-01T00:00:00+00:00 [queued]>
[2022-01-29 12:28:50,135] {taskinstance.py:1032} INFO - Dependencies all met for <TaskInstance: data_ingestion_gcs_dag.bigquery_external_table_task scheduled__2021-12-01T00:00:00+00:00 [queued]>
[2022-01-29 12:28:50,135] {taskinstance.py:1238} INFO - 
--------------------------------------------------------------------------------
[2022-01-29 12:28:50,135] {taskinstance.py:1239} INFO - Starting attempt 1 of 2
[2022-01-29 12:28:50,135] {taskinstance.py:1240} INFO - 
--------------------------------------------------------------------------------
[2022-01-29 12:28:50,149] {taskinstance.py:1259} INFO - Executing <Task(BigQueryCreateExternalTableOperator): bigquery_external_table_task> on 2021-12-01 00:00:00+00:00
[2022-01-29 12:28:50,155] {standard_task_runner.py:52} INFO - Started process 3764 to run task
[2022-01-29 12:28:50,160] {standard_task_runner.py:76} INFO - Running: ['***', 'tasks', 'run', 'data_ingestion_gcs_dag', 'bigquery_external_table_task', 'scheduled__2021-12-01T00:00:00+00:00', '--job-id', '322', '--raw', '--subdir', 'DAGS_FOLDER/data_ingestion_gcs_dag.py', '--cfg-path', '/tmp/tmpdsu6_wdb', '--error-file', '/tmp/tmp3hxwr6nt']
[2022-01-29 12:28:50,162] {standard_task_runner.py:77} INFO - Job 322: Subtask bigquery_external_table_task
[2022-01-29 12:28:50,240] {logging_mixin.py:109} INFO - Running <TaskInstance: data_ingestion_gcs_dag.bigquery_external_table_task scheduled__2021-12-01T00:00:00+00:00 [running]> on host 85e1117cfb12
[2022-01-29 12:28:50,313] {taskinstance.py:1426} INFO - Exporting the following env vars:
AIRFLOW_CTX_DAG_OWNER=***
AIRFLOW_CTX_DAG_ID=data_ingestion_gcs_dag
AIRFLOW_CTX_TASK_ID=bigquery_external_table_task
AIRFLOW_CTX_EXECUTION_DATE=2021-12-01T00:00:00+00:00
AIRFLOW_CTX_DAG_RUN_ID=scheduled__2021-12-01T00:00:00+00:00
[2022-01-29 12:28:50,315] {crypto.py:82} WARNING - empty cryptography key - values will not be stored encrypted.
[2022-01-29 12:28:50,707] {taskinstance.py:1277} INFO - Marking task as SUCCESS. dag_id=data_ingestion_gcs_dag, task_id=bigquery_external_table_task, execution_date=20211201T000000, start_date=20220129T122850, end_date=20220129T122850
[2022-01-29 12:28:50,734] {local_task_job.py:154} INFO - Task exited with return code 0
[2022-01-29 12:28:50,772] {local_task_job.py:264} INFO - 0 downstream tasks scheduled from follow-on schedule check
[2022-01-29 12:32:22,417] {taskinstance.py:1032} INFO - Dependencies all met for <TaskInstance: data_ingestion_gcs_dag.bigquery_external_table_task scheduled__2021-12-01T00:00:00+00:00 [queued]>
[2022-01-29 12:32:22,431] {taskinstance.py:1032} INFO - Dependencies all met for <TaskInstance: data_ingestion_gcs_dag.bigquery_external_table_task scheduled__2021-12-01T00:00:00+00:00 [queued]>
[2022-01-29 12:32:22,431] {taskinstance.py:1238} INFO - 
--------------------------------------------------------------------------------
[2022-01-29 12:32:22,432] {taskinstance.py:1239} INFO - Starting attempt 1 of 2
[2022-01-29 12:32:22,432] {taskinstance.py:1240} INFO - 
--------------------------------------------------------------------------------
[2022-01-29 12:32:22,445] {taskinstance.py:1259} INFO - Executing <Task(BigQueryCreateExternalTableOperator): bigquery_external_table_task> on 2021-12-01 00:00:00+00:00
[2022-01-29 12:32:22,451] {standard_task_runner.py:52} INFO - Started process 3974 to run task
[2022-01-29 12:32:22,458] {standard_task_runner.py:76} INFO - Running: ['***', 'tasks', 'run', 'data_ingestion_gcs_dag', 'bigquery_external_table_task', 'scheduled__2021-12-01T00:00:00+00:00', '--job-id', '330', '--raw', '--subdir', 'DAGS_FOLDER/data_ingestion_gcs_dag.py', '--cfg-path', '/tmp/tmp79bm1cc2', '--error-file', '/tmp/tmpdfbcw9c3']
[2022-01-29 12:32:22,460] {standard_task_runner.py:77} INFO - Job 330: Subtask bigquery_external_table_task
[2022-01-29 12:32:22,556] {logging_mixin.py:109} INFO - Running <TaskInstance: data_ingestion_gcs_dag.bigquery_external_table_task scheduled__2021-12-01T00:00:00+00:00 [running]> on host 85e1117cfb12
[2022-01-29 12:32:22,660] {taskinstance.py:1426} INFO - Exporting the following env vars:
AIRFLOW_CTX_DAG_OWNER=***
AIRFLOW_CTX_DAG_ID=data_ingestion_gcs_dag
AIRFLOW_CTX_TASK_ID=bigquery_external_table_task
AIRFLOW_CTX_EXECUTION_DATE=2021-12-01T00:00:00+00:00
AIRFLOW_CTX_DAG_RUN_ID=scheduled__2021-12-01T00:00:00+00:00
[2022-01-29 12:32:22,662] {crypto.py:82} WARNING - empty cryptography key - values will not be stored encrypted.
[2022-01-29 12:32:23,132] {taskinstance.py:1277} INFO - Marking task as SUCCESS. dag_id=data_ingestion_gcs_dag, task_id=bigquery_external_table_task, execution_date=20211201T000000, start_date=20220129T123222, end_date=20220129T123223
[2022-01-29 12:32:23,159] {local_task_job.py:154} INFO - Task exited with return code 0
[2022-01-29 12:32:23,196] {local_task_job.py:264} INFO - 0 downstream tasks scheduled from follow-on schedule check
