[2022-01-29 12:34:24,923] {taskinstance.py:1032} INFO - Dependencies all met for <TaskInstance: data_ingestion_gcs_dag.download_dataset_task scheduled__2019-01-02T06:00:00+00:00 [queued]>
[2022-01-29 12:34:24,954] {taskinstance.py:1032} INFO - Dependencies all met for <TaskInstance: data_ingestion_gcs_dag.download_dataset_task scheduled__2019-01-02T06:00:00+00:00 [queued]>
[2022-01-29 12:34:24,955] {taskinstance.py:1238} INFO - 
--------------------------------------------------------------------------------
[2022-01-29 12:34:24,955] {taskinstance.py:1239} INFO - Starting attempt 1 of 2
[2022-01-29 12:34:24,955] {taskinstance.py:1240} INFO - 
--------------------------------------------------------------------------------
[2022-01-29 12:34:24,985] {taskinstance.py:1259} INFO - Executing <Task(BashOperator): download_dataset_task> on 2019-01-02 06:00:00+00:00
[2022-01-29 12:34:24,996] {standard_task_runner.py:52} INFO - Started process 4154 to run task
[2022-01-29 12:34:25,007] {standard_task_runner.py:76} INFO - Running: ['***', 'tasks', 'run', 'data_ingestion_gcs_dag', 'download_dataset_task', 'scheduled__2019-01-02T06:00:00+00:00', '--job-id', '349', '--raw', '--subdir', 'DAGS_FOLDER/data_ingestion_gcs_dag.py', '--cfg-path', '/tmp/tmpmp1v1vmp', '--error-file', '/tmp/tmp44wmg7gn']
[2022-01-29 12:34:25,009] {standard_task_runner.py:77} INFO - Job 349: Subtask download_dataset_task
[2022-01-29 12:34:25,149] {logging_mixin.py:109} INFO - Running <TaskInstance: data_ingestion_gcs_dag.download_dataset_task scheduled__2019-01-02T06:00:00+00:00 [running]> on host 85e1117cfb12
[2022-01-29 12:34:25,287] {taskinstance.py:1426} INFO - Exporting the following env vars:
AIRFLOW_CTX_DAG_OWNER=***
AIRFLOW_CTX_DAG_ID=data_ingestion_gcs_dag
AIRFLOW_CTX_TASK_ID=download_dataset_task
AIRFLOW_CTX_EXECUTION_DATE=2019-01-02T06:00:00+00:00
AIRFLOW_CTX_DAG_RUN_ID=scheduled__2019-01-02T06:00:00+00:00
[2022-01-29 12:34:25,289] {subprocess.py:62} INFO - Tmp dir root location: 
 /tmp
[2022-01-29 12:34:25,290] {subprocess.py:74} INFO - Running command: ['bash', '-c', 'curl -sS https://s3.amazonaws.com/nyc-tlc/trip+data/yellow_tripdata_2021-01.csv > /opt/***/yellow_tripdata_2021-01.csv']
[2022-01-29 12:34:25,317] {subprocess.py:85} INFO - Output:
[2022-01-29 12:34:30,833] {subprocess.py:93} INFO - Command exited with return code 0
[2022-01-29 12:34:30,952] {taskinstance.py:1277} INFO - Marking task as SUCCESS. dag_id=data_ingestion_gcs_dag, task_id=download_dataset_task, execution_date=20190102T060000, start_date=20220129T123424, end_date=20220129T123430
[2022-01-29 12:34:31,038] {local_task_job.py:154} INFO - Task exited with return code 0
[2022-01-29 12:34:31,110] {local_task_job.py:264} INFO - 1 downstream tasks scheduled from follow-on schedule check
