[2022-01-29 12:37:43,117] {taskinstance.py:1032} INFO - Dependencies all met for <TaskInstance: data_ingestion_gcs_dag.download_dataset_task scheduled__2021-11-02T06:00:00+00:00 [queued]>
[2022-01-29 12:37:43,129] {taskinstance.py:1032} INFO - Dependencies all met for <TaskInstance: data_ingestion_gcs_dag.download_dataset_task scheduled__2021-11-02T06:00:00+00:00 [queued]>
[2022-01-29 12:37:43,129] {taskinstance.py:1238} INFO - 
--------------------------------------------------------------------------------
[2022-01-29 12:37:43,129] {taskinstance.py:1239} INFO - Starting attempt 1 of 2
[2022-01-29 12:37:43,130] {taskinstance.py:1240} INFO - 
--------------------------------------------------------------------------------
[2022-01-29 12:37:43,143] {taskinstance.py:1259} INFO - Executing <Task(BashOperator): download_dataset_task> on 2021-11-02 06:00:00+00:00
[2022-01-29 12:37:43,151] {standard_task_runner.py:52} INFO - Started process 4966 to run task
[2022-01-29 12:37:43,161] {standard_task_runner.py:76} INFO - Running: ['***', 'tasks', 'run', 'data_ingestion_gcs_dag', 'download_dataset_task', 'scheduled__2021-11-02T06:00:00+00:00', '--job-id', '485', '--raw', '--subdir', 'DAGS_FOLDER/data_ingestion_gcs_dag.py', '--cfg-path', '/tmp/tmp5pr9qfyd', '--error-file', '/tmp/tmpfgi10r2e']
[2022-01-29 12:37:43,163] {standard_task_runner.py:77} INFO - Job 485: Subtask download_dataset_task
[2022-01-29 12:37:43,273] {logging_mixin.py:109} INFO - Running <TaskInstance: data_ingestion_gcs_dag.download_dataset_task scheduled__2021-11-02T06:00:00+00:00 [running]> on host 85e1117cfb12
[2022-01-29 12:37:43,365] {taskinstance.py:1426} INFO - Exporting the following env vars:
AIRFLOW_CTX_DAG_OWNER=***
AIRFLOW_CTX_DAG_ID=data_ingestion_gcs_dag
AIRFLOW_CTX_TASK_ID=download_dataset_task
AIRFLOW_CTX_EXECUTION_DATE=2021-11-02T06:00:00+00:00
AIRFLOW_CTX_DAG_RUN_ID=scheduled__2021-11-02T06:00:00+00:00
[2022-01-29 12:37:43,367] {subprocess.py:62} INFO - Tmp dir root location: 
 /tmp
[2022-01-29 12:37:43,368] {subprocess.py:74} INFO - Running command: ['bash', '-c', 'curl -sS https://s3.amazonaws.com/nyc-tlc/trip+data/yellow_tripdata_2021-01.csv > /opt/***/yellow_tripdata_2021-01.csv']
[2022-01-29 12:37:43,384] {subprocess.py:85} INFO - Output:
[2022-01-29 12:37:48,197] {subprocess.py:93} INFO - Command exited with return code 0
[2022-01-29 12:37:48,251] {taskinstance.py:1277} INFO - Marking task as SUCCESS. dag_id=data_ingestion_gcs_dag, task_id=download_dataset_task, execution_date=20211102T060000, start_date=20220129T123743, end_date=20220129T123748
[2022-01-29 12:37:48,286] {local_task_job.py:154} INFO - Task exited with return code 0
[2022-01-29 12:37:48,343] {local_task_job.py:264} INFO - 1 downstream tasks scheduled from follow-on schedule check
[2022-01-29 13:23:03,768] {taskinstance.py:1032} INFO - Dependencies all met for <TaskInstance: data_ingestion_gcs_dag.download_dataset_task scheduled__2021-11-02T06:00:00+00:00 [queued]>
[2022-01-29 13:23:03,882] {taskinstance.py:1032} INFO - Dependencies all met for <TaskInstance: data_ingestion_gcs_dag.download_dataset_task scheduled__2021-11-02T06:00:00+00:00 [queued]>
[2022-01-29 13:23:03,883] {taskinstance.py:1238} INFO - 
--------------------------------------------------------------------------------
[2022-01-29 13:23:03,883] {taskinstance.py:1239} INFO - Starting attempt 1 of 1
[2022-01-29 13:23:03,883] {taskinstance.py:1240} INFO - 
--------------------------------------------------------------------------------
[2022-01-29 13:23:04,019] {taskinstance.py:1259} INFO - Executing <Task(BashOperator): download_dataset_task> on 2021-11-02 06:00:00+00:00
[2022-01-29 13:23:04,100] {standard_task_runner.py:52} INFO - Started process 372 to run task
[2022-01-29 13:23:04,142] {standard_task_runner.py:76} INFO - Running: ['***', 'tasks', 'run', 'data_ingestion_gcs_dag', 'download_dataset_task', 'scheduled__2021-11-02T06:00:00+00:00', '--job-id', '550', '--raw', '--subdir', 'DAGS_FOLDER/data_ingestion_gcs_dag.py', '--cfg-path', '/tmp/tmpxor21ywc', '--error-file', '/tmp/tmp14513m23']
[2022-01-29 13:23:04,157] {standard_task_runner.py:77} INFO - Job 550: Subtask download_dataset_task
[2022-01-29 13:23:04,758] {logging_mixin.py:109} INFO - Running <TaskInstance: data_ingestion_gcs_dag.download_dataset_task scheduled__2021-11-02T06:00:00+00:00 [running]> on host 9bf957887753
[2022-01-29 13:23:05,429] {warnings.py:110} WARNING - /home/***/.local/lib/python3.7/site-packages/***/utils/context.py:152: AirflowContextDeprecationWarning: Accessing 'execution_date' from the template is deprecated and will be removed in a future version. Please use 'data_interval_start' or 'logical_date' instead.
  warnings.warn(_create_deprecation_warning(key, self._deprecation_replacements[key]))

[2022-01-29 13:23:05,560] {taskinstance.py:1426} INFO - Exporting the following env vars:
AIRFLOW_CTX_DAG_OWNER=***
AIRFLOW_CTX_DAG_ID=data_ingestion_gcs_dag
AIRFLOW_CTX_TASK_ID=download_dataset_task
AIRFLOW_CTX_EXECUTION_DATE=2021-11-02T06:00:00+00:00
AIRFLOW_CTX_DAG_RUN_ID=scheduled__2021-11-02T06:00:00+00:00
[2022-01-29 13:23:05,561] {subprocess.py:62} INFO - Tmp dir root location: 
 /tmp
[2022-01-29 13:23:05,563] {subprocess.py:74} INFO - Running command: ['bash', '-c', 'curl -sS https://s3.amazonaws.com/nyc-tlc/trip+data/yellow_tripdata_2021-11.csv > /opt/***/yellow_tripdata_2021-11.csv']
[2022-01-29 13:23:05,645] {subprocess.py:85} INFO - Output:
[2022-01-29 13:23:06,200] {subprocess.py:93} INFO - Command exited with return code 0
[2022-01-29 13:23:06,284] {taskinstance.py:1277} INFO - Marking task as SUCCESS. dag_id=data_ingestion_gcs_dag, task_id=download_dataset_task, execution_date=20211102T060000, start_date=20220129T132303, end_date=20220129T132306
[2022-01-29 13:23:06,406] {local_task_job.py:154} INFO - Task exited with return code 0
[2022-01-29 13:23:06,527] {local_task_job.py:264} INFO - 1 downstream tasks scheduled from follow-on schedule check
