[2022-01-29 09:06:32,206] {taskinstance.py:1032} INFO - Dependencies all met for <TaskInstance: LocalIngestionDag.ingest manual__2022-01-29T09:06:30.651339+00:00 [queued]>
[2022-01-29 09:06:32,218] {taskinstance.py:1032} INFO - Dependencies all met for <TaskInstance: LocalIngestionDag.ingest manual__2022-01-29T09:06:30.651339+00:00 [queued]>
[2022-01-29 09:06:32,218] {taskinstance.py:1238} INFO - 
--------------------------------------------------------------------------------
[2022-01-29 09:06:32,219] {taskinstance.py:1239} INFO - Starting attempt 1 of 1
[2022-01-29 09:06:32,219] {taskinstance.py:1240} INFO - 
--------------------------------------------------------------------------------
[2022-01-29 09:06:32,230] {taskinstance.py:1259} INFO - Executing <Task(BashOperator): ingest> on 2022-01-29 09:06:30.651339+00:00
[2022-01-29 09:06:32,236] {standard_task_runner.py:52} INFO - Started process 362 to run task
[2022-01-29 09:06:32,239] {standard_task_runner.py:76} INFO - Running: ['***', 'tasks', 'run', 'LocalIngestionDag', 'ingest', 'manual__2022-01-29T09:06:30.651339+00:00', '--job-id', '74', '--raw', '--subdir', 'DAGS_FOLDER/data_ingestion_local.py', '--cfg-path', '/tmp/tmpszl80etm', '--error-file', '/tmp/tmp5ke9wtrn']
[2022-01-29 09:06:32,240] {standard_task_runner.py:77} INFO - Job 74: Subtask ingest
[2022-01-29 09:06:32,314] {logging_mixin.py:109} INFO - Running <TaskInstance: LocalIngestionDag.ingest manual__2022-01-29T09:06:30.651339+00:00 [running]> on host 68102482cc2e
[2022-01-29 09:06:32,380] {taskinstance.py:1426} INFO - Exporting the following env vars:
AIRFLOW_CTX_DAG_OWNER=***
AIRFLOW_CTX_DAG_ID=LocalIngestionDag
AIRFLOW_CTX_TASK_ID=ingest
AIRFLOW_CTX_EXECUTION_DATE=2022-01-29T09:06:30.651339+00:00
AIRFLOW_CTX_DAG_RUN_ID=manual__2022-01-29T09:06:30.651339+00:00
[2022-01-29 09:06:32,381] {subprocess.py:62} INFO - Tmp dir root location: 
 /tmp
[2022-01-29 09:06:32,382] {subprocess.py:74} INFO - Running command: ['bash', '-c', 'pwd']
[2022-01-29 09:06:32,394] {subprocess.py:85} INFO - Output:
[2022-01-29 09:06:32,396] {subprocess.py:89} INFO - /tmp/***tmpezoh36n_
[2022-01-29 09:06:32,397] {subprocess.py:93} INFO - Command exited with return code 0
[2022-01-29 09:06:32,426] {taskinstance.py:1277} INFO - Marking task as SUCCESS. dag_id=LocalIngestionDag, task_id=ingest, execution_date=20220129T090630, start_date=20220129T090632, end_date=20220129T090632
[2022-01-29 09:06:32,455] {local_task_job.py:154} INFO - Task exited with return code 0
[2022-01-29 09:06:32,489] {local_task_job.py:264} INFO - 0 downstream tasks scheduled from follow-on schedule check
