[2022-01-29 12:24:59,117] {taskinstance.py:1032} INFO - Dependencies all met for <TaskInstance: data_ingestion_gcs_dag.download_dataset_task scheduled__2019-01-03T00:00:00+00:00 [queued]>
[2022-01-29 12:24:59,145] {taskinstance.py:1032} INFO - Dependencies all met for <TaskInstance: data_ingestion_gcs_dag.download_dataset_task scheduled__2019-01-03T00:00:00+00:00 [queued]>
[2022-01-29 12:24:59,145] {taskinstance.py:1238} INFO - 
--------------------------------------------------------------------------------
[2022-01-29 12:24:59,146] {taskinstance.py:1239} INFO - Starting attempt 1 of 2
[2022-01-29 12:24:59,146] {taskinstance.py:1240} INFO - 
--------------------------------------------------------------------------------
[2022-01-29 12:24:59,177] {taskinstance.py:1259} INFO - Executing <Task(BashOperator): download_dataset_task> on 2019-01-03 00:00:00+00:00
[2022-01-29 12:24:59,193] {standard_task_runner.py:52} INFO - Started process 2793 to run task
[2022-01-29 12:24:59,207] {standard_task_runner.py:76} INFO - Running: ['***', 'tasks', 'run', 'data_ingestion_gcs_dag', 'download_dataset_task', 'scheduled__2019-01-03T00:00:00+00:00', '--job-id', '172', '--raw', '--subdir', 'DAGS_FOLDER/data_ingestion_gcs_dag.py', '--cfg-path', '/tmp/tmp0_ia000z', '--error-file', '/tmp/tmpjw02yvc_']
[2022-01-29 12:24:59,208] {standard_task_runner.py:77} INFO - Job 172: Subtask download_dataset_task
[2022-01-29 12:24:59,375] {logging_mixin.py:109} INFO - Running <TaskInstance: data_ingestion_gcs_dag.download_dataset_task scheduled__2019-01-03T00:00:00+00:00 [running]> on host 85e1117cfb12
[2022-01-29 12:24:59,533] {taskinstance.py:1426} INFO - Exporting the following env vars:
AIRFLOW_CTX_DAG_OWNER=***
AIRFLOW_CTX_DAG_ID=data_ingestion_gcs_dag
AIRFLOW_CTX_TASK_ID=download_dataset_task
AIRFLOW_CTX_EXECUTION_DATE=2019-01-03T00:00:00+00:00
AIRFLOW_CTX_DAG_RUN_ID=scheduled__2019-01-03T00:00:00+00:00
[2022-01-29 12:24:59,535] {subprocess.py:62} INFO - Tmp dir root location: 
 /tmp
[2022-01-29 12:24:59,536] {subprocess.py:74} INFO - Running command: ['bash', '-c', 'curl -sS https://s3.amazonaws.com/nyc-tlc/trip+data/yellow_tripdata_2021-01.csv > /opt/***/yellow_tripdata_2021-01.csv']
[2022-01-29 12:24:59,599] {subprocess.py:85} INFO - Output:
[2022-01-29 12:25:04,893] {subprocess.py:93} INFO - Command exited with return code 0
[2022-01-29 12:25:04,957] {taskinstance.py:1277} INFO - Marking task as SUCCESS. dag_id=data_ingestion_gcs_dag, task_id=download_dataset_task, execution_date=20190103T000000, start_date=20220129T122459, end_date=20220129T122504
[2022-01-29 12:25:05,007] {local_task_job.py:154} INFO - Task exited with return code 0
[2022-01-29 12:25:05,100] {local_task_job.py:264} INFO - 1 downstream tasks scheduled from follow-on schedule check
[2022-01-29 12:25:42,314] {taskinstance.py:1032} INFO - Dependencies all met for <TaskInstance: data_ingestion_gcs_dag.download_dataset_task scheduled__2019-01-03T00:00:00+00:00 [queued]>
[2022-01-29 12:25:42,336] {taskinstance.py:1032} INFO - Dependencies all met for <TaskInstance: data_ingestion_gcs_dag.download_dataset_task scheduled__2019-01-03T00:00:00+00:00 [queued]>
[2022-01-29 12:25:42,336] {taskinstance.py:1238} INFO - 
--------------------------------------------------------------------------------
[2022-01-29 12:25:42,336] {taskinstance.py:1239} INFO - Starting attempt 1 of 2
[2022-01-29 12:25:42,336] {taskinstance.py:1240} INFO - 
--------------------------------------------------------------------------------
[2022-01-29 12:25:42,361] {taskinstance.py:1259} INFO - Executing <Task(BashOperator): download_dataset_task> on 2019-01-03 00:00:00+00:00
[2022-01-29 12:25:42,368] {standard_task_runner.py:52} INFO - Started process 2911 to run task
[2022-01-29 12:25:42,377] {standard_task_runner.py:76} INFO - Running: ['***', 'tasks', 'run', 'data_ingestion_gcs_dag', 'download_dataset_task', 'scheduled__2019-01-03T00:00:00+00:00', '--job-id', '184', '--raw', '--subdir', 'DAGS_FOLDER/data_ingestion_gcs_dag.py', '--cfg-path', '/tmp/tmp7eehh9as', '--error-file', '/tmp/tmp7k46kfiv']
[2022-01-29 12:25:42,379] {standard_task_runner.py:77} INFO - Job 184: Subtask download_dataset_task
[2022-01-29 12:25:42,470] {logging_mixin.py:109} INFO - Running <TaskInstance: data_ingestion_gcs_dag.download_dataset_task scheduled__2019-01-03T00:00:00+00:00 [running]> on host 85e1117cfb12
[2022-01-29 12:25:42,547] {taskinstance.py:1426} INFO - Exporting the following env vars:
AIRFLOW_CTX_DAG_OWNER=***
AIRFLOW_CTX_DAG_ID=data_ingestion_gcs_dag
AIRFLOW_CTX_TASK_ID=download_dataset_task
AIRFLOW_CTX_EXECUTION_DATE=2019-01-03T00:00:00+00:00
AIRFLOW_CTX_DAG_RUN_ID=scheduled__2019-01-03T00:00:00+00:00
[2022-01-29 12:25:42,549] {subprocess.py:62} INFO - Tmp dir root location: 
 /tmp
[2022-01-29 12:25:42,549] {subprocess.py:74} INFO - Running command: ['bash', '-c', 'curl -sS https://s3.amazonaws.com/nyc-tlc/trip+data/yellow_tripdata_2021-01.csv > /opt/***/yellow_tripdata_2021-01.csv']
[2022-01-29 12:25:42,570] {subprocess.py:85} INFO - Output:
[2022-01-29 12:25:47,281] {subprocess.py:93} INFO - Command exited with return code 0
[2022-01-29 12:25:47,344] {taskinstance.py:1277} INFO - Marking task as SUCCESS. dag_id=data_ingestion_gcs_dag, task_id=download_dataset_task, execution_date=20190103T000000, start_date=20220129T122542, end_date=20220129T122547
[2022-01-29 12:25:47,397] {local_task_job.py:154} INFO - Task exited with return code 0
[2022-01-29 12:25:47,528] {local_task_job.py:264} INFO - 0 downstream tasks scheduled from follow-on schedule check
