[2022-01-30 01:24:03,231] {taskinstance.py:1032} INFO - Dependencies all met for <TaskInstance: data_ingestion_gcs_dag.bigquery_external_table_task manual__2022-01-30T01:14:06.866520+00:00 [queued]>
[2022-01-30 01:24:03,243] {taskinstance.py:1032} INFO - Dependencies all met for <TaskInstance: data_ingestion_gcs_dag.bigquery_external_table_task manual__2022-01-30T01:14:06.866520+00:00 [queued]>
[2022-01-30 01:24:03,243] {taskinstance.py:1238} INFO - 
--------------------------------------------------------------------------------
[2022-01-30 01:24:03,243] {taskinstance.py:1239} INFO - Starting attempt 1 of 2
[2022-01-30 01:24:03,243] {taskinstance.py:1240} INFO - 
--------------------------------------------------------------------------------
[2022-01-30 01:24:03,257] {taskinstance.py:1259} INFO - Executing <Task(BigQueryCreateExternalTableOperator): bigquery_external_table_task> on 2022-01-30 01:14:06.866520+00:00
[2022-01-30 01:24:03,272] {standard_task_runner.py:52} INFO - Started process 124 to run task
[2022-01-30 01:24:03,284] {standard_task_runner.py:76} INFO - Running: ['***', 'tasks', 'run', 'data_ingestion_gcs_dag', 'bigquery_external_table_task', 'manual__2022-01-30T01:14:06.866520+00:00', '--job-id', '14', '--raw', '--subdir', 'DAGS_FOLDER/data_ingestion_gcs_dag.py', '--cfg-path', '/tmp/tmpipl5osfy', '--error-file', '/tmp/tmpxq68kwqu']
[2022-01-30 01:24:03,285] {standard_task_runner.py:77} INFO - Job 14: Subtask bigquery_external_table_task
[2022-01-30 01:24:03,378] {logging_mixin.py:109} INFO - Running <TaskInstance: data_ingestion_gcs_dag.bigquery_external_table_task manual__2022-01-30T01:14:06.866520+00:00 [running]> on host 04ca2676bdcc
[2022-01-30 01:24:03,442] {taskinstance.py:1426} INFO - Exporting the following env vars:
AIRFLOW_CTX_DAG_OWNER=***
AIRFLOW_CTX_DAG_ID=data_ingestion_gcs_dag
AIRFLOW_CTX_TASK_ID=bigquery_external_table_task
AIRFLOW_CTX_EXECUTION_DATE=2022-01-30T01:14:06.866520+00:00
AIRFLOW_CTX_DAG_RUN_ID=manual__2022-01-30T01:14:06.866520+00:00
[2022-01-30 01:24:03,444] {crypto.py:82} WARNING - empty cryptography key - values will not be stored encrypted.
[2022-01-30 01:24:03,866] {taskinstance.py:1277} INFO - Marking task as SUCCESS. dag_id=data_ingestion_gcs_dag, task_id=bigquery_external_table_task, execution_date=20220130T011406, start_date=20220130T012403, end_date=20220130T012403
[2022-01-30 01:24:03,900] {local_task_job.py:154} INFO - Task exited with return code 0
[2022-01-30 01:24:03,934] {local_task_job.py:264} INFO - 0 downstream tasks scheduled from follow-on schedule check
