[2022-01-29 12:25:00,018] {taskinstance.py:1032} INFO - Dependencies all met for <TaskInstance: data_ingestion_gcs_dag.download_dataset_task scheduled__2019-01-05T00:00:00+00:00 [queued]>
[2022-01-29 12:25:00,033] {taskinstance.py:1032} INFO - Dependencies all met for <TaskInstance: data_ingestion_gcs_dag.download_dataset_task scheduled__2019-01-05T00:00:00+00:00 [queued]>
[2022-01-29 12:25:00,033] {taskinstance.py:1238} INFO - 
--------------------------------------------------------------------------------
[2022-01-29 12:25:00,033] {taskinstance.py:1239} INFO - Starting attempt 1 of 2
[2022-01-29 12:25:00,033] {taskinstance.py:1240} INFO - 
--------------------------------------------------------------------------------
[2022-01-29 12:25:00,053] {taskinstance.py:1259} INFO - Executing <Task(BashOperator): download_dataset_task> on 2019-01-05 00:00:00+00:00
[2022-01-29 12:25:00,061] {standard_task_runner.py:52} INFO - Started process 2805 to run task
[2022-01-29 12:25:00,066] {standard_task_runner.py:76} INFO - Running: ['***', 'tasks', 'run', 'data_ingestion_gcs_dag', 'download_dataset_task', 'scheduled__2019-01-05T00:00:00+00:00', '--job-id', '175', '--raw', '--subdir', 'DAGS_FOLDER/data_ingestion_gcs_dag.py', '--cfg-path', '/tmp/tmptv_rr5u5', '--error-file', '/tmp/tmpfmddzv18']
[2022-01-29 12:25:00,068] {standard_task_runner.py:77} INFO - Job 175: Subtask download_dataset_task
[2022-01-29 12:25:00,163] {logging_mixin.py:109} INFO - Running <TaskInstance: data_ingestion_gcs_dag.download_dataset_task scheduled__2019-01-05T00:00:00+00:00 [running]> on host 85e1117cfb12
[2022-01-29 12:25:00,247] {taskinstance.py:1426} INFO - Exporting the following env vars:
AIRFLOW_CTX_DAG_OWNER=***
AIRFLOW_CTX_DAG_ID=data_ingestion_gcs_dag
AIRFLOW_CTX_TASK_ID=download_dataset_task
AIRFLOW_CTX_EXECUTION_DATE=2019-01-05T00:00:00+00:00
AIRFLOW_CTX_DAG_RUN_ID=scheduled__2019-01-05T00:00:00+00:00
[2022-01-29 12:25:00,248] {subprocess.py:62} INFO - Tmp dir root location: 
 /tmp
[2022-01-29 12:25:00,249] {subprocess.py:74} INFO - Running command: ['bash', '-c', 'curl -sS https://s3.amazonaws.com/nyc-tlc/trip+data/yellow_tripdata_2021-01.csv > /opt/***/yellow_tripdata_2021-01.csv']
[2022-01-29 12:25:00,264] {subprocess.py:85} INFO - Output:
[2022-01-29 12:25:05,100] {subprocess.py:93} INFO - Command exited with return code 0
[2022-01-29 12:25:05,179] {taskinstance.py:1277} INFO - Marking task as SUCCESS. dag_id=data_ingestion_gcs_dag, task_id=download_dataset_task, execution_date=20190105T000000, start_date=20220129T122500, end_date=20220129T122505
[2022-01-29 12:25:05,241] {local_task_job.py:154} INFO - Task exited with return code 0
[2022-01-29 12:25:05,298] {local_task_job.py:264} INFO - 1 downstream tasks scheduled from follow-on schedule check
[2022-01-29 12:26:06,707] {taskinstance.py:1032} INFO - Dependencies all met for <TaskInstance: data_ingestion_gcs_dag.download_dataset_task scheduled__2019-01-05T00:00:00+00:00 [queued]>
[2022-01-29 12:26:06,724] {taskinstance.py:1032} INFO - Dependencies all met for <TaskInstance: data_ingestion_gcs_dag.download_dataset_task scheduled__2019-01-05T00:00:00+00:00 [queued]>
[2022-01-29 12:26:06,724] {taskinstance.py:1238} INFO - 
--------------------------------------------------------------------------------
[2022-01-29 12:26:06,724] {taskinstance.py:1239} INFO - Starting attempt 1 of 2
[2022-01-29 12:26:06,724] {taskinstance.py:1240} INFO - 
--------------------------------------------------------------------------------
[2022-01-29 12:26:06,744] {taskinstance.py:1259} INFO - Executing <Task(BashOperator): download_dataset_task> on 2019-01-05 00:00:00+00:00
[2022-01-29 12:26:06,753] {standard_task_runner.py:52} INFO - Started process 3007 to run task
[2022-01-29 12:26:06,765] {standard_task_runner.py:76} INFO - Running: ['***', 'tasks', 'run', 'data_ingestion_gcs_dag', 'download_dataset_task', 'scheduled__2019-01-05T00:00:00+00:00', '--job-id', '201', '--raw', '--subdir', 'DAGS_FOLDER/data_ingestion_gcs_dag.py', '--cfg-path', '/tmp/tmponh72qxn', '--error-file', '/tmp/tmpybv3vqd1']
[2022-01-29 12:26:06,766] {standard_task_runner.py:77} INFO - Job 201: Subtask download_dataset_task
[2022-01-29 12:26:06,904] {logging_mixin.py:109} INFO - Running <TaskInstance: data_ingestion_gcs_dag.download_dataset_task scheduled__2019-01-05T00:00:00+00:00 [running]> on host 85e1117cfb12
[2022-01-29 12:26:07,012] {taskinstance.py:1426} INFO - Exporting the following env vars:
AIRFLOW_CTX_DAG_OWNER=***
AIRFLOW_CTX_DAG_ID=data_ingestion_gcs_dag
AIRFLOW_CTX_TASK_ID=download_dataset_task
AIRFLOW_CTX_EXECUTION_DATE=2019-01-05T00:00:00+00:00
AIRFLOW_CTX_DAG_RUN_ID=scheduled__2019-01-05T00:00:00+00:00
[2022-01-29 12:26:07,014] {subprocess.py:62} INFO - Tmp dir root location: 
 /tmp
[2022-01-29 12:26:07,015] {subprocess.py:74} INFO - Running command: ['bash', '-c', 'curl -sS https://s3.amazonaws.com/nyc-tlc/trip+data/yellow_tripdata_2021-01.csv > /opt/***/yellow_tripdata_2021-01.csv']
[2022-01-29 12:26:07,036] {subprocess.py:85} INFO - Output:
[2022-01-29 12:26:11,869] {subprocess.py:93} INFO - Command exited with return code 0
[2022-01-29 12:26:11,971] {taskinstance.py:1277} INFO - Marking task as SUCCESS. dag_id=data_ingestion_gcs_dag, task_id=download_dataset_task, execution_date=20190105T000000, start_date=20220129T122606, end_date=20220129T122611
[2022-01-29 12:26:12,119] {local_task_job.py:154} INFO - Task exited with return code 0
[2022-01-29 12:26:12,675] {local_task_job.py:264} INFO - 0 downstream tasks scheduled from follow-on schedule check
