[2022-01-29 12:13:49,847] {taskinstance.py:1032} INFO - Dependencies all met for <TaskInstance: data_ingestion_gcs_dag_v2.bigquery_external_table_task scheduled__2022-01-28T00:00:00+00:00 [queued]>
[2022-01-29 12:13:49,858] {taskinstance.py:1032} INFO - Dependencies all met for <TaskInstance: data_ingestion_gcs_dag_v2.bigquery_external_table_task scheduled__2022-01-28T00:00:00+00:00 [queued]>
[2022-01-29 12:13:49,858] {taskinstance.py:1238} INFO - 
--------------------------------------------------------------------------------
[2022-01-29 12:13:49,858] {taskinstance.py:1239} INFO - Starting attempt 1 of 2
[2022-01-29 12:13:49,858] {taskinstance.py:1240} INFO - 
--------------------------------------------------------------------------------
[2022-01-29 12:13:49,870] {taskinstance.py:1259} INFO - Executing <Task(BigQueryCreateExternalTableOperator): bigquery_external_table_task> on 2022-01-28 00:00:00+00:00
[2022-01-29 12:13:49,876] {standard_task_runner.py:52} INFO - Started process 2165 to run task
[2022-01-29 12:13:49,882] {standard_task_runner.py:76} INFO - Running: ['***', 'tasks', 'run', 'data_ingestion_gcs_dag_v2', 'bigquery_external_table_task', 'scheduled__2022-01-28T00:00:00+00:00', '--job-id', '146', '--raw', '--subdir', 'DAGS_FOLDER/data_ingestion_gcs_dag.py', '--cfg-path', '/tmp/tmpbs9vuey2', '--error-file', '/tmp/tmp0jktui9x']
[2022-01-29 12:13:49,883] {standard_task_runner.py:77} INFO - Job 146: Subtask bigquery_external_table_task
[2022-01-29 12:13:49,953] {logging_mixin.py:109} INFO - Running <TaskInstance: data_ingestion_gcs_dag_v2.bigquery_external_table_task scheduled__2022-01-28T00:00:00+00:00 [running]> on host 85e1117cfb12
[2022-01-29 12:13:50,030] {taskinstance.py:1426} INFO - Exporting the following env vars:
AIRFLOW_CTX_DAG_OWNER=***
AIRFLOW_CTX_DAG_ID=data_ingestion_gcs_dag_v2
AIRFLOW_CTX_TASK_ID=bigquery_external_table_task
AIRFLOW_CTX_EXECUTION_DATE=2022-01-28T00:00:00+00:00
AIRFLOW_CTX_DAG_RUN_ID=scheduled__2022-01-28T00:00:00+00:00
[2022-01-29 12:13:50,032] {crypto.py:82} WARNING - empty cryptography key - values will not be stored encrypted.
[2022-01-29 12:13:50,458] {taskinstance.py:1277} INFO - Marking task as SUCCESS. dag_id=data_ingestion_gcs_dag_v2, task_id=bigquery_external_table_task, execution_date=20220128T000000, start_date=20220129T121349, end_date=20220129T121350
[2022-01-29 12:13:50,497] {local_task_job.py:154} INFO - Task exited with return code 0
[2022-01-29 12:13:50,549] {local_task_job.py:264} INFO - 0 downstream tasks scheduled from follow-on schedule check
