[2022-01-29 12:27:52,031] {taskinstance.py:1032} INFO - Dependencies all met for <TaskInstance: data_ingestion_gcs_dag.download_dataset_task scheduled__2019-07-01T00:00:00+00:00 [queued]>
[2022-01-29 12:27:52,065] {taskinstance.py:1032} INFO - Dependencies all met for <TaskInstance: data_ingestion_gcs_dag.download_dataset_task scheduled__2019-07-01T00:00:00+00:00 [queued]>
[2022-01-29 12:27:52,065] {taskinstance.py:1238} INFO - 
--------------------------------------------------------------------------------
[2022-01-29 12:27:52,065] {taskinstance.py:1239} INFO - Starting attempt 1 of 2
[2022-01-29 12:27:52,065] {taskinstance.py:1240} INFO - 
--------------------------------------------------------------------------------
[2022-01-29 12:27:52,110] {taskinstance.py:1259} INFO - Executing <Task(BashOperator): download_dataset_task> on 2019-07-01 00:00:00+00:00
[2022-01-29 12:27:52,120] {standard_task_runner.py:52} INFO - Started process 3525 to run task
[2022-01-29 12:27:52,140] {standard_task_runner.py:76} INFO - Running: ['***', 'tasks', 'run', 'data_ingestion_gcs_dag', 'download_dataset_task', 'scheduled__2019-07-01T00:00:00+00:00', '--job-id', '284', '--raw', '--subdir', 'DAGS_FOLDER/data_ingestion_gcs_dag.py', '--cfg-path', '/tmp/tmpqmfz5q1_', '--error-file', '/tmp/tmpgaforcgh']
[2022-01-29 12:27:52,142] {standard_task_runner.py:77} INFO - Job 284: Subtask download_dataset_task
[2022-01-29 12:27:52,281] {logging_mixin.py:109} INFO - Running <TaskInstance: data_ingestion_gcs_dag.download_dataset_task scheduled__2019-07-01T00:00:00+00:00 [running]> on host 85e1117cfb12
[2022-01-29 12:27:52,415] {taskinstance.py:1426} INFO - Exporting the following env vars:
AIRFLOW_CTX_DAG_OWNER=***
AIRFLOW_CTX_DAG_ID=data_ingestion_gcs_dag
AIRFLOW_CTX_TASK_ID=download_dataset_task
AIRFLOW_CTX_EXECUTION_DATE=2019-07-01T00:00:00+00:00
AIRFLOW_CTX_DAG_RUN_ID=scheduled__2019-07-01T00:00:00+00:00
[2022-01-29 12:27:52,417] {subprocess.py:62} INFO - Tmp dir root location: 
 /tmp
[2022-01-29 12:27:52,418] {subprocess.py:74} INFO - Running command: ['bash', '-c', 'curl -sS https://s3.amazonaws.com/nyc-tlc/trip+data/yellow_tripdata_2021-01.csv > /opt/***/yellow_tripdata_2021-01.csv']
[2022-01-29 12:27:52,439] {subprocess.py:85} INFO - Output:
[2022-01-29 12:27:57,485] {subprocess.py:93} INFO - Command exited with return code 0
[2022-01-29 12:27:57,627] {taskinstance.py:1277} INFO - Marking task as SUCCESS. dag_id=data_ingestion_gcs_dag, task_id=download_dataset_task, execution_date=20190701T000000, start_date=20220129T122752, end_date=20220129T122757
[2022-01-29 12:27:57,892] {local_task_job.py:154} INFO - Task exited with return code 0
[2022-01-29 12:27:59,487] {local_task_job.py:264} INFO - 0 downstream tasks scheduled from follow-on schedule check
