[2022-01-30 01:32:42,951] {taskinstance.py:1032} INFO - Dependencies all met for <TaskInstance: data_ingestion_gcs_dag_fhv_2.format_to_parquet_task scheduled__2019-12-02T06:00:00+00:00 [queued]>
[2022-01-30 01:32:42,987] {taskinstance.py:1032} INFO - Dependencies all met for <TaskInstance: data_ingestion_gcs_dag_fhv_2.format_to_parquet_task scheduled__2019-12-02T06:00:00+00:00 [queued]>
[2022-01-30 01:32:42,987] {taskinstance.py:1238} INFO - 
--------------------------------------------------------------------------------
[2022-01-30 01:32:42,987] {taskinstance.py:1239} INFO - Starting attempt 1 of 1
[2022-01-30 01:32:42,987] {taskinstance.py:1240} INFO - 
--------------------------------------------------------------------------------
[2022-01-30 01:32:48,018] {taskinstance.py:1259} INFO - Executing <Task(PythonOperator): format_to_parquet_task> on 2019-12-02 06:00:00+00:00
[2022-01-30 01:32:48,615] {standard_task_runner.py:52} INFO - Started process 798 to run task
[2022-01-30 01:32:48,629] {standard_task_runner.py:76} INFO - Running: ['***', 'tasks', 'run', 'data_ingestion_gcs_dag_fhv_2', 'format_to_parquet_task', 'scheduled__2019-12-02T06:00:00+00:00', '--job-id', '72', '--raw', '--subdir', 'DAGS_FOLDER/data_ingestion_gcs_dag_2_fhv.py', '--cfg-path', '/tmp/tmpnwpt0a_5', '--error-file', '/tmp/tmp3kmqfmn7']
[2022-01-30 01:32:50,045] {standard_task_runner.py:77} INFO - Job 72: Subtask format_to_parquet_task
[2022-01-30 01:32:52,962] {logging_mixin.py:109} INFO - Running <TaskInstance: data_ingestion_gcs_dag_fhv_2.format_to_parquet_task scheduled__2019-12-02T06:00:00+00:00 [running]> on host 04ca2676bdcc
[2022-01-30 01:32:57,533] {warnings.py:110} WARNING - /home/***/.local/lib/python3.7/site-packages/***/utils/context.py:152: AirflowContextDeprecationWarning: Accessing 'execution_date' from the template is deprecated and will be removed in a future version. Please use 'data_interval_start' or 'logical_date' instead.
  warnings.warn(_create_deprecation_warning(key, self._deprecation_replacements[key]))

[2022-01-30 01:33:03,629] {taskinstance.py:1426} INFO - Exporting the following env vars:
AIRFLOW_CTX_DAG_OWNER=***
AIRFLOW_CTX_DAG_ID=data_ingestion_gcs_dag_fhv_2
AIRFLOW_CTX_TASK_ID=format_to_parquet_task
AIRFLOW_CTX_EXECUTION_DATE=2019-12-02T06:00:00+00:00
AIRFLOW_CTX_DAG_RUN_ID=scheduled__2019-12-02T06:00:00+00:00
[2022-01-30 01:33:06,912] {python.py:175} INFO - Done. Returned value was: None
[2022-01-30 01:33:06,964] {taskinstance.py:1277} INFO - Marking task as SUCCESS. dag_id=data_ingestion_gcs_dag_fhv_2, task_id=format_to_parquet_task, execution_date=20191202T060000, start_date=20220130T013242, end_date=20220130T013306
[2022-01-30 01:33:07,612] {local_task_job.py:212} WARNING - State of this instance has been externally set to success. Terminating instance.
