[2022-01-29 09:05:44,536] {taskinstance.py:1032} INFO - Dependencies all met for <TaskInstance: LocalIngestionDag.wget manual__2022-01-29T09:05:42.898383+00:00 [queued]>
[2022-01-29 09:05:44,559] {taskinstance.py:1032} INFO - Dependencies all met for <TaskInstance: LocalIngestionDag.wget manual__2022-01-29T09:05:42.898383+00:00 [queued]>
[2022-01-29 09:05:44,559] {taskinstance.py:1238} INFO - 
--------------------------------------------------------------------------------
[2022-01-29 09:05:44,559] {taskinstance.py:1239} INFO - Starting attempt 1 of 1
[2022-01-29 09:05:44,559] {taskinstance.py:1240} INFO - 
--------------------------------------------------------------------------------
[2022-01-29 09:05:44,593] {taskinstance.py:1259} INFO - Executing <Task(BashOperator): wget> on 2022-01-29 09:05:42.898383+00:00
[2022-01-29 09:05:44,599] {standard_task_runner.py:52} INFO - Started process 246 to run task
[2022-01-29 09:05:44,624] {standard_task_runner.py:76} INFO - Running: ['***', 'tasks', 'run', 'LocalIngestionDag', 'wget', 'manual__2022-01-29T09:05:42.898383+00:00', '--job-id', '48', '--raw', '--subdir', 'DAGS_FOLDER/data_ingestion_local.py', '--cfg-path', '/tmp/tmpy6tekeyt', '--error-file', '/tmp/tmpct1dp8ve']
[2022-01-29 09:05:44,625] {standard_task_runner.py:77} INFO - Job 48: Subtask wget
[2022-01-29 09:05:44,754] {logging_mixin.py:109} INFO - Running <TaskInstance: LocalIngestionDag.wget manual__2022-01-29T09:05:42.898383+00:00 [running]> on host 68102482cc2e
[2022-01-29 09:05:44,896] {taskinstance.py:1426} INFO - Exporting the following env vars:
AIRFLOW_CTX_DAG_OWNER=***
AIRFLOW_CTX_DAG_ID=LocalIngestionDag
AIRFLOW_CTX_TASK_ID=wget
AIRFLOW_CTX_EXECUTION_DATE=2022-01-29T09:05:42.898383+00:00
AIRFLOW_CTX_DAG_RUN_ID=manual__2022-01-29T09:05:42.898383+00:00
[2022-01-29 09:05:44,897] {subprocess.py:62} INFO - Tmp dir root location: 
 /tmp
[2022-01-29 09:05:44,898] {subprocess.py:74} INFO - Running command: ['bash', '-c', 'echo "hello world"']
[2022-01-29 09:05:44,931] {subprocess.py:85} INFO - Output:
[2022-01-29 09:05:44,941] {subprocess.py:89} INFO - hello world
[2022-01-29 09:05:44,942] {subprocess.py:93} INFO - Command exited with return code 0
[2022-01-29 09:05:45,009] {taskinstance.py:1277} INFO - Marking task as SUCCESS. dag_id=LocalIngestionDag, task_id=wget, execution_date=20220129T090542, start_date=20220129T090544, end_date=20220129T090545
[2022-01-29 09:05:45,100] {local_task_job.py:154} INFO - Task exited with return code 0
[2022-01-29 09:05:45,196] {local_task_job.py:264} INFO - 0 downstream tasks scheduled from follow-on schedule check
