[2022-01-29 12:14:26,416] {taskinstance.py:1032} INFO - Dependencies all met for <TaskInstance: data_ingestion_gcs_dag_v2.bigquery_external_table_task manual__2022-01-29T12:14:12.571701+00:00 [queued]>
[2022-01-29 12:14:26,429] {taskinstance.py:1032} INFO - Dependencies all met for <TaskInstance: data_ingestion_gcs_dag_v2.bigquery_external_table_task manual__2022-01-29T12:14:12.571701+00:00 [queued]>
[2022-01-29 12:14:26,429] {taskinstance.py:1238} INFO - 
--------------------------------------------------------------------------------
[2022-01-29 12:14:26,429] {taskinstance.py:1239} INFO - Starting attempt 1 of 2
[2022-01-29 12:14:26,429] {taskinstance.py:1240} INFO - 
--------------------------------------------------------------------------------
[2022-01-29 12:14:26,441] {taskinstance.py:1259} INFO - Executing <Task(BigQueryCreateExternalTableOperator): bigquery_external_table_task> on 2022-01-29 12:14:12.571701+00:00
[2022-01-29 12:14:26,448] {standard_task_runner.py:52} INFO - Started process 2205 to run task
[2022-01-29 12:14:26,455] {standard_task_runner.py:76} INFO - Running: ['***', 'tasks', 'run', 'data_ingestion_gcs_dag_v2', 'bigquery_external_table_task', 'manual__2022-01-29T12:14:12.571701+00:00', '--job-id', '150', '--raw', '--subdir', 'DAGS_FOLDER/data_ingestion_gcs_dag.py', '--cfg-path', '/tmp/tmpee5b320z', '--error-file', '/tmp/tmp4i_y9744']
[2022-01-29 12:14:26,456] {standard_task_runner.py:77} INFO - Job 150: Subtask bigquery_external_table_task
[2022-01-29 12:14:26,524] {logging_mixin.py:109} INFO - Running <TaskInstance: data_ingestion_gcs_dag_v2.bigquery_external_table_task manual__2022-01-29T12:14:12.571701+00:00 [running]> on host 85e1117cfb12
[2022-01-29 12:14:26,591] {taskinstance.py:1426} INFO - Exporting the following env vars:
AIRFLOW_CTX_DAG_OWNER=***
AIRFLOW_CTX_DAG_ID=data_ingestion_gcs_dag_v2
AIRFLOW_CTX_TASK_ID=bigquery_external_table_task
AIRFLOW_CTX_EXECUTION_DATE=2022-01-29T12:14:12.571701+00:00
AIRFLOW_CTX_DAG_RUN_ID=manual__2022-01-29T12:14:12.571701+00:00
[2022-01-29 12:14:26,593] {crypto.py:82} WARNING - empty cryptography key - values will not be stored encrypted.
[2022-01-29 12:14:27,065] {taskinstance.py:1277} INFO - Marking task as SUCCESS. dag_id=data_ingestion_gcs_dag_v2, task_id=bigquery_external_table_task, execution_date=20220129T121412, start_date=20220129T121426, end_date=20220129T121427
[2022-01-29 12:14:27,110] {local_task_job.py:154} INFO - Task exited with return code 0
[2022-01-29 12:14:27,145] {local_task_job.py:264} INFO - 0 downstream tasks scheduled from follow-on schedule check
