[2022-01-29 09:08:33,579] {taskinstance.py:1032} INFO - Dependencies all met for <TaskInstance: LocalIngestionDag.ingest manual__2022-01-29T09:08:31.592519+00:00 [queued]>
[2022-01-29 09:08:33,590] {taskinstance.py:1032} INFO - Dependencies all met for <TaskInstance: LocalIngestionDag.ingest manual__2022-01-29T09:08:31.592519+00:00 [queued]>
[2022-01-29 09:08:33,590] {taskinstance.py:1238} INFO - 
--------------------------------------------------------------------------------
[2022-01-29 09:08:33,590] {taskinstance.py:1239} INFO - Starting attempt 1 of 1
[2022-01-29 09:08:33,590] {taskinstance.py:1240} INFO - 
--------------------------------------------------------------------------------
[2022-01-29 09:08:33,602] {taskinstance.py:1259} INFO - Executing <Task(BashOperator): ingest> on 2022-01-29 09:08:31.592519+00:00
[2022-01-29 09:08:33,607] {standard_task_runner.py:52} INFO - Started process 457 to run task
[2022-01-29 09:08:33,611] {standard_task_runner.py:76} INFO - Running: ['***', 'tasks', 'run', 'LocalIngestionDag', 'ingest', 'manual__2022-01-29T09:08:31.592519+00:00', '--job-id', '76', '--raw', '--subdir', 'DAGS_FOLDER/data_ingestion_local.py', '--cfg-path', '/tmp/tmpu9tyber5', '--error-file', '/tmp/tmpuzaspgox']
[2022-01-29 09:08:33,612] {standard_task_runner.py:77} INFO - Job 76: Subtask ingest
[2022-01-29 09:08:33,680] {logging_mixin.py:109} INFO - Running <TaskInstance: LocalIngestionDag.ingest manual__2022-01-29T09:08:31.592519+00:00 [running]> on host 68102482cc2e
[2022-01-29 09:08:33,742] {taskinstance.py:1426} INFO - Exporting the following env vars:
AIRFLOW_CTX_DAG_OWNER=***
AIRFLOW_CTX_DAG_ID=LocalIngestionDag
AIRFLOW_CTX_TASK_ID=ingest
AIRFLOW_CTX_EXECUTION_DATE=2022-01-29T09:08:31.592519+00:00
AIRFLOW_CTX_DAG_RUN_ID=manual__2022-01-29T09:08:31.592519+00:00
[2022-01-29 09:08:33,743] {subprocess.py:62} INFO - Tmp dir root location: 
 /tmp
[2022-01-29 09:08:33,744] {subprocess.py:74} INFO - Running command: ['bash', '-c', 'pwd']
[2022-01-29 09:08:33,755] {subprocess.py:85} INFO - Output:
[2022-01-29 09:08:33,757] {subprocess.py:89} INFO - /tmp/***tmpovp22ls8
[2022-01-29 09:08:33,758] {subprocess.py:93} INFO - Command exited with return code 0
[2022-01-29 09:08:33,786] {taskinstance.py:1277} INFO - Marking task as SUCCESS. dag_id=LocalIngestionDag, task_id=ingest, execution_date=20220129T090831, start_date=20220129T090833, end_date=20220129T090833
[2022-01-29 09:08:33,824] {local_task_job.py:154} INFO - Task exited with return code 0
[2022-01-29 09:08:33,857] {local_task_job.py:264} INFO - 0 downstream tasks scheduled from follow-on schedule check
