[2022-01-30 01:34:33,269] {taskinstance.py:1032} INFO - Dependencies all met for <TaskInstance: data_ingestion_gcs_dag_fhv_2.download_dataset_task scheduled__2021-05-02T06:00:00+00:00 [queued]>
[2022-01-30 01:34:33,376] {taskinstance.py:1032} INFO - Dependencies all met for <TaskInstance: data_ingestion_gcs_dag_fhv_2.download_dataset_task scheduled__2021-05-02T06:00:00+00:00 [queued]>
[2022-01-30 01:34:33,376] {taskinstance.py:1238} INFO - 
--------------------------------------------------------------------------------
[2022-01-30 01:34:33,377] {taskinstance.py:1239} INFO - Starting attempt 1 of 1
[2022-01-30 01:34:33,377] {taskinstance.py:1240} INFO - 
--------------------------------------------------------------------------------
[2022-01-30 01:34:33,472] {taskinstance.py:1259} INFO - Executing <Task(BashOperator): download_dataset_task> on 2021-05-02 06:00:00+00:00
[2022-01-30 01:34:33,490] {standard_task_runner.py:52} INFO - Started process 1105 to run task
[2022-01-30 01:34:33,556] {standard_task_runner.py:76} INFO - Running: ['***', 'tasks', 'run', 'data_ingestion_gcs_dag_fhv_2', 'download_dataset_task', 'scheduled__2021-05-02T06:00:00+00:00', '--job-id', '118', '--raw', '--subdir', 'DAGS_FOLDER/data_ingestion_gcs_dag_2_fhv.py', '--cfg-path', '/tmp/tmpe5ihv0ne', '--error-file', '/tmp/tmpg2ndk8mk']
[2022-01-30 01:34:33,562] {standard_task_runner.py:77} INFO - Job 118: Subtask download_dataset_task
[2022-01-30 01:34:34,126] {logging_mixin.py:109} INFO - Running <TaskInstance: data_ingestion_gcs_dag_fhv_2.download_dataset_task scheduled__2021-05-02T06:00:00+00:00 [running]> on host 04ca2676bdcc
[2022-01-30 01:34:34,492] {warnings.py:110} WARNING - /home/***/.local/lib/python3.7/site-packages/***/utils/context.py:152: AirflowContextDeprecationWarning: Accessing 'execution_date' from the template is deprecated and will be removed in a future version. Please use 'data_interval_start' or 'logical_date' instead.
  warnings.warn(_create_deprecation_warning(key, self._deprecation_replacements[key]))

[2022-01-30 01:34:35,171] {taskinstance.py:1426} INFO - Exporting the following env vars:
AIRFLOW_CTX_DAG_OWNER=***
AIRFLOW_CTX_DAG_ID=data_ingestion_gcs_dag_fhv_2
AIRFLOW_CTX_TASK_ID=download_dataset_task
AIRFLOW_CTX_EXECUTION_DATE=2021-05-02T06:00:00+00:00
AIRFLOW_CTX_DAG_RUN_ID=scheduled__2021-05-02T06:00:00+00:00
[2022-01-30 01:34:36,004] {subprocess.py:62} INFO - Tmp dir root location: 
 /tmp
[2022-01-30 01:34:36,005] {subprocess.py:74} INFO - Running command: ['bash', '-c', 'curl -sSLf https://nyc-tlc.s3.amazonaws.com/trip+data/fhv_tripdata_2021-05.csv > /opt/***/fhv_tripdata_2021-05.csv']
[2022-01-30 01:34:36,094] {subprocess.py:85} INFO - Output:
[2022-01-30 01:34:40,468] {subprocess.py:93} INFO - Command exited with return code 0
[2022-01-30 01:34:41,650] {taskinstance.py:1277} INFO - Marking task as SUCCESS. dag_id=data_ingestion_gcs_dag_fhv_2, task_id=download_dataset_task, execution_date=20210502T060000, start_date=20220130T013433, end_date=20220130T013441
[2022-01-30 01:34:43,503] {local_task_job.py:154} INFO - Task exited with return code 0
[2022-01-30 01:34:44,105] {local_task_job.py:264} INFO - 1 downstream tasks scheduled from follow-on schedule check
