[2022-01-29 12:26:32,803] {taskinstance.py:1032} INFO - Dependencies all met for <TaskInstance: data_ingestion_gcs_dag.download_dataset_task scheduled__2019-02-03T00:00:00+00:00 [queued]>
[2022-01-29 12:26:32,974] {taskinstance.py:1032} INFO - Dependencies all met for <TaskInstance: data_ingestion_gcs_dag.download_dataset_task scheduled__2019-02-03T00:00:00+00:00 [queued]>
[2022-01-29 12:26:32,975] {taskinstance.py:1238} INFO - 
--------------------------------------------------------------------------------
[2022-01-29 12:26:32,975] {taskinstance.py:1239} INFO - Starting attempt 1 of 2
[2022-01-29 12:26:32,975] {taskinstance.py:1240} INFO - 
--------------------------------------------------------------------------------
[2022-01-29 12:26:33,125] {taskinstance.py:1259} INFO - Executing <Task(BashOperator): download_dataset_task> on 2019-02-03 00:00:00+00:00
[2022-01-29 12:26:33,153] {standard_task_runner.py:52} INFO - Started process 3186 to run task
[2022-01-29 12:26:33,232] {standard_task_runner.py:76} INFO - Running: ['***', 'tasks', 'run', 'data_ingestion_gcs_dag', 'download_dataset_task', 'scheduled__2019-02-03T00:00:00+00:00', '--job-id', '225', '--raw', '--subdir', 'DAGS_FOLDER/data_ingestion_gcs_dag.py', '--cfg-path', '/tmp/tmpxiceoz4h', '--error-file', '/tmp/tmpe_jrgdg6']
[2022-01-29 12:26:33,254] {standard_task_runner.py:77} INFO - Job 225: Subtask download_dataset_task
[2022-01-29 12:26:33,895] {logging_mixin.py:109} INFO - Running <TaskInstance: data_ingestion_gcs_dag.download_dataset_task scheduled__2019-02-03T00:00:00+00:00 [running]> on host 85e1117cfb12
[2022-01-29 12:26:34,418] {taskinstance.py:1426} INFO - Exporting the following env vars:
AIRFLOW_CTX_DAG_OWNER=***
AIRFLOW_CTX_DAG_ID=data_ingestion_gcs_dag
AIRFLOW_CTX_TASK_ID=download_dataset_task
AIRFLOW_CTX_EXECUTION_DATE=2019-02-03T00:00:00+00:00
AIRFLOW_CTX_DAG_RUN_ID=scheduled__2019-02-03T00:00:00+00:00
[2022-01-29 12:26:34,419] {subprocess.py:62} INFO - Tmp dir root location: 
 /tmp
[2022-01-29 12:26:34,420] {subprocess.py:74} INFO - Running command: ['bash', '-c', 'curl -sS https://s3.amazonaws.com/nyc-tlc/trip+data/yellow_tripdata_2021-01.csv > /opt/***/yellow_tripdata_2021-01.csv']
[2022-01-29 12:26:34,576] {subprocess.py:85} INFO - Output:
[2022-01-29 12:26:40,020] {subprocess.py:93} INFO - Command exited with return code 0
[2022-01-29 12:26:40,827] {taskinstance.py:1277} INFO - Marking task as SUCCESS. dag_id=data_ingestion_gcs_dag, task_id=download_dataset_task, execution_date=20190203T000000, start_date=20220129T122632, end_date=20220129T122640
[2022-01-29 12:26:40,976] {local_task_job.py:154} INFO - Task exited with return code 0
[2022-01-29 12:26:41,137] {local_task_job.py:264} INFO - 1 downstream tasks scheduled from follow-on schedule check
