[2022-01-29 12:47:48,246] {taskinstance.py:1032} INFO - Dependencies all met for <TaskInstance: data_ingestion_gcs_dag.local_to_gcs_task scheduled__2020-04-02T06:00:00+00:00 [queued]>
[2022-01-29 12:47:48,267] {taskinstance.py:1032} INFO - Dependencies all met for <TaskInstance: data_ingestion_gcs_dag.local_to_gcs_task scheduled__2020-04-02T06:00:00+00:00 [queued]>
[2022-01-29 12:47:48,267] {taskinstance.py:1238} INFO - 
--------------------------------------------------------------------------------
[2022-01-29 12:47:48,268] {taskinstance.py:1239} INFO - Starting attempt 2 of 3
[2022-01-29 12:47:48,268] {taskinstance.py:1240} INFO - 
--------------------------------------------------------------------------------
[2022-01-29 12:47:48,287] {taskinstance.py:1259} INFO - Executing <Task(PythonOperator): local_to_gcs_task> on 2020-04-02 06:00:00+00:00
[2022-01-29 12:47:48,296] {standard_task_runner.py:52} INFO - Started process 5545 to run task
[2022-01-29 12:47:48,314] {standard_task_runner.py:76} INFO - Running: ['***', 'tasks', 'run', 'data_ingestion_gcs_dag', 'local_to_gcs_task', 'scheduled__2020-04-02T06:00:00+00:00', '--job-id', '512', '--raw', '--subdir', 'DAGS_FOLDER/data_ingestion_gcs_dag.py', '--cfg-path', '/tmp/tmpjcopu4tf', '--error-file', '/tmp/tmpnunrdpi4']
[2022-01-29 12:47:48,315] {standard_task_runner.py:77} INFO - Job 512: Subtask local_to_gcs_task
[2022-01-29 12:47:48,475] {logging_mixin.py:109} INFO - Running <TaskInstance: data_ingestion_gcs_dag.local_to_gcs_task scheduled__2020-04-02T06:00:00+00:00 [running]> on host 85e1117cfb12
[2022-01-29 12:47:48,553] {warnings.py:110} WARNING - /home/***/.local/lib/python3.7/site-packages/***/utils/context.py:152: AirflowContextDeprecationWarning: Accessing 'execution_date' from the template is deprecated and will be removed in a future version. Please use 'data_interval_start' or 'logical_date' instead.
  warnings.warn(_create_deprecation_warning(key, self._deprecation_replacements[key]))

[2022-01-29 12:47:48,592] {taskinstance.py:1426} INFO - Exporting the following env vars:
AIRFLOW_CTX_DAG_OWNER=***
AIRFLOW_CTX_DAG_ID=data_ingestion_gcs_dag
AIRFLOW_CTX_TASK_ID=local_to_gcs_task
AIRFLOW_CTX_EXECUTION_DATE=2020-04-02T06:00:00+00:00
AIRFLOW_CTX_DAG_RUN_ID=scheduled__2020-04-02T06:00:00+00:00
[2022-01-29 12:47:49,045] {python.py:175} INFO - Done. Returned value was: None
[2022-01-29 12:47:49,059] {taskinstance.py:1277} INFO - Marking task as SUCCESS. dag_id=data_ingestion_gcs_dag, task_id=local_to_gcs_task, execution_date=20200402T060000, start_date=20220129T124748, end_date=20220129T124749
[2022-01-29 12:47:49,118] {local_task_job.py:154} INFO - Task exited with return code 0
[2022-01-29 12:47:49,167] {local_task_job.py:264} INFO - 1 downstream tasks scheduled from follow-on schedule check
