[2022-01-29 12:55:06,237] {taskinstance.py:1032} INFO - Dependencies all met for <TaskInstance: data_ingestion_gcs_dag.local_to_gcs_task scheduled__2020-04-02T06:00:00+00:00 [queued]>
[2022-01-29 12:55:06,251] {taskinstance.py:1032} INFO - Dependencies all met for <TaskInstance: data_ingestion_gcs_dag.local_to_gcs_task scheduled__2020-04-02T06:00:00+00:00 [queued]>
[2022-01-29 12:55:06,251] {taskinstance.py:1238} INFO - 
--------------------------------------------------------------------------------
[2022-01-29 12:55:06,251] {taskinstance.py:1239} INFO - Starting attempt 3 of 4
[2022-01-29 12:55:06,251] {taskinstance.py:1240} INFO - 
--------------------------------------------------------------------------------
[2022-01-29 12:55:06,265] {taskinstance.py:1259} INFO - Executing <Task(PythonOperator): local_to_gcs_task> on 2020-04-02 06:00:00+00:00
[2022-01-29 12:55:06,272] {standard_task_runner.py:52} INFO - Started process 5894 to run task
[2022-01-29 12:55:06,280] {standard_task_runner.py:76} INFO - Running: ['***', 'tasks', 'run', 'data_ingestion_gcs_dag', 'local_to_gcs_task', 'scheduled__2020-04-02T06:00:00+00:00', '--job-id', '516', '--raw', '--subdir', 'DAGS_FOLDER/data_ingestion_gcs_dag.py', '--cfg-path', '/tmp/tmpnupjh5h1', '--error-file', '/tmp/tmpez9dhcvu']
[2022-01-29 12:55:06,281] {standard_task_runner.py:77} INFO - Job 516: Subtask local_to_gcs_task
[2022-01-29 12:55:06,358] {logging_mixin.py:109} INFO - Running <TaskInstance: data_ingestion_gcs_dag.local_to_gcs_task scheduled__2020-04-02T06:00:00+00:00 [running]> on host 85e1117cfb12
[2022-01-29 12:55:06,412] {warnings.py:110} WARNING - /home/***/.local/lib/python3.7/site-packages/***/utils/context.py:152: AirflowContextDeprecationWarning: Accessing 'execution_date' from the template is deprecated and will be removed in a future version. Please use 'data_interval_start' or 'logical_date' instead.
  warnings.warn(_create_deprecation_warning(key, self._deprecation_replacements[key]))

[2022-01-29 12:55:06,436] {taskinstance.py:1426} INFO - Exporting the following env vars:
AIRFLOW_CTX_DAG_OWNER=***
AIRFLOW_CTX_DAG_ID=data_ingestion_gcs_dag
AIRFLOW_CTX_TASK_ID=local_to_gcs_task
AIRFLOW_CTX_EXECUTION_DATE=2020-04-02T06:00:00+00:00
AIRFLOW_CTX_DAG_RUN_ID=scheduled__2020-04-02T06:00:00+00:00
[2022-01-29 12:55:06,901] {python.py:175} INFO - Done. Returned value was: None
[2022-01-29 12:55:06,915] {taskinstance.py:1277} INFO - Marking task as SUCCESS. dag_id=data_ingestion_gcs_dag, task_id=local_to_gcs_task, execution_date=20200402T060000, start_date=20220129T125506, end_date=20220129T125506
[2022-01-29 12:55:06,974] {local_task_job.py:154} INFO - Task exited with return code 0
[2022-01-29 12:55:07,016] {local_task_job.py:264} INFO - 1 downstream tasks scheduled from follow-on schedule check
