[2022-01-29 12:33:56,861] {taskinstance.py:1032} INFO - Dependencies all met for <TaskInstance: data_ingestion_gcs_dag.local_to_gcs_task scheduled__2022-01-01T00:00:00+00:00 [queued]>
[2022-01-29 12:33:56,881] {taskinstance.py:1032} INFO - Dependencies all met for <TaskInstance: data_ingestion_gcs_dag.local_to_gcs_task scheduled__2022-01-01T00:00:00+00:00 [queued]>
[2022-01-29 12:33:56,881] {taskinstance.py:1238} INFO - 
--------------------------------------------------------------------------------
[2022-01-29 12:33:56,881] {taskinstance.py:1239} INFO - Starting attempt 1 of 2
[2022-01-29 12:33:56,881] {taskinstance.py:1240} INFO - 
--------------------------------------------------------------------------------
[2022-01-29 12:33:56,897] {taskinstance.py:1259} INFO - Executing <Task(PythonOperator): local_to_gcs_task> on 2022-01-01 00:00:00+00:00
[2022-01-29 12:33:56,904] {standard_task_runner.py:52} INFO - Started process 4115 to run task
[2022-01-29 12:33:56,911] {standard_task_runner.py:76} INFO - Running: ['***', 'tasks', 'run', 'data_ingestion_gcs_dag', 'local_to_gcs_task', 'scheduled__2022-01-01T00:00:00+00:00', '--job-id', '344', '--raw', '--subdir', 'DAGS_FOLDER/data_ingestion_gcs_dag.py', '--cfg-path', '/tmp/tmplssfxzmh', '--error-file', '/tmp/tmp8cyam100']
[2022-01-29 12:33:56,912] {standard_task_runner.py:77} INFO - Job 344: Subtask local_to_gcs_task
[2022-01-29 12:33:56,986] {logging_mixin.py:109} INFO - Running <TaskInstance: data_ingestion_gcs_dag.local_to_gcs_task scheduled__2022-01-01T00:00:00+00:00 [running]> on host 85e1117cfb12
[2022-01-29 12:33:57,056] {taskinstance.py:1426} INFO - Exporting the following env vars:
AIRFLOW_CTX_DAG_OWNER=***
AIRFLOW_CTX_DAG_ID=data_ingestion_gcs_dag
AIRFLOW_CTX_TASK_ID=local_to_gcs_task
AIRFLOW_CTX_EXECUTION_DATE=2022-01-01T00:00:00+00:00
AIRFLOW_CTX_DAG_RUN_ID=scheduled__2022-01-01T00:00:00+00:00
[2022-01-29 12:33:58,358] {python.py:175} INFO - Done. Returned value was: None
[2022-01-29 12:33:58,374] {taskinstance.py:1277} INFO - Marking task as SUCCESS. dag_id=data_ingestion_gcs_dag, task_id=local_to_gcs_task, execution_date=20220101T000000, start_date=20220129T123356, end_date=20220129T123358
[2022-01-29 12:33:58,411] {local_task_job.py:154} INFO - Task exited with return code 0
[2022-01-29 12:33:58,479] {local_task_job.py:264} INFO - 1 downstream tasks scheduled from follow-on schedule check
