[2022-01-29 12:26:13,300] {taskinstance.py:1032} INFO - Dependencies all met for <TaskInstance: data_ingestion_gcs_dag.download_dataset_task scheduled__2019-01-10T00:00:00+00:00 [queued]>
[2022-01-29 12:26:13,341] {taskinstance.py:1032} INFO - Dependencies all met for <TaskInstance: data_ingestion_gcs_dag.download_dataset_task scheduled__2019-01-10T00:00:00+00:00 [queued]>
[2022-01-29 12:26:13,341] {taskinstance.py:1238} INFO - 
--------------------------------------------------------------------------------
[2022-01-29 12:26:13,341] {taskinstance.py:1239} INFO - Starting attempt 1 of 2
[2022-01-29 12:26:13,341] {taskinstance.py:1240} INFO - 
--------------------------------------------------------------------------------
[2022-01-29 12:26:13,394] {taskinstance.py:1259} INFO - Executing <Task(BashOperator): download_dataset_task> on 2019-01-10 00:00:00+00:00
[2022-01-29 12:26:13,407] {standard_task_runner.py:52} INFO - Started process 3057 to run task
[2022-01-29 12:26:13,425] {standard_task_runner.py:76} INFO - Running: ['***', 'tasks', 'run', 'data_ingestion_gcs_dag', 'download_dataset_task', 'scheduled__2019-01-10T00:00:00+00:00', '--job-id', '206', '--raw', '--subdir', 'DAGS_FOLDER/data_ingestion_gcs_dag.py', '--cfg-path', '/tmp/tmp2fcf_0zh', '--error-file', '/tmp/tmp6cyciix7']
[2022-01-29 12:26:13,434] {standard_task_runner.py:77} INFO - Job 206: Subtask download_dataset_task
[2022-01-29 12:26:13,632] {logging_mixin.py:109} INFO - Running <TaskInstance: data_ingestion_gcs_dag.download_dataset_task scheduled__2019-01-10T00:00:00+00:00 [running]> on host 85e1117cfb12
[2022-01-29 12:26:13,776] {taskinstance.py:1426} INFO - Exporting the following env vars:
AIRFLOW_CTX_DAG_OWNER=***
AIRFLOW_CTX_DAG_ID=data_ingestion_gcs_dag
AIRFLOW_CTX_TASK_ID=download_dataset_task
AIRFLOW_CTX_EXECUTION_DATE=2019-01-10T00:00:00+00:00
AIRFLOW_CTX_DAG_RUN_ID=scheduled__2019-01-10T00:00:00+00:00
[2022-01-29 12:26:13,777] {subprocess.py:62} INFO - Tmp dir root location: 
 /tmp
[2022-01-29 12:26:13,778] {subprocess.py:74} INFO - Running command: ['bash', '-c', 'curl -sS https://s3.amazonaws.com/nyc-tlc/trip+data/yellow_tripdata_2021-01.csv > /opt/***/yellow_tripdata_2021-01.csv']
[2022-01-29 12:26:13,820] {subprocess.py:85} INFO - Output:
[2022-01-29 12:26:18,357] {subprocess.py:93} INFO - Command exited with return code 0
[2022-01-29 12:26:18,764] {taskinstance.py:1277} INFO - Marking task as SUCCESS. dag_id=data_ingestion_gcs_dag, task_id=download_dataset_task, execution_date=20190110T000000, start_date=20220129T122613, end_date=20220129T122618
[2022-01-29 12:26:18,840] {local_task_job.py:154} INFO - Task exited with return code 0
[2022-01-29 12:26:18,972] {local_task_job.py:264} INFO - 1 downstream tasks scheduled from follow-on schedule check
