[2022-01-29 12:56:41,267] {taskinstance.py:1032} INFO - Dependencies all met for <TaskInstance: data_ingestion_gcs_dag.download_dataset_task scheduled__2020-09-02T06:00:00+00:00 [queued]>
[2022-01-29 12:56:41,279] {taskinstance.py:1032} INFO - Dependencies all met for <TaskInstance: data_ingestion_gcs_dag.download_dataset_task scheduled__2020-09-02T06:00:00+00:00 [queued]>
[2022-01-29 12:56:41,279] {taskinstance.py:1238} INFO - 
--------------------------------------------------------------------------------
[2022-01-29 12:56:41,279] {taskinstance.py:1239} INFO - Starting attempt 2 of 3
[2022-01-29 12:56:41,279] {taskinstance.py:1240} INFO - 
--------------------------------------------------------------------------------
[2022-01-29 12:56:41,292] {taskinstance.py:1259} INFO - Executing <Task(BashOperator): download_dataset_task> on 2020-09-02 06:00:00+00:00
[2022-01-29 12:56:41,299] {standard_task_runner.py:52} INFO - Started process 5977 to run task
[2022-01-29 12:56:41,306] {standard_task_runner.py:76} INFO - Running: ['***', 'tasks', 'run', 'data_ingestion_gcs_dag', 'download_dataset_task', 'scheduled__2020-09-02T06:00:00+00:00', '--job-id', '520', '--raw', '--subdir', 'DAGS_FOLDER/data_ingestion_gcs_dag.py', '--cfg-path', '/tmp/tmpeifq76zn', '--error-file', '/tmp/tmpp4f3zzav']
[2022-01-29 12:56:41,307] {standard_task_runner.py:77} INFO - Job 520: Subtask download_dataset_task
[2022-01-29 12:56:41,383] {logging_mixin.py:109} INFO - Running <TaskInstance: data_ingestion_gcs_dag.download_dataset_task scheduled__2020-09-02T06:00:00+00:00 [running]> on host 85e1117cfb12
[2022-01-29 12:56:41,433] {warnings.py:110} WARNING - /home/***/.local/lib/python3.7/site-packages/***/utils/context.py:152: AirflowContextDeprecationWarning: Accessing 'execution_date' from the template is deprecated and will be removed in a future version. Please use 'data_interval_start' or 'logical_date' instead.
  warnings.warn(_create_deprecation_warning(key, self._deprecation_replacements[key]))

[2022-01-29 12:56:41,457] {taskinstance.py:1426} INFO - Exporting the following env vars:
AIRFLOW_CTX_DAG_OWNER=***
AIRFLOW_CTX_DAG_ID=data_ingestion_gcs_dag
AIRFLOW_CTX_TASK_ID=download_dataset_task
AIRFLOW_CTX_EXECUTION_DATE=2020-09-02T06:00:00+00:00
AIRFLOW_CTX_DAG_RUN_ID=scheduled__2020-09-02T06:00:00+00:00
[2022-01-29 12:56:41,458] {subprocess.py:62} INFO - Tmp dir root location: 
 /tmp
[2022-01-29 12:56:41,459] {subprocess.py:74} INFO - Running command: ['bash', '-c', 'curl -sS https://s3.amazonaws.com/nyc-tlc/trip+data/yellow_tripdata_2020-09.csv > /opt/***/yellow_tripdata_2020-09.csv']
[2022-01-29 12:56:41,473] {subprocess.py:85} INFO - Output:
[2022-01-29 12:56:46,396] {subprocess.py:93} INFO - Command exited with return code 0
[2022-01-29 12:56:46,427] {taskinstance.py:1277} INFO - Marking task as SUCCESS. dag_id=data_ingestion_gcs_dag, task_id=download_dataset_task, execution_date=20200902T060000, start_date=20220129T125641, end_date=20220129T125646
[2022-01-29 12:56:46,478] {local_task_job.py:154} INFO - Task exited with return code 0
[2022-01-29 12:56:46,529] {local_task_job.py:264} INFO - 0 downstream tasks scheduled from follow-on schedule check
