[2022-01-29 12:37:14,255] {taskinstance.py:1032} INFO - Dependencies all met for <TaskInstance: data_ingestion_gcs_dag.local_to_gcs_task scheduled__2021-03-02T06:00:00+00:00 [queued]>
[2022-01-29 12:37:14,279] {taskinstance.py:1032} INFO - Dependencies all met for <TaskInstance: data_ingestion_gcs_dag.local_to_gcs_task scheduled__2021-03-02T06:00:00+00:00 [queued]>
[2022-01-29 12:37:14,280] {taskinstance.py:1238} INFO - 
--------------------------------------------------------------------------------
[2022-01-29 12:37:14,280] {taskinstance.py:1239} INFO - Starting attempt 1 of 2
[2022-01-29 12:37:14,280] {taskinstance.py:1240} INFO - 
--------------------------------------------------------------------------------
[2022-01-29 12:37:14,313] {taskinstance.py:1259} INFO - Executing <Task(PythonOperator): local_to_gcs_task> on 2021-03-02 06:00:00+00:00
[2022-01-29 12:37:14,334] {standard_task_runner.py:52} INFO - Started process 4899 to run task
[2022-01-29 12:37:14,369] {standard_task_runner.py:76} INFO - Running: ['***', 'tasks', 'run', 'data_ingestion_gcs_dag', 'local_to_gcs_task', 'scheduled__2021-03-02T06:00:00+00:00', '--job-id', '469', '--raw', '--subdir', 'DAGS_FOLDER/data_ingestion_gcs_dag.py', '--cfg-path', '/tmp/tmpw0rprh_w', '--error-file', '/tmp/tmpyar62r2m']
[2022-01-29 12:37:14,371] {standard_task_runner.py:77} INFO - Job 469: Subtask local_to_gcs_task
[2022-01-29 12:37:14,583] {logging_mixin.py:109} INFO - Running <TaskInstance: data_ingestion_gcs_dag.local_to_gcs_task scheduled__2021-03-02T06:00:00+00:00 [running]> on host 85e1117cfb12
[2022-01-29 12:37:14,786] {taskinstance.py:1426} INFO - Exporting the following env vars:
AIRFLOW_CTX_DAG_OWNER=***
AIRFLOW_CTX_DAG_ID=data_ingestion_gcs_dag
AIRFLOW_CTX_TASK_ID=local_to_gcs_task
AIRFLOW_CTX_EXECUTION_DATE=2021-03-02T06:00:00+00:00
AIRFLOW_CTX_DAG_RUN_ID=scheduled__2021-03-02T06:00:00+00:00
[2022-01-29 12:37:16,080] {python.py:175} INFO - Done. Returned value was: None
[2022-01-29 12:37:16,207] {taskinstance.py:1277} INFO - Marking task as SUCCESS. dag_id=data_ingestion_gcs_dag, task_id=local_to_gcs_task, execution_date=20210302T060000, start_date=20220129T123714, end_date=20220129T123716
[2022-01-29 12:37:16,447] {local_task_job.py:154} INFO - Task exited with return code 0
[2022-01-29 12:37:16,789] {local_task_job.py:264} INFO - 0 downstream tasks scheduled from follow-on schedule check
[2022-01-29 13:21:23,274] {taskinstance.py:1032} INFO - Dependencies all met for <TaskInstance: data_ingestion_gcs_dag.local_to_gcs_task scheduled__2021-03-02T06:00:00+00:00 [queued]>
[2022-01-29 13:21:23,294] {taskinstance.py:1032} INFO - Dependencies all met for <TaskInstance: data_ingestion_gcs_dag.local_to_gcs_task scheduled__2021-03-02T06:00:00+00:00 [queued]>
[2022-01-29 13:21:23,295] {taskinstance.py:1238} INFO - 
--------------------------------------------------------------------------------
[2022-01-29 13:21:23,295] {taskinstance.py:1239} INFO - Starting attempt 1 of 2
[2022-01-29 13:21:23,295] {taskinstance.py:1240} INFO - 
--------------------------------------------------------------------------------
[2022-01-29 13:21:23,313] {taskinstance.py:1259} INFO - Executing <Task(PythonOperator): local_to_gcs_task> on 2021-03-02 06:00:00+00:00
[2022-01-29 13:21:23,321] {standard_task_runner.py:52} INFO - Started process 240 to run task
[2022-01-29 13:21:23,332] {standard_task_runner.py:76} INFO - Running: ['***', 'tasks', 'run', 'data_ingestion_gcs_dag', 'local_to_gcs_task', 'scheduled__2021-03-02T06:00:00+00:00', '--job-id', '540', '--raw', '--subdir', 'DAGS_FOLDER/data_ingestion_gcs_dag.py', '--cfg-path', '/tmp/tmpzwarqg9z', '--error-file', '/tmp/tmpkm4t8wvq']
[2022-01-29 13:21:23,333] {standard_task_runner.py:77} INFO - Job 540: Subtask local_to_gcs_task
[2022-01-29 13:21:23,441] {logging_mixin.py:109} INFO - Running <TaskInstance: data_ingestion_gcs_dag.local_to_gcs_task scheduled__2021-03-02T06:00:00+00:00 [running]> on host 9bf957887753
[2022-01-29 13:21:23,511] {warnings.py:110} WARNING - /home/***/.local/lib/python3.7/site-packages/***/utils/context.py:152: AirflowContextDeprecationWarning: Accessing 'execution_date' from the template is deprecated and will be removed in a future version. Please use 'data_interval_start' or 'logical_date' instead.
  warnings.warn(_create_deprecation_warning(key, self._deprecation_replacements[key]))

[2022-01-29 13:21:23,554] {taskinstance.py:1426} INFO - Exporting the following env vars:
AIRFLOW_CTX_DAG_OWNER=***
AIRFLOW_CTX_DAG_ID=data_ingestion_gcs_dag
AIRFLOW_CTX_TASK_ID=local_to_gcs_task
AIRFLOW_CTX_EXECUTION_DATE=2021-03-02T06:00:00+00:00
AIRFLOW_CTX_DAG_RUN_ID=scheduled__2021-03-02T06:00:00+00:00
[2022-01-29 13:21:24,912] {python.py:175} INFO - Done. Returned value was: None
[2022-01-29 13:21:24,924] {taskinstance.py:1277} INFO - Marking task as SUCCESS. dag_id=data_ingestion_gcs_dag, task_id=local_to_gcs_task, execution_date=20210302T060000, start_date=20220129T132123, end_date=20220129T132124
[2022-01-29 13:21:24,974] {local_task_job.py:154} INFO - Task exited with return code 0
[2022-01-29 13:21:25,022] {local_task_job.py:264} INFO - 0 downstream tasks scheduled from follow-on schedule check
