[2022-01-29 12:37:00,911] {taskinstance.py:1032} INFO - Dependencies all met for <TaskInstance: data_ingestion_gcs_dag.format_to_parquet_task scheduled__2021-04-02T06:00:00+00:00 [queued]>
[2022-01-29 12:37:01,009] {taskinstance.py:1032} INFO - Dependencies all met for <TaskInstance: data_ingestion_gcs_dag.format_to_parquet_task scheduled__2021-04-02T06:00:00+00:00 [queued]>
[2022-01-29 12:37:01,009] {taskinstance.py:1238} INFO - 
--------------------------------------------------------------------------------
[2022-01-29 12:37:01,009] {taskinstance.py:1239} INFO - Starting attempt 1 of 2
[2022-01-29 12:37:01,009] {taskinstance.py:1240} INFO - 
--------------------------------------------------------------------------------
[2022-01-29 12:37:01,092] {taskinstance.py:1259} INFO - Executing <Task(PythonOperator): format_to_parquet_task> on 2021-04-02 06:00:00+00:00
[2022-01-29 12:37:01,118] {standard_task_runner.py:52} INFO - Started process 4844 to run task
[2022-01-29 12:37:01,197] {standard_task_runner.py:76} INFO - Running: ['***', 'tasks', 'run', 'data_ingestion_gcs_dag', 'format_to_parquet_task', 'scheduled__2021-04-02T06:00:00+00:00', '--job-id', '462', '--raw', '--subdir', 'DAGS_FOLDER/data_ingestion_gcs_dag.py', '--cfg-path', '/tmp/tmp2rwfb408', '--error-file', '/tmp/tmpmd6ksli0']
[2022-01-29 12:37:01,199] {standard_task_runner.py:77} INFO - Job 462: Subtask format_to_parquet_task
[2022-01-29 12:37:01,645] {logging_mixin.py:109} INFO - Running <TaskInstance: data_ingestion_gcs_dag.format_to_parquet_task scheduled__2021-04-02T06:00:00+00:00 [running]> on host 85e1117cfb12
[2022-01-29 12:37:01,804] {taskinstance.py:1426} INFO - Exporting the following env vars:
AIRFLOW_CTX_DAG_OWNER=***
AIRFLOW_CTX_DAG_ID=data_ingestion_gcs_dag
AIRFLOW_CTX_TASK_ID=format_to_parquet_task
AIRFLOW_CTX_EXECUTION_DATE=2021-04-02T06:00:00+00:00
AIRFLOW_CTX_DAG_RUN_ID=scheduled__2021-04-02T06:00:00+00:00
[2022-01-29 12:37:11,326] {python.py:175} INFO - Done. Returned value was: None
[2022-01-29 12:37:11,364] {taskinstance.py:1277} INFO - Marking task as SUCCESS. dag_id=data_ingestion_gcs_dag, task_id=format_to_parquet_task, execution_date=20210402T060000, start_date=20220129T123700, end_date=20220129T123711
[2022-01-29 12:37:11,413] {local_task_job.py:212} WARNING - State of this instance has been externally set to success. Terminating instance.
[2022-01-29 12:37:11,416] {process_utils.py:124} INFO - Sending Signals.SIGTERM to group 4844. PIDs of all processes in the group: [4844]
[2022-01-29 12:37:11,416] {process_utils.py:75} INFO - Sending the signal Signals.SIGTERM to group 4844
[2022-01-29 12:37:11,518] {process_utils.py:70} INFO - Process psutil.Process(pid=4844, status='terminated', exitcode=0, started='12:37:00') (4844) terminated with exit code 0
[2022-01-29 13:23:11,685] {taskinstance.py:1032} INFO - Dependencies all met for <TaskInstance: data_ingestion_gcs_dag.format_to_parquet_task scheduled__2021-04-02T06:00:00+00:00 [queued]>
[2022-01-29 13:23:11,812] {taskinstance.py:1032} INFO - Dependencies all met for <TaskInstance: data_ingestion_gcs_dag.format_to_parquet_task scheduled__2021-04-02T06:00:00+00:00 [queued]>
[2022-01-29 13:23:11,813] {taskinstance.py:1238} INFO - 
--------------------------------------------------------------------------------
[2022-01-29 13:23:11,813] {taskinstance.py:1239} INFO - Starting attempt 1 of 1
[2022-01-29 13:23:11,813] {taskinstance.py:1240} INFO - 
--------------------------------------------------------------------------------
[2022-01-29 13:23:11,902] {taskinstance.py:1259} INFO - Executing <Task(PythonOperator): format_to_parquet_task> on 2021-04-02 06:00:00+00:00
[2022-01-29 13:23:11,923] {standard_task_runner.py:52} INFO - Started process 430 to run task
[2022-01-29 13:23:11,983] {standard_task_runner.py:76} INFO - Running: ['***', 'tasks', 'run', 'data_ingestion_gcs_dag', 'format_to_parquet_task', 'scheduled__2021-04-02T06:00:00+00:00', '--job-id', '557', '--raw', '--subdir', 'DAGS_FOLDER/data_ingestion_gcs_dag.py', '--cfg-path', '/tmp/tmpvfi8rhqz', '--error-file', '/tmp/tmpoi9tbeal']
[2022-01-29 13:23:11,993] {standard_task_runner.py:77} INFO - Job 557: Subtask format_to_parquet_task
[2022-01-29 13:23:12,258] {logging_mixin.py:109} INFO - Running <TaskInstance: data_ingestion_gcs_dag.format_to_parquet_task scheduled__2021-04-02T06:00:00+00:00 [running]> on host 9bf957887753
[2022-01-29 13:23:12,472] {warnings.py:110} WARNING - /home/***/.local/lib/python3.7/site-packages/***/utils/context.py:152: AirflowContextDeprecationWarning: Accessing 'execution_date' from the template is deprecated and will be removed in a future version. Please use 'data_interval_start' or 'logical_date' instead.
  warnings.warn(_create_deprecation_warning(key, self._deprecation_replacements[key]))

[2022-01-29 13:23:12,553] {taskinstance.py:1426} INFO - Exporting the following env vars:
AIRFLOW_CTX_DAG_OWNER=***
AIRFLOW_CTX_DAG_ID=data_ingestion_gcs_dag
AIRFLOW_CTX_TASK_ID=format_to_parquet_task
AIRFLOW_CTX_EXECUTION_DATE=2021-04-02T06:00:00+00:00
AIRFLOW_CTX_DAG_RUN_ID=scheduled__2021-04-02T06:00:00+00:00
[2022-01-29 13:23:27,785] {python.py:175} INFO - Done. Returned value was: None
[2022-01-29 13:23:27,844] {taskinstance.py:1277} INFO - Marking task as SUCCESS. dag_id=data_ingestion_gcs_dag, task_id=format_to_parquet_task, execution_date=20210402T060000, start_date=20220129T132311, end_date=20220129T132327
[2022-01-29 13:23:28,161] {local_task_job.py:154} INFO - Task exited with return code 0
[2022-01-29 13:23:28,308] {local_task_job.py:264} INFO - 1 downstream tasks scheduled from follow-on schedule check
