[2022-01-29 09:05:55,231] {taskinstance.py:1032} INFO - Dependencies all met for <TaskInstance: LocalIngestionDag.ingest scheduled__2021-12-02T06:00:00+00:00 [queued]>
[2022-01-29 09:05:55,245] {taskinstance.py:1032} INFO - Dependencies all met for <TaskInstance: LocalIngestionDag.ingest scheduled__2021-12-02T06:00:00+00:00 [queued]>
[2022-01-29 09:05:55,245] {taskinstance.py:1238} INFO - 
--------------------------------------------------------------------------------
[2022-01-29 09:05:55,245] {taskinstance.py:1239} INFO - Starting attempt 1 of 1
[2022-01-29 09:05:55,245] {taskinstance.py:1240} INFO - 
--------------------------------------------------------------------------------
[2022-01-29 09:05:55,259] {taskinstance.py:1259} INFO - Executing <Task(BashOperator): ingest> on 2021-12-02 06:00:00+00:00
[2022-01-29 09:05:55,266] {standard_task_runner.py:52} INFO - Started process 327 to run task
[2022-01-29 09:05:55,273] {standard_task_runner.py:76} INFO - Running: ['***', 'tasks', 'run', 'LocalIngestionDag', 'ingest', 'scheduled__2021-12-02T06:00:00+00:00', '--job-id', '72', '--raw', '--subdir', 'DAGS_FOLDER/data_ingestion_local.py', '--cfg-path', '/tmp/tmpe9x46gmg', '--error-file', '/tmp/tmp9p6348o4']
[2022-01-29 09:05:55,273] {standard_task_runner.py:77} INFO - Job 72: Subtask ingest
[2022-01-29 09:05:55,350] {logging_mixin.py:109} INFO - Running <TaskInstance: LocalIngestionDag.ingest scheduled__2021-12-02T06:00:00+00:00 [running]> on host 68102482cc2e
[2022-01-29 09:05:55,425] {taskinstance.py:1426} INFO - Exporting the following env vars:
AIRFLOW_CTX_DAG_OWNER=***
AIRFLOW_CTX_DAG_ID=LocalIngestionDag
AIRFLOW_CTX_TASK_ID=ingest
AIRFLOW_CTX_EXECUTION_DATE=2021-12-02T06:00:00+00:00
AIRFLOW_CTX_DAG_RUN_ID=scheduled__2021-12-02T06:00:00+00:00
[2022-01-29 09:05:55,426] {subprocess.py:62} INFO - Tmp dir root location: 
 /tmp
[2022-01-29 09:05:55,426] {subprocess.py:74} INFO - Running command: ['bash', '-c', 'echo "hello world"']
[2022-01-29 09:05:55,439] {subprocess.py:85} INFO - Output:
[2022-01-29 09:05:55,441] {subprocess.py:89} INFO - hello world
[2022-01-29 09:05:55,442] {subprocess.py:93} INFO - Command exited with return code 0
[2022-01-29 09:05:55,472] {taskinstance.py:1277} INFO - Marking task as SUCCESS. dag_id=LocalIngestionDag, task_id=ingest, execution_date=20211202T060000, start_date=20220129T090555, end_date=20220129T090555
[2022-01-29 09:05:55,493] {local_task_job.py:154} INFO - Task exited with return code 0
[2022-01-29 09:05:55,532] {local_task_job.py:264} INFO - 0 downstream tasks scheduled from follow-on schedule check
