[2022-01-29 12:26:38,014] {taskinstance.py:1032} INFO - Dependencies all met for <TaskInstance: data_ingestion_gcs_dag.download_dataset_task scheduled__2019-02-04T00:00:00+00:00 [queued]>
[2022-01-29 12:26:38,093] {taskinstance.py:1032} INFO - Dependencies all met for <TaskInstance: data_ingestion_gcs_dag.download_dataset_task scheduled__2019-02-04T00:00:00+00:00 [queued]>
[2022-01-29 12:26:38,093] {taskinstance.py:1238} INFO - 
--------------------------------------------------------------------------------
[2022-01-29 12:26:38,094] {taskinstance.py:1239} INFO - Starting attempt 1 of 2
[2022-01-29 12:26:38,094] {taskinstance.py:1240} INFO - 
--------------------------------------------------------------------------------
[2022-01-29 12:26:38,168] {taskinstance.py:1259} INFO - Executing <Task(BashOperator): download_dataset_task> on 2019-02-04 00:00:00+00:00
[2022-01-29 12:26:38,191] {standard_task_runner.py:52} INFO - Started process 3206 to run task
[2022-01-29 12:26:38,254] {standard_task_runner.py:76} INFO - Running: ['***', 'tasks', 'run', 'data_ingestion_gcs_dag', 'download_dataset_task', 'scheduled__2019-02-04T00:00:00+00:00', '--job-id', '226', '--raw', '--subdir', 'DAGS_FOLDER/data_ingestion_gcs_dag.py', '--cfg-path', '/tmp/tmp4l4r1htg', '--error-file', '/tmp/tmp8yq0heg0']
[2022-01-29 12:26:38,255] {standard_task_runner.py:77} INFO - Job 226: Subtask download_dataset_task
[2022-01-29 12:26:38,759] {logging_mixin.py:109} INFO - Running <TaskInstance: data_ingestion_gcs_dag.download_dataset_task scheduled__2019-02-04T00:00:00+00:00 [running]> on host 85e1117cfb12
[2022-01-29 12:26:39,030] {taskinstance.py:1426} INFO - Exporting the following env vars:
AIRFLOW_CTX_DAG_OWNER=***
AIRFLOW_CTX_DAG_ID=data_ingestion_gcs_dag
AIRFLOW_CTX_TASK_ID=download_dataset_task
AIRFLOW_CTX_EXECUTION_DATE=2019-02-04T00:00:00+00:00
AIRFLOW_CTX_DAG_RUN_ID=scheduled__2019-02-04T00:00:00+00:00
[2022-01-29 12:26:39,038] {subprocess.py:62} INFO - Tmp dir root location: 
 /tmp
[2022-01-29 12:26:39,039] {subprocess.py:74} INFO - Running command: ['bash', '-c', 'curl -sS https://s3.amazonaws.com/nyc-tlc/trip+data/yellow_tripdata_2021-01.csv > /opt/***/yellow_tripdata_2021-01.csv']
[2022-01-29 12:26:39,126] {subprocess.py:85} INFO - Output:
[2022-01-29 12:26:44,345] {subprocess.py:93} INFO - Command exited with return code 0
[2022-01-29 12:26:44,509] {taskinstance.py:1277} INFO - Marking task as SUCCESS. dag_id=data_ingestion_gcs_dag, task_id=download_dataset_task, execution_date=20190204T000000, start_date=20220129T122638, end_date=20220129T122644
[2022-01-29 12:26:44,724] {local_task_job.py:154} INFO - Task exited with return code 0
[2022-01-29 12:26:44,859] {local_task_job.py:264} INFO - 1 downstream tasks scheduled from follow-on schedule check
