[2022-01-29 09:05:54,484] {taskinstance.py:1032} INFO - Dependencies all met for <TaskInstance: LocalIngestionDag.ingest scheduled__2021-09-02T06:00:00+00:00 [queued]>
[2022-01-29 09:05:54,500] {taskinstance.py:1032} INFO - Dependencies all met for <TaskInstance: LocalIngestionDag.ingest scheduled__2021-09-02T06:00:00+00:00 [queued]>
[2022-01-29 09:05:54,501] {taskinstance.py:1238} INFO - 
--------------------------------------------------------------------------------
[2022-01-29 09:05:54,501] {taskinstance.py:1239} INFO - Starting attempt 1 of 1
[2022-01-29 09:05:54,501] {taskinstance.py:1240} INFO - 
--------------------------------------------------------------------------------
[2022-01-29 09:05:54,521] {taskinstance.py:1259} INFO - Executing <Task(BashOperator): ingest> on 2021-09-02 06:00:00+00:00
[2022-01-29 09:05:54,530] {standard_task_runner.py:52} INFO - Started process 319 to run task
[2022-01-29 09:05:54,551] {standard_task_runner.py:76} INFO - Running: ['***', 'tasks', 'run', 'LocalIngestionDag', 'ingest', 'scheduled__2021-09-02T06:00:00+00:00', '--job-id', '69', '--raw', '--subdir', 'DAGS_FOLDER/data_ingestion_local.py', '--cfg-path', '/tmp/tmpe0dst9b7', '--error-file', '/tmp/tmp5yqoqdvx']
[2022-01-29 09:05:54,552] {standard_task_runner.py:77} INFO - Job 69: Subtask ingest
[2022-01-29 09:05:54,679] {logging_mixin.py:109} INFO - Running <TaskInstance: LocalIngestionDag.ingest scheduled__2021-09-02T06:00:00+00:00 [running]> on host 68102482cc2e
[2022-01-29 09:05:54,802] {taskinstance.py:1426} INFO - Exporting the following env vars:
AIRFLOW_CTX_DAG_OWNER=***
AIRFLOW_CTX_DAG_ID=LocalIngestionDag
AIRFLOW_CTX_TASK_ID=ingest
AIRFLOW_CTX_EXECUTION_DATE=2021-09-02T06:00:00+00:00
AIRFLOW_CTX_DAG_RUN_ID=scheduled__2021-09-02T06:00:00+00:00
[2022-01-29 09:05:54,803] {subprocess.py:62} INFO - Tmp dir root location: 
 /tmp
[2022-01-29 09:05:54,804] {subprocess.py:74} INFO - Running command: ['bash', '-c', 'echo "hello world"']
[2022-01-29 09:05:54,827] {subprocess.py:85} INFO - Output:
[2022-01-29 09:05:54,830] {subprocess.py:89} INFO - hello world
[2022-01-29 09:05:54,831] {subprocess.py:93} INFO - Command exited with return code 0
[2022-01-29 09:05:54,885] {taskinstance.py:1277} INFO - Marking task as SUCCESS. dag_id=LocalIngestionDag, task_id=ingest, execution_date=20210902T060000, start_date=20220129T090554, end_date=20220129T090554
[2022-01-29 09:05:54,960] {local_task_job.py:154} INFO - Task exited with return code 0
[2022-01-29 09:05:55,070] {local_task_job.py:264} INFO - 0 downstream tasks scheduled from follow-on schedule check
