[2022-01-29 12:26:45,628] {taskinstance.py:1032} INFO - Dependencies all met for <TaskInstance: data_ingestion_gcs_dag.format_to_parquet_task scheduled__2019-01-17T00:00:00+00:00 [queued]>
[2022-01-29 12:26:45,772] {taskinstance.py:1032} INFO - Dependencies all met for <TaskInstance: data_ingestion_gcs_dag.format_to_parquet_task scheduled__2019-01-17T00:00:00+00:00 [queued]>
[2022-01-29 12:26:45,772] {taskinstance.py:1238} INFO - 
--------------------------------------------------------------------------------
[2022-01-29 12:26:45,772] {taskinstance.py:1239} INFO - Starting attempt 1 of 2
[2022-01-29 12:26:45,772] {taskinstance.py:1240} INFO - 
--------------------------------------------------------------------------------
[2022-01-29 12:26:45,898] {taskinstance.py:1259} INFO - Executing <Task(PythonOperator): format_to_parquet_task> on 2019-01-17 00:00:00+00:00
[2022-01-29 12:26:45,961] {standard_task_runner.py:52} INFO - Started process 3252 to run task
[2022-01-29 12:26:46,041] {standard_task_runner.py:76} INFO - Running: ['***', 'tasks', 'run', 'data_ingestion_gcs_dag', 'format_to_parquet_task', 'scheduled__2019-01-17T00:00:00+00:00', '--job-id', '235', '--raw', '--subdir', 'DAGS_FOLDER/data_ingestion_gcs_dag.py', '--cfg-path', '/tmp/tmpyto9_vja', '--error-file', '/tmp/tmpxkcnxqp2']
[2022-01-29 12:26:46,042] {standard_task_runner.py:77} INFO - Job 235: Subtask format_to_parquet_task
[2022-01-29 12:26:46,705] {logging_mixin.py:109} INFO - Running <TaskInstance: data_ingestion_gcs_dag.format_to_parquet_task scheduled__2019-01-17T00:00:00+00:00 [running]> on host 85e1117cfb12
[2022-01-29 12:26:47,337] {taskinstance.py:1426} INFO - Exporting the following env vars:
AIRFLOW_CTX_DAG_OWNER=***
AIRFLOW_CTX_DAG_ID=data_ingestion_gcs_dag
AIRFLOW_CTX_TASK_ID=format_to_parquet_task
AIRFLOW_CTX_EXECUTION_DATE=2019-01-17T00:00:00+00:00
AIRFLOW_CTX_DAG_RUN_ID=scheduled__2019-01-17T00:00:00+00:00
[2022-01-29 12:27:06,395] {python.py:175} INFO - Done. Returned value was: None
[2022-01-29 12:27:06,433] {taskinstance.py:1277} INFO - Marking task as SUCCESS. dag_id=data_ingestion_gcs_dag, task_id=format_to_parquet_task, execution_date=20190117T000000, start_date=20220129T122645, end_date=20220129T122706
[2022-01-29 12:27:06,792] {local_task_job.py:154} INFO - Task exited with return code 0
[2022-01-29 12:27:07,090] {local_task_job.py:264} INFO - 1 downstream tasks scheduled from follow-on schedule check
