[2022-01-30 01:34:42,006] {taskinstance.py:1032} INFO - Dependencies all met for <TaskInstance: data_ingestion_gcs_dag_fhv_2.local_to_gcs_task scheduled__2020-11-02T06:00:00+00:00 [queued]>
[2022-01-30 01:34:42,040] {taskinstance.py:1032} INFO - Dependencies all met for <TaskInstance: data_ingestion_gcs_dag_fhv_2.local_to_gcs_task scheduled__2020-11-02T06:00:00+00:00 [queued]>
[2022-01-30 01:34:42,041] {taskinstance.py:1238} INFO - 
--------------------------------------------------------------------------------
[2022-01-30 01:34:42,046] {taskinstance.py:1239} INFO - Starting attempt 1 of 1
[2022-01-30 01:34:42,046] {taskinstance.py:1240} INFO - 
--------------------------------------------------------------------------------
[2022-01-30 01:34:43,414] {taskinstance.py:1259} INFO - Executing <Task(PythonOperator): local_to_gcs_task> on 2020-11-02 06:00:00+00:00
[2022-01-30 01:34:43,640] {standard_task_runner.py:52} INFO - Started process 1158 to run task
[2022-01-30 01:34:43,723] {standard_task_runner.py:76} INFO - Running: ['***', 'tasks', 'run', 'data_ingestion_gcs_dag_fhv_2', 'local_to_gcs_task', 'scheduled__2020-11-02T06:00:00+00:00', '--job-id', '129', '--raw', '--subdir', 'DAGS_FOLDER/data_ingestion_gcs_dag_2_fhv.py', '--cfg-path', '/tmp/tmptt0oi5cg', '--error-file', '/tmp/tmpyuoixht5']
[2022-01-30 01:34:43,738] {standard_task_runner.py:77} INFO - Job 129: Subtask local_to_gcs_task
[2022-01-30 01:34:45,997] {logging_mixin.py:109} INFO - Running <TaskInstance: data_ingestion_gcs_dag_fhv_2.local_to_gcs_task scheduled__2020-11-02T06:00:00+00:00 [running]> on host 04ca2676bdcc
[2022-01-30 01:34:46,285] {warnings.py:110} WARNING - /home/***/.local/lib/python3.7/site-packages/***/utils/context.py:152: AirflowContextDeprecationWarning: Accessing 'execution_date' from the template is deprecated and will be removed in a future version. Please use 'data_interval_start' or 'logical_date' instead.
  warnings.warn(_create_deprecation_warning(key, self._deprecation_replacements[key]))

[2022-01-30 01:34:48,148] {taskinstance.py:1426} INFO - Exporting the following env vars:
AIRFLOW_CTX_DAG_OWNER=***
AIRFLOW_CTX_DAG_ID=data_ingestion_gcs_dag_fhv_2
AIRFLOW_CTX_TASK_ID=local_to_gcs_task
AIRFLOW_CTX_EXECUTION_DATE=2020-11-02T06:00:00+00:00
AIRFLOW_CTX_DAG_RUN_ID=scheduled__2020-11-02T06:00:00+00:00
[2022-01-30 01:34:50,139] {python.py:175} INFO - Done. Returned value was: None
[2022-01-30 01:34:50,544] {taskinstance.py:1277} INFO - Marking task as SUCCESS. dag_id=data_ingestion_gcs_dag_fhv_2, task_id=local_to_gcs_task, execution_date=20201102T060000, start_date=20220130T013442, end_date=20220130T013450
[2022-01-30 01:34:52,197] {local_task_job.py:154} INFO - Task exited with return code 0
[2022-01-30 01:34:55,671] {local_task_job.py:264} INFO - 1 downstream tasks scheduled from follow-on schedule check
