[2022-01-29 12:36:07,382] {taskinstance.py:1032} INFO - Dependencies all met for <TaskInstance: data_ingestion_gcs_dag.format_to_parquet_task scheduled__2020-06-02T06:00:00+00:00 [queued]>
[2022-01-29 12:36:07,473] {taskinstance.py:1032} INFO - Dependencies all met for <TaskInstance: data_ingestion_gcs_dag.format_to_parquet_task scheduled__2020-06-02T06:00:00+00:00 [queued]>
[2022-01-29 12:36:07,473] {taskinstance.py:1238} INFO - 
--------------------------------------------------------------------------------
[2022-01-29 12:36:07,473] {taskinstance.py:1239} INFO - Starting attempt 1 of 2
[2022-01-29 12:36:07,473] {taskinstance.py:1240} INFO - 
--------------------------------------------------------------------------------
[2022-01-29 12:36:07,561] {taskinstance.py:1259} INFO - Executing <Task(PythonOperator): format_to_parquet_task> on 2020-06-02 06:00:00+00:00
[2022-01-29 12:36:07,597] {standard_task_runner.py:52} INFO - Started process 4593 to run task
[2022-01-29 12:36:07,662] {standard_task_runner.py:76} INFO - Running: ['***', 'tasks', 'run', 'data_ingestion_gcs_dag', 'format_to_parquet_task', 'scheduled__2020-06-02T06:00:00+00:00', '--job-id', '418', '--raw', '--subdir', 'DAGS_FOLDER/data_ingestion_gcs_dag.py', '--cfg-path', '/tmp/tmpvc_cvtgv', '--error-file', '/tmp/tmpaokx740e']
[2022-01-29 12:36:07,663] {standard_task_runner.py:77} INFO - Job 418: Subtask format_to_parquet_task
[2022-01-29 12:36:07,823] {logging_mixin.py:109} INFO - Running <TaskInstance: data_ingestion_gcs_dag.format_to_parquet_task scheduled__2020-06-02T06:00:00+00:00 [running]> on host 85e1117cfb12
[2022-01-29 12:36:08,020] {taskinstance.py:1426} INFO - Exporting the following env vars:
AIRFLOW_CTX_DAG_OWNER=***
AIRFLOW_CTX_DAG_ID=data_ingestion_gcs_dag
AIRFLOW_CTX_TASK_ID=format_to_parquet_task
AIRFLOW_CTX_EXECUTION_DATE=2020-06-02T06:00:00+00:00
AIRFLOW_CTX_DAG_RUN_ID=scheduled__2020-06-02T06:00:00+00:00
[2022-01-29 12:36:21,042] {python.py:175} INFO - Done. Returned value was: None
[2022-01-29 12:36:21,067] {taskinstance.py:1277} INFO - Marking task as SUCCESS. dag_id=data_ingestion_gcs_dag, task_id=format_to_parquet_task, execution_date=20200602T060000, start_date=20220129T123607, end_date=20220129T123621
[2022-01-29 12:36:21,177] {local_task_job.py:154} INFO - Task exited with return code 0
[2022-01-29 12:36:21,303] {local_task_job.py:264} INFO - 1 downstream tasks scheduled from follow-on schedule check
