[2022-01-29 12:24:39,086] {taskinstance.py:1032} INFO - Dependencies all met for <TaskInstance: data_ingestion_gcs_dag.local_to_gcs_task manual__2022-01-29T12:24:09.347976+00:00 [queued]>
[2022-01-29 12:24:39,099] {taskinstance.py:1032} INFO - Dependencies all met for <TaskInstance: data_ingestion_gcs_dag.local_to_gcs_task manual__2022-01-29T12:24:09.347976+00:00 [queued]>
[2022-01-29 12:24:39,099] {taskinstance.py:1238} INFO - 
--------------------------------------------------------------------------------
[2022-01-29 12:24:39,099] {taskinstance.py:1239} INFO - Starting attempt 1 of 2
[2022-01-29 12:24:39,099] {taskinstance.py:1240} INFO - 
--------------------------------------------------------------------------------
[2022-01-29 12:24:39,111] {taskinstance.py:1259} INFO - Executing <Task(PythonOperator): local_to_gcs_task> on 2022-01-29 12:24:09.347976+00:00
[2022-01-29 12:24:39,118] {standard_task_runner.py:52} INFO - Started process 2768 to run task
[2022-01-29 12:24:39,124] {standard_task_runner.py:76} INFO - Running: ['***', 'tasks', 'run', 'data_ingestion_gcs_dag', 'local_to_gcs_task', 'manual__2022-01-29T12:24:09.347976+00:00', '--job-id', '169', '--raw', '--subdir', 'DAGS_FOLDER/data_ingestion_gcs_dag.py', '--cfg-path', '/tmp/tmpdcrbuaza', '--error-file', '/tmp/tmp1vgfhgx3']
[2022-01-29 12:24:39,125] {standard_task_runner.py:77} INFO - Job 169: Subtask local_to_gcs_task
[2022-01-29 12:24:39,219] {logging_mixin.py:109} INFO - Running <TaskInstance: data_ingestion_gcs_dag.local_to_gcs_task manual__2022-01-29T12:24:09.347976+00:00 [running]> on host 85e1117cfb12
[2022-01-29 12:24:39,303] {taskinstance.py:1426} INFO - Exporting the following env vars:
AIRFLOW_CTX_DAG_OWNER=***
AIRFLOW_CTX_DAG_ID=data_ingestion_gcs_dag
AIRFLOW_CTX_TASK_ID=local_to_gcs_task
AIRFLOW_CTX_EXECUTION_DATE=2022-01-29T12:24:09.347976+00:00
AIRFLOW_CTX_DAG_RUN_ID=manual__2022-01-29T12:24:09.347976+00:00
[2022-01-29 12:24:40,422] {python.py:175} INFO - Done. Returned value was: None
[2022-01-29 12:24:40,435] {taskinstance.py:1277} INFO - Marking task as SUCCESS. dag_id=data_ingestion_gcs_dag, task_id=local_to_gcs_task, execution_date=20220129T122409, start_date=20220129T122439, end_date=20220129T122440
[2022-01-29 12:24:40,463] {local_task_job.py:154} INFO - Task exited with return code 0
[2022-01-29 12:24:40,521] {local_task_job.py:264} INFO - 0 downstream tasks scheduled from follow-on schedule check
