[2022-01-29 12:35:48,088] {taskinstance.py:1032} INFO - Dependencies all met for <TaskInstance: data_ingestion_gcs_dag.bigquery_external_table_task scheduled__2020-01-02T06:00:00+00:00 [queued]>
[2022-01-29 12:35:48,133] {taskinstance.py:1032} INFO - Dependencies all met for <TaskInstance: data_ingestion_gcs_dag.bigquery_external_table_task scheduled__2020-01-02T06:00:00+00:00 [queued]>
[2022-01-29 12:35:48,133] {taskinstance.py:1238} INFO - 
--------------------------------------------------------------------------------
[2022-01-29 12:35:48,133] {taskinstance.py:1239} INFO - Starting attempt 1 of 2
[2022-01-29 12:35:48,133] {taskinstance.py:1240} INFO - 
--------------------------------------------------------------------------------
[2022-01-29 12:35:48,186] {taskinstance.py:1259} INFO - Executing <Task(BigQueryCreateExternalTableOperator): bigquery_external_table_task> on 2020-01-02 06:00:00+00:00
[2022-01-29 12:35:48,212] {standard_task_runner.py:52} INFO - Started process 4497 to run task
[2022-01-29 12:35:48,239] {standard_task_runner.py:76} INFO - Running: ['***', 'tasks', 'run', 'data_ingestion_gcs_dag', 'bigquery_external_table_task', 'scheduled__2020-01-02T06:00:00+00:00', '--job-id', '403', '--raw', '--subdir', 'DAGS_FOLDER/data_ingestion_gcs_dag.py', '--cfg-path', '/tmp/tmpz4zlhui9', '--error-file', '/tmp/tmp8ivr9it0']
[2022-01-29 12:35:48,256] {standard_task_runner.py:77} INFO - Job 403: Subtask bigquery_external_table_task
[2022-01-29 12:35:48,459] {logging_mixin.py:109} INFO - Running <TaskInstance: data_ingestion_gcs_dag.bigquery_external_table_task scheduled__2020-01-02T06:00:00+00:00 [running]> on host 85e1117cfb12
[2022-01-29 12:35:48,743] {taskinstance.py:1426} INFO - Exporting the following env vars:
AIRFLOW_CTX_DAG_OWNER=***
AIRFLOW_CTX_DAG_ID=data_ingestion_gcs_dag
AIRFLOW_CTX_TASK_ID=bigquery_external_table_task
AIRFLOW_CTX_EXECUTION_DATE=2020-01-02T06:00:00+00:00
AIRFLOW_CTX_DAG_RUN_ID=scheduled__2020-01-02T06:00:00+00:00
[2022-01-29 12:35:48,746] {crypto.py:82} WARNING - empty cryptography key - values will not be stored encrypted.
[2022-01-29 12:35:49,379] {taskinstance.py:1277} INFO - Marking task as SUCCESS. dag_id=data_ingestion_gcs_dag, task_id=bigquery_external_table_task, execution_date=20200102T060000, start_date=20220129T123548, end_date=20220129T123549
[2022-01-29 12:35:49,432] {local_task_job.py:154} INFO - Task exited with return code 0
[2022-01-29 12:35:49,502] {local_task_job.py:264} INFO - 0 downstream tasks scheduled from follow-on schedule check
