[2022-01-29 12:37:36,771] {taskinstance.py:1032} INFO - Dependencies all met for <TaskInstance: data_ingestion_gcs_dag.bigquery_external_table_task scheduled__2021-09-02T06:00:00+00:00 [queued]>
[2022-01-29 12:37:36,876] {taskinstance.py:1032} INFO - Dependencies all met for <TaskInstance: data_ingestion_gcs_dag.bigquery_external_table_task scheduled__2021-09-02T06:00:00+00:00 [queued]>
[2022-01-29 12:37:36,876] {taskinstance.py:1238} INFO - 
--------------------------------------------------------------------------------
[2022-01-29 12:37:36,876] {taskinstance.py:1239} INFO - Starting attempt 1 of 2
[2022-01-29 12:37:36,876] {taskinstance.py:1240} INFO - 
--------------------------------------------------------------------------------
[2022-01-29 12:37:36,957] {taskinstance.py:1259} INFO - Executing <Task(BigQueryCreateExternalTableOperator): bigquery_external_table_task> on 2021-09-02 06:00:00+00:00
[2022-01-29 12:37:37,017] {standard_task_runner.py:52} INFO - Started process 4952 to run task
[2022-01-29 12:37:37,038] {standard_task_runner.py:76} INFO - Running: ['***', 'tasks', 'run', 'data_ingestion_gcs_dag', 'bigquery_external_table_task', 'scheduled__2021-09-02T06:00:00+00:00', '--job-id', '482', '--raw', '--subdir', 'DAGS_FOLDER/data_ingestion_gcs_dag.py', '--cfg-path', '/tmp/tmpe18twbve', '--error-file', '/tmp/tmpuwvm7zyd']
[2022-01-29 12:37:37,039] {standard_task_runner.py:77} INFO - Job 482: Subtask bigquery_external_table_task
[2022-01-29 12:37:37,437] {logging_mixin.py:109} INFO - Running <TaskInstance: data_ingestion_gcs_dag.bigquery_external_table_task scheduled__2021-09-02T06:00:00+00:00 [running]> on host 85e1117cfb12
[2022-01-29 12:37:37,904] {taskinstance.py:1426} INFO - Exporting the following env vars:
AIRFLOW_CTX_DAG_OWNER=***
AIRFLOW_CTX_DAG_ID=data_ingestion_gcs_dag
AIRFLOW_CTX_TASK_ID=bigquery_external_table_task
AIRFLOW_CTX_EXECUTION_DATE=2021-09-02T06:00:00+00:00
AIRFLOW_CTX_DAG_RUN_ID=scheduled__2021-09-02T06:00:00+00:00
[2022-01-29 12:37:37,906] {crypto.py:82} WARNING - empty cryptography key - values will not be stored encrypted.
[2022-01-29 12:37:38,450] {taskinstance.py:1277} INFO - Marking task as SUCCESS. dag_id=data_ingestion_gcs_dag, task_id=bigquery_external_table_task, execution_date=20210902T060000, start_date=20220129T123736, end_date=20220129T123738
[2022-01-29 12:37:38,503] {local_task_job.py:154} INFO - Task exited with return code 0
[2022-01-29 12:37:38,557] {local_task_job.py:264} INFO - 0 downstream tasks scheduled from follow-on schedule check
[2022-01-29 13:23:25,804] {taskinstance.py:1032} INFO - Dependencies all met for <TaskInstance: data_ingestion_gcs_dag.bigquery_external_table_task scheduled__2021-09-02T06:00:00+00:00 [queued]>
[2022-01-29 13:23:25,859] {taskinstance.py:1032} INFO - Dependencies all met for <TaskInstance: data_ingestion_gcs_dag.bigquery_external_table_task scheduled__2021-09-02T06:00:00+00:00 [queued]>
[2022-01-29 13:23:25,859] {taskinstance.py:1238} INFO - 
--------------------------------------------------------------------------------
[2022-01-29 13:23:25,859] {taskinstance.py:1239} INFO - Starting attempt 1 of 1
[2022-01-29 13:23:25,859] {taskinstance.py:1240} INFO - 
--------------------------------------------------------------------------------
[2022-01-29 13:23:25,911] {taskinstance.py:1259} INFO - Executing <Task(BigQueryCreateExternalTableOperator): bigquery_external_table_task> on 2021-09-02 06:00:00+00:00
[2022-01-29 13:23:25,950] {standard_task_runner.py:52} INFO - Started process 491 to run task
[2022-01-29 13:23:25,992] {standard_task_runner.py:76} INFO - Running: ['***', 'tasks', 'run', 'data_ingestion_gcs_dag', 'bigquery_external_table_task', 'scheduled__2021-09-02T06:00:00+00:00', '--job-id', '569', '--raw', '--subdir', 'DAGS_FOLDER/data_ingestion_gcs_dag.py', '--cfg-path', '/tmp/tmp1bfd4nyv', '--error-file', '/tmp/tmpwc5a05mr']
[2022-01-29 13:23:25,994] {standard_task_runner.py:77} INFO - Job 569: Subtask bigquery_external_table_task
[2022-01-29 13:23:26,467] {logging_mixin.py:109} INFO - Running <TaskInstance: data_ingestion_gcs_dag.bigquery_external_table_task scheduled__2021-09-02T06:00:00+00:00 [running]> on host 9bf957887753
[2022-01-29 13:23:26,990] {warnings.py:110} WARNING - /home/***/.local/lib/python3.7/site-packages/***/utils/context.py:152: AirflowContextDeprecationWarning: Accessing 'execution_date' from the template is deprecated and will be removed in a future version. Please use 'data_interval_start' or 'logical_date' instead.
  warnings.warn(_create_deprecation_warning(key, self._deprecation_replacements[key]))

[2022-01-29 13:23:27,273] {taskinstance.py:1426} INFO - Exporting the following env vars:
AIRFLOW_CTX_DAG_OWNER=***
AIRFLOW_CTX_DAG_ID=data_ingestion_gcs_dag
AIRFLOW_CTX_TASK_ID=bigquery_external_table_task
AIRFLOW_CTX_EXECUTION_DATE=2021-09-02T06:00:00+00:00
AIRFLOW_CTX_DAG_RUN_ID=scheduled__2021-09-02T06:00:00+00:00
[2022-01-29 13:23:27,285] {crypto.py:82} WARNING - empty cryptography key - values will not be stored encrypted.
[2022-01-29 13:23:28,090] {taskinstance.py:1277} INFO - Marking task as SUCCESS. dag_id=data_ingestion_gcs_dag, task_id=bigquery_external_table_task, execution_date=20210902T060000, start_date=20220129T132325, end_date=20220129T132328
[2022-01-29 13:23:28,208] {local_task_job.py:154} INFO - Task exited with return code 0
[2022-01-29 13:23:28,280] {local_task_job.py:264} INFO - 0 downstream tasks scheduled from follow-on schedule check
