[2022-01-29 12:41:59,453] {taskinstance.py:1032} INFO - Dependencies all met for <TaskInstance: data_ingestion_gcs_dag.bigquery_external_table_task scheduled__2021-01-02T06:00:00+00:00 [queued]>
[2022-01-29 12:41:59,465] {taskinstance.py:1032} INFO - Dependencies all met for <TaskInstance: data_ingestion_gcs_dag.bigquery_external_table_task scheduled__2021-01-02T06:00:00+00:00 [queued]>
[2022-01-29 12:41:59,465] {taskinstance.py:1238} INFO - 
--------------------------------------------------------------------------------
[2022-01-29 12:41:59,465] {taskinstance.py:1239} INFO - Starting attempt 1 of 2
[2022-01-29 12:41:59,466] {taskinstance.py:1240} INFO - 
--------------------------------------------------------------------------------
[2022-01-29 12:41:59,480] {taskinstance.py:1259} INFO - Executing <Task(BigQueryCreateExternalTableOperator): bigquery_external_table_task> on 2021-01-02 06:00:00+00:00
[2022-01-29 12:41:59,486] {standard_task_runner.py:52} INFO - Started process 5251 to run task
[2022-01-29 12:41:59,491] {standard_task_runner.py:76} INFO - Running: ['***', 'tasks', 'run', 'data_ingestion_gcs_dag', 'bigquery_external_table_task', 'scheduled__2021-01-02T06:00:00+00:00', '--job-id', '505', '--raw', '--subdir', 'DAGS_FOLDER/data_ingestion_gcs_dag.py', '--cfg-path', '/tmp/tmp1j_4eaxt', '--error-file', '/tmp/tmpgi78v3hp']
[2022-01-29 12:41:59,494] {standard_task_runner.py:77} INFO - Job 505: Subtask bigquery_external_table_task
[2022-01-29 12:41:59,569] {logging_mixin.py:109} INFO - Running <TaskInstance: data_ingestion_gcs_dag.bigquery_external_table_task scheduled__2021-01-02T06:00:00+00:00 [running]> on host 85e1117cfb12
[2022-01-29 12:41:59,643] {taskinstance.py:1426} INFO - Exporting the following env vars:
AIRFLOW_CTX_DAG_OWNER=***
AIRFLOW_CTX_DAG_ID=data_ingestion_gcs_dag
AIRFLOW_CTX_TASK_ID=bigquery_external_table_task
AIRFLOW_CTX_EXECUTION_DATE=2021-01-02T06:00:00+00:00
AIRFLOW_CTX_DAG_RUN_ID=scheduled__2021-01-02T06:00:00+00:00
[2022-01-29 12:41:59,645] {crypto.py:82} WARNING - empty cryptography key - values will not be stored encrypted.
[2022-01-29 12:42:00,118] {taskinstance.py:1277} INFO - Marking task as SUCCESS. dag_id=data_ingestion_gcs_dag, task_id=bigquery_external_table_task, execution_date=20210102T060000, start_date=20220129T124159, end_date=20220129T124200
[2022-01-29 12:42:00,146] {local_task_job.py:154} INFO - Task exited with return code 0
[2022-01-29 12:42:00,184] {local_task_job.py:264} INFO - 0 downstream tasks scheduled from follow-on schedule check
[2022-01-29 13:20:16,931] {taskinstance.py:1032} INFO - Dependencies all met for <TaskInstance: data_ingestion_gcs_dag.bigquery_external_table_task scheduled__2021-01-02T06:00:00+00:00 [queued]>
[2022-01-29 13:20:16,945] {taskinstance.py:1032} INFO - Dependencies all met for <TaskInstance: data_ingestion_gcs_dag.bigquery_external_table_task scheduled__2021-01-02T06:00:00+00:00 [queued]>
[2022-01-29 13:20:16,945] {taskinstance.py:1238} INFO - 
--------------------------------------------------------------------------------
[2022-01-29 13:20:16,945] {taskinstance.py:1239} INFO - Starting attempt 1 of 2
[2022-01-29 13:20:16,945] {taskinstance.py:1240} INFO - 
--------------------------------------------------------------------------------
[2022-01-29 13:20:16,959] {taskinstance.py:1259} INFO - Executing <Task(BigQueryCreateExternalTableOperator): bigquery_external_table_task> on 2021-01-02 06:00:00+00:00
[2022-01-29 13:20:16,965] {standard_task_runner.py:52} INFO - Started process 157 to run task
[2022-01-29 13:20:16,970] {standard_task_runner.py:76} INFO - Running: ['***', 'tasks', 'run', 'data_ingestion_gcs_dag', 'bigquery_external_table_task', 'scheduled__2021-01-02T06:00:00+00:00', '--job-id', '533', '--raw', '--subdir', 'DAGS_FOLDER/data_ingestion_gcs_dag.py', '--cfg-path', '/tmp/tmpszpwqt_l', '--error-file', '/tmp/tmpwgq7ali3']
[2022-01-29 13:20:16,971] {standard_task_runner.py:77} INFO - Job 533: Subtask bigquery_external_table_task
[2022-01-29 13:20:17,039] {logging_mixin.py:109} INFO - Running <TaskInstance: data_ingestion_gcs_dag.bigquery_external_table_task scheduled__2021-01-02T06:00:00+00:00 [running]> on host 9bf957887753
[2022-01-29 13:20:17,084] {warnings.py:110} WARNING - /home/***/.local/lib/python3.7/site-packages/***/utils/context.py:152: AirflowContextDeprecationWarning: Accessing 'execution_date' from the template is deprecated and will be removed in a future version. Please use 'data_interval_start' or 'logical_date' instead.
  warnings.warn(_create_deprecation_warning(key, self._deprecation_replacements[key]))

[2022-01-29 13:20:17,109] {taskinstance.py:1426} INFO - Exporting the following env vars:
AIRFLOW_CTX_DAG_OWNER=***
AIRFLOW_CTX_DAG_ID=data_ingestion_gcs_dag
AIRFLOW_CTX_TASK_ID=bigquery_external_table_task
AIRFLOW_CTX_EXECUTION_DATE=2021-01-02T06:00:00+00:00
AIRFLOW_CTX_DAG_RUN_ID=scheduled__2021-01-02T06:00:00+00:00
[2022-01-29 13:20:17,110] {crypto.py:82} WARNING - empty cryptography key - values will not be stored encrypted.
[2022-01-29 13:20:17,653] {taskinstance.py:1277} INFO - Marking task as SUCCESS. dag_id=data_ingestion_gcs_dag, task_id=bigquery_external_table_task, execution_date=20210102T060000, start_date=20220129T132016, end_date=20220129T132017
[2022-01-29 13:20:17,705] {local_task_job.py:154} INFO - Task exited with return code 0
[2022-01-29 13:20:17,739] {local_task_job.py:264} INFO - 0 downstream tasks scheduled from follow-on schedule check
