[2022-01-29 12:35:09,516] {taskinstance.py:1032} INFO - Dependencies all met for <TaskInstance: data_ingestion_gcs_dag.download_dataset_task scheduled__2019-12-02T06:00:00+00:00 [queued]>
[2022-01-29 12:35:09,535] {taskinstance.py:1032} INFO - Dependencies all met for <TaskInstance: data_ingestion_gcs_dag.download_dataset_task scheduled__2019-12-02T06:00:00+00:00 [queued]>
[2022-01-29 12:35:09,536] {taskinstance.py:1238} INFO - 
--------------------------------------------------------------------------------
[2022-01-29 12:35:09,536] {taskinstance.py:1239} INFO - Starting attempt 1 of 2
[2022-01-29 12:35:09,536] {taskinstance.py:1240} INFO - 
--------------------------------------------------------------------------------
[2022-01-29 12:35:09,559] {taskinstance.py:1259} INFO - Executing <Task(BashOperator): download_dataset_task> on 2019-12-02 06:00:00+00:00
[2022-01-29 12:35:09,568] {standard_task_runner.py:52} INFO - Started process 4325 to run task
[2022-01-29 12:35:09,583] {standard_task_runner.py:76} INFO - Running: ['***', 'tasks', 'run', 'data_ingestion_gcs_dag', 'download_dataset_task', 'scheduled__2019-12-02T06:00:00+00:00', '--job-id', '375', '--raw', '--subdir', 'DAGS_FOLDER/data_ingestion_gcs_dag.py', '--cfg-path', '/tmp/tmpjvry38ck', '--error-file', '/tmp/tmp71v6srlk']
[2022-01-29 12:35:09,597] {standard_task_runner.py:77} INFO - Job 375: Subtask download_dataset_task
[2022-01-29 12:35:09,724] {logging_mixin.py:109} INFO - Running <TaskInstance: data_ingestion_gcs_dag.download_dataset_task scheduled__2019-12-02T06:00:00+00:00 [running]> on host 85e1117cfb12
[2022-01-29 12:35:09,864] {taskinstance.py:1426} INFO - Exporting the following env vars:
AIRFLOW_CTX_DAG_OWNER=***
AIRFLOW_CTX_DAG_ID=data_ingestion_gcs_dag
AIRFLOW_CTX_TASK_ID=download_dataset_task
AIRFLOW_CTX_EXECUTION_DATE=2019-12-02T06:00:00+00:00
AIRFLOW_CTX_DAG_RUN_ID=scheduled__2019-12-02T06:00:00+00:00
[2022-01-29 12:35:09,866] {subprocess.py:62} INFO - Tmp dir root location: 
 /tmp
[2022-01-29 12:35:09,867] {subprocess.py:74} INFO - Running command: ['bash', '-c', 'curl -sS https://s3.amazonaws.com/nyc-tlc/trip+data/yellow_tripdata_2021-01.csv > /opt/***/yellow_tripdata_2021-01.csv']
[2022-01-29 12:35:09,903] {subprocess.py:85} INFO - Output:
[2022-01-29 12:35:14,271] {subprocess.py:93} INFO - Command exited with return code 0
[2022-01-29 12:35:14,474] {taskinstance.py:1277} INFO - Marking task as SUCCESS. dag_id=data_ingestion_gcs_dag, task_id=download_dataset_task, execution_date=20191202T060000, start_date=20220129T123509, end_date=20220129T123514
[2022-01-29 12:35:14,797] {local_task_job.py:154} INFO - Task exited with return code 0
[2022-01-29 12:35:15,038] {local_task_job.py:264} INFO - 1 downstream tasks scheduled from follow-on schedule check
