[2022-01-29 09:05:45,043] {taskinstance.py:1032} INFO - Dependencies all met for <TaskInstance: LocalIngestionDag.wget scheduled__2021-02-02T06:00:00+00:00 [queued]>
[2022-01-29 09:05:45,060] {taskinstance.py:1032} INFO - Dependencies all met for <TaskInstance: LocalIngestionDag.wget scheduled__2021-02-02T06:00:00+00:00 [queued]>
[2022-01-29 09:05:45,061] {taskinstance.py:1238} INFO - 
--------------------------------------------------------------------------------
[2022-01-29 09:05:45,061] {taskinstance.py:1239} INFO - Starting attempt 1 of 1
[2022-01-29 09:05:45,061] {taskinstance.py:1240} INFO - 
--------------------------------------------------------------------------------
[2022-01-29 09:05:45,081] {taskinstance.py:1259} INFO - Executing <Task(BashOperator): wget> on 2021-02-02 06:00:00+00:00
[2022-01-29 09:05:45,102] {standard_task_runner.py:52} INFO - Started process 251 to run task
[2022-01-29 09:05:45,114] {standard_task_runner.py:76} INFO - Running: ['***', 'tasks', 'run', 'LocalIngestionDag', 'wget', 'scheduled__2021-02-02T06:00:00+00:00', '--job-id', '49', '--raw', '--subdir', 'DAGS_FOLDER/data_ingestion_local.py', '--cfg-path', '/tmp/tmp7dfjrrur', '--error-file', '/tmp/tmplrriwzxo']
[2022-01-29 09:05:45,124] {standard_task_runner.py:77} INFO - Job 49: Subtask wget
[2022-01-29 09:05:45,309] {logging_mixin.py:109} INFO - Running <TaskInstance: LocalIngestionDag.wget scheduled__2021-02-02T06:00:00+00:00 [running]> on host 68102482cc2e
[2022-01-29 09:05:45,573] {taskinstance.py:1426} INFO - Exporting the following env vars:
AIRFLOW_CTX_DAG_OWNER=***
AIRFLOW_CTX_DAG_ID=LocalIngestionDag
AIRFLOW_CTX_TASK_ID=wget
AIRFLOW_CTX_EXECUTION_DATE=2021-02-02T06:00:00+00:00
AIRFLOW_CTX_DAG_RUN_ID=scheduled__2021-02-02T06:00:00+00:00
[2022-01-29 09:05:45,574] {subprocess.py:62} INFO - Tmp dir root location: 
 /tmp
[2022-01-29 09:05:45,579] {subprocess.py:74} INFO - Running command: ['bash', '-c', 'echo "hello world"']
[2022-01-29 09:05:45,652] {subprocess.py:85} INFO - Output:
[2022-01-29 09:05:45,653] {subprocess.py:89} INFO - hello world
[2022-01-29 09:05:45,653] {subprocess.py:93} INFO - Command exited with return code 0
[2022-01-29 09:05:45,916] {taskinstance.py:1277} INFO - Marking task as SUCCESS. dag_id=LocalIngestionDag, task_id=wget, execution_date=20210202T060000, start_date=20220129T090545, end_date=20220129T090545
[2022-01-29 09:05:45,995] {local_task_job.py:154} INFO - Task exited with return code 0
[2022-01-29 09:05:46,099] {local_task_job.py:264} INFO - 1 downstream tasks scheduled from follow-on schedule check
