[2022-01-29 08:38:43,441] {taskinstance.py:1032} INFO - Dependencies all met for <TaskInstance: data_ingestion_gcs_dag.download_dataset_task manual__2022-01-29T08:38:42.153998+00:00 [queued]>
[2022-01-29 08:38:43,452] {taskinstance.py:1032} INFO - Dependencies all met for <TaskInstance: data_ingestion_gcs_dag.download_dataset_task manual__2022-01-29T08:38:42.153998+00:00 [queued]>
[2022-01-29 08:38:43,453] {taskinstance.py:1238} INFO - 
--------------------------------------------------------------------------------
[2022-01-29 08:38:43,453] {taskinstance.py:1239} INFO - Starting attempt 1 of 2
[2022-01-29 08:38:43,453] {taskinstance.py:1240} INFO - 
--------------------------------------------------------------------------------
[2022-01-29 08:38:43,465] {taskinstance.py:1259} INFO - Executing <Task(BashOperator): download_dataset_task> on 2022-01-29 08:38:42.153998+00:00
[2022-01-29 08:38:43,471] {standard_task_runner.py:52} INFO - Started process 122 to run task
[2022-01-29 08:38:43,477] {standard_task_runner.py:76} INFO - Running: ['***', 'tasks', 'run', 'data_ingestion_gcs_dag', 'download_dataset_task', 'manual__2022-01-29T08:38:42.153998+00:00', '--job-id', '40', '--raw', '--subdir', 'DAGS_FOLDER/data_ingestion_gcs_dag.py', '--cfg-path', '/tmp/tmp24go6rrw', '--error-file', '/tmp/tmpfbd2ollo']
[2022-01-29 08:38:43,478] {standard_task_runner.py:77} INFO - Job 40: Subtask download_dataset_task
[2022-01-29 08:38:43,542] {logging_mixin.py:109} INFO - Running <TaskInstance: data_ingestion_gcs_dag.download_dataset_task manual__2022-01-29T08:38:42.153998+00:00 [running]> on host e0b7a3ff3e2a
[2022-01-29 08:38:43,602] {taskinstance.py:1426} INFO - Exporting the following env vars:
AIRFLOW_CTX_DAG_OWNER=***
AIRFLOW_CTX_DAG_ID=data_ingestion_gcs_dag
AIRFLOW_CTX_TASK_ID=download_dataset_task
AIRFLOW_CTX_EXECUTION_DATE=2022-01-29T08:38:42.153998+00:00
AIRFLOW_CTX_DAG_RUN_ID=manual__2022-01-29T08:38:42.153998+00:00
[2022-01-29 08:38:43,603] {subprocess.py:62} INFO - Tmp dir root location: 
 /tmp
[2022-01-29 08:38:43,604] {subprocess.py:74} INFO - Running command: ['bash', '-c', 'curl -sS https://s3.amazonaws.com/nyc-tlc/trip+data/yellow_tripdata_2021-01.csv > /opt/***/yellow_tripdata_2021-01.csv']
[2022-01-29 08:38:43,621] {subprocess.py:85} INFO - Output:
[2022-01-29 08:38:54,099] {subprocess.py:93} INFO - Command exited with return code 0
[2022-01-29 08:38:54,128] {taskinstance.py:1277} INFO - Marking task as SUCCESS. dag_id=data_ingestion_gcs_dag, task_id=download_dataset_task, execution_date=20220129T083842, start_date=20220129T083843, end_date=20220129T083854
[2022-01-29 08:38:54,155] {local_task_job.py:154} INFO - Task exited with return code 0
[2022-01-29 08:38:54,194] {local_task_job.py:264} INFO - 1 downstream tasks scheduled from follow-on schedule check
