[2022-01-29 08:38:55,234] {taskinstance.py:1032} INFO - Dependencies all met for <TaskInstance: data_ingestion_gcs_dag.format_to_parquet_task manual__2022-01-29T08:38:42.153998+00:00 [queued]>
[2022-01-29 08:38:55,246] {taskinstance.py:1032} INFO - Dependencies all met for <TaskInstance: data_ingestion_gcs_dag.format_to_parquet_task manual__2022-01-29T08:38:42.153998+00:00 [queued]>
[2022-01-29 08:38:55,247] {taskinstance.py:1238} INFO - 
--------------------------------------------------------------------------------
[2022-01-29 08:38:55,247] {taskinstance.py:1239} INFO - Starting attempt 1 of 2
[2022-01-29 08:38:55,247] {taskinstance.py:1240} INFO - 
--------------------------------------------------------------------------------
[2022-01-29 08:38:55,259] {taskinstance.py:1259} INFO - Executing <Task(PythonOperator): format_to_parquet_task> on 2022-01-29 08:38:42.153998+00:00
[2022-01-29 08:38:55,266] {standard_task_runner.py:52} INFO - Started process 135 to run task
[2022-01-29 08:38:55,272] {standard_task_runner.py:76} INFO - Running: ['***', 'tasks', 'run', 'data_ingestion_gcs_dag', 'format_to_parquet_task', 'manual__2022-01-29T08:38:42.153998+00:00', '--job-id', '41', '--raw', '--subdir', 'DAGS_FOLDER/data_ingestion_gcs_dag.py', '--cfg-path', '/tmp/tmpxd0coxgb', '--error-file', '/tmp/tmpnhugxp9s']
[2022-01-29 08:38:55,273] {standard_task_runner.py:77} INFO - Job 41: Subtask format_to_parquet_task
[2022-01-29 08:38:55,336] {logging_mixin.py:109} INFO - Running <TaskInstance: data_ingestion_gcs_dag.format_to_parquet_task manual__2022-01-29T08:38:42.153998+00:00 [running]> on host e0b7a3ff3e2a
[2022-01-29 08:38:55,395] {taskinstance.py:1426} INFO - Exporting the following env vars:
AIRFLOW_CTX_DAG_OWNER=***
AIRFLOW_CTX_DAG_ID=data_ingestion_gcs_dag
AIRFLOW_CTX_TASK_ID=format_to_parquet_task
AIRFLOW_CTX_EXECUTION_DATE=2022-01-29T08:38:42.153998+00:00
AIRFLOW_CTX_DAG_RUN_ID=manual__2022-01-29T08:38:42.153998+00:00
[2022-01-29 08:38:56,956] {python.py:175} INFO - Done. Returned value was: None
[2022-01-29 08:38:56,969] {taskinstance.py:1277} INFO - Marking task as SUCCESS. dag_id=data_ingestion_gcs_dag, task_id=format_to_parquet_task, execution_date=20220129T083842, start_date=20220129T083855, end_date=20220129T083856
[2022-01-29 08:38:57,011] {local_task_job.py:154} INFO - Task exited with return code 0
[2022-01-29 08:38:57,056] {local_task_job.py:264} INFO - 1 downstream tasks scheduled from follow-on schedule check
