[2022-01-30 01:32:24,353] {taskinstance.py:1032} INFO - Dependencies all met for <TaskInstance: data_ingestion_gcs_dag_fhv_2.download_dataset_task scheduled__2020-01-02T06:00:00+00:00 [queued]>
[2022-01-30 01:32:24,372] {taskinstance.py:1032} INFO - Dependencies all met for <TaskInstance: data_ingestion_gcs_dag_fhv_2.download_dataset_task scheduled__2020-01-02T06:00:00+00:00 [queued]>
[2022-01-30 01:32:24,373] {taskinstance.py:1238} INFO - 
--------------------------------------------------------------------------------
[2022-01-30 01:32:24,373] {taskinstance.py:1239} INFO - Starting attempt 1 of 1
[2022-01-30 01:32:24,373] {taskinstance.py:1240} INFO - 
--------------------------------------------------------------------------------
[2022-01-30 01:32:27,624] {taskinstance.py:1259} INFO - Executing <Task(BashOperator): download_dataset_task> on 2020-01-02 06:00:00+00:00
[2022-01-30 01:32:27,655] {standard_task_runner.py:52} INFO - Started process 766 to run task
[2022-01-30 01:32:27,666] {standard_task_runner.py:76} INFO - Running: ['***', 'tasks', 'run', 'data_ingestion_gcs_dag_fhv_2', 'download_dataset_task', 'scheduled__2020-01-02T06:00:00+00:00', '--job-id', '65', '--raw', '--subdir', 'DAGS_FOLDER/data_ingestion_gcs_dag_2_fhv.py', '--cfg-path', '/tmp/tmpebfqff4r', '--error-file', '/tmp/tmp6iyfqjqh']
[2022-01-30 01:32:27,697] {standard_task_runner.py:77} INFO - Job 65: Subtask download_dataset_task
[2022-01-30 01:32:29,617] {logging_mixin.py:109} INFO - Running <TaskInstance: data_ingestion_gcs_dag_fhv_2.download_dataset_task scheduled__2020-01-02T06:00:00+00:00 [running]> on host 04ca2676bdcc
[2022-01-30 01:32:31,251] {warnings.py:110} WARNING - /home/***/.local/lib/python3.7/site-packages/***/utils/context.py:152: AirflowContextDeprecationWarning: Accessing 'execution_date' from the template is deprecated and will be removed in a future version. Please use 'data_interval_start' or 'logical_date' instead.
  warnings.warn(_create_deprecation_warning(key, self._deprecation_replacements[key]))

[2022-01-30 01:32:31,602] {taskinstance.py:1426} INFO - Exporting the following env vars:
AIRFLOW_CTX_DAG_OWNER=***
AIRFLOW_CTX_DAG_ID=data_ingestion_gcs_dag_fhv_2
AIRFLOW_CTX_TASK_ID=download_dataset_task
AIRFLOW_CTX_EXECUTION_DATE=2020-01-02T06:00:00+00:00
AIRFLOW_CTX_DAG_RUN_ID=scheduled__2020-01-02T06:00:00+00:00
[2022-01-30 01:32:31,604] {subprocess.py:62} INFO - Tmp dir root location: 
 /tmp
[2022-01-30 01:32:31,605] {subprocess.py:74} INFO - Running command: ['bash', '-c', 'curl -sSLf https://nyc-tlc.s3.amazonaws.com/trip+data/fhv_tripdata_2020-01.csv > /opt/***/fhv_tripdata_2020-01.csv']
[2022-01-30 01:32:31,621] {subprocess.py:85} INFO - Output:
[2022-01-30 01:32:40,707] {subprocess.py:93} INFO - Command exited with return code 0
[2022-01-30 01:32:45,680] {taskinstance.py:1277} INFO - Marking task as SUCCESS. dag_id=data_ingestion_gcs_dag_fhv_2, task_id=download_dataset_task, execution_date=20200102T060000, start_date=20220130T013224, end_date=20220130T013245
[2022-01-30 01:32:50,794] {local_task_job.py:154} INFO - Task exited with return code 0
[2022-01-30 01:32:55,330] {local_task_job.py:264} INFO - 1 downstream tasks scheduled from follow-on schedule check
