[2022-01-29 12:37:50,749] {taskinstance.py:1032} INFO - Dependencies all met for <TaskInstance: data_ingestion_gcs_dag.format_to_parquet_task scheduled__2021-11-02T06:00:00+00:00 [queued]>
[2022-01-29 12:37:50,767] {taskinstance.py:1032} INFO - Dependencies all met for <TaskInstance: data_ingestion_gcs_dag.format_to_parquet_task scheduled__2021-11-02T06:00:00+00:00 [queued]>
[2022-01-29 12:37:50,767] {taskinstance.py:1238} INFO - 
--------------------------------------------------------------------------------
[2022-01-29 12:37:50,768] {taskinstance.py:1239} INFO - Starting attempt 1 of 2
[2022-01-29 12:37:50,768] {taskinstance.py:1240} INFO - 
--------------------------------------------------------------------------------
[2022-01-29 12:37:50,789] {taskinstance.py:1259} INFO - Executing <Task(PythonOperator): format_to_parquet_task> on 2021-11-02 06:00:00+00:00
[2022-01-29 12:37:50,805] {standard_task_runner.py:52} INFO - Started process 4987 to run task
[2022-01-29 12:37:50,820] {standard_task_runner.py:76} INFO - Running: ['***', 'tasks', 'run', 'data_ingestion_gcs_dag', 'format_to_parquet_task', 'scheduled__2021-11-02T06:00:00+00:00', '--job-id', '488', '--raw', '--subdir', 'DAGS_FOLDER/data_ingestion_gcs_dag.py', '--cfg-path', '/tmp/tmpmkmaar3r', '--error-file', '/tmp/tmpqbn79j_p']
[2022-01-29 12:37:50,822] {standard_task_runner.py:77} INFO - Job 488: Subtask format_to_parquet_task
[2022-01-29 12:37:50,946] {logging_mixin.py:109} INFO - Running <TaskInstance: data_ingestion_gcs_dag.format_to_parquet_task scheduled__2021-11-02T06:00:00+00:00 [running]> on host 85e1117cfb12
[2022-01-29 12:37:51,128] {taskinstance.py:1426} INFO - Exporting the following env vars:
AIRFLOW_CTX_DAG_OWNER=***
AIRFLOW_CTX_DAG_ID=data_ingestion_gcs_dag
AIRFLOW_CTX_TASK_ID=format_to_parquet_task
AIRFLOW_CTX_EXECUTION_DATE=2021-11-02T06:00:00+00:00
AIRFLOW_CTX_DAG_RUN_ID=scheduled__2021-11-02T06:00:00+00:00
[2022-01-29 12:37:54,222] {python.py:175} INFO - Done. Returned value was: None
[2022-01-29 12:37:54,381] {taskinstance.py:1277} INFO - Marking task as SUCCESS. dag_id=data_ingestion_gcs_dag, task_id=format_to_parquet_task, execution_date=20211102T060000, start_date=20220129T123750, end_date=20220129T123754
[2022-01-29 12:37:54,490] {local_task_job.py:154} INFO - Task exited with return code 0
[2022-01-29 12:37:54,561] {local_task_job.py:264} INFO - 1 downstream tasks scheduled from follow-on schedule check
[2022-01-29 13:23:10,280] {taskinstance.py:1032} INFO - Dependencies all met for <TaskInstance: data_ingestion_gcs_dag.format_to_parquet_task scheduled__2021-11-02T06:00:00+00:00 [queued]>
[2022-01-29 13:23:10,337] {taskinstance.py:1032} INFO - Dependencies all met for <TaskInstance: data_ingestion_gcs_dag.format_to_parquet_task scheduled__2021-11-02T06:00:00+00:00 [queued]>
[2022-01-29 13:23:10,337] {taskinstance.py:1238} INFO - 
--------------------------------------------------------------------------------
[2022-01-29 13:23:10,337] {taskinstance.py:1239} INFO - Starting attempt 1 of 1
[2022-01-29 13:23:10,337] {taskinstance.py:1240} INFO - 
--------------------------------------------------------------------------------
[2022-01-29 13:23:10,364] {taskinstance.py:1259} INFO - Executing <Task(PythonOperator): format_to_parquet_task> on 2021-11-02 06:00:00+00:00
[2022-01-29 13:23:10,389] {standard_task_runner.py:52} INFO - Started process 411 to run task
[2022-01-29 13:23:10,431] {standard_task_runner.py:76} INFO - Running: ['***', 'tasks', 'run', 'data_ingestion_gcs_dag', 'format_to_parquet_task', 'scheduled__2021-11-02T06:00:00+00:00', '--job-id', '556', '--raw', '--subdir', 'DAGS_FOLDER/data_ingestion_gcs_dag.py', '--cfg-path', '/tmp/tmpwrp93ih1', '--error-file', '/tmp/tmp1w8ypk9v']
[2022-01-29 13:23:10,433] {standard_task_runner.py:77} INFO - Job 556: Subtask format_to_parquet_task
[2022-01-29 13:23:10,628] {logging_mixin.py:109} INFO - Running <TaskInstance: data_ingestion_gcs_dag.format_to_parquet_task scheduled__2021-11-02T06:00:00+00:00 [running]> on host 9bf957887753
[2022-01-29 13:23:10,857] {warnings.py:110} WARNING - /home/***/.local/lib/python3.7/site-packages/***/utils/context.py:152: AirflowContextDeprecationWarning: Accessing 'execution_date' from the template is deprecated and will be removed in a future version. Please use 'data_interval_start' or 'logical_date' instead.
  warnings.warn(_create_deprecation_warning(key, self._deprecation_replacements[key]))

[2022-01-29 13:23:10,966] {taskinstance.py:1426} INFO - Exporting the following env vars:
AIRFLOW_CTX_DAG_OWNER=***
AIRFLOW_CTX_DAG_ID=data_ingestion_gcs_dag
AIRFLOW_CTX_TASK_ID=format_to_parquet_task
AIRFLOW_CTX_EXECUTION_DATE=2021-11-02T06:00:00+00:00
AIRFLOW_CTX_DAG_RUN_ID=scheduled__2021-11-02T06:00:00+00:00
[2022-01-29 13:23:11,578] {python.py:175} INFO - Done. Returned value was: None
[2022-01-29 13:23:11,598] {taskinstance.py:1277} INFO - Marking task as SUCCESS. dag_id=data_ingestion_gcs_dag, task_id=format_to_parquet_task, execution_date=20211102T060000, start_date=20220129T132310, end_date=20220129T132311
[2022-01-29 13:23:11,689] {local_task_job.py:154} INFO - Task exited with return code 0
[2022-01-29 13:23:11,914] {local_task_job.py:264} INFO - 1 downstream tasks scheduled from follow-on schedule check
