[2022-01-29 12:24:21,998] {taskinstance.py:1032} INFO - Dependencies all met for <TaskInstance: data_ingestion_gcs_dag.local_to_gcs_task scheduled__2019-01-01T00:00:00+00:00 [queued]>
[2022-01-29 12:24:22,009] {taskinstance.py:1032} INFO - Dependencies all met for <TaskInstance: data_ingestion_gcs_dag.local_to_gcs_task scheduled__2019-01-01T00:00:00+00:00 [queued]>
[2022-01-29 12:24:22,009] {taskinstance.py:1238} INFO - 
--------------------------------------------------------------------------------
[2022-01-29 12:24:22,009] {taskinstance.py:1239} INFO - Starting attempt 1 of 2
[2022-01-29 12:24:22,009] {taskinstance.py:1240} INFO - 
--------------------------------------------------------------------------------
[2022-01-29 12:24:22,021] {taskinstance.py:1259} INFO - Executing <Task(PythonOperator): local_to_gcs_task> on 2019-01-01 00:00:00+00:00
[2022-01-29 12:24:22,028] {standard_task_runner.py:52} INFO - Started process 2727 to run task
[2022-01-29 12:24:22,033] {standard_task_runner.py:76} INFO - Running: ['***', 'tasks', 'run', 'data_ingestion_gcs_dag', 'local_to_gcs_task', 'scheduled__2019-01-01T00:00:00+00:00', '--job-id', '165', '--raw', '--subdir', 'DAGS_FOLDER/data_ingestion_gcs_dag.py', '--cfg-path', '/tmp/tmpe1jrkt8e', '--error-file', '/tmp/tmp8cxl47hs']
[2022-01-29 12:24:22,034] {standard_task_runner.py:77} INFO - Job 165: Subtask local_to_gcs_task
[2022-01-29 12:24:22,096] {logging_mixin.py:109} INFO - Running <TaskInstance: data_ingestion_gcs_dag.local_to_gcs_task scheduled__2019-01-01T00:00:00+00:00 [running]> on host 85e1117cfb12
[2022-01-29 12:24:22,159] {taskinstance.py:1426} INFO - Exporting the following env vars:
AIRFLOW_CTX_DAG_OWNER=***
AIRFLOW_CTX_DAG_ID=data_ingestion_gcs_dag
AIRFLOW_CTX_TASK_ID=local_to_gcs_task
AIRFLOW_CTX_EXECUTION_DATE=2019-01-01T00:00:00+00:00
AIRFLOW_CTX_DAG_RUN_ID=scheduled__2019-01-01T00:00:00+00:00
[2022-01-29 12:24:23,381] {python.py:175} INFO - Done. Returned value was: None
[2022-01-29 12:24:23,393] {taskinstance.py:1277} INFO - Marking task as SUCCESS. dag_id=data_ingestion_gcs_dag, task_id=local_to_gcs_task, execution_date=20190101T000000, start_date=20220129T122421, end_date=20220129T122423
[2022-01-29 12:24:23,449] {local_task_job.py:154} INFO - Task exited with return code 0
[2022-01-29 12:24:23,493] {local_task_job.py:264} INFO - 1 downstream tasks scheduled from follow-on schedule check
[2022-01-29 12:26:00,258] {taskinstance.py:1032} INFO - Dependencies all met for <TaskInstance: data_ingestion_gcs_dag.local_to_gcs_task scheduled__2019-01-01T00:00:00+00:00 [queued]>
[2022-01-29 12:26:00,282] {taskinstance.py:1032} INFO - Dependencies all met for <TaskInstance: data_ingestion_gcs_dag.local_to_gcs_task scheduled__2019-01-01T00:00:00+00:00 [queued]>
[2022-01-29 12:26:00,283] {taskinstance.py:1238} INFO - 
--------------------------------------------------------------------------------
[2022-01-29 12:26:00,283] {taskinstance.py:1239} INFO - Starting attempt 1 of 2
[2022-01-29 12:26:00,283] {taskinstance.py:1240} INFO - 
--------------------------------------------------------------------------------
[2022-01-29 12:26:00,313] {taskinstance.py:1259} INFO - Executing <Task(PythonOperator): local_to_gcs_task> on 2019-01-01 00:00:00+00:00
[2022-01-29 12:26:00,325] {standard_task_runner.py:52} INFO - Started process 2987 to run task
[2022-01-29 12:26:00,335] {standard_task_runner.py:76} INFO - Running: ['***', 'tasks', 'run', 'data_ingestion_gcs_dag', 'local_to_gcs_task', 'scheduled__2019-01-01T00:00:00+00:00', '--job-id', '195', '--raw', '--subdir', 'DAGS_FOLDER/data_ingestion_gcs_dag.py', '--cfg-path', '/tmp/tmp9ei8_s5q', '--error-file', '/tmp/tmp83usjtgi']
[2022-01-29 12:26:00,340] {standard_task_runner.py:77} INFO - Job 195: Subtask local_to_gcs_task
[2022-01-29 12:26:00,445] {logging_mixin.py:109} INFO - Running <TaskInstance: data_ingestion_gcs_dag.local_to_gcs_task scheduled__2019-01-01T00:00:00+00:00 [running]> on host 85e1117cfb12
[2022-01-29 12:26:00,537] {taskinstance.py:1426} INFO - Exporting the following env vars:
AIRFLOW_CTX_DAG_OWNER=***
AIRFLOW_CTX_DAG_ID=data_ingestion_gcs_dag
AIRFLOW_CTX_TASK_ID=local_to_gcs_task
AIRFLOW_CTX_EXECUTION_DATE=2019-01-01T00:00:00+00:00
AIRFLOW_CTX_DAG_RUN_ID=scheduled__2019-01-01T00:00:00+00:00
[2022-01-29 12:26:01,559] {python.py:175} INFO - Done. Returned value was: None
[2022-01-29 12:26:01,576] {taskinstance.py:1277} INFO - Marking task as SUCCESS. dag_id=data_ingestion_gcs_dag, task_id=local_to_gcs_task, execution_date=20190101T000000, start_date=20220129T122600, end_date=20220129T122601
[2022-01-29 12:26:01,644] {local_task_job.py:154} INFO - Task exited with return code 0
[2022-01-29 12:26:01,692] {local_task_job.py:264} INFO - 1 downstream tasks scheduled from follow-on schedule check
