[2022-01-29 09:05:46,004] {taskinstance.py:1032} INFO - Dependencies all met for <TaskInstance: LocalIngestionDag.wget scheduled__2021-04-02T06:00:00+00:00 [queued]>
[2022-01-29 09:05:46,071] {taskinstance.py:1032} INFO - Dependencies all met for <TaskInstance: LocalIngestionDag.wget scheduled__2021-04-02T06:00:00+00:00 [queued]>
[2022-01-29 09:05:46,071] {taskinstance.py:1238} INFO - 
--------------------------------------------------------------------------------
[2022-01-29 09:05:46,071] {taskinstance.py:1239} INFO - Starting attempt 1 of 1
[2022-01-29 09:05:46,071] {taskinstance.py:1240} INFO - 
--------------------------------------------------------------------------------
[2022-01-29 09:05:46,166] {taskinstance.py:1259} INFO - Executing <Task(BashOperator): wget> on 2021-04-02 06:00:00+00:00
[2022-01-29 09:05:46,230] {standard_task_runner.py:76} INFO - Running: ['***', 'tasks', 'run', 'LocalIngestionDag', 'wget', 'scheduled__2021-04-02T06:00:00+00:00', '--job-id', '51', '--raw', '--subdir', 'DAGS_FOLDER/data_ingestion_local.py', '--cfg-path', '/tmp/tmpedhfhikb', '--error-file', '/tmp/tmpc2gxhsqd']
[2022-01-29 09:05:46,231] {standard_task_runner.py:77} INFO - Job 51: Subtask wget
[2022-01-29 09:05:46,207] {standard_task_runner.py:52} INFO - Started process 265 to run task
[2022-01-29 09:05:46,486] {logging_mixin.py:109} INFO - Running <TaskInstance: LocalIngestionDag.wget scheduled__2021-04-02T06:00:00+00:00 [running]> on host 68102482cc2e
[2022-01-29 09:05:46,778] {taskinstance.py:1426} INFO - Exporting the following env vars:
AIRFLOW_CTX_DAG_OWNER=***
AIRFLOW_CTX_DAG_ID=LocalIngestionDag
AIRFLOW_CTX_TASK_ID=wget
AIRFLOW_CTX_EXECUTION_DATE=2021-04-02T06:00:00+00:00
AIRFLOW_CTX_DAG_RUN_ID=scheduled__2021-04-02T06:00:00+00:00
[2022-01-29 09:05:46,779] {subprocess.py:62} INFO - Tmp dir root location: 
 /tmp
[2022-01-29 09:05:46,802] {subprocess.py:74} INFO - Running command: ['bash', '-c', 'echo "hello world"']
[2022-01-29 09:05:46,914] {subprocess.py:85} INFO - Output:
[2022-01-29 09:05:46,942] {subprocess.py:89} INFO - hello world
[2022-01-29 09:05:46,959] {subprocess.py:93} INFO - Command exited with return code 0
[2022-01-29 09:05:47,445] {taskinstance.py:1277} INFO - Marking task as SUCCESS. dag_id=LocalIngestionDag, task_id=wget, execution_date=20210402T060000, start_date=20220129T090546, end_date=20220129T090547
[2022-01-29 09:05:47,616] {local_task_job.py:154} INFO - Task exited with return code 0
[2022-01-29 09:05:47,768] {local_task_job.py:264} INFO - 1 downstream tasks scheduled from follow-on schedule check
