[2022-01-29 12:36:36,068] {taskinstance.py:1032} INFO - Dependencies all met for <TaskInstance: data_ingestion_gcs_dag.bigquery_external_table_task scheduled__2020-03-02T06:00:00+00:00 [queued]>
[2022-01-29 12:36:36,124] {taskinstance.py:1032} INFO - Dependencies all met for <TaskInstance: data_ingestion_gcs_dag.bigquery_external_table_task scheduled__2020-03-02T06:00:00+00:00 [queued]>
[2022-01-29 12:36:36,125] {taskinstance.py:1238} INFO - 
--------------------------------------------------------------------------------
[2022-01-29 12:36:36,125] {taskinstance.py:1239} INFO - Starting attempt 1 of 2
[2022-01-29 12:36:36,125] {taskinstance.py:1240} INFO - 
--------------------------------------------------------------------------------
[2022-01-29 12:36:36,197] {taskinstance.py:1259} INFO - Executing <Task(BigQueryCreateExternalTableOperator): bigquery_external_table_task> on 2020-03-02 06:00:00+00:00
[2022-01-29 12:36:36,231] {standard_task_runner.py:52} INFO - Started process 4722 to run task
[2022-01-29 12:36:36,286] {standard_task_runner.py:76} INFO - Running: ['***', 'tasks', 'run', 'data_ingestion_gcs_dag', 'bigquery_external_table_task', 'scheduled__2020-03-02T06:00:00+00:00', '--job-id', '441', '--raw', '--subdir', 'DAGS_FOLDER/data_ingestion_gcs_dag.py', '--cfg-path', '/tmp/tmpv0r5w9r1', '--error-file', '/tmp/tmppi8_dqt5']
[2022-01-29 12:36:36,288] {standard_task_runner.py:77} INFO - Job 441: Subtask bigquery_external_table_task
[2022-01-29 12:36:36,670] {logging_mixin.py:109} INFO - Running <TaskInstance: data_ingestion_gcs_dag.bigquery_external_table_task scheduled__2020-03-02T06:00:00+00:00 [running]> on host 85e1117cfb12
[2022-01-29 12:36:36,902] {taskinstance.py:1426} INFO - Exporting the following env vars:
AIRFLOW_CTX_DAG_OWNER=***
AIRFLOW_CTX_DAG_ID=data_ingestion_gcs_dag
AIRFLOW_CTX_TASK_ID=bigquery_external_table_task
AIRFLOW_CTX_EXECUTION_DATE=2020-03-02T06:00:00+00:00
AIRFLOW_CTX_DAG_RUN_ID=scheduled__2020-03-02T06:00:00+00:00
[2022-01-29 12:36:36,905] {crypto.py:82} WARNING - empty cryptography key - values will not be stored encrypted.
[2022-01-29 12:36:37,552] {taskinstance.py:1277} INFO - Marking task as SUCCESS. dag_id=data_ingestion_gcs_dag, task_id=bigquery_external_table_task, execution_date=20200302T060000, start_date=20220129T123636, end_date=20220129T123637
[2022-01-29 12:36:37,610] {local_task_job.py:154} INFO - Task exited with return code 0
[2022-01-29 12:36:37,879] {local_task_job.py:264} INFO - 0 downstream tasks scheduled from follow-on schedule check
