[2022-01-29 12:36:51,293] {taskinstance.py:1032} INFO - Dependencies all met for <TaskInstance: data_ingestion_gcs_dag.download_dataset_task scheduled__2021-09-02T06:00:00+00:00 [queued]>
[2022-01-29 12:36:51,310] {taskinstance.py:1032} INFO - Dependencies all met for <TaskInstance: data_ingestion_gcs_dag.download_dataset_task scheduled__2021-09-02T06:00:00+00:00 [queued]>
[2022-01-29 12:36:51,310] {taskinstance.py:1238} INFO - 
--------------------------------------------------------------------------------
[2022-01-29 12:36:51,310] {taskinstance.py:1239} INFO - Starting attempt 1 of 2
[2022-01-29 12:36:51,310] {taskinstance.py:1240} INFO - 
--------------------------------------------------------------------------------
[2022-01-29 12:36:51,331] {taskinstance.py:1259} INFO - Executing <Task(BashOperator): download_dataset_task> on 2021-09-02 06:00:00+00:00
[2022-01-29 12:36:51,339] {standard_task_runner.py:52} INFO - Started process 4800 to run task
[2022-01-29 12:36:51,348] {standard_task_runner.py:76} INFO - Running: ['***', 'tasks', 'run', 'data_ingestion_gcs_dag', 'download_dataset_task', 'scheduled__2021-09-02T06:00:00+00:00', '--job-id', '459', '--raw', '--subdir', 'DAGS_FOLDER/data_ingestion_gcs_dag.py', '--cfg-path', '/tmp/tmpl53qcon0', '--error-file', '/tmp/tmpcloo9l9o']
[2022-01-29 12:36:51,349] {standard_task_runner.py:77} INFO - Job 459: Subtask download_dataset_task
[2022-01-29 12:36:51,445] {logging_mixin.py:109} INFO - Running <TaskInstance: data_ingestion_gcs_dag.download_dataset_task scheduled__2021-09-02T06:00:00+00:00 [running]> on host 85e1117cfb12
[2022-01-29 12:36:51,549] {taskinstance.py:1426} INFO - Exporting the following env vars:
AIRFLOW_CTX_DAG_OWNER=***
AIRFLOW_CTX_DAG_ID=data_ingestion_gcs_dag
AIRFLOW_CTX_TASK_ID=download_dataset_task
AIRFLOW_CTX_EXECUTION_DATE=2021-09-02T06:00:00+00:00
AIRFLOW_CTX_DAG_RUN_ID=scheduled__2021-09-02T06:00:00+00:00
[2022-01-29 12:36:51,551] {subprocess.py:62} INFO - Tmp dir root location: 
 /tmp
[2022-01-29 12:36:51,552] {subprocess.py:74} INFO - Running command: ['bash', '-c', 'curl -sS https://s3.amazonaws.com/nyc-tlc/trip+data/yellow_tripdata_2021-01.csv > /opt/***/yellow_tripdata_2021-01.csv']
[2022-01-29 12:36:51,571] {subprocess.py:85} INFO - Output:
[2022-01-29 12:36:56,020] {subprocess.py:93} INFO - Command exited with return code 0
[2022-01-29 12:36:56,490] {taskinstance.py:1277} INFO - Marking task as SUCCESS. dag_id=data_ingestion_gcs_dag, task_id=download_dataset_task, execution_date=20210902T060000, start_date=20220129T123651, end_date=20220129T123656
[2022-01-29 12:36:56,689] {local_task_job.py:154} INFO - Task exited with return code 0
[2022-01-29 12:36:57,352] {local_task_job.py:264} INFO - 0 downstream tasks scheduled from follow-on schedule check
[2022-01-29 13:23:01,959] {taskinstance.py:1032} INFO - Dependencies all met for <TaskInstance: data_ingestion_gcs_dag.download_dataset_task scheduled__2021-09-02T06:00:00+00:00 [queued]>
[2022-01-29 13:23:02,072] {taskinstance.py:1032} INFO - Dependencies all met for <TaskInstance: data_ingestion_gcs_dag.download_dataset_task scheduled__2021-09-02T06:00:00+00:00 [queued]>
[2022-01-29 13:23:02,073] {taskinstance.py:1238} INFO - 
--------------------------------------------------------------------------------
[2022-01-29 13:23:02,073] {taskinstance.py:1239} INFO - Starting attempt 1 of 1
[2022-01-29 13:23:02,073] {taskinstance.py:1240} INFO - 
--------------------------------------------------------------------------------
[2022-01-29 13:23:02,118] {taskinstance.py:1259} INFO - Executing <Task(BashOperator): download_dataset_task> on 2021-09-02 06:00:00+00:00
[2022-01-29 13:23:02,127] {standard_task_runner.py:52} INFO - Started process 361 to run task
[2022-01-29 13:23:02,142] {standard_task_runner.py:76} INFO - Running: ['***', 'tasks', 'run', 'data_ingestion_gcs_dag', 'download_dataset_task', 'scheduled__2021-09-02T06:00:00+00:00', '--job-id', '547', '--raw', '--subdir', 'DAGS_FOLDER/data_ingestion_gcs_dag.py', '--cfg-path', '/tmp/tmp0qhwxibv', '--error-file', '/tmp/tmpxojqeg2k']
[2022-01-29 13:23:02,153] {standard_task_runner.py:77} INFO - Job 547: Subtask download_dataset_task
[2022-01-29 13:23:02,413] {logging_mixin.py:109} INFO - Running <TaskInstance: data_ingestion_gcs_dag.download_dataset_task scheduled__2021-09-02T06:00:00+00:00 [running]> on host 9bf957887753
[2022-01-29 13:23:02,749] {warnings.py:110} WARNING - /home/***/.local/lib/python3.7/site-packages/***/utils/context.py:152: AirflowContextDeprecationWarning: Accessing 'execution_date' from the template is deprecated and will be removed in a future version. Please use 'data_interval_start' or 'logical_date' instead.
  warnings.warn(_create_deprecation_warning(key, self._deprecation_replacements[key]))

[2022-01-29 13:23:02,895] {taskinstance.py:1426} INFO - Exporting the following env vars:
AIRFLOW_CTX_DAG_OWNER=***
AIRFLOW_CTX_DAG_ID=data_ingestion_gcs_dag
AIRFLOW_CTX_TASK_ID=download_dataset_task
AIRFLOW_CTX_EXECUTION_DATE=2021-09-02T06:00:00+00:00
AIRFLOW_CTX_DAG_RUN_ID=scheduled__2021-09-02T06:00:00+00:00
[2022-01-29 13:23:02,901] {subprocess.py:62} INFO - Tmp dir root location: 
 /tmp
[2022-01-29 13:23:02,902] {subprocess.py:74} INFO - Running command: ['bash', '-c', 'curl -sS https://s3.amazonaws.com/nyc-tlc/trip+data/yellow_tripdata_2021-09.csv > /opt/***/yellow_tripdata_2021-09.csv']
[2022-01-29 13:23:03,014] {subprocess.py:85} INFO - Output:
[2022-01-29 13:23:03,512] {subprocess.py:93} INFO - Command exited with return code 0
[2022-01-29 13:23:03,613] {taskinstance.py:1277} INFO - Marking task as SUCCESS. dag_id=data_ingestion_gcs_dag, task_id=download_dataset_task, execution_date=20210902T060000, start_date=20220129T132301, end_date=20220129T132303
[2022-01-29 13:23:03,793] {local_task_job.py:154} INFO - Task exited with return code 0
[2022-01-29 13:23:04,071] {local_task_job.py:264} INFO - 1 downstream tasks scheduled from follow-on schedule check
