[2022-01-29 12:14:14,129] {taskinstance.py:1032} INFO - Dependencies all met for <TaskInstance: data_ingestion_gcs_dag_v2.download_dataset_task manual__2022-01-29T12:14:12.571701+00:00 [queued]>
[2022-01-29 12:14:14,142] {taskinstance.py:1032} INFO - Dependencies all met for <TaskInstance: data_ingestion_gcs_dag_v2.download_dataset_task manual__2022-01-29T12:14:12.571701+00:00 [queued]>
[2022-01-29 12:14:14,142] {taskinstance.py:1238} INFO - 
--------------------------------------------------------------------------------
[2022-01-29 12:14:14,142] {taskinstance.py:1239} INFO - Starting attempt 1 of 2
[2022-01-29 12:14:14,142] {taskinstance.py:1240} INFO - 
--------------------------------------------------------------------------------
[2022-01-29 12:14:14,160] {taskinstance.py:1259} INFO - Executing <Task(BashOperator): download_dataset_task> on 2022-01-29 12:14:12.571701+00:00
[2022-01-29 12:14:14,168] {standard_task_runner.py:52} INFO - Started process 2178 to run task
[2022-01-29 12:14:14,175] {standard_task_runner.py:76} INFO - Running: ['***', 'tasks', 'run', 'data_ingestion_gcs_dag_v2', 'download_dataset_task', 'manual__2022-01-29T12:14:12.571701+00:00', '--job-id', '147', '--raw', '--subdir', 'DAGS_FOLDER/data_ingestion_gcs_dag.py', '--cfg-path', '/tmp/tmpyw0bpsja', '--error-file', '/tmp/tmpg1pma65u']
[2022-01-29 12:14:14,176] {standard_task_runner.py:77} INFO - Job 147: Subtask download_dataset_task
[2022-01-29 12:14:14,256] {logging_mixin.py:109} INFO - Running <TaskInstance: data_ingestion_gcs_dag_v2.download_dataset_task manual__2022-01-29T12:14:12.571701+00:00 [running]> on host 85e1117cfb12
[2022-01-29 12:14:14,363] {taskinstance.py:1426} INFO - Exporting the following env vars:
AIRFLOW_CTX_DAG_OWNER=***
AIRFLOW_CTX_DAG_ID=data_ingestion_gcs_dag_v2
AIRFLOW_CTX_TASK_ID=download_dataset_task
AIRFLOW_CTX_EXECUTION_DATE=2022-01-29T12:14:12.571701+00:00
AIRFLOW_CTX_DAG_RUN_ID=manual__2022-01-29T12:14:12.571701+00:00
[2022-01-29 12:14:14,365] {subprocess.py:62} INFO - Tmp dir root location: 
 /tmp
[2022-01-29 12:14:14,366] {subprocess.py:74} INFO - Running command: ['bash', '-c', 'curl -sS https://s3.amazonaws.com/nyc-tlc/trip+data/yellow_tripdata_2021-01.csv > /opt/***/yellow_tripdata_2021-01.csv']
[2022-01-29 12:14:14,381] {subprocess.py:85} INFO - Output:
[2022-01-29 12:14:19,315] {subprocess.py:93} INFO - Command exited with return code 0
[2022-01-29 12:14:19,398] {taskinstance.py:1277} INFO - Marking task as SUCCESS. dag_id=data_ingestion_gcs_dag_v2, task_id=download_dataset_task, execution_date=20220129T121412, start_date=20220129T121414, end_date=20220129T121419
[2022-01-29 12:14:19,436] {local_task_job.py:154} INFO - Task exited with return code 0
[2022-01-29 12:14:19,482] {local_task_job.py:264} INFO - 1 downstream tasks scheduled from follow-on schedule check
