[2022-01-29 09:06:31,027] {taskinstance.py:1032} INFO - Dependencies all met for <TaskInstance: LocalIngestionDag.wget manual__2022-01-29T09:06:30.651339+00:00 [queued]>
[2022-01-29 09:06:31,039] {taskinstance.py:1032} INFO - Dependencies all met for <TaskInstance: LocalIngestionDag.wget manual__2022-01-29T09:06:30.651339+00:00 [queued]>
[2022-01-29 09:06:31,040] {taskinstance.py:1238} INFO - 
--------------------------------------------------------------------------------
[2022-01-29 09:06:31,040] {taskinstance.py:1239} INFO - Starting attempt 1 of 1
[2022-01-29 09:06:31,040] {taskinstance.py:1240} INFO - 
--------------------------------------------------------------------------------
[2022-01-29 09:06:31,058] {taskinstance.py:1259} INFO - Executing <Task(BashOperator): wget> on 2022-01-29 09:06:30.651339+00:00
[2022-01-29 09:06:31,064] {standard_task_runner.py:52} INFO - Started process 359 to run task
[2022-01-29 09:06:31,070] {standard_task_runner.py:76} INFO - Running: ['***', 'tasks', 'run', 'LocalIngestionDag', 'wget', 'manual__2022-01-29T09:06:30.651339+00:00', '--job-id', '73', '--raw', '--subdir', 'DAGS_FOLDER/data_ingestion_local.py', '--cfg-path', '/tmp/tmp3_c3g2hs', '--error-file', '/tmp/tmpu_nie_dk']
[2022-01-29 09:06:31,070] {standard_task_runner.py:77} INFO - Job 73: Subtask wget
[2022-01-29 09:06:31,150] {logging_mixin.py:109} INFO - Running <TaskInstance: LocalIngestionDag.wget manual__2022-01-29T09:06:30.651339+00:00 [running]> on host 68102482cc2e
[2022-01-29 09:06:31,228] {taskinstance.py:1426} INFO - Exporting the following env vars:
AIRFLOW_CTX_DAG_OWNER=***
AIRFLOW_CTX_DAG_ID=LocalIngestionDag
AIRFLOW_CTX_TASK_ID=wget
AIRFLOW_CTX_EXECUTION_DATE=2022-01-29T09:06:30.651339+00:00
AIRFLOW_CTX_DAG_RUN_ID=manual__2022-01-29T09:06:30.651339+00:00
[2022-01-29 09:06:31,230] {subprocess.py:62} INFO - Tmp dir root location: 
 /tmp
[2022-01-29 09:06:31,231] {subprocess.py:74} INFO - Running command: ['bash', '-c', 'echo "hello world"']
[2022-01-29 09:06:31,243] {subprocess.py:85} INFO - Output:
[2022-01-29 09:06:31,246] {subprocess.py:89} INFO - hello world
[2022-01-29 09:06:31,247] {subprocess.py:93} INFO - Command exited with return code 0
[2022-01-29 09:06:31,279] {taskinstance.py:1277} INFO - Marking task as SUCCESS. dag_id=LocalIngestionDag, task_id=wget, execution_date=20220129T090630, start_date=20220129T090631, end_date=20220129T090631
[2022-01-29 09:06:31,323] {local_task_job.py:154} INFO - Task exited with return code 0
[2022-01-29 09:06:31,365] {local_task_job.py:264} INFO - 1 downstream tasks scheduled from follow-on schedule check
