[2022-01-29 12:24:10,692] {taskinstance.py:1032} INFO - Dependencies all met for <TaskInstance: data_ingestion_gcs_dag.download_dataset_task scheduled__2019-01-01T00:00:00+00:00 [queued]>
[2022-01-29 12:24:10,703] {taskinstance.py:1032} INFO - Dependencies all met for <TaskInstance: data_ingestion_gcs_dag.download_dataset_task scheduled__2019-01-01T00:00:00+00:00 [queued]>
[2022-01-29 12:24:10,703] {taskinstance.py:1238} INFO - 
--------------------------------------------------------------------------------
[2022-01-29 12:24:10,703] {taskinstance.py:1239} INFO - Starting attempt 1 of 2
[2022-01-29 12:24:10,703] {taskinstance.py:1240} INFO - 
--------------------------------------------------------------------------------
[2022-01-29 12:24:10,721] {taskinstance.py:1259} INFO - Executing <Task(BashOperator): download_dataset_task> on 2019-01-01 00:00:00+00:00
[2022-01-29 12:24:10,731] {standard_task_runner.py:52} INFO - Started process 2702 to run task
[2022-01-29 12:24:10,736] {standard_task_runner.py:76} INFO - Running: ['***', 'tasks', 'run', 'data_ingestion_gcs_dag', 'download_dataset_task', 'scheduled__2019-01-01T00:00:00+00:00', '--job-id', '163', '--raw', '--subdir', 'DAGS_FOLDER/data_ingestion_gcs_dag.py', '--cfg-path', '/tmp/tmphjsem5cp', '--error-file', '/tmp/tmph8xi_5sa']
[2022-01-29 12:24:10,737] {standard_task_runner.py:77} INFO - Job 163: Subtask download_dataset_task
[2022-01-29 12:24:10,811] {logging_mixin.py:109} INFO - Running <TaskInstance: data_ingestion_gcs_dag.download_dataset_task scheduled__2019-01-01T00:00:00+00:00 [running]> on host 85e1117cfb12
[2022-01-29 12:24:10,873] {taskinstance.py:1426} INFO - Exporting the following env vars:
AIRFLOW_CTX_DAG_OWNER=***
AIRFLOW_CTX_DAG_ID=data_ingestion_gcs_dag
AIRFLOW_CTX_TASK_ID=download_dataset_task
AIRFLOW_CTX_EXECUTION_DATE=2019-01-01T00:00:00+00:00
AIRFLOW_CTX_DAG_RUN_ID=scheduled__2019-01-01T00:00:00+00:00
[2022-01-29 12:24:10,875] {subprocess.py:62} INFO - Tmp dir root location: 
 /tmp
[2022-01-29 12:24:10,875] {subprocess.py:74} INFO - Running command: ['bash', '-c', 'curl -sS https://s3.amazonaws.com/nyc-tlc/trip+data/yellow_tripdata_2021-01.csv > /opt/***/yellow_tripdata_2021-01.csv']
[2022-01-29 12:24:10,889] {subprocess.py:85} INFO - Output:
[2022-01-29 12:24:16,594] {subprocess.py:93} INFO - Command exited with return code 0
[2022-01-29 12:24:16,644] {taskinstance.py:1277} INFO - Marking task as SUCCESS. dag_id=data_ingestion_gcs_dag, task_id=download_dataset_task, execution_date=20190101T000000, start_date=20220129T122410, end_date=20220129T122416
[2022-01-29 12:24:16,678] {local_task_job.py:154} INFO - Task exited with return code 0
[2022-01-29 12:24:16,720] {local_task_job.py:264} INFO - 1 downstream tasks scheduled from follow-on schedule check
[2022-01-29 12:25:41,282] {taskinstance.py:1032} INFO - Dependencies all met for <TaskInstance: data_ingestion_gcs_dag.download_dataset_task scheduled__2019-01-01T00:00:00+00:00 [queued]>
[2022-01-29 12:25:41,338] {taskinstance.py:1032} INFO - Dependencies all met for <TaskInstance: data_ingestion_gcs_dag.download_dataset_task scheduled__2019-01-01T00:00:00+00:00 [queued]>
[2022-01-29 12:25:41,338] {taskinstance.py:1238} INFO - 
--------------------------------------------------------------------------------
[2022-01-29 12:25:41,340] {taskinstance.py:1239} INFO - Starting attempt 1 of 2
[2022-01-29 12:25:41,342] {taskinstance.py:1240} INFO - 
--------------------------------------------------------------------------------
[2022-01-29 12:25:41,386] {taskinstance.py:1259} INFO - Executing <Task(BashOperator): download_dataset_task> on 2019-01-01 00:00:00+00:00
[2022-01-29 12:25:41,394] {standard_task_runner.py:52} INFO - Started process 2902 to run task
[2022-01-29 12:25:41,419] {standard_task_runner.py:76} INFO - Running: ['***', 'tasks', 'run', 'data_ingestion_gcs_dag', 'download_dataset_task', 'scheduled__2019-01-01T00:00:00+00:00', '--job-id', '181', '--raw', '--subdir', 'DAGS_FOLDER/data_ingestion_gcs_dag.py', '--cfg-path', '/tmp/tmp2cywa_34', '--error-file', '/tmp/tmpxj32k_96']
[2022-01-29 12:25:41,420] {standard_task_runner.py:77} INFO - Job 181: Subtask download_dataset_task
[2022-01-29 12:25:41,557] {logging_mixin.py:109} INFO - Running <TaskInstance: data_ingestion_gcs_dag.download_dataset_task scheduled__2019-01-01T00:00:00+00:00 [running]> on host 85e1117cfb12
[2022-01-29 12:25:41,691] {taskinstance.py:1426} INFO - Exporting the following env vars:
AIRFLOW_CTX_DAG_OWNER=***
AIRFLOW_CTX_DAG_ID=data_ingestion_gcs_dag
AIRFLOW_CTX_TASK_ID=download_dataset_task
AIRFLOW_CTX_EXECUTION_DATE=2019-01-01T00:00:00+00:00
AIRFLOW_CTX_DAG_RUN_ID=scheduled__2019-01-01T00:00:00+00:00
[2022-01-29 12:25:41,693] {subprocess.py:62} INFO - Tmp dir root location: 
 /tmp
[2022-01-29 12:25:41,694] {subprocess.py:74} INFO - Running command: ['bash', '-c', 'curl -sS https://s3.amazonaws.com/nyc-tlc/trip+data/yellow_tripdata_2021-01.csv > /opt/***/yellow_tripdata_2021-01.csv']
[2022-01-29 12:25:41,734] {subprocess.py:85} INFO - Output:
[2022-01-29 12:25:47,108] {subprocess.py:93} INFO - Command exited with return code 0
[2022-01-29 12:25:47,213] {taskinstance.py:1277} INFO - Marking task as SUCCESS. dag_id=data_ingestion_gcs_dag, task_id=download_dataset_task, execution_date=20190101T000000, start_date=20220129T122541, end_date=20220129T122547
[2022-01-29 12:25:47,270] {local_task_job.py:154} INFO - Task exited with return code 0
[2022-01-29 12:25:47,333] {local_task_job.py:264} INFO - 1 downstream tasks scheduled from follow-on schedule check
