[2022-01-29 13:23:25,314] {taskinstance.py:1032} INFO - Dependencies all met for <TaskInstance: data_ingestion_gcs_dag.local_to_gcs_task manual__2022-01-29T13:23:02.307041+00:00 [queued]>
[2022-01-29 13:23:25,385] {taskinstance.py:1032} INFO - Dependencies all met for <TaskInstance: data_ingestion_gcs_dag.local_to_gcs_task manual__2022-01-29T13:23:02.307041+00:00 [queued]>
[2022-01-29 13:23:25,385] {taskinstance.py:1238} INFO - 
--------------------------------------------------------------------------------
[2022-01-29 13:23:25,385] {taskinstance.py:1239} INFO - Starting attempt 1 of 1
[2022-01-29 13:23:25,385] {taskinstance.py:1240} INFO - 
--------------------------------------------------------------------------------
[2022-01-29 13:23:25,446] {taskinstance.py:1259} INFO - Executing <Task(PythonOperator): local_to_gcs_task> on 2022-01-29 13:23:02.307041+00:00
[2022-01-29 13:23:25,454] {standard_task_runner.py:52} INFO - Started process 489 to run task
[2022-01-29 13:23:25,498] {standard_task_runner.py:76} INFO - Running: ['***', 'tasks', 'run', 'data_ingestion_gcs_dag', 'local_to_gcs_task', 'manual__2022-01-29T13:23:02.307041+00:00', '--job-id', '567', '--raw', '--subdir', 'DAGS_FOLDER/data_ingestion_gcs_dag.py', '--cfg-path', '/tmp/tmpxgdiiani', '--error-file', '/tmp/tmp7sqdfx8m']
[2022-01-29 13:23:25,500] {standard_task_runner.py:77} INFO - Job 567: Subtask local_to_gcs_task
[2022-01-29 13:23:25,856] {logging_mixin.py:109} INFO - Running <TaskInstance: data_ingestion_gcs_dag.local_to_gcs_task manual__2022-01-29T13:23:02.307041+00:00 [running]> on host 9bf957887753
[2022-01-29 13:23:26,037] {warnings.py:110} WARNING - /home/***/.local/lib/python3.7/site-packages/***/utils/context.py:152: AirflowContextDeprecationWarning: Accessing 'execution_date' from the template is deprecated and will be removed in a future version. Please use 'data_interval_start' or 'logical_date' instead.
  warnings.warn(_create_deprecation_warning(key, self._deprecation_replacements[key]))

[2022-01-29 13:23:26,149] {taskinstance.py:1426} INFO - Exporting the following env vars:
AIRFLOW_CTX_DAG_OWNER=***
AIRFLOW_CTX_DAG_ID=data_ingestion_gcs_dag
AIRFLOW_CTX_TASK_ID=local_to_gcs_task
AIRFLOW_CTX_EXECUTION_DATE=2022-01-29T13:23:02.307041+00:00
AIRFLOW_CTX_DAG_RUN_ID=manual__2022-01-29T13:23:02.307041+00:00
[2022-01-29 13:23:26,858] {python.py:175} INFO - Done. Returned value was: None
[2022-01-29 13:23:26,896] {taskinstance.py:1277} INFO - Marking task as SUCCESS. dag_id=data_ingestion_gcs_dag, task_id=local_to_gcs_task, execution_date=20220129T132302, start_date=20220129T132325, end_date=20220129T132326
[2022-01-29 13:23:26,980] {local_task_job.py:154} INFO - Task exited with return code 0
[2022-01-29 13:23:27,423] {local_task_job.py:264} INFO - 1 downstream tasks scheduled from follow-on schedule check
