[2022-01-27 14:39:55,943] {taskinstance.py:1032} INFO - Dependencies all met for <TaskInstance: data_ingestion_gcs_dag.download_dataset_task manual__2022-01-27T14:38:11.686190+00:00 [queued]>
[2022-01-27 14:39:55,954] {taskinstance.py:1032} INFO - Dependencies all met for <TaskInstance: data_ingestion_gcs_dag.download_dataset_task manual__2022-01-27T14:38:11.686190+00:00 [queued]>
[2022-01-27 14:39:55,954] {taskinstance.py:1238} INFO - 
--------------------------------------------------------------------------------
[2022-01-27 14:39:55,954] {taskinstance.py:1239} INFO - Starting attempt 1 of 2
[2022-01-27 14:39:55,954] {taskinstance.py:1240} INFO - 
--------------------------------------------------------------------------------
[2022-01-27 14:39:55,967] {taskinstance.py:1259} INFO - Executing <Task(BashOperator): download_dataset_task> on 2022-01-27 14:38:11.686190+00:00
[2022-01-27 14:39:55,977] {standard_task_runner.py:52} INFO - Started process 4914 to run task
[2022-01-27 14:39:55,983] {standard_task_runner.py:76} INFO - Running: ['***', 'tasks', 'run', 'data_ingestion_gcs_dag', 'download_dataset_task', 'manual__2022-01-27T14:38:11.686190+00:00', '--job-id', '10', '--raw', '--subdir', 'DAGS_FOLDER/data_ingestion_gcs_dag.py', '--cfg-path', '/tmp/tmp2c4n54rg', '--error-file', '/tmp/tmp3pqf17xf']
[2022-01-27 14:39:55,984] {standard_task_runner.py:77} INFO - Job 10: Subtask download_dataset_task
[2022-01-27 14:39:56,051] {logging_mixin.py:109} INFO - Running <TaskInstance: data_ingestion_gcs_dag.download_dataset_task manual__2022-01-27T14:38:11.686190+00:00 [running]> on host 1eb1377c6bb9
[2022-01-27 14:39:56,115] {taskinstance.py:1426} INFO - Exporting the following env vars:
AIRFLOW_CTX_DAG_OWNER=***
AIRFLOW_CTX_DAG_ID=data_ingestion_gcs_dag
AIRFLOW_CTX_TASK_ID=download_dataset_task
AIRFLOW_CTX_EXECUTION_DATE=2022-01-27T14:38:11.686190+00:00
AIRFLOW_CTX_DAG_RUN_ID=manual__2022-01-27T14:38:11.686190+00:00
[2022-01-27 14:39:56,116] {subprocess.py:62} INFO - Tmp dir root location: 
 /tmp
[2022-01-27 14:39:56,117] {subprocess.py:74} INFO - Running command: ['bash', '-c', 'curl -sS https://s3.amazonaws.com/nyc-tlc/trip+data/yellow_tripdata_2021-01.csv > /opt/***/yellow_tripdata_2021-01.csv']
[2022-01-27 14:39:56,134] {subprocess.py:85} INFO - Output:
[2022-01-27 14:40:01,372] {subprocess.py:93} INFO - Command exited with return code 0
[2022-01-27 14:40:01,418] {taskinstance.py:1277} INFO - Marking task as SUCCESS. dag_id=data_ingestion_gcs_dag, task_id=download_dataset_task, execution_date=20220127T143811, start_date=20220127T143955, end_date=20220127T144001
[2022-01-27 14:40:01,443] {local_task_job.py:154} INFO - Task exited with return code 0
[2022-01-27 14:40:01,485] {local_task_job.py:264} INFO - 1 downstream tasks scheduled from follow-on schedule check
