[2022-01-30 01:34:28,219] {taskinstance.py:1032} INFO - Dependencies all met for <TaskInstance: data_ingestion_gcs_dag_fhv_2.download_dataset_task scheduled__2021-07-02T06:00:00+00:00 [queued]>
[2022-01-30 01:34:28,597] {taskinstance.py:1032} INFO - Dependencies all met for <TaskInstance: data_ingestion_gcs_dag_fhv_2.download_dataset_task scheduled__2021-07-02T06:00:00+00:00 [queued]>
[2022-01-30 01:34:28,700] {taskinstance.py:1238} INFO - 
--------------------------------------------------------------------------------
[2022-01-30 01:34:28,700] {taskinstance.py:1239} INFO - Starting attempt 1 of 1
[2022-01-30 01:34:28,700] {taskinstance.py:1240} INFO - 
--------------------------------------------------------------------------------
[2022-01-30 01:34:29,352] {taskinstance.py:1259} INFO - Executing <Task(BashOperator): download_dataset_task> on 2021-07-02 06:00:00+00:00
[2022-01-30 01:34:29,368] {standard_task_runner.py:52} INFO - Started process 1093 to run task
[2022-01-30 01:34:29,480] {standard_task_runner.py:76} INFO - Running: ['***', 'tasks', 'run', 'data_ingestion_gcs_dag_fhv_2', 'download_dataset_task', 'scheduled__2021-07-02T06:00:00+00:00', '--job-id', '116', '--raw', '--subdir', 'DAGS_FOLDER/data_ingestion_gcs_dag_2_fhv.py', '--cfg-path', '/tmp/tmpmdfntyh3', '--error-file', '/tmp/tmp2lee9pnr']
[2022-01-30 01:34:29,848] {standard_task_runner.py:77} INFO - Job 116: Subtask download_dataset_task
[2022-01-30 01:34:30,884] {logging_mixin.py:109} INFO - Running <TaskInstance: data_ingestion_gcs_dag_fhv_2.download_dataset_task scheduled__2021-07-02T06:00:00+00:00 [running]> on host 04ca2676bdcc
[2022-01-30 01:34:32,838] {warnings.py:110} WARNING - /home/***/.local/lib/python3.7/site-packages/***/utils/context.py:152: AirflowContextDeprecationWarning: Accessing 'execution_date' from the template is deprecated and will be removed in a future version. Please use 'data_interval_start' or 'logical_date' instead.
  warnings.warn(_create_deprecation_warning(key, self._deprecation_replacements[key]))

[2022-01-30 01:34:32,982] {taskinstance.py:1426} INFO - Exporting the following env vars:
AIRFLOW_CTX_DAG_OWNER=***
AIRFLOW_CTX_DAG_ID=data_ingestion_gcs_dag_fhv_2
AIRFLOW_CTX_TASK_ID=download_dataset_task
AIRFLOW_CTX_EXECUTION_DATE=2021-07-02T06:00:00+00:00
AIRFLOW_CTX_DAG_RUN_ID=scheduled__2021-07-02T06:00:00+00:00
[2022-01-30 01:34:32,983] {subprocess.py:62} INFO - Tmp dir root location: 
 /tmp
[2022-01-30 01:34:32,984] {subprocess.py:74} INFO - Running command: ['bash', '-c', 'curl -sSLf https://nyc-tlc.s3.amazonaws.com/trip+data/fhv_tripdata_2021-07.csv > /opt/***/fhv_tripdata_2021-07.csv']
[2022-01-30 01:34:33,028] {subprocess.py:85} INFO - Output:
[2022-01-30 01:34:38,027] {subprocess.py:93} INFO - Command exited with return code 0
[2022-01-30 01:34:38,217] {taskinstance.py:1277} INFO - Marking task as SUCCESS. dag_id=data_ingestion_gcs_dag_fhv_2, task_id=download_dataset_task, execution_date=20210702T060000, start_date=20220130T013428, end_date=20220130T013438
[2022-01-30 01:34:38,431] {local_task_job.py:154} INFO - Task exited with return code 0
[2022-01-30 01:34:38,749] {local_task_job.py:264} INFO - 1 downstream tasks scheduled from follow-on schedule check
