[2022-01-27 12:53:33,000] {manager.py:514} INFO - Processing files using up to 2 processes at a time 
[2022-01-27 12:53:33,001] {manager.py:515} INFO - Process each file at most once every 30 seconds
[2022-01-27 12:53:33,001] {manager.py:517} INFO - Checking for new files in /opt/airflow/dags every 300 seconds
[2022-01-27 12:53:33,001] {manager.py:663} INFO - Searching for files in /opt/airflow/dags
[2022-01-27 12:53:33,002] {manager.py:666} INFO - There are 2 files in /opt/airflow/dags
[2022-01-27 12:53:33,056] {manager.py:1065} INFO - Finding 'running' jobs without a recent heartbeat
[2022-01-27 12:53:33,058] {manager.py:1069} INFO - Failing jobs without heartbeat after 2022-01-27 12:48:33.058250+00:00
[2022-01-27 12:53:33,141] {manager.py:784} INFO - 
================================================================================
DAG File Processing Stats

File Path                                          PID  Runtime      # DAGs    # Errors  Last Runtime    Last Run
-----------------------------------------------  -----  ---------  --------  ----------  --------------  ----------
/opt/airflow/dags/data_ingestion_gcs_dag.py         39  0.09s             0           0
/opt/airflow/dags/data_ingestion_localDB_dag.py     40  0.08s             0           0
================================================================================
[2022-01-27 12:53:43,184] {manager.py:1065} INFO - Finding 'running' jobs without a recent heartbeat
[2022-01-27 12:53:43,184] {manager.py:1069} INFO - Failing jobs without heartbeat after 2022-01-27 12:48:43.184293+00:00
[2022-01-27 12:53:54,208] {manager.py:1065} INFO - Finding 'running' jobs without a recent heartbeat
[2022-01-27 12:53:54,208] {manager.py:1069} INFO - Failing jobs without heartbeat after 2022-01-27 12:48:54.208920+00:00
[2022-01-27 12:54:03,235] {manager.py:784} INFO - 
================================================================================
DAG File Processing Stats

File Path                                        PID    Runtime      # DAGs    # Errors  Last Runtime    Last Run
-----------------------------------------------  -----  ---------  --------  ----------  --------------  -------------------
/opt/airflow/dags/data_ingestion_gcs_dag.py                               1           0  11.15s          2022-01-27T12:53:44
/opt/airflow/dags/data_ingestion_localDB_dag.py                           1           0  11.13s          2022-01-27T12:53:44
================================================================================
[2022-01-27 12:54:04,237] {manager.py:1065} INFO - Finding 'running' jobs without a recent heartbeat
[2022-01-27 12:54:04,237] {manager.py:1069} INFO - Failing jobs without heartbeat after 2022-01-27 12:49:04.237420+00:00
[2022-01-27 12:54:14,268] {manager.py:1065} INFO - Finding 'running' jobs without a recent heartbeat
[2022-01-27 12:54:14,268] {manager.py:1069} INFO - Failing jobs without heartbeat after 2022-01-27 12:49:14.268646+00:00
[2022-01-27 12:54:24,405] {manager.py:1065} INFO - Finding 'running' jobs without a recent heartbeat
[2022-01-27 12:54:24,406] {manager.py:1069} INFO - Failing jobs without heartbeat after 2022-01-27 12:49:24.406068+00:00
[2022-01-27 12:54:33,430] {manager.py:784} INFO - 
================================================================================
DAG File Processing Stats

File Path                                        PID    Runtime      # DAGs    # Errors  Last Runtime    Last Run
-----------------------------------------------  -----  ---------  --------  ----------  --------------  -------------------
/opt/airflow/dags/data_ingestion_gcs_dag.py                               1           0  0.90s           2022-01-27T12:54:15
/opt/airflow/dags/data_ingestion_localDB_dag.py                           1           0  0.11s           2022-01-27T12:54:14
================================================================================
[2022-01-27 12:54:34,431] {manager.py:1065} INFO - Finding 'running' jobs without a recent heartbeat
[2022-01-27 12:54:34,431] {manager.py:1069} INFO - Failing jobs without heartbeat after 2022-01-27 12:49:34.431492+00:00
[2022-01-27 12:54:44,458] {manager.py:1065} INFO - Finding 'running' jobs without a recent heartbeat
[2022-01-27 12:54:44,458] {manager.py:1069} INFO - Failing jobs without heartbeat after 2022-01-27 12:49:44.458329+00:00
[2022-01-27 12:54:54,499] {manager.py:1065} INFO - Finding 'running' jobs without a recent heartbeat
[2022-01-27 12:54:54,499] {manager.py:1069} INFO - Failing jobs without heartbeat after 2022-01-27 12:49:54.499908+00:00
[2022-01-27 12:55:03,531] {manager.py:784} INFO - 
================================================================================
DAG File Processing Stats

File Path                                        PID    Runtime      # DAGs    # Errors  Last Runtime    Last Run
-----------------------------------------------  -----  ---------  --------  ----------  --------------  -------------------
/opt/airflow/dags/data_ingestion_gcs_dag.py                               1           0  1.07s           2022-01-27T12:54:46
/opt/airflow/dags/data_ingestion_localDB_dag.py                           1           0  0.10s           2022-01-27T12:54:44
================================================================================
[2022-01-27 12:55:04,533] {manager.py:1065} INFO - Finding 'running' jobs without a recent heartbeat
[2022-01-27 12:55:04,533] {manager.py:1069} INFO - Failing jobs without heartbeat after 2022-01-27 12:50:04.533746+00:00
[2022-01-27 12:55:14,571] {manager.py:1065} INFO - Finding 'running' jobs without a recent heartbeat
[2022-01-27 12:55:14,571] {manager.py:1069} INFO - Failing jobs without heartbeat after 2022-01-27 12:50:14.571372+00:00
[2022-01-27 12:55:24,696] {manager.py:1065} INFO - Finding 'running' jobs without a recent heartbeat
[2022-01-27 12:55:24,696] {manager.py:1069} INFO - Failing jobs without heartbeat after 2022-01-27 12:50:24.696381+00:00
[2022-01-27 12:55:33,721] {manager.py:784} INFO - 
================================================================================
DAG File Processing Stats

File Path                                        PID    Runtime      # DAGs    # Errors  Last Runtime    Last Run
-----------------------------------------------  -----  ---------  --------  ----------  --------------  -------------------
/opt/airflow/dags/data_ingestion_gcs_dag.py                               1           0  0.86s           2022-01-27T12:55:17
/opt/airflow/dags/data_ingestion_localDB_dag.py                           1           0  0.10s           2022-01-27T12:55:14
================================================================================
[2022-01-27 12:55:34,723] {manager.py:1065} INFO - Finding 'running' jobs without a recent heartbeat
[2022-01-27 12:55:34,723] {manager.py:1069} INFO - Failing jobs without heartbeat after 2022-01-27 12:50:34.723384+00:00
[2022-01-27 12:55:44,745] {manager.py:1065} INFO - Finding 'running' jobs without a recent heartbeat
[2022-01-27 12:55:44,746] {manager.py:1069} INFO - Failing jobs without heartbeat after 2022-01-27 12:50:44.746119+00:00
[2022-01-27 12:55:54,758] {manager.py:1065} INFO - Finding 'running' jobs without a recent heartbeat
[2022-01-27 12:55:54,758] {manager.py:1069} INFO - Failing jobs without heartbeat after 2022-01-27 12:50:54.758567+00:00
[2022-01-27 12:56:03,792] {manager.py:784} INFO - 
================================================================================
DAG File Processing Stats

File Path                                        PID    Runtime      # DAGs    # Errors  Last Runtime    Last Run
-----------------------------------------------  -----  ---------  --------  ----------  --------------  -------------------
/opt/airflow/dags/data_ingestion_gcs_dag.py                               1           0  0.97s           2022-01-27T12:55:48
/opt/airflow/dags/data_ingestion_localDB_dag.py                           1           0  0.10s           2022-01-27T12:55:44
================================================================================
[2022-01-27 12:56:04,794] {manager.py:1065} INFO - Finding 'running' jobs without a recent heartbeat
[2022-01-27 12:56:04,794] {manager.py:1069} INFO - Failing jobs without heartbeat after 2022-01-27 12:51:04.794865+00:00
[2022-01-27 12:56:14,828] {manager.py:1065} INFO - Finding 'running' jobs without a recent heartbeat
[2022-01-27 12:56:14,828] {manager.py:1069} INFO - Failing jobs without heartbeat after 2022-01-27 12:51:14.828953+00:00
[2022-01-27 12:56:25,018] {manager.py:1065} INFO - Finding 'running' jobs without a recent heartbeat
[2022-01-27 12:56:25,018] {manager.py:1069} INFO - Failing jobs without heartbeat after 2022-01-27 12:51:25.018563+00:00
[2022-01-27 12:56:34,055] {manager.py:784} INFO - 
================================================================================
DAG File Processing Stats

File Path                                        PID    Runtime      # DAGs    # Errors  Last Runtime    Last Run
-----------------------------------------------  -----  ---------  --------  ----------  --------------  -------------------
/opt/airflow/dags/data_ingestion_gcs_dag.py                               1           0  1.21s           2022-01-27T12:56:20
/opt/airflow/dags/data_ingestion_localDB_dag.py                           1           0  0.09s           2022-01-27T12:56:14
================================================================================
[2022-01-27 12:56:35,057] {manager.py:1065} INFO - Finding 'running' jobs without a recent heartbeat
[2022-01-27 12:56:35,057] {manager.py:1069} INFO - Failing jobs without heartbeat after 2022-01-27 12:51:35.057821+00:00
[2022-01-27 12:56:45,088] {manager.py:1065} INFO - Finding 'running' jobs without a recent heartbeat
[2022-01-27 12:56:45,088] {manager.py:1069} INFO - Failing jobs without heartbeat after 2022-01-27 12:51:45.088754+00:00
[2022-01-27 12:56:55,220] {manager.py:1065} INFO - Finding 'running' jobs without a recent heartbeat
[2022-01-27 12:56:55,220] {manager.py:1069} INFO - Failing jobs without heartbeat after 2022-01-27 12:51:55.220625+00:00
[2022-01-27 12:57:04,072] {manager.py:784} INFO - 
================================================================================
DAG File Processing Stats

File Path                                        PID    Runtime      # DAGs    # Errors  Last Runtime    Last Run
-----------------------------------------------  -----  ---------  --------  ----------  --------------  -------------------
/opt/airflow/dags/data_ingestion_gcs_dag.py                               1           0  0.86s           2022-01-27T12:56:51
/opt/airflow/dags/data_ingestion_localDB_dag.py                           1           0  0.10s           2022-01-27T12:56:45
================================================================================
[2022-01-27 12:57:05,244] {manager.py:1065} INFO - Finding 'running' jobs without a recent heartbeat
[2022-01-27 12:57:05,244] {manager.py:1069} INFO - Failing jobs without heartbeat after 2022-01-27 12:52:05.244256+00:00
[2022-01-27 12:57:15,266] {manager.py:1065} INFO - Finding 'running' jobs without a recent heartbeat
[2022-01-27 12:57:15,266] {manager.py:1069} INFO - Failing jobs without heartbeat after 2022-01-27 12:52:15.266252+00:00
[2022-01-27 12:57:25,416] {manager.py:1065} INFO - Finding 'running' jobs without a recent heartbeat
[2022-01-27 12:57:25,417] {manager.py:1069} INFO - Failing jobs without heartbeat after 2022-01-27 12:52:25.417189+00:00
[2022-01-27 12:57:34,450] {manager.py:784} INFO - 
================================================================================
DAG File Processing Stats

File Path                                        PID    Runtime      # DAGs    # Errors  Last Runtime    Last Run
-----------------------------------------------  -----  ---------  --------  ----------  --------------  -------------------
/opt/airflow/dags/data_ingestion_gcs_dag.py                               1           0  1.24s           2022-01-27T12:57:22
/opt/airflow/dags/data_ingestion_localDB_dag.py                           1           0  0.12s           2022-01-27T12:57:15
================================================================================
[2022-01-27 12:57:35,452] {manager.py:1065} INFO - Finding 'running' jobs without a recent heartbeat
[2022-01-27 12:57:35,453] {manager.py:1069} INFO - Failing jobs without heartbeat after 2022-01-27 12:52:35.453178+00:00
[2022-01-27 12:57:45,488] {manager.py:1065} INFO - Finding 'running' jobs without a recent heartbeat
[2022-01-27 12:57:45,488] {manager.py:1069} INFO - Failing jobs without heartbeat after 2022-01-27 12:52:45.488946+00:00
[2022-01-27 12:57:55,611] {manager.py:1065} INFO - Finding 'running' jobs without a recent heartbeat
[2022-01-27 12:57:55,611] {manager.py:1069} INFO - Failing jobs without heartbeat after 2022-01-27 12:52:55.611594+00:00
[2022-01-27 12:58:04,514] {manager.py:784} INFO - 
================================================================================
DAG File Processing Stats

File Path                                        PID    Runtime      # DAGs    # Errors  Last Runtime    Last Run
-----------------------------------------------  -----  ---------  --------  ----------  --------------  -------------------
/opt/airflow/dags/data_ingestion_gcs_dag.py                               1           0  0.90s           2022-01-27T12:57:53
/opt/airflow/dags/data_ingestion_localDB_dag.py                           1           0  0.10s           2022-01-27T12:57:45
================================================================================
[2022-01-27 12:58:05,635] {manager.py:1065} INFO - Finding 'running' jobs without a recent heartbeat
[2022-01-27 12:58:05,635] {manager.py:1069} INFO - Failing jobs without heartbeat after 2022-01-27 12:53:05.635529+00:00
[2022-01-27 12:58:15,658] {manager.py:1065} INFO - Finding 'running' jobs without a recent heartbeat
[2022-01-27 12:58:15,658] {manager.py:1069} INFO - Failing jobs without heartbeat after 2022-01-27 12:53:15.658842+00:00
[2022-01-27 12:58:25,783] {manager.py:1065} INFO - Finding 'running' jobs without a recent heartbeat
[2022-01-27 12:58:25,783] {manager.py:1069} INFO - Failing jobs without heartbeat after 2022-01-27 12:53:25.783776+00:00
[2022-01-27 12:58:33,666] {manager.py:663} INFO - Searching for files in /opt/airflow/dags
[2022-01-27 12:58:33,667] {manager.py:666} INFO - There are 2 files in /opt/airflow/dags
[2022-01-27 12:58:34,680] {manager.py:784} INFO - 
================================================================================
DAG File Processing Stats

File Path                                        PID    Runtime      # DAGs    # Errors  Last Runtime    Last Run
-----------------------------------------------  -----  ---------  --------  ----------  --------------  -------------------
/opt/airflow/dags/data_ingestion_gcs_dag.py                               1           0  0.95s           2022-01-27T12:58:24
/opt/airflow/dags/data_ingestion_localDB_dag.py                           1           0  0.10s           2022-01-27T12:58:15
================================================================================
[2022-01-27 12:58:35,812] {manager.py:1065} INFO - Finding 'running' jobs without a recent heartbeat
[2022-01-27 12:58:35,812] {manager.py:1069} INFO - Failing jobs without heartbeat after 2022-01-27 12:53:35.812561+00:00
[2022-01-27 12:58:45,835] {manager.py:1065} INFO - Finding 'running' jobs without a recent heartbeat
[2022-01-27 12:58:45,835] {manager.py:1069} INFO - Failing jobs without heartbeat after 2022-01-27 12:53:45.835476+00:00
[2022-01-27 12:58:55,956] {manager.py:1065} INFO - Finding 'running' jobs without a recent heartbeat
[2022-01-27 12:58:55,956] {manager.py:1069} INFO - Failing jobs without heartbeat after 2022-01-27 12:53:55.956372+00:00
[2022-01-27 12:59:04,738] {manager.py:784} INFO - 
================================================================================
DAG File Processing Stats

File Path                                        PID    Runtime      # DAGs    # Errors  Last Runtime    Last Run
-----------------------------------------------  -----  ---------  --------  ----------  --------------  -------------------
/opt/airflow/dags/data_ingestion_gcs_dag.py                               1           0  0.85s           2022-01-27T12:58:55
/opt/airflow/dags/data_ingestion_localDB_dag.py                           1           0  0.10s           2022-01-27T12:58:45
================================================================================
[2022-01-27 12:59:05,982] {manager.py:1065} INFO - Finding 'running' jobs without a recent heartbeat
[2022-01-27 12:59:05,982] {manager.py:1069} INFO - Failing jobs without heartbeat after 2022-01-27 12:54:05.982681+00:00
[2022-01-27 12:59:16,009] {manager.py:1065} INFO - Finding 'running' jobs without a recent heartbeat
[2022-01-27 12:59:16,010] {manager.py:1069} INFO - Failing jobs without heartbeat after 2022-01-27 12:54:16.010133+00:00
[2022-01-27 12:59:26,045] {manager.py:1065} INFO - Finding 'running' jobs without a recent heartbeat
[2022-01-27 12:59:26,046] {manager.py:1069} INFO - Failing jobs without heartbeat after 2022-01-27 12:54:26.046013+00:00
[2022-01-27 12:59:34,938] {manager.py:784} INFO - 
================================================================================
DAG File Processing Stats

File Path                                        PID    Runtime      # DAGs    # Errors  Last Runtime    Last Run
-----------------------------------------------  -----  ---------  --------  ----------  --------------  -------------------
/opt/airflow/dags/data_ingestion_gcs_dag.py                               1           0  0.87s           2022-01-27T12:59:26
/opt/airflow/dags/data_ingestion_localDB_dag.py                           1           0  0.10s           2022-01-27T12:59:16
================================================================================
[2022-01-27 12:59:36,154] {manager.py:1065} INFO - Finding 'running' jobs without a recent heartbeat
[2022-01-27 12:59:36,154] {manager.py:1069} INFO - Failing jobs without heartbeat after 2022-01-27 12:54:36.154575+00:00
[2022-01-27 12:59:46,179] {manager.py:1065} INFO - Finding 'running' jobs without a recent heartbeat
[2022-01-27 12:59:46,179] {manager.py:1069} INFO - Failing jobs without heartbeat after 2022-01-27 12:54:46.179422+00:00
[2022-01-27 12:59:56,214] {manager.py:1065} INFO - Finding 'running' jobs without a recent heartbeat
[2022-01-27 12:59:56,214] {manager.py:1069} INFO - Failing jobs without heartbeat after 2022-01-27 12:54:56.214603+00:00
[2022-01-27 13:00:05,121] {manager.py:784} INFO - 
================================================================================
DAG File Processing Stats

File Path                                        PID    Runtime      # DAGs    # Errors  Last Runtime    Last Run
-----------------------------------------------  -----  ---------  --------  ----------  --------------  -------------------
/opt/airflow/dags/data_ingestion_gcs_dag.py                               1           0  0.88s           2022-01-27T12:59:58
/opt/airflow/dags/data_ingestion_localDB_dag.py                           1           0  0.10s           2022-01-27T12:59:46
================================================================================
[2022-01-27 13:00:06,318] {manager.py:1065} INFO - Finding 'running' jobs without a recent heartbeat
[2022-01-27 13:00:06,318] {manager.py:1069} INFO - Failing jobs without heartbeat after 2022-01-27 12:55:06.318525+00:00
[2022-01-27 13:00:16,343] {manager.py:1065} INFO - Finding 'running' jobs without a recent heartbeat
[2022-01-27 13:00:16,343] {manager.py:1069} INFO - Failing jobs without heartbeat after 2022-01-27 12:55:16.343727+00:00
[2022-01-27 13:00:26,381] {manager.py:1065} INFO - Finding 'running' jobs without a recent heartbeat
[2022-01-27 13:00:26,381] {manager.py:1069} INFO - Failing jobs without heartbeat after 2022-01-27 12:55:26.381543+00:00
[2022-01-27 13:00:35,296] {manager.py:784} INFO - 
================================================================================
DAG File Processing Stats

File Path                                        PID    Runtime      # DAGs    # Errors  Last Runtime    Last Run
-----------------------------------------------  -----  ---------  --------  ----------  --------------  -------------------
/opt/airflow/dags/data_ingestion_gcs_dag.py                               1           0  0.88s           2022-01-27T13:00:29
/opt/airflow/dags/data_ingestion_localDB_dag.py                           1           0  0.10s           2022-01-27T13:00:16
================================================================================
[2022-01-27 13:00:36,481] {manager.py:1065} INFO - Finding 'running' jobs without a recent heartbeat
[2022-01-27 13:00:36,481] {manager.py:1069} INFO - Failing jobs without heartbeat after 2022-01-27 12:55:36.481436+00:00
[2022-01-27 13:00:46,505] {manager.py:1065} INFO - Finding 'running' jobs without a recent heartbeat
[2022-01-27 13:00:46,506] {manager.py:1069} INFO - Failing jobs without heartbeat after 2022-01-27 12:55:46.505994+00:00
[2022-01-27 13:00:56,542] {manager.py:1065} INFO - Finding 'running' jobs without a recent heartbeat
[2022-01-27 13:00:56,542] {manager.py:1069} INFO - Failing jobs without heartbeat after 2022-01-27 12:55:56.542463+00:00
[2022-01-27 13:01:05,515] {manager.py:784} INFO - 
================================================================================
DAG File Processing Stats

File Path                                        PID    Runtime      # DAGs    # Errors  Last Runtime    Last Run
-----------------------------------------------  -----  ---------  --------  ----------  --------------  -------------------
/opt/airflow/dags/data_ingestion_gcs_dag.py                               1           0  0.94s           2022-01-27T13:01:00
/opt/airflow/dags/data_ingestion_localDB_dag.py                           1           0  0.09s           2022-01-27T13:00:46
================================================================================
