[2022-01-29 12:36:49,776] {taskinstance.py:1032} INFO - Dependencies all met for <TaskInstance: data_ingestion_gcs_dag.download_dataset_task scheduled__2021-04-02T06:00:00+00:00 [queued]>
[2022-01-29 12:36:49,823] {taskinstance.py:1032} INFO - Dependencies all met for <TaskInstance: data_ingestion_gcs_dag.download_dataset_task scheduled__2021-04-02T06:00:00+00:00 [queued]>
[2022-01-29 12:36:49,823] {taskinstance.py:1238} INFO - 
--------------------------------------------------------------------------------
[2022-01-29 12:36:49,823] {taskinstance.py:1239} INFO - Starting attempt 1 of 2
[2022-01-29 12:36:49,823] {taskinstance.py:1240} INFO - 
--------------------------------------------------------------------------------
[2022-01-29 12:36:49,890] {taskinstance.py:1259} INFO - Executing <Task(BashOperator): download_dataset_task> on 2021-04-02 06:00:00+00:00
[2022-01-29 12:36:49,907] {standard_task_runner.py:52} INFO - Started process 4781 to run task
[2022-01-29 12:36:49,923] {standard_task_runner.py:76} INFO - Running: ['***', 'tasks', 'run', 'data_ingestion_gcs_dag', 'download_dataset_task', 'scheduled__2021-04-02T06:00:00+00:00', '--job-id', '454', '--raw', '--subdir', 'DAGS_FOLDER/data_ingestion_gcs_dag.py', '--cfg-path', '/tmp/tmplyxkst8y', '--error-file', '/tmp/tmpdtfkzotf']
[2022-01-29 12:36:49,929] {standard_task_runner.py:77} INFO - Job 454: Subtask download_dataset_task
[2022-01-29 12:36:50,093] {logging_mixin.py:109} INFO - Running <TaskInstance: data_ingestion_gcs_dag.download_dataset_task scheduled__2021-04-02T06:00:00+00:00 [running]> on host 85e1117cfb12
[2022-01-29 12:36:50,377] {taskinstance.py:1426} INFO - Exporting the following env vars:
AIRFLOW_CTX_DAG_OWNER=***
AIRFLOW_CTX_DAG_ID=data_ingestion_gcs_dag
AIRFLOW_CTX_TASK_ID=download_dataset_task
AIRFLOW_CTX_EXECUTION_DATE=2021-04-02T06:00:00+00:00
AIRFLOW_CTX_DAG_RUN_ID=scheduled__2021-04-02T06:00:00+00:00
[2022-01-29 12:36:50,379] {subprocess.py:62} INFO - Tmp dir root location: 
 /tmp
[2022-01-29 12:36:50,380] {subprocess.py:74} INFO - Running command: ['bash', '-c', 'curl -sS https://s3.amazonaws.com/nyc-tlc/trip+data/yellow_tripdata_2021-01.csv > /opt/***/yellow_tripdata_2021-01.csv']
[2022-01-29 12:36:50,435] {subprocess.py:85} INFO - Output:
[2022-01-29 12:36:54,843] {subprocess.py:93} INFO - Command exited with return code 0
[2022-01-29 12:36:54,899] {taskinstance.py:1277} INFO - Marking task as SUCCESS. dag_id=data_ingestion_gcs_dag, task_id=download_dataset_task, execution_date=20210402T060000, start_date=20220129T123649, end_date=20220129T123654
[2022-01-29 12:36:54,957] {local_task_job.py:154} INFO - Task exited with return code 0
[2022-01-29 12:36:55,051] {local_task_job.py:264} INFO - 1 downstream tasks scheduled from follow-on schedule check
[2022-01-29 13:22:59,257] {taskinstance.py:1032} INFO - Dependencies all met for <TaskInstance: data_ingestion_gcs_dag.download_dataset_task scheduled__2021-04-02T06:00:00+00:00 [queued]>
[2022-01-29 13:22:59,288] {taskinstance.py:1032} INFO - Dependencies all met for <TaskInstance: data_ingestion_gcs_dag.download_dataset_task scheduled__2021-04-02T06:00:00+00:00 [queued]>
[2022-01-29 13:22:59,288] {taskinstance.py:1238} INFO - 
--------------------------------------------------------------------------------
[2022-01-29 13:22:59,288] {taskinstance.py:1239} INFO - Starting attempt 1 of 1
[2022-01-29 13:22:59,289] {taskinstance.py:1240} INFO - 
--------------------------------------------------------------------------------
[2022-01-29 13:22:59,338] {taskinstance.py:1259} INFO - Executing <Task(BashOperator): download_dataset_task> on 2021-04-02 06:00:00+00:00
[2022-01-29 13:22:59,365] {standard_task_runner.py:52} INFO - Started process 335 to run task
[2022-01-29 13:22:59,396] {standard_task_runner.py:76} INFO - Running: ['***', 'tasks', 'run', 'data_ingestion_gcs_dag', 'download_dataset_task', 'scheduled__2021-04-02T06:00:00+00:00', '--job-id', '542', '--raw', '--subdir', 'DAGS_FOLDER/data_ingestion_gcs_dag.py', '--cfg-path', '/tmp/tmp0drhdm47', '--error-file', '/tmp/tmpr7py0h3x']
[2022-01-29 13:22:59,397] {standard_task_runner.py:77} INFO - Job 542: Subtask download_dataset_task
[2022-01-29 13:22:59,612] {logging_mixin.py:109} INFO - Running <TaskInstance: data_ingestion_gcs_dag.download_dataset_task scheduled__2021-04-02T06:00:00+00:00 [running]> on host 9bf957887753
[2022-01-29 13:22:59,801] {warnings.py:110} WARNING - /home/***/.local/lib/python3.7/site-packages/***/utils/context.py:152: AirflowContextDeprecationWarning: Accessing 'execution_date' from the template is deprecated and will be removed in a future version. Please use 'data_interval_start' or 'logical_date' instead.
  warnings.warn(_create_deprecation_warning(key, self._deprecation_replacements[key]))

[2022-01-29 13:22:59,881] {taskinstance.py:1426} INFO - Exporting the following env vars:
AIRFLOW_CTX_DAG_OWNER=***
AIRFLOW_CTX_DAG_ID=data_ingestion_gcs_dag
AIRFLOW_CTX_TASK_ID=download_dataset_task
AIRFLOW_CTX_EXECUTION_DATE=2021-04-02T06:00:00+00:00
AIRFLOW_CTX_DAG_RUN_ID=scheduled__2021-04-02T06:00:00+00:00
[2022-01-29 13:22:59,882] {subprocess.py:62} INFO - Tmp dir root location: 
 /tmp
[2022-01-29 13:22:59,883] {subprocess.py:74} INFO - Running command: ['bash', '-c', 'curl -sS https://s3.amazonaws.com/nyc-tlc/trip+data/yellow_tripdata_2021-04.csv > /opt/***/yellow_tripdata_2021-04.csv']
[2022-01-29 13:22:59,939] {subprocess.py:85} INFO - Output:
[2022-01-29 13:23:07,067] {subprocess.py:93} INFO - Command exited with return code 0
[2022-01-29 13:23:07,406] {taskinstance.py:1277} INFO - Marking task as SUCCESS. dag_id=data_ingestion_gcs_dag, task_id=download_dataset_task, execution_date=20210402T060000, start_date=20220129T132259, end_date=20220129T132307
[2022-01-29 13:23:07,543] {local_task_job.py:154} INFO - Task exited with return code 0
[2022-01-29 13:23:07,635] {local_task_job.py:264} INFO - 1 downstream tasks scheduled from follow-on schedule check
