[2022-01-29 09:05:47,505] {taskinstance.py:1032} INFO - Dependencies all met for <TaskInstance: LocalIngestionDag.wget scheduled__2021-06-02T06:00:00+00:00 [queued]>
[2022-01-29 09:05:47,522] {taskinstance.py:1032} INFO - Dependencies all met for <TaskInstance: LocalIngestionDag.wget scheduled__2021-06-02T06:00:00+00:00 [queued]>
[2022-01-29 09:05:47,523] {taskinstance.py:1238} INFO - 
--------------------------------------------------------------------------------
[2022-01-29 09:05:47,523] {taskinstance.py:1239} INFO - Starting attempt 1 of 1
[2022-01-29 09:05:47,523] {taskinstance.py:1240} INFO - 
--------------------------------------------------------------------------------
[2022-01-29 09:05:47,568] {taskinstance.py:1259} INFO - Executing <Task(BashOperator): wget> on 2021-06-02 06:00:00+00:00
[2022-01-29 09:05:47,612] {standard_task_runner.py:52} INFO - Started process 274 to run task
[2022-01-29 09:05:47,622] {standard_task_runner.py:76} INFO - Running: ['***', 'tasks', 'run', 'LocalIngestionDag', 'wget', 'scheduled__2021-06-02T06:00:00+00:00', '--job-id', '55', '--raw', '--subdir', 'DAGS_FOLDER/data_ingestion_local.py', '--cfg-path', '/tmp/tmpqjlsgtok', '--error-file', '/tmp/tmpo8onq0kj']
[2022-01-29 09:05:47,623] {standard_task_runner.py:77} INFO - Job 55: Subtask wget
[2022-01-29 09:05:48,001] {logging_mixin.py:109} INFO - Running <TaskInstance: LocalIngestionDag.wget scheduled__2021-06-02T06:00:00+00:00 [running]> on host 68102482cc2e
[2022-01-29 09:05:48,185] {taskinstance.py:1426} INFO - Exporting the following env vars:
AIRFLOW_CTX_DAG_OWNER=***
AIRFLOW_CTX_DAG_ID=LocalIngestionDag
AIRFLOW_CTX_TASK_ID=wget
AIRFLOW_CTX_EXECUTION_DATE=2021-06-02T06:00:00+00:00
AIRFLOW_CTX_DAG_RUN_ID=scheduled__2021-06-02T06:00:00+00:00
[2022-01-29 09:05:48,186] {subprocess.py:62} INFO - Tmp dir root location: 
 /tmp
[2022-01-29 09:05:48,187] {subprocess.py:74} INFO - Running command: ['bash', '-c', 'echo "hello world"']
[2022-01-29 09:05:48,230] {subprocess.py:85} INFO - Output:
[2022-01-29 09:05:48,247] {subprocess.py:89} INFO - hello world
[2022-01-29 09:05:48,248] {subprocess.py:93} INFO - Command exited with return code 0
[2022-01-29 09:05:48,443] {taskinstance.py:1277} INFO - Marking task as SUCCESS. dag_id=LocalIngestionDag, task_id=wget, execution_date=20210602T060000, start_date=20220129T090547, end_date=20220129T090548
[2022-01-29 09:05:48,544] {local_task_job.py:154} INFO - Task exited with return code 0
[2022-01-29 09:05:48,724] {local_task_job.py:264} INFO - 1 downstream tasks scheduled from follow-on schedule check
