[2022-01-30 01:34:22,434] {taskinstance.py:1032} INFO - Dependencies all met for <TaskInstance: data_ingestion_gcs_dag_fhv_2.download_dataset_task scheduled__2021-01-02T06:00:00+00:00 [queued]>
[2022-01-30 01:34:22,520] {taskinstance.py:1032} INFO - Dependencies all met for <TaskInstance: data_ingestion_gcs_dag_fhv_2.download_dataset_task scheduled__2021-01-02T06:00:00+00:00 [queued]>
[2022-01-30 01:34:22,520] {taskinstance.py:1238} INFO - 
--------------------------------------------------------------------------------
[2022-01-30 01:34:22,520] {taskinstance.py:1239} INFO - Starting attempt 1 of 1
[2022-01-30 01:34:22,520] {taskinstance.py:1240} INFO - 
--------------------------------------------------------------------------------
[2022-01-30 01:34:22,644] {taskinstance.py:1259} INFO - Executing <Task(BashOperator): download_dataset_task> on 2021-01-02 06:00:00+00:00
[2022-01-30 01:34:22,693] {standard_task_runner.py:52} INFO - Started process 1035 to run task
[2022-01-30 01:34:22,745] {standard_task_runner.py:76} INFO - Running: ['***', 'tasks', 'run', 'data_ingestion_gcs_dag_fhv_2', 'download_dataset_task', 'scheduled__2021-01-02T06:00:00+00:00', '--job-id', '110', '--raw', '--subdir', 'DAGS_FOLDER/data_ingestion_gcs_dag_2_fhv.py', '--cfg-path', '/tmp/tmpqgo72mpg', '--error-file', '/tmp/tmp57m58rbw']
[2022-01-30 01:34:22,757] {standard_task_runner.py:77} INFO - Job 110: Subtask download_dataset_task
[2022-01-30 01:34:23,096] {logging_mixin.py:109} INFO - Running <TaskInstance: data_ingestion_gcs_dag_fhv_2.download_dataset_task scheduled__2021-01-02T06:00:00+00:00 [running]> on host 04ca2676bdcc
[2022-01-30 01:34:23,616] {warnings.py:110} WARNING - /home/***/.local/lib/python3.7/site-packages/***/utils/context.py:152: AirflowContextDeprecationWarning: Accessing 'execution_date' from the template is deprecated and will be removed in a future version. Please use 'data_interval_start' or 'logical_date' instead.
  warnings.warn(_create_deprecation_warning(key, self._deprecation_replacements[key]))

[2022-01-30 01:34:23,821] {taskinstance.py:1426} INFO - Exporting the following env vars:
AIRFLOW_CTX_DAG_OWNER=***
AIRFLOW_CTX_DAG_ID=data_ingestion_gcs_dag_fhv_2
AIRFLOW_CTX_TASK_ID=download_dataset_task
AIRFLOW_CTX_EXECUTION_DATE=2021-01-02T06:00:00+00:00
AIRFLOW_CTX_DAG_RUN_ID=scheduled__2021-01-02T06:00:00+00:00
[2022-01-30 01:34:23,822] {subprocess.py:62} INFO - Tmp dir root location: 
 /tmp
[2022-01-30 01:34:23,823] {subprocess.py:74} INFO - Running command: ['bash', '-c', 'curl -sSLf https://nyc-tlc.s3.amazonaws.com/trip+data/fhv_tripdata_2021-01.csv > /opt/***/fhv_tripdata_2021-01.csv']
[2022-01-30 01:34:24,088] {subprocess.py:85} INFO - Output:
[2022-01-30 01:34:28,310] {subprocess.py:93} INFO - Command exited with return code 0
[2022-01-30 01:34:29,470] {taskinstance.py:1277} INFO - Marking task as SUCCESS. dag_id=data_ingestion_gcs_dag_fhv_2, task_id=download_dataset_task, execution_date=20210102T060000, start_date=20220130T013422, end_date=20220130T013429
[2022-01-30 01:34:30,314] {local_task_job.py:154} INFO - Task exited with return code 0
[2022-01-30 01:34:32,384] {local_task_job.py:264} INFO - 1 downstream tasks scheduled from follow-on schedule check
