[2022-01-30 01:32:26,071] {taskinstance.py:1032} INFO - Dependencies all met for <TaskInstance: data_ingestion_gcs_dag_fhv_2.local_to_gcs_task scheduled__2019-07-02T06:00:00+00:00 [queued]>
[2022-01-30 01:32:27,703] {taskinstance.py:1032} INFO - Dependencies all met for <TaskInstance: data_ingestion_gcs_dag_fhv_2.local_to_gcs_task scheduled__2019-07-02T06:00:00+00:00 [queued]>
[2022-01-30 01:32:27,703] {taskinstance.py:1238} INFO - 
--------------------------------------------------------------------------------
[2022-01-30 01:32:27,703] {taskinstance.py:1239} INFO - Starting attempt 1 of 1
[2022-01-30 01:32:27,703] {taskinstance.py:1240} INFO - 
--------------------------------------------------------------------------------
[2022-01-30 01:32:29,572] {taskinstance.py:1259} INFO - Executing <Task(PythonOperator): local_to_gcs_task> on 2019-07-02 06:00:00+00:00
[2022-01-30 01:32:29,581] {standard_task_runner.py:52} INFO - Started process 769 to run task
[2022-01-30 01:32:29,597] {standard_task_runner.py:76} INFO - Running: ['***', 'tasks', 'run', 'data_ingestion_gcs_dag_fhv_2', 'local_to_gcs_task', 'scheduled__2019-07-02T06:00:00+00:00', '--job-id', '68', '--raw', '--subdir', 'DAGS_FOLDER/data_ingestion_gcs_dag_2_fhv.py', '--cfg-path', '/tmp/tmp_a0ro8or', '--error-file', '/tmp/tmpfqnljgke']
[2022-01-30 01:32:29,599] {standard_task_runner.py:77} INFO - Job 68: Subtask local_to_gcs_task
[2022-01-30 01:32:31,383] {logging_mixin.py:109} INFO - Running <TaskInstance: data_ingestion_gcs_dag_fhv_2.local_to_gcs_task scheduled__2019-07-02T06:00:00+00:00 [running]> on host 04ca2676bdcc
[2022-01-30 01:32:33,207] {warnings.py:110} WARNING - /home/***/.local/lib/python3.7/site-packages/***/utils/context.py:152: AirflowContextDeprecationWarning: Accessing 'execution_date' from the template is deprecated and will be removed in a future version. Please use 'data_interval_start' or 'logical_date' instead.
  warnings.warn(_create_deprecation_warning(key, self._deprecation_replacements[key]))

[2022-01-30 01:32:36,922] {taskinstance.py:1426} INFO - Exporting the following env vars:
AIRFLOW_CTX_DAG_OWNER=***
AIRFLOW_CTX_DAG_ID=data_ingestion_gcs_dag_fhv_2
AIRFLOW_CTX_TASK_ID=local_to_gcs_task
AIRFLOW_CTX_EXECUTION_DATE=2019-07-02T06:00:00+00:00
AIRFLOW_CTX_DAG_RUN_ID=scheduled__2019-07-02T06:00:00+00:00
[2022-01-30 01:32:38,319] {python.py:175} INFO - Done. Returned value was: None
[2022-01-30 01:32:38,339] {taskinstance.py:1277} INFO - Marking task as SUCCESS. dag_id=data_ingestion_gcs_dag_fhv_2, task_id=local_to_gcs_task, execution_date=20190702T060000, start_date=20220130T013227, end_date=20220130T013238
[2022-01-30 01:32:45,692] {local_task_job.py:154} INFO - Task exited with return code 0
[2022-01-30 01:32:50,753] {local_task_job.py:264} INFO - 1 downstream tasks scheduled from follow-on schedule check
