[2022-01-29 09:05:53,578] {taskinstance.py:1032} INFO - Dependencies all met for <TaskInstance: LocalIngestionDag.wget scheduled__2021-10-02T06:00:00+00:00 [queued]>
[2022-01-29 09:05:53,613] {taskinstance.py:1032} INFO - Dependencies all met for <TaskInstance: LocalIngestionDag.wget scheduled__2021-10-02T06:00:00+00:00 [queued]>
[2022-01-29 09:05:53,613] {taskinstance.py:1238} INFO - 
--------------------------------------------------------------------------------
[2022-01-29 09:05:53,614] {taskinstance.py:1239} INFO - Starting attempt 1 of 1
[2022-01-29 09:05:53,614] {taskinstance.py:1240} INFO - 
--------------------------------------------------------------------------------
[2022-01-29 09:05:53,641] {taskinstance.py:1259} INFO - Executing <Task(BashOperator): wget> on 2021-10-02 06:00:00+00:00
[2022-01-29 09:05:53,660] {standard_task_runner.py:52} INFO - Started process 311 to run task
[2022-01-29 09:05:53,669] {standard_task_runner.py:76} INFO - Running: ['***', 'tasks', 'run', 'LocalIngestionDag', 'wget', 'scheduled__2021-10-02T06:00:00+00:00', '--job-id', '66', '--raw', '--subdir', 'DAGS_FOLDER/data_ingestion_local.py', '--cfg-path', '/tmp/tmps0bynzvo', '--error-file', '/tmp/tmp9r80rgyn']
[2022-01-29 09:05:53,669] {standard_task_runner.py:77} INFO - Job 66: Subtask wget
[2022-01-29 09:05:53,780] {logging_mixin.py:109} INFO - Running <TaskInstance: LocalIngestionDag.wget scheduled__2021-10-02T06:00:00+00:00 [running]> on host 68102482cc2e
[2022-01-29 09:05:53,892] {taskinstance.py:1426} INFO - Exporting the following env vars:
AIRFLOW_CTX_DAG_OWNER=***
AIRFLOW_CTX_DAG_ID=LocalIngestionDag
AIRFLOW_CTX_TASK_ID=wget
AIRFLOW_CTX_EXECUTION_DATE=2021-10-02T06:00:00+00:00
AIRFLOW_CTX_DAG_RUN_ID=scheduled__2021-10-02T06:00:00+00:00
[2022-01-29 09:05:53,893] {subprocess.py:62} INFO - Tmp dir root location: 
 /tmp
[2022-01-29 09:05:53,894] {subprocess.py:74} INFO - Running command: ['bash', '-c', 'echo "hello world"']
[2022-01-29 09:05:53,915] {subprocess.py:85} INFO - Output:
[2022-01-29 09:05:53,917] {subprocess.py:89} INFO - hello world
[2022-01-29 09:05:53,917] {subprocess.py:93} INFO - Command exited with return code 0
[2022-01-29 09:05:54,062] {taskinstance.py:1277} INFO - Marking task as SUCCESS. dag_id=LocalIngestionDag, task_id=wget, execution_date=20211002T060000, start_date=20220129T090553, end_date=20220129T090554
[2022-01-29 09:05:54,134] {local_task_job.py:154} INFO - Task exited with return code 0
[2022-01-29 09:05:54,212] {local_task_job.py:264} INFO - 1 downstream tasks scheduled from follow-on schedule check
