[2022-01-29 09:54:07,356] {taskinstance.py:1032} INFO - Dependencies all met for <TaskInstance: LocalIngestionDag.wget scheduled__2021-10-02T06:00:00+00:00 [queued]>
[2022-01-29 09:54:07,367] {taskinstance.py:1032} INFO - Dependencies all met for <TaskInstance: LocalIngestionDag.wget scheduled__2021-10-02T06:00:00+00:00 [queued]>
[2022-01-29 09:54:07,367] {taskinstance.py:1238} INFO - 
--------------------------------------------------------------------------------
[2022-01-29 09:54:07,368] {taskinstance.py:1239} INFO - Starting attempt 2 of 2
[2022-01-29 09:54:07,368] {taskinstance.py:1240} INFO - 
--------------------------------------------------------------------------------
[2022-01-29 09:54:07,381] {taskinstance.py:1259} INFO - Executing <Task(BashOperator): wget> on 2021-10-02 06:00:00+00:00
[2022-01-29 09:54:07,385] {standard_task_runner.py:52} INFO - Started process 2562 to run task
[2022-01-29 09:54:07,390] {standard_task_runner.py:76} INFO - Running: ['***', 'tasks', 'run', 'LocalIngestionDag', 'wget', 'scheduled__2021-10-02T06:00:00+00:00', '--job-id', '80', '--raw', '--subdir', 'DAGS_FOLDER/data_ingestion_local.py', '--cfg-path', '/tmp/tmp4j__cvvk', '--error-file', '/tmp/tmpvo0sekc8']
[2022-01-29 09:54:07,390] {standard_task_runner.py:77} INFO - Job 80: Subtask wget
[2022-01-29 09:54:07,458] {logging_mixin.py:109} INFO - Running <TaskInstance: LocalIngestionDag.wget scheduled__2021-10-02T06:00:00+00:00 [running]> on host 68102482cc2e
[2022-01-29 09:54:07,504] {warnings.py:110} WARNING - /home/***/.local/lib/python3.7/site-packages/***/utils/context.py:152: AirflowContextDeprecationWarning: Accessing 'execution_date' from the template is deprecated and will be removed in a future version. Please use 'data_interval_start' or 'logical_date' instead.
  warnings.warn(_create_deprecation_warning(key, self._deprecation_replacements[key]))

[2022-01-29 09:54:07,530] {taskinstance.py:1426} INFO - Exporting the following env vars:
AIRFLOW_CTX_DAG_OWNER=***
AIRFLOW_CTX_DAG_ID=LocalIngestionDag
AIRFLOW_CTX_TASK_ID=wget
AIRFLOW_CTX_EXECUTION_DATE=2021-10-02T06:00:00+00:00
AIRFLOW_CTX_DAG_RUN_ID=scheduled__2021-10-02T06:00:00+00:00
[2022-01-29 09:54:07,531] {subprocess.py:62} INFO - Tmp dir root location: 
 /tmp
[2022-01-29 09:54:07,531] {subprocess.py:74} INFO - Running command: ['bash', '-c', 'echo "2021-10-02 2021-10-02T06:00:00+00:00"']
[2022-01-29 09:54:07,542] {subprocess.py:85} INFO - Output:
[2022-01-29 09:54:07,546] {subprocess.py:89} INFO - 2021-10-02 2021-10-02T06:00:00+00:00
[2022-01-29 09:54:07,546] {subprocess.py:93} INFO - Command exited with return code 0
[2022-01-29 09:54:07,575] {taskinstance.py:1277} INFO - Marking task as SUCCESS. dag_id=LocalIngestionDag, task_id=wget, execution_date=20211002T060000, start_date=20220129T095407, end_date=20220129T095407
[2022-01-29 09:54:07,602] {local_task_job.py:154} INFO - Task exited with return code 0
[2022-01-29 09:54:07,640] {local_task_job.py:264} INFO - 1 downstream tasks scheduled from follow-on schedule check
