[2022-01-30 01:23:23,844] {taskinstance.py:1032} INFO - Dependencies all met for <TaskInstance: data_ingestion_gcs_dag.download_dataset_task manual__2022-01-30T01:14:06.866520+00:00 [queued]>
[2022-01-30 01:23:23,863] {taskinstance.py:1032} INFO - Dependencies all met for <TaskInstance: data_ingestion_gcs_dag.download_dataset_task manual__2022-01-30T01:14:06.866520+00:00 [queued]>
[2022-01-30 01:23:23,864] {taskinstance.py:1238} INFO - 
--------------------------------------------------------------------------------
[2022-01-30 01:23:23,864] {taskinstance.py:1239} INFO - Starting attempt 1 of 2
[2022-01-30 01:23:23,864] {taskinstance.py:1240} INFO - 
--------------------------------------------------------------------------------
[2022-01-30 01:23:23,886] {taskinstance.py:1259} INFO - Executing <Task(BashOperator): download_dataset_task> on 2022-01-30 01:14:06.866520+00:00
[2022-01-30 01:23:23,895] {standard_task_runner.py:52} INFO - Started process 73 to run task
[2022-01-30 01:23:23,903] {standard_task_runner.py:76} INFO - Running: ['***', 'tasks', 'run', 'data_ingestion_gcs_dag', 'download_dataset_task', 'manual__2022-01-30T01:14:06.866520+00:00', '--job-id', '11', '--raw', '--subdir', 'DAGS_FOLDER/data_ingestion_gcs_dag.py', '--cfg-path', '/tmp/tmpy3s36msv', '--error-file', '/tmp/tmp11no3lm3']
[2022-01-30 01:23:23,908] {standard_task_runner.py:77} INFO - Job 11: Subtask download_dataset_task
[2022-01-30 01:23:24,007] {logging_mixin.py:109} INFO - Running <TaskInstance: data_ingestion_gcs_dag.download_dataset_task manual__2022-01-30T01:14:06.866520+00:00 [running]> on host 04ca2676bdcc
[2022-01-30 01:23:24,100] {taskinstance.py:1426} INFO - Exporting the following env vars:
AIRFLOW_CTX_DAG_OWNER=***
AIRFLOW_CTX_DAG_ID=data_ingestion_gcs_dag
AIRFLOW_CTX_TASK_ID=download_dataset_task
AIRFLOW_CTX_EXECUTION_DATE=2022-01-30T01:14:06.866520+00:00
AIRFLOW_CTX_DAG_RUN_ID=manual__2022-01-30T01:14:06.866520+00:00
[2022-01-30 01:23:24,102] {subprocess.py:62} INFO - Tmp dir root location: 
 /tmp
[2022-01-30 01:23:24,103] {subprocess.py:74} INFO - Running command: ['bash', '-c', 'curl -sSLf https://s3.amazonaws.com/nyc-tlc/trip+data/yellow_tripdata_2019-01.csv > /opt/***/yellow_tripdata_2019-01.csv']
[2022-01-30 01:23:24,123] {subprocess.py:85} INFO - Output:
[2022-01-30 01:23:44,341] {subprocess.py:93} INFO - Command exited with return code 0
[2022-01-30 01:23:44,374] {taskinstance.py:1277} INFO - Marking task as SUCCESS. dag_id=data_ingestion_gcs_dag, task_id=download_dataset_task, execution_date=20220130T011406, start_date=20220130T012323, end_date=20220130T012344
[2022-01-30 01:23:44,397] {local_task_job.py:154} INFO - Task exited with return code 0
[2022-01-30 01:23:44,448] {local_task_job.py:264} INFO - 1 downstream tasks scheduled from follow-on schedule check
