[2022-01-30 01:34:22,176] {taskinstance.py:1032} INFO - Dependencies all met for <TaskInstance: data_ingestion_gcs_dag_fhv_2.format_to_parquet_task scheduled__2020-08-02T06:00:00+00:00 [queued]>
[2022-01-30 01:34:22,231] {taskinstance.py:1032} INFO - Dependencies all met for <TaskInstance: data_ingestion_gcs_dag_fhv_2.format_to_parquet_task scheduled__2020-08-02T06:00:00+00:00 [queued]>
[2022-01-30 01:34:22,232] {taskinstance.py:1238} INFO - 
--------------------------------------------------------------------------------
[2022-01-30 01:34:22,232] {taskinstance.py:1239} INFO - Starting attempt 1 of 1
[2022-01-30 01:34:22,232] {taskinstance.py:1240} INFO - 
--------------------------------------------------------------------------------
[2022-01-30 01:34:22,294] {taskinstance.py:1259} INFO - Executing <Task(PythonOperator): format_to_parquet_task> on 2020-08-02 06:00:00+00:00
[2022-01-30 01:34:22,318] {standard_task_runner.py:52} INFO - Started process 1032 to run task
[2022-01-30 01:34:22,376] {standard_task_runner.py:76} INFO - Running: ['***', 'tasks', 'run', 'data_ingestion_gcs_dag_fhv_2', 'format_to_parquet_task', 'scheduled__2020-08-02T06:00:00+00:00', '--job-id', '109', '--raw', '--subdir', 'DAGS_FOLDER/data_ingestion_gcs_dag_2_fhv.py', '--cfg-path', '/tmp/tmp3epu42_h', '--error-file', '/tmp/tmp9k35fhsw']
[2022-01-30 01:34:22,381] {standard_task_runner.py:77} INFO - Job 109: Subtask format_to_parquet_task
[2022-01-30 01:34:22,829] {logging_mixin.py:109} INFO - Running <TaskInstance: data_ingestion_gcs_dag_fhv_2.format_to_parquet_task scheduled__2020-08-02T06:00:00+00:00 [running]> on host 04ca2676bdcc
[2022-01-30 01:34:23,163] {warnings.py:110} WARNING - /home/***/.local/lib/python3.7/site-packages/***/utils/context.py:152: AirflowContextDeprecationWarning: Accessing 'execution_date' from the template is deprecated and will be removed in a future version. Please use 'data_interval_start' or 'logical_date' instead.
  warnings.warn(_create_deprecation_warning(key, self._deprecation_replacements[key]))

[2022-01-30 01:34:23,247] {taskinstance.py:1426} INFO - Exporting the following env vars:
AIRFLOW_CTX_DAG_OWNER=***
AIRFLOW_CTX_DAG_ID=data_ingestion_gcs_dag_fhv_2
AIRFLOW_CTX_TASK_ID=format_to_parquet_task
AIRFLOW_CTX_EXECUTION_DATE=2020-08-02T06:00:00+00:00
AIRFLOW_CTX_DAG_RUN_ID=scheduled__2020-08-02T06:00:00+00:00
[2022-01-30 01:34:31,208] {python.py:175} INFO - Done. Returned value was: None
[2022-01-30 01:34:32,385] {taskinstance.py:1277} INFO - Marking task as SUCCESS. dag_id=data_ingestion_gcs_dag_fhv_2, task_id=format_to_parquet_task, execution_date=20200802T060000, start_date=20220130T013422, end_date=20220130T013432
[2022-01-30 01:34:32,771] {local_task_job.py:212} WARNING - State of this instance has been externally set to success. Terminating instance.
