[2022-01-27 14:50:25,901] {taskinstance.py:1032} INFO - Dependencies all met for <TaskInstance: data_ingestion_gcs_dag.download_dataset_task manual__2022-01-27T14:48:41.937357+00:00 [queued]>
[2022-01-27 14:50:25,912] {taskinstance.py:1032} INFO - Dependencies all met for <TaskInstance: data_ingestion_gcs_dag.download_dataset_task manual__2022-01-27T14:48:41.937357+00:00 [queued]>
[2022-01-27 14:50:25,912] {taskinstance.py:1238} INFO - 
--------------------------------------------------------------------------------
[2022-01-27 14:50:25,913] {taskinstance.py:1239} INFO - Starting attempt 1 of 2
[2022-01-27 14:50:25,913] {taskinstance.py:1240} INFO - 
--------------------------------------------------------------------------------
[2022-01-27 14:50:25,926] {taskinstance.py:1259} INFO - Executing <Task(BashOperator): download_dataset_task> on 2022-01-27 14:48:41.937357+00:00
[2022-01-27 14:50:25,933] {standard_task_runner.py:52} INFO - Started process 5428 to run task
[2022-01-27 14:50:25,940] {standard_task_runner.py:76} INFO - Running: ['***', 'tasks', 'run', 'data_ingestion_gcs_dag', 'download_dataset_task', 'manual__2022-01-27T14:48:41.937357+00:00', '--job-id', '18', '--raw', '--subdir', 'DAGS_FOLDER/data_ingestion_gcs_dag.py', '--cfg-path', '/tmp/tmpd6hckofk', '--error-file', '/tmp/tmp6qv8mgio']
[2022-01-27 14:50:25,942] {standard_task_runner.py:77} INFO - Job 18: Subtask download_dataset_task
[2022-01-27 14:50:26,007] {logging_mixin.py:109} INFO - Running <TaskInstance: data_ingestion_gcs_dag.download_dataset_task manual__2022-01-27T14:48:41.937357+00:00 [running]> on host 1eb1377c6bb9
[2022-01-27 14:50:26,075] {taskinstance.py:1426} INFO - Exporting the following env vars:
AIRFLOW_CTX_DAG_OWNER=***
AIRFLOW_CTX_DAG_ID=data_ingestion_gcs_dag
AIRFLOW_CTX_TASK_ID=download_dataset_task
AIRFLOW_CTX_EXECUTION_DATE=2022-01-27T14:48:41.937357+00:00
AIRFLOW_CTX_DAG_RUN_ID=manual__2022-01-27T14:48:41.937357+00:00
[2022-01-27 14:50:26,077] {subprocess.py:62} INFO - Tmp dir root location: 
 /tmp
[2022-01-27 14:50:26,078] {subprocess.py:74} INFO - Running command: ['bash', '-c', 'curl -sS https://s3.amazonaws.com/nyc-tlc/trip+data/yellow_tripdata_2021-01.csv > /opt/***/yellow_tripdata_2021-01.csv']
[2022-01-27 14:50:26,093] {subprocess.py:85} INFO - Output:
[2022-01-27 14:50:31,015] {subprocess.py:93} INFO - Command exited with return code 0
[2022-01-27 14:50:31,169] {taskinstance.py:1277} INFO - Marking task as SUCCESS. dag_id=data_ingestion_gcs_dag, task_id=download_dataset_task, execution_date=20220127T144841, start_date=20220127T145025, end_date=20220127T145031
[2022-01-27 14:50:31,229] {local_task_job.py:154} INFO - Task exited with return code 0
[2022-01-27 14:50:31,272] {local_task_job.py:264} INFO - 1 downstream tasks scheduled from follow-on schedule check
