[2022-01-29 12:24:59,679] {taskinstance.py:1032} INFO - Dependencies all met for <TaskInstance: data_ingestion_gcs_dag.download_dataset_task scheduled__2019-01-04T00:00:00+00:00 [queued]>
[2022-01-29 12:24:59,696] {taskinstance.py:1032} INFO - Dependencies all met for <TaskInstance: data_ingestion_gcs_dag.download_dataset_task scheduled__2019-01-04T00:00:00+00:00 [queued]>
[2022-01-29 12:24:59,696] {taskinstance.py:1238} INFO - 
--------------------------------------------------------------------------------
[2022-01-29 12:24:59,696] {taskinstance.py:1239} INFO - Starting attempt 1 of 2
[2022-01-29 12:24:59,696] {taskinstance.py:1240} INFO - 
--------------------------------------------------------------------------------
[2022-01-29 12:24:59,719] {taskinstance.py:1259} INFO - Executing <Task(BashOperator): download_dataset_task> on 2019-01-04 00:00:00+00:00
[2022-01-29 12:24:59,726] {standard_task_runner.py:52} INFO - Started process 2800 to run task
[2022-01-29 12:24:59,742] {standard_task_runner.py:76} INFO - Running: ['***', 'tasks', 'run', 'data_ingestion_gcs_dag', 'download_dataset_task', 'scheduled__2019-01-04T00:00:00+00:00', '--job-id', '173', '--raw', '--subdir', 'DAGS_FOLDER/data_ingestion_gcs_dag.py', '--cfg-path', '/tmp/tmpe1snn24p', '--error-file', '/tmp/tmpcpyqb31f']
[2022-01-29 12:24:59,744] {standard_task_runner.py:77} INFO - Job 173: Subtask download_dataset_task
[2022-01-29 12:24:59,840] {logging_mixin.py:109} INFO - Running <TaskInstance: data_ingestion_gcs_dag.download_dataset_task scheduled__2019-01-04T00:00:00+00:00 [running]> on host 85e1117cfb12
[2022-01-29 12:24:59,939] {taskinstance.py:1426} INFO - Exporting the following env vars:
AIRFLOW_CTX_DAG_OWNER=***
AIRFLOW_CTX_DAG_ID=data_ingestion_gcs_dag
AIRFLOW_CTX_TASK_ID=download_dataset_task
AIRFLOW_CTX_EXECUTION_DATE=2019-01-04T00:00:00+00:00
AIRFLOW_CTX_DAG_RUN_ID=scheduled__2019-01-04T00:00:00+00:00
[2022-01-29 12:24:59,941] {subprocess.py:62} INFO - Tmp dir root location: 
 /tmp
[2022-01-29 12:24:59,942] {subprocess.py:74} INFO - Running command: ['bash', '-c', 'curl -sS https://s3.amazonaws.com/nyc-tlc/trip+data/yellow_tripdata_2021-01.csv > /opt/***/yellow_tripdata_2021-01.csv']
[2022-01-29 12:24:59,964] {subprocess.py:85} INFO - Output:
[2022-01-29 12:25:04,892] {subprocess.py:93} INFO - Command exited with return code 0
[2022-01-29 12:25:04,957] {taskinstance.py:1277} INFO - Marking task as SUCCESS. dag_id=data_ingestion_gcs_dag, task_id=download_dataset_task, execution_date=20190104T000000, start_date=20220129T122459, end_date=20220129T122504
[2022-01-29 12:25:05,036] {local_task_job.py:154} INFO - Task exited with return code 0
[2022-01-29 12:25:05,140] {local_task_job.py:264} INFO - 1 downstream tasks scheduled from follow-on schedule check
[2022-01-29 12:25:42,481] {taskinstance.py:1032} INFO - Dependencies all met for <TaskInstance: data_ingestion_gcs_dag.download_dataset_task scheduled__2019-01-04T00:00:00+00:00 [queued]>
[2022-01-29 12:25:42,495] {taskinstance.py:1032} INFO - Dependencies all met for <TaskInstance: data_ingestion_gcs_dag.download_dataset_task scheduled__2019-01-04T00:00:00+00:00 [queued]>
[2022-01-29 12:25:42,495] {taskinstance.py:1238} INFO - 
--------------------------------------------------------------------------------
[2022-01-29 12:25:42,495] {taskinstance.py:1239} INFO - Starting attempt 1 of 2
[2022-01-29 12:25:42,495] {taskinstance.py:1240} INFO - 
--------------------------------------------------------------------------------
[2022-01-29 12:25:42,512] {taskinstance.py:1259} INFO - Executing <Task(BashOperator): download_dataset_task> on 2019-01-04 00:00:00+00:00
[2022-01-29 12:25:42,520] {standard_task_runner.py:52} INFO - Started process 2915 to run task
[2022-01-29 12:25:42,527] {standard_task_runner.py:76} INFO - Running: ['***', 'tasks', 'run', 'data_ingestion_gcs_dag', 'download_dataset_task', 'scheduled__2019-01-04T00:00:00+00:00', '--job-id', '185', '--raw', '--subdir', 'DAGS_FOLDER/data_ingestion_gcs_dag.py', '--cfg-path', '/tmp/tmppx952ht1', '--error-file', '/tmp/tmp8cs4qyq2']
[2022-01-29 12:25:42,528] {standard_task_runner.py:77} INFO - Job 185: Subtask download_dataset_task
[2022-01-29 12:25:42,607] {logging_mixin.py:109} INFO - Running <TaskInstance: data_ingestion_gcs_dag.download_dataset_task scheduled__2019-01-04T00:00:00+00:00 [running]> on host 85e1117cfb12
[2022-01-29 12:25:42,675] {taskinstance.py:1426} INFO - Exporting the following env vars:
AIRFLOW_CTX_DAG_OWNER=***
AIRFLOW_CTX_DAG_ID=data_ingestion_gcs_dag
AIRFLOW_CTX_TASK_ID=download_dataset_task
AIRFLOW_CTX_EXECUTION_DATE=2019-01-04T00:00:00+00:00
AIRFLOW_CTX_DAG_RUN_ID=scheduled__2019-01-04T00:00:00+00:00
[2022-01-29 12:25:42,677] {subprocess.py:62} INFO - Tmp dir root location: 
 /tmp
[2022-01-29 12:25:42,678] {subprocess.py:74} INFO - Running command: ['bash', '-c', 'curl -sS https://s3.amazonaws.com/nyc-tlc/trip+data/yellow_tripdata_2021-01.csv > /opt/***/yellow_tripdata_2021-01.csv']
[2022-01-29 12:25:42,691] {subprocess.py:85} INFO - Output:
[2022-01-29 12:25:47,117] {subprocess.py:93} INFO - Command exited with return code 0
[2022-01-29 12:25:47,214] {taskinstance.py:1277} INFO - Marking task as SUCCESS. dag_id=data_ingestion_gcs_dag, task_id=download_dataset_task, execution_date=20190104T000000, start_date=20220129T122542, end_date=20220129T122547
[2022-01-29 12:25:47,287] {local_task_job.py:154} INFO - Task exited with return code 0
[2022-01-29 12:25:47,350] {local_task_job.py:264} INFO - 1 downstream tasks scheduled from follow-on schedule check
