[2022-01-29 12:37:18,442] {taskinstance.py:1032} INFO - Dependencies all met for <TaskInstance: data_ingestion_gcs_dag.local_to_gcs_task scheduled__2021-08-02T06:00:00+00:00 [queued]>
[2022-01-29 12:37:18,493] {taskinstance.py:1032} INFO - Dependencies all met for <TaskInstance: data_ingestion_gcs_dag.local_to_gcs_task scheduled__2021-08-02T06:00:00+00:00 [queued]>
[2022-01-29 12:37:18,493] {taskinstance.py:1238} INFO - 
--------------------------------------------------------------------------------
[2022-01-29 12:37:18,493] {taskinstance.py:1239} INFO - Starting attempt 1 of 2
[2022-01-29 12:37:18,493] {taskinstance.py:1240} INFO - 
--------------------------------------------------------------------------------
[2022-01-29 12:37:18,546] {taskinstance.py:1259} INFO - Executing <Task(PythonOperator): local_to_gcs_task> on 2021-08-02 06:00:00+00:00
[2022-01-29 12:37:18,568] {standard_task_runner.py:52} INFO - Started process 4924 to run task
[2022-01-29 12:37:18,585] {standard_task_runner.py:76} INFO - Running: ['***', 'tasks', 'run', 'data_ingestion_gcs_dag', 'local_to_gcs_task', 'scheduled__2021-08-02T06:00:00+00:00', '--job-id', '475', '--raw', '--subdir', 'DAGS_FOLDER/data_ingestion_gcs_dag.py', '--cfg-path', '/tmp/tmpcxhuuyr7', '--error-file', '/tmp/tmpahqmq9_m']
[2022-01-29 12:37:18,587] {standard_task_runner.py:77} INFO - Job 475: Subtask local_to_gcs_task
[2022-01-29 12:37:18,745] {logging_mixin.py:109} INFO - Running <TaskInstance: data_ingestion_gcs_dag.local_to_gcs_task scheduled__2021-08-02T06:00:00+00:00 [running]> on host 85e1117cfb12
[2022-01-29 12:37:18,917] {taskinstance.py:1426} INFO - Exporting the following env vars:
AIRFLOW_CTX_DAG_OWNER=***
AIRFLOW_CTX_DAG_ID=data_ingestion_gcs_dag
AIRFLOW_CTX_TASK_ID=local_to_gcs_task
AIRFLOW_CTX_EXECUTION_DATE=2021-08-02T06:00:00+00:00
AIRFLOW_CTX_DAG_RUN_ID=scheduled__2021-08-02T06:00:00+00:00
[2022-01-29 12:37:20,234] {python.py:175} INFO - Done. Returned value was: None
[2022-01-29 12:37:20,264] {taskinstance.py:1277} INFO - Marking task as SUCCESS. dag_id=data_ingestion_gcs_dag, task_id=local_to_gcs_task, execution_date=20210802T060000, start_date=20220129T123718, end_date=20220129T123720
[2022-01-29 12:37:20,395] {local_task_job.py:154} INFO - Task exited with return code 0
[2022-01-29 12:37:20,601] {local_task_job.py:264} INFO - 1 downstream tasks scheduled from follow-on schedule check
[2022-01-29 13:23:15,644] {taskinstance.py:1032} INFO - Dependencies all met for <TaskInstance: data_ingestion_gcs_dag.local_to_gcs_task scheduled__2021-08-02T06:00:00+00:00 [queued]>
[2022-01-29 13:23:15,681] {taskinstance.py:1032} INFO - Dependencies all met for <TaskInstance: data_ingestion_gcs_dag.local_to_gcs_task scheduled__2021-08-02T06:00:00+00:00 [queued]>
[2022-01-29 13:23:15,682] {taskinstance.py:1238} INFO - 
--------------------------------------------------------------------------------
[2022-01-29 13:23:15,682] {taskinstance.py:1239} INFO - Starting attempt 1 of 1
[2022-01-29 13:23:15,682] {taskinstance.py:1240} INFO - 
--------------------------------------------------------------------------------
[2022-01-29 13:23:15,739] {taskinstance.py:1259} INFO - Executing <Task(PythonOperator): local_to_gcs_task> on 2021-08-02 06:00:00+00:00
[2022-01-29 13:23:15,775] {standard_task_runner.py:52} INFO - Started process 456 to run task
[2022-01-29 13:23:15,830] {standard_task_runner.py:76} INFO - Running: ['***', 'tasks', 'run', 'data_ingestion_gcs_dag', 'local_to_gcs_task', 'scheduled__2021-08-02T06:00:00+00:00', '--job-id', '562', '--raw', '--subdir', 'DAGS_FOLDER/data_ingestion_gcs_dag.py', '--cfg-path', '/tmp/tmpb903hbva', '--error-file', '/tmp/tmp82r_ihwn']
[2022-01-29 13:23:15,891] {standard_task_runner.py:77} INFO - Job 562: Subtask local_to_gcs_task
[2022-01-29 13:23:16,236] {logging_mixin.py:109} INFO - Running <TaskInstance: data_ingestion_gcs_dag.local_to_gcs_task scheduled__2021-08-02T06:00:00+00:00 [running]> on host 9bf957887753
[2022-01-29 13:23:16,596] {warnings.py:110} WARNING - /home/***/.local/lib/python3.7/site-packages/***/utils/context.py:152: AirflowContextDeprecationWarning: Accessing 'execution_date' from the template is deprecated and will be removed in a future version. Please use 'data_interval_start' or 'logical_date' instead.
  warnings.warn(_create_deprecation_warning(key, self._deprecation_replacements[key]))

[2022-01-29 13:23:16,802] {taskinstance.py:1426} INFO - Exporting the following env vars:
AIRFLOW_CTX_DAG_OWNER=***
AIRFLOW_CTX_DAG_ID=data_ingestion_gcs_dag
AIRFLOW_CTX_TASK_ID=local_to_gcs_task
AIRFLOW_CTX_EXECUTION_DATE=2021-08-02T06:00:00+00:00
AIRFLOW_CTX_DAG_RUN_ID=scheduled__2021-08-02T06:00:00+00:00
[2022-01-29 13:23:17,403] {python.py:175} INFO - Done. Returned value was: None
[2022-01-29 13:23:17,441] {taskinstance.py:1277} INFO - Marking task as SUCCESS. dag_id=data_ingestion_gcs_dag, task_id=local_to_gcs_task, execution_date=20210802T060000, start_date=20220129T132315, end_date=20220129T132317
[2022-01-29 13:23:17,599] {local_task_job.py:154} INFO - Task exited with return code 0
[2022-01-29 13:23:18,344] {local_task_job.py:264} INFO - 0 downstream tasks scheduled from follow-on schedule check
