[2022-01-27 14:36:04,557] {taskinstance.py:1032} INFO - Dependencies all met for <TaskInstance: data_ingestion_gcs_dag.format_to_parquet_task manual__2022-01-27T14:34:42.262019+00:00 [queued]>
[2022-01-27 14:36:04,569] {taskinstance.py:1032} INFO - Dependencies all met for <TaskInstance: data_ingestion_gcs_dag.format_to_parquet_task manual__2022-01-27T14:34:42.262019+00:00 [queued]>
[2022-01-27 14:36:04,569] {taskinstance.py:1238} INFO - 
--------------------------------------------------------------------------------
[2022-01-27 14:36:04,569] {taskinstance.py:1239} INFO - Starting attempt 1 of 2
[2022-01-27 14:36:04,569] {taskinstance.py:1240} INFO - 
--------------------------------------------------------------------------------
[2022-01-27 14:36:04,580] {taskinstance.py:1259} INFO - Executing <Task(PythonOperator): format_to_parquet_task> on 2022-01-27 14:34:42.262019+00:00
[2022-01-27 14:36:04,588] {standard_task_runner.py:52} INFO - Started process 4737 to run task
[2022-01-27 14:36:04,593] {standard_task_runner.py:76} INFO - Running: ['***', 'tasks', 'run', 'data_ingestion_gcs_dag', 'format_to_parquet_task', 'manual__2022-01-27T14:34:42.262019+00:00', '--job-id', '8', '--raw', '--subdir', 'DAGS_FOLDER/data_ingestion_gcs_dag.py', '--cfg-path', '/tmp/tmpzrixxzhi', '--error-file', '/tmp/tmpqx3e5h4u']
[2022-01-27 14:36:04,594] {standard_task_runner.py:77} INFO - Job 8: Subtask format_to_parquet_task
[2022-01-27 14:36:04,653] {logging_mixin.py:109} INFO - Running <TaskInstance: data_ingestion_gcs_dag.format_to_parquet_task manual__2022-01-27T14:34:42.262019+00:00 [running]> on host 1eb1377c6bb9
[2022-01-27 14:36:04,709] {taskinstance.py:1426} INFO - Exporting the following env vars:
AIRFLOW_CTX_DAG_OWNER=***
AIRFLOW_CTX_DAG_ID=data_ingestion_gcs_dag
AIRFLOW_CTX_TASK_ID=format_to_parquet_task
AIRFLOW_CTX_EXECUTION_DATE=2022-01-27T14:34:42.262019+00:00
AIRFLOW_CTX_DAG_RUN_ID=manual__2022-01-27T14:34:42.262019+00:00
[2022-01-27 14:36:06,223] {python.py:175} INFO - Done. Returned value was: None
[2022-01-27 14:36:06,236] {taskinstance.py:1277} INFO - Marking task as SUCCESS. dag_id=data_ingestion_gcs_dag, task_id=format_to_parquet_task, execution_date=20220127T143442, start_date=20220127T143604, end_date=20220127T143606
[2022-01-27 14:36:06,296] {local_task_job.py:154} INFO - Task exited with return code 0
[2022-01-27 14:36:06,336] {local_task_job.py:264} INFO - 0 downstream tasks scheduled from follow-on schedule check
