[2022-01-29 12:43:54,704] {taskinstance.py:1032} INFO - Dependencies all met for <TaskInstance: data_ingestion_gcs_dag.download_dataset_task scheduled__2020-01-02T06:00:00+00:00 [queued]>
[2022-01-29 12:43:54,723] {taskinstance.py:1032} INFO - Dependencies all met for <TaskInstance: data_ingestion_gcs_dag.download_dataset_task scheduled__2020-01-02T06:00:00+00:00 [queued]>
[2022-01-29 12:43:54,723] {taskinstance.py:1238} INFO - 
--------------------------------------------------------------------------------
[2022-01-29 12:43:54,723] {taskinstance.py:1239} INFO - Starting attempt 3 of 4
[2022-01-29 12:43:54,723] {taskinstance.py:1240} INFO - 
--------------------------------------------------------------------------------
[2022-01-29 12:43:54,743] {taskinstance.py:1259} INFO - Executing <Task(BashOperator): download_dataset_task> on 2020-01-02 06:00:00+00:00
[2022-01-29 12:43:54,752] {standard_task_runner.py:52} INFO - Started process 5340 to run task
[2022-01-29 12:43:54,759] {standard_task_runner.py:76} INFO - Running: ['***', 'tasks', 'run', 'data_ingestion_gcs_dag', 'download_dataset_task', 'scheduled__2020-01-02T06:00:00+00:00', '--job-id', '506', '--raw', '--subdir', 'DAGS_FOLDER/data_ingestion_gcs_dag.py', '--cfg-path', '/tmp/tmpi4z80ydx', '--error-file', '/tmp/tmpm83xk1si']
[2022-01-29 12:43:54,760] {standard_task_runner.py:77} INFO - Job 506: Subtask download_dataset_task
[2022-01-29 12:43:54,867] {logging_mixin.py:109} INFO - Running <TaskInstance: data_ingestion_gcs_dag.download_dataset_task scheduled__2020-01-02T06:00:00+00:00 [running]> on host 85e1117cfb12
[2022-01-29 12:43:54,943] {warnings.py:110} WARNING - /home/***/.local/lib/python3.7/site-packages/***/utils/context.py:152: AirflowContextDeprecationWarning: Accessing 'execution_date' from the template is deprecated and will be removed in a future version. Please use 'data_interval_start' or 'logical_date' instead.
  warnings.warn(_create_deprecation_warning(key, self._deprecation_replacements[key]))

[2022-01-29 12:43:54,979] {taskinstance.py:1426} INFO - Exporting the following env vars:
AIRFLOW_CTX_DAG_OWNER=***
AIRFLOW_CTX_DAG_ID=data_ingestion_gcs_dag
AIRFLOW_CTX_TASK_ID=download_dataset_task
AIRFLOW_CTX_EXECUTION_DATE=2020-01-02T06:00:00+00:00
AIRFLOW_CTX_DAG_RUN_ID=scheduled__2020-01-02T06:00:00+00:00
[2022-01-29 12:43:54,981] {subprocess.py:62} INFO - Tmp dir root location: 
 /tmp
[2022-01-29 12:43:54,982] {subprocess.py:74} INFO - Running command: ['bash', '-c', 'curl -sS https://s3.amazonaws.com/nyc-tlc/trip+data/yellow_tripdata_2020-01.csv > /opt/***/yellow_tripdata_2020-01.csv']
[2022-01-29 12:43:55,002] {subprocess.py:85} INFO - Output:
[2022-01-29 12:44:12,720] {subprocess.py:93} INFO - Command exited with return code 0
[2022-01-29 12:44:12,755] {taskinstance.py:1277} INFO - Marking task as SUCCESS. dag_id=data_ingestion_gcs_dag, task_id=download_dataset_task, execution_date=20200102T060000, start_date=20220129T124354, end_date=20220129T124412
[2022-01-29 12:44:12,807] {local_task_job.py:154} INFO - Task exited with return code 0
[2022-01-29 12:44:12,848] {local_task_job.py:264} INFO - 1 downstream tasks scheduled from follow-on schedule check
