[2022-01-29 12:14:20,497] {taskinstance.py:1032} INFO - Dependencies all met for <TaskInstance: data_ingestion_gcs_dag_v2.format_to_parquet_task manual__2022-01-29T12:14:12.571701+00:00 [queued]>
[2022-01-29 12:14:20,508] {taskinstance.py:1032} INFO - Dependencies all met for <TaskInstance: data_ingestion_gcs_dag_v2.format_to_parquet_task manual__2022-01-29T12:14:12.571701+00:00 [queued]>
[2022-01-29 12:14:20,508] {taskinstance.py:1238} INFO - 
--------------------------------------------------------------------------------
[2022-01-29 12:14:20,509] {taskinstance.py:1239} INFO - Starting attempt 1 of 2
[2022-01-29 12:14:20,509] {taskinstance.py:1240} INFO - 
--------------------------------------------------------------------------------
[2022-01-29 12:14:20,523] {taskinstance.py:1259} INFO - Executing <Task(PythonOperator): format_to_parquet_task> on 2022-01-29 12:14:12.571701+00:00
[2022-01-29 12:14:20,529] {standard_task_runner.py:52} INFO - Started process 2194 to run task
[2022-01-29 12:14:20,535] {standard_task_runner.py:76} INFO - Running: ['***', 'tasks', 'run', 'data_ingestion_gcs_dag_v2', 'format_to_parquet_task', 'manual__2022-01-29T12:14:12.571701+00:00', '--job-id', '148', '--raw', '--subdir', 'DAGS_FOLDER/data_ingestion_gcs_dag.py', '--cfg-path', '/tmp/tmp9hfaa1ij', '--error-file', '/tmp/tmptp41zr1_']
[2022-01-29 12:14:20,536] {standard_task_runner.py:77} INFO - Job 148: Subtask format_to_parquet_task
[2022-01-29 12:14:20,611] {logging_mixin.py:109} INFO - Running <TaskInstance: data_ingestion_gcs_dag_v2.format_to_parquet_task manual__2022-01-29T12:14:12.571701+00:00 [running]> on host 85e1117cfb12
[2022-01-29 12:14:20,678] {taskinstance.py:1426} INFO - Exporting the following env vars:
AIRFLOW_CTX_DAG_OWNER=***
AIRFLOW_CTX_DAG_ID=data_ingestion_gcs_dag_v2
AIRFLOW_CTX_TASK_ID=format_to_parquet_task
AIRFLOW_CTX_EXECUTION_DATE=2022-01-29T12:14:12.571701+00:00
AIRFLOW_CTX_DAG_RUN_ID=manual__2022-01-29T12:14:12.571701+00:00
[2022-01-29 12:14:22,050] {python.py:175} INFO - Done. Returned value was: None
[2022-01-29 12:14:22,063] {taskinstance.py:1277} INFO - Marking task as SUCCESS. dag_id=data_ingestion_gcs_dag_v2, task_id=format_to_parquet_task, execution_date=20220129T121412, start_date=20220129T121420, end_date=20220129T121422
[2022-01-29 12:14:22,113] {local_task_job.py:154} INFO - Task exited with return code 0
[2022-01-29 12:14:22,159] {local_task_job.py:264} INFO - 1 downstream tasks scheduled from follow-on schedule check
