[2022-01-30 01:32:43,021] {taskinstance.py:1032} INFO - Dependencies all met for <TaskInstance: data_ingestion_gcs_dag_fhv_2.bigquery_external_table_task scheduled__2019-02-02T06:00:00+00:00 [queued]>
[2022-01-30 01:32:43,038] {taskinstance.py:1032} INFO - Dependencies all met for <TaskInstance: data_ingestion_gcs_dag_fhv_2.bigquery_external_table_task scheduled__2019-02-02T06:00:00+00:00 [queued]>
[2022-01-30 01:32:43,038] {taskinstance.py:1238} INFO - 
--------------------------------------------------------------------------------
[2022-01-30 01:32:43,038] {taskinstance.py:1239} INFO - Starting attempt 1 of 1
[2022-01-30 01:32:43,039] {taskinstance.py:1240} INFO - 
--------------------------------------------------------------------------------
[2022-01-30 01:32:48,023] {taskinstance.py:1259} INFO - Executing <Task(BigQueryUpsertTableOperator): bigquery_external_table_task> on 2019-02-02 06:00:00+00:00
[2022-01-30 01:32:48,619] {standard_task_runner.py:52} INFO - Started process 799 to run task
[2022-01-30 01:32:48,628] {standard_task_runner.py:76} INFO - Running: ['***', 'tasks', 'run', 'data_ingestion_gcs_dag_fhv_2', 'bigquery_external_table_task', 'scheduled__2019-02-02T06:00:00+00:00', '--job-id', '69', '--raw', '--subdir', 'DAGS_FOLDER/data_ingestion_gcs_dag_2_fhv.py', '--cfg-path', '/tmp/tmpnqw28dxt', '--error-file', '/tmp/tmpspfp56mm']
[2022-01-30 01:32:50,045] {standard_task_runner.py:77} INFO - Job 69: Subtask bigquery_external_table_task
[2022-01-30 01:32:52,963] {logging_mixin.py:109} INFO - Running <TaskInstance: data_ingestion_gcs_dag_fhv_2.bigquery_external_table_task scheduled__2019-02-02T06:00:00+00:00 [running]> on host 04ca2676bdcc
[2022-01-30 01:32:57,523] {warnings.py:110} WARNING - /home/***/.local/lib/python3.7/site-packages/***/utils/context.py:152: AirflowContextDeprecationWarning: Accessing 'execution_date' from the template is deprecated and will be removed in a future version. Please use 'data_interval_start' or 'logical_date' instead.
  warnings.warn(_create_deprecation_warning(key, self._deprecation_replacements[key]))

[2022-01-30 01:33:03,615] {taskinstance.py:1426} INFO - Exporting the following env vars:
AIRFLOW_CTX_DAG_OWNER=***
AIRFLOW_CTX_DAG_ID=data_ingestion_gcs_dag_fhv_2
AIRFLOW_CTX_TASK_ID=bigquery_external_table_task
AIRFLOW_CTX_EXECUTION_DATE=2019-02-02T06:00:00+00:00
AIRFLOW_CTX_DAG_RUN_ID=scheduled__2019-02-02T06:00:00+00:00
[2022-01-30 01:33:03,885] {bigquery.py:2016} INFO - Upserting Dataset: trips_data_all with table_resource: {'tableReference': {'projectId': 'datacamp-338713', 'datasetId': 'trips_data_all', 'tableId': 'external_table'}, 'externalDataConfiguration': {'sourceFormat': 'PARQUET', 'sourceUris': ['gs://dtc_data_lake_datacamp-338713/raw/fhv_tripdata_2019-02.parquet']}}
[2022-01-30 01:33:03,888] {warnings.py:110} WARNING - /home/***/.local/lib/python3.7/site-packages/***/providers/google/cloud/operators/bigquery.py:2021: DeprecationWarning: The bigquery_conn_id parameter has been deprecated. You should pass the gcp_conn_id parameter.
  impersonation_chain=self.impersonation_chain,

[2022-01-30 01:33:03,905] {crypto.py:82} WARNING - empty cryptography key - values will not be stored encrypted.
[2022-01-30 01:33:03,934] {bigquery.py:496} INFO - Start getting tables list from dataset: datacamp-338713.trips_data_all
[2022-01-30 01:33:04,297] {bigquery.py:1225} INFO - Table datacamp-338713:trips_data_all.external_table exists, updating.
[2022-01-30 01:33:04,298] {bigquery.py:749} INFO - Updating table: {'projectId': 'datacamp-338713', 'datasetId': 'trips_data_all', 'tableId': 'external_table'}
[2022-01-30 01:33:04,856] {bigquery.py:751} INFO - Table datacamp-338713.None.None updated successfully
[2022-01-30 01:33:04,896] {taskinstance.py:1277} INFO - Marking task as SUCCESS. dag_id=data_ingestion_gcs_dag_fhv_2, task_id=bigquery_external_table_task, execution_date=20190202T060000, start_date=20220130T013243, end_date=20220130T013304
[2022-01-30 01:33:07,629] {local_task_job.py:154} INFO - Task exited with return code 0
[2022-01-30 01:33:15,934] {local_task_job.py:264} INFO - 0 downstream tasks scheduled from follow-on schedule check
