[2022-01-29 13:23:07,617] {taskinstance.py:1032} INFO - Dependencies all met for <TaskInstance: data_ingestion_gcs_dag.download_dataset_task manual__2022-01-29T13:23:02.307041+00:00 [queued]>
[2022-01-29 13:23:07,681] {taskinstance.py:1032} INFO - Dependencies all met for <TaskInstance: data_ingestion_gcs_dag.download_dataset_task manual__2022-01-29T13:23:02.307041+00:00 [queued]>
[2022-01-29 13:23:07,681] {taskinstance.py:1238} INFO - 
--------------------------------------------------------------------------------
[2022-01-29 13:23:07,681] {taskinstance.py:1239} INFO - Starting attempt 1 of 1
[2022-01-29 13:23:07,681] {taskinstance.py:1240} INFO - 
--------------------------------------------------------------------------------
[2022-01-29 13:23:07,785] {taskinstance.py:1259} INFO - Executing <Task(BashOperator): download_dataset_task> on 2022-01-29 13:23:02.307041+00:00
[2022-01-29 13:23:07,825] {standard_task_runner.py:52} INFO - Started process 388 to run task
[2022-01-29 13:23:07,841] {standard_task_runner.py:76} INFO - Running: ['***', 'tasks', 'run', 'data_ingestion_gcs_dag', 'download_dataset_task', 'manual__2022-01-29T13:23:02.307041+00:00', '--job-id', '551', '--raw', '--subdir', 'DAGS_FOLDER/data_ingestion_gcs_dag.py', '--cfg-path', '/tmp/tmp9o_0uvpz', '--error-file', '/tmp/tmpnsgpqjlx']
[2022-01-29 13:23:07,852] {standard_task_runner.py:77} INFO - Job 551: Subtask download_dataset_task
[2022-01-29 13:23:08,115] {logging_mixin.py:109} INFO - Running <TaskInstance: data_ingestion_gcs_dag.download_dataset_task manual__2022-01-29T13:23:02.307041+00:00 [running]> on host 9bf957887753
[2022-01-29 13:23:08,336] {warnings.py:110} WARNING - /home/***/.local/lib/python3.7/site-packages/***/utils/context.py:152: AirflowContextDeprecationWarning: Accessing 'execution_date' from the template is deprecated and will be removed in a future version. Please use 'data_interval_start' or 'logical_date' instead.
  warnings.warn(_create_deprecation_warning(key, self._deprecation_replacements[key]))

[2022-01-29 13:23:08,447] {taskinstance.py:1426} INFO - Exporting the following env vars:
AIRFLOW_CTX_DAG_OWNER=***
AIRFLOW_CTX_DAG_ID=data_ingestion_gcs_dag
AIRFLOW_CTX_TASK_ID=download_dataset_task
AIRFLOW_CTX_EXECUTION_DATE=2022-01-29T13:23:02.307041+00:00
AIRFLOW_CTX_DAG_RUN_ID=manual__2022-01-29T13:23:02.307041+00:00
[2022-01-29 13:23:08,448] {subprocess.py:62} INFO - Tmp dir root location: 
 /tmp
[2022-01-29 13:23:08,449] {subprocess.py:74} INFO - Running command: ['bash', '-c', 'curl -sS https://s3.amazonaws.com/nyc-tlc/trip+data/yellow_tripdata_2022-01.csv > /opt/***/yellow_tripdata_2022-01.csv']
[2022-01-29 13:23:08,516] {subprocess.py:85} INFO - Output:
[2022-01-29 13:23:08,957] {subprocess.py:93} INFO - Command exited with return code 0
[2022-01-29 13:23:09,186] {taskinstance.py:1277} INFO - Marking task as SUCCESS. dag_id=data_ingestion_gcs_dag, task_id=download_dataset_task, execution_date=20220129T132302, start_date=20220129T132307, end_date=20220129T132309
[2022-01-29 13:23:09,287] {local_task_job.py:154} INFO - Task exited with return code 0
[2022-01-29 13:23:09,443] {local_task_job.py:264} INFO - 1 downstream tasks scheduled from follow-on schedule check
