[2022-01-29 12:37:17,398] {taskinstance.py:1032} INFO - Dependencies all met for <TaskInstance: data_ingestion_gcs_dag.local_to_gcs_task scheduled__2021-04-02T06:00:00+00:00 [queued]>
[2022-01-29 12:37:17,457] {taskinstance.py:1032} INFO - Dependencies all met for <TaskInstance: data_ingestion_gcs_dag.local_to_gcs_task scheduled__2021-04-02T06:00:00+00:00 [queued]>
[2022-01-29 12:37:17,457] {taskinstance.py:1238} INFO - 
--------------------------------------------------------------------------------
[2022-01-29 12:37:17,457] {taskinstance.py:1239} INFO - Starting attempt 1 of 2
[2022-01-29 12:37:17,457] {taskinstance.py:1240} INFO - 
--------------------------------------------------------------------------------
[2022-01-29 12:37:17,486] {taskinstance.py:1259} INFO - Executing <Task(PythonOperator): local_to_gcs_task> on 2021-04-02 06:00:00+00:00
[2022-01-29 12:37:17,505] {standard_task_runner.py:52} INFO - Started process 4916 to run task
[2022-01-29 12:37:17,524] {standard_task_runner.py:76} INFO - Running: ['***', 'tasks', 'run', 'data_ingestion_gcs_dag', 'local_to_gcs_task', 'scheduled__2021-04-02T06:00:00+00:00', '--job-id', '472', '--raw', '--subdir', 'DAGS_FOLDER/data_ingestion_gcs_dag.py', '--cfg-path', '/tmp/tmpe5aqmdwm', '--error-file', '/tmp/tmpd1kaj4wi']
[2022-01-29 12:37:17,537] {standard_task_runner.py:77} INFO - Job 472: Subtask local_to_gcs_task
[2022-01-29 12:37:17,759] {logging_mixin.py:109} INFO - Running <TaskInstance: data_ingestion_gcs_dag.local_to_gcs_task scheduled__2021-04-02T06:00:00+00:00 [running]> on host 85e1117cfb12
[2022-01-29 12:37:18,042] {taskinstance.py:1426} INFO - Exporting the following env vars:
AIRFLOW_CTX_DAG_OWNER=***
AIRFLOW_CTX_DAG_ID=data_ingestion_gcs_dag
AIRFLOW_CTX_TASK_ID=local_to_gcs_task
AIRFLOW_CTX_EXECUTION_DATE=2021-04-02T06:00:00+00:00
AIRFLOW_CTX_DAG_RUN_ID=scheduled__2021-04-02T06:00:00+00:00
[2022-01-29 12:37:19,318] {python.py:175} INFO - Done. Returned value was: None
[2022-01-29 12:37:19,342] {taskinstance.py:1277} INFO - Marking task as SUCCESS. dag_id=data_ingestion_gcs_dag, task_id=local_to_gcs_task, execution_date=20210402T060000, start_date=20220129T123717, end_date=20220129T123719
[2022-01-29 12:37:19,465] {local_task_job.py:154} INFO - Task exited with return code 0
[2022-01-29 12:37:19,755] {local_task_job.py:264} INFO - 0 downstream tasks scheduled from follow-on schedule check
[2022-01-29 13:23:31,859] {taskinstance.py:1032} INFO - Dependencies all met for <TaskInstance: data_ingestion_gcs_dag.local_to_gcs_task scheduled__2021-04-02T06:00:00+00:00 [queued]>
[2022-01-29 13:23:31,877] {taskinstance.py:1032} INFO - Dependencies all met for <TaskInstance: data_ingestion_gcs_dag.local_to_gcs_task scheduled__2021-04-02T06:00:00+00:00 [queued]>
[2022-01-29 13:23:31,877] {taskinstance.py:1238} INFO - 
--------------------------------------------------------------------------------
[2022-01-29 13:23:31,878] {taskinstance.py:1239} INFO - Starting attempt 1 of 1
[2022-01-29 13:23:31,878] {taskinstance.py:1240} INFO - 
--------------------------------------------------------------------------------
[2022-01-29 13:23:31,924] {taskinstance.py:1259} INFO - Executing <Task(PythonOperator): local_to_gcs_task> on 2021-04-02 06:00:00+00:00
[2022-01-29 13:23:31,932] {standard_task_runner.py:52} INFO - Started process 502 to run task
[2022-01-29 13:23:31,948] {standard_task_runner.py:76} INFO - Running: ['***', 'tasks', 'run', 'data_ingestion_gcs_dag', 'local_to_gcs_task', 'scheduled__2021-04-02T06:00:00+00:00', '--job-id', '574', '--raw', '--subdir', 'DAGS_FOLDER/data_ingestion_gcs_dag.py', '--cfg-path', '/tmp/tmpxy5wmrw5', '--error-file', '/tmp/tmp9cq8nxzb']
[2022-01-29 13:23:31,949] {standard_task_runner.py:77} INFO - Job 574: Subtask local_to_gcs_task
[2022-01-29 13:23:32,084] {logging_mixin.py:109} INFO - Running <TaskInstance: data_ingestion_gcs_dag.local_to_gcs_task scheduled__2021-04-02T06:00:00+00:00 [running]> on host 9bf957887753
[2022-01-29 13:23:32,159] {warnings.py:110} WARNING - /home/***/.local/lib/python3.7/site-packages/***/utils/context.py:152: AirflowContextDeprecationWarning: Accessing 'execution_date' from the template is deprecated and will be removed in a future version. Please use 'data_interval_start' or 'logical_date' instead.
  warnings.warn(_create_deprecation_warning(key, self._deprecation_replacements[key]))

[2022-01-29 13:23:32,199] {taskinstance.py:1426} INFO - Exporting the following env vars:
AIRFLOW_CTX_DAG_OWNER=***
AIRFLOW_CTX_DAG_ID=data_ingestion_gcs_dag
AIRFLOW_CTX_TASK_ID=local_to_gcs_task
AIRFLOW_CTX_EXECUTION_DATE=2021-04-02T06:00:00+00:00
AIRFLOW_CTX_DAG_RUN_ID=scheduled__2021-04-02T06:00:00+00:00
[2022-01-29 13:23:33,795] {python.py:175} INFO - Done. Returned value was: None
[2022-01-29 13:23:33,822] {taskinstance.py:1277} INFO - Marking task as SUCCESS. dag_id=data_ingestion_gcs_dag, task_id=local_to_gcs_task, execution_date=20210402T060000, start_date=20220129T132331, end_date=20220129T132333
[2022-01-29 13:23:33,894] {local_task_job.py:154} INFO - Task exited with return code 0
[2022-01-29 13:23:33,970] {local_task_job.py:264} INFO - 1 downstream tasks scheduled from follow-on schedule check
