[2022-01-29 12:13:20,127] {taskinstance.py:1032} INFO - Dependencies all met for <TaskInstance: data_ingestion_gcs_dag_v2.download_dataset_task manual__2022-01-29T12:13:18.913131+00:00 [queued]>
[2022-01-29 12:13:20,138] {taskinstance.py:1032} INFO - Dependencies all met for <TaskInstance: data_ingestion_gcs_dag_v2.download_dataset_task manual__2022-01-29T12:13:18.913131+00:00 [queued]>
[2022-01-29 12:13:20,139] {taskinstance.py:1238} INFO - 
--------------------------------------------------------------------------------
[2022-01-29 12:13:20,139] {taskinstance.py:1239} INFO - Starting attempt 1 of 2
[2022-01-29 12:13:20,139] {taskinstance.py:1240} INFO - 
--------------------------------------------------------------------------------
[2022-01-29 12:13:20,151] {taskinstance.py:1259} INFO - Executing <Task(BashOperator): download_dataset_task> on 2022-01-29 12:13:18.913131+00:00
[2022-01-29 12:13:20,157] {standard_task_runner.py:52} INFO - Started process 2099 to run task
[2022-01-29 12:13:20,162] {standard_task_runner.py:76} INFO - Running: ['***', 'tasks', 'run', 'data_ingestion_gcs_dag_v2', 'download_dataset_task', 'manual__2022-01-29T12:13:18.913131+00:00', '--job-id', '139', '--raw', '--subdir', 'DAGS_FOLDER/data_ingestion_gcs_dag.py', '--cfg-path', '/tmp/tmp2ezky0il', '--error-file', '/tmp/tmpi5hub86i']
[2022-01-29 12:13:20,163] {standard_task_runner.py:77} INFO - Job 139: Subtask download_dataset_task
[2022-01-29 12:13:20,231] {logging_mixin.py:109} INFO - Running <TaskInstance: data_ingestion_gcs_dag_v2.download_dataset_task manual__2022-01-29T12:13:18.913131+00:00 [running]> on host 85e1117cfb12
[2022-01-29 12:13:20,305] {taskinstance.py:1426} INFO - Exporting the following env vars:
AIRFLOW_CTX_DAG_OWNER=***
AIRFLOW_CTX_DAG_ID=data_ingestion_gcs_dag_v2
AIRFLOW_CTX_TASK_ID=download_dataset_task
AIRFLOW_CTX_EXECUTION_DATE=2022-01-29T12:13:18.913131+00:00
AIRFLOW_CTX_DAG_RUN_ID=manual__2022-01-29T12:13:18.913131+00:00
[2022-01-29 12:13:20,306] {subprocess.py:62} INFO - Tmp dir root location: 
 /tmp
[2022-01-29 12:13:20,307] {subprocess.py:74} INFO - Running command: ['bash', '-c', 'curl -sS https://s3.amazonaws.com/nyc-tlc/trip+data/yellow_tripdata_2021-01.csv > /opt/***/yellow_tripdata_2021-01.csv']
[2022-01-29 12:13:20,324] {subprocess.py:85} INFO - Output:
[2022-01-29 12:13:26,117] {subprocess.py:93} INFO - Command exited with return code 0
[2022-01-29 12:13:26,157] {taskinstance.py:1277} INFO - Marking task as SUCCESS. dag_id=data_ingestion_gcs_dag_v2, task_id=download_dataset_task, execution_date=20220129T121318, start_date=20220129T121320, end_date=20220129T121326
[2022-01-29 12:13:26,220] {local_task_job.py:154} INFO - Task exited with return code 0
[2022-01-29 12:13:26,259] {local_task_job.py:264} INFO - 1 downstream tasks scheduled from follow-on schedule check
