[2022-01-29 13:23:15,639] {taskinstance.py:1032} INFO - Dependencies all met for <TaskInstance: data_ingestion_gcs_dag.format_to_parquet_task manual__2022-01-29T13:23:02.307041+00:00 [queued]>
[2022-01-29 13:23:15,665] {taskinstance.py:1032} INFO - Dependencies all met for <TaskInstance: data_ingestion_gcs_dag.format_to_parquet_task manual__2022-01-29T13:23:02.307041+00:00 [queued]>
[2022-01-29 13:23:15,666] {taskinstance.py:1238} INFO - 
--------------------------------------------------------------------------------
[2022-01-29 13:23:15,666] {taskinstance.py:1239} INFO - Starting attempt 1 of 1
[2022-01-29 13:23:15,666] {taskinstance.py:1240} INFO - 
--------------------------------------------------------------------------------
[2022-01-29 13:23:15,696] {taskinstance.py:1259} INFO - Executing <Task(PythonOperator): format_to_parquet_task> on 2022-01-29 13:23:02.307041+00:00
[2022-01-29 13:23:15,711] {standard_task_runner.py:52} INFO - Started process 455 to run task
[2022-01-29 13:23:15,842] {standard_task_runner.py:76} INFO - Running: ['***', 'tasks', 'run', 'data_ingestion_gcs_dag', 'format_to_parquet_task', 'manual__2022-01-29T13:23:02.307041+00:00', '--job-id', '561', '--raw', '--subdir', 'DAGS_FOLDER/data_ingestion_gcs_dag.py', '--cfg-path', '/tmp/tmp4wmsetxv', '--error-file', '/tmp/tmpfe2i_3ok']
[2022-01-29 13:23:15,862] {standard_task_runner.py:77} INFO - Job 561: Subtask format_to_parquet_task
[2022-01-29 13:23:16,179] {logging_mixin.py:109} INFO - Running <TaskInstance: data_ingestion_gcs_dag.format_to_parquet_task manual__2022-01-29T13:23:02.307041+00:00 [running]> on host 9bf957887753
[2022-01-29 13:23:16,561] {warnings.py:110} WARNING - /home/***/.local/lib/python3.7/site-packages/***/utils/context.py:152: AirflowContextDeprecationWarning: Accessing 'execution_date' from the template is deprecated and will be removed in a future version. Please use 'data_interval_start' or 'logical_date' instead.
  warnings.warn(_create_deprecation_warning(key, self._deprecation_replacements[key]))

[2022-01-29 13:23:16,777] {taskinstance.py:1426} INFO - Exporting the following env vars:
AIRFLOW_CTX_DAG_OWNER=***
AIRFLOW_CTX_DAG_ID=data_ingestion_gcs_dag
AIRFLOW_CTX_TASK_ID=format_to_parquet_task
AIRFLOW_CTX_EXECUTION_DATE=2022-01-29T13:23:02.307041+00:00
AIRFLOW_CTX_DAG_RUN_ID=manual__2022-01-29T13:23:02.307041+00:00
[2022-01-29 13:23:18,280] {python.py:175} INFO - Done. Returned value was: None
[2022-01-29 13:23:18,360] {taskinstance.py:1277} INFO - Marking task as SUCCESS. dag_id=data_ingestion_gcs_dag, task_id=format_to_parquet_task, execution_date=20220129T132302, start_date=20220129T132315, end_date=20220129T132318
[2022-01-29 13:23:18,567] {local_task_job.py:154} INFO - Task exited with return code 0
[2022-01-29 13:23:19,105] {local_task_job.py:264} INFO - 1 downstream tasks scheduled from follow-on schedule check
