[2022-01-29 12:25:08,109] {taskinstance.py:1032} INFO - Dependencies all met for <TaskInstance: data_ingestion_gcs_dag.format_to_parquet_task scheduled__2019-01-03T00:00:00+00:00 [queued]>
[2022-01-29 12:25:08,129] {taskinstance.py:1032} INFO - Dependencies all met for <TaskInstance: data_ingestion_gcs_dag.format_to_parquet_task scheduled__2019-01-03T00:00:00+00:00 [queued]>
[2022-01-29 12:25:08,130] {taskinstance.py:1238} INFO - 
--------------------------------------------------------------------------------
[2022-01-29 12:25:08,130] {taskinstance.py:1239} INFO - Starting attempt 1 of 2
[2022-01-29 12:25:08,130] {taskinstance.py:1240} INFO - 
--------------------------------------------------------------------------------
[2022-01-29 12:25:08,165] {taskinstance.py:1259} INFO - Executing <Task(PythonOperator): format_to_parquet_task> on 2019-01-03 00:00:00+00:00
[2022-01-29 12:25:08,173] {standard_task_runner.py:52} INFO - Started process 2833 to run task
[2022-01-29 12:25:08,197] {standard_task_runner.py:76} INFO - Running: ['***', 'tasks', 'run', 'data_ingestion_gcs_dag', 'format_to_parquet_task', 'scheduled__2019-01-03T00:00:00+00:00', '--job-id', '177', '--raw', '--subdir', 'DAGS_FOLDER/data_ingestion_gcs_dag.py', '--cfg-path', '/tmp/tmpn0d993kt', '--error-file', '/tmp/tmp9hzi984k']
[2022-01-29 12:25:08,199] {standard_task_runner.py:77} INFO - Job 177: Subtask format_to_parquet_task
[2022-01-29 12:25:08,392] {logging_mixin.py:109} INFO - Running <TaskInstance: data_ingestion_gcs_dag.format_to_parquet_task scheduled__2019-01-03T00:00:00+00:00 [running]> on host 85e1117cfb12
[2022-01-29 12:25:08,657] {taskinstance.py:1426} INFO - Exporting the following env vars:
AIRFLOW_CTX_DAG_OWNER=***
AIRFLOW_CTX_DAG_ID=data_ingestion_gcs_dag
AIRFLOW_CTX_TASK_ID=format_to_parquet_task
AIRFLOW_CTX_EXECUTION_DATE=2019-01-03T00:00:00+00:00
AIRFLOW_CTX_DAG_RUN_ID=scheduled__2019-01-03T00:00:00+00:00
[2022-01-29 12:25:15,025] {python.py:175} INFO - Done. Returned value was: None
[2022-01-29 12:25:15,043] {taskinstance.py:1277} INFO - Marking task as SUCCESS. dag_id=data_ingestion_gcs_dag, task_id=format_to_parquet_task, execution_date=20190103T000000, start_date=20220129T122508, end_date=20220129T122515
[2022-01-29 12:25:15,118] {local_task_job.py:154} INFO - Task exited with return code 0
[2022-01-29 12:25:15,168] {local_task_job.py:264} INFO - 1 downstream tasks scheduled from follow-on schedule check
[2022-01-29 12:25:49,513] {taskinstance.py:1032} INFO - Dependencies all met for <TaskInstance: data_ingestion_gcs_dag.format_to_parquet_task scheduled__2019-01-03T00:00:00+00:00 [queued]>
[2022-01-29 12:25:49,538] {taskinstance.py:1032} INFO - Dependencies all met for <TaskInstance: data_ingestion_gcs_dag.format_to_parquet_task scheduled__2019-01-03T00:00:00+00:00 [queued]>
[2022-01-29 12:25:49,538] {taskinstance.py:1238} INFO - 
--------------------------------------------------------------------------------
[2022-01-29 12:25:49,538] {taskinstance.py:1239} INFO - Starting attempt 1 of 2
[2022-01-29 12:25:49,538] {taskinstance.py:1240} INFO - 
--------------------------------------------------------------------------------
[2022-01-29 12:25:49,566] {taskinstance.py:1259} INFO - Executing <Task(PythonOperator): format_to_parquet_task> on 2019-01-03 00:00:00+00:00
[2022-01-29 12:25:49,576] {standard_task_runner.py:52} INFO - Started process 2942 to run task
[2022-01-29 12:25:49,590] {standard_task_runner.py:76} INFO - Running: ['***', 'tasks', 'run', 'data_ingestion_gcs_dag', 'format_to_parquet_task', 'scheduled__2019-01-03T00:00:00+00:00', '--job-id', '190', '--raw', '--subdir', 'DAGS_FOLDER/data_ingestion_gcs_dag.py', '--cfg-path', '/tmp/tmplgpt2vv2', '--error-file', '/tmp/tmpybukzz1n']
[2022-01-29 12:25:49,592] {standard_task_runner.py:77} INFO - Job 190: Subtask format_to_parquet_task
[2022-01-29 12:25:49,765] {logging_mixin.py:109} INFO - Running <TaskInstance: data_ingestion_gcs_dag.format_to_parquet_task scheduled__2019-01-03T00:00:00+00:00 [running]> on host 85e1117cfb12
[2022-01-29 12:25:49,897] {taskinstance.py:1426} INFO - Exporting the following env vars:
AIRFLOW_CTX_DAG_OWNER=***
AIRFLOW_CTX_DAG_ID=data_ingestion_gcs_dag
AIRFLOW_CTX_TASK_ID=format_to_parquet_task
AIRFLOW_CTX_EXECUTION_DATE=2019-01-03T00:00:00+00:00
AIRFLOW_CTX_DAG_RUN_ID=scheduled__2019-01-03T00:00:00+00:00
[2022-01-29 12:25:56,541] {python.py:175} INFO - Done. Returned value was: None
[2022-01-29 12:25:56,559] {taskinstance.py:1277} INFO - Marking task as SUCCESS. dag_id=data_ingestion_gcs_dag, task_id=format_to_parquet_task, execution_date=20190103T000000, start_date=20220129T122549, end_date=20220129T122556
[2022-01-29 12:25:56,676] {local_task_job.py:154} INFO - Task exited with return code 0
[2022-01-29 12:25:56,848] {local_task_job.py:264} INFO - 0 downstream tasks scheduled from follow-on schedule check
