[2022-01-30 01:29:30,600] {taskinstance.py:1032} INFO - Dependencies all met for <TaskInstance: data_ingestion_gcs_dag_fhv.bigquery_external_table_task manual__2022-01-30T01:26:19.408088+00:00 [queued]>
[2022-01-30 01:29:30,614] {taskinstance.py:1032} INFO - Dependencies all met for <TaskInstance: data_ingestion_gcs_dag_fhv.bigquery_external_table_task manual__2022-01-30T01:26:19.408088+00:00 [queued]>
[2022-01-30 01:29:30,614] {taskinstance.py:1238} INFO - 
--------------------------------------------------------------------------------
[2022-01-30 01:29:30,614] {taskinstance.py:1239} INFO - Starting attempt 1 of 2
[2022-01-30 01:29:30,614] {taskinstance.py:1240} INFO - 
--------------------------------------------------------------------------------
[2022-01-30 01:29:30,628] {taskinstance.py:1259} INFO - Executing <Task(BigQueryCreateExternalTableOperator): bigquery_external_table_task> on 2022-01-30 01:26:19.408088+00:00
[2022-01-30 01:29:30,637] {standard_task_runner.py:52} INFO - Started process 457 to run task
[2022-01-30 01:29:30,643] {standard_task_runner.py:76} INFO - Running: ['***', 'tasks', 'run', 'data_ingestion_gcs_dag_fhv', 'bigquery_external_table_task', 'manual__2022-01-30T01:26:19.408088+00:00', '--job-id', '34', '--raw', '--subdir', 'DAGS_FOLDER/data_ingestion_gcs_dag_fhv.py', '--cfg-path', '/tmp/tmpwmu6g0i8', '--error-file', '/tmp/tmpa52wh9v_']
[2022-01-30 01:29:30,644] {standard_task_runner.py:77} INFO - Job 34: Subtask bigquery_external_table_task
[2022-01-30 01:29:30,716] {logging_mixin.py:109} INFO - Running <TaskInstance: data_ingestion_gcs_dag_fhv.bigquery_external_table_task manual__2022-01-30T01:26:19.408088+00:00 [running]> on host 04ca2676bdcc
[2022-01-30 01:29:30,777] {taskinstance.py:1426} INFO - Exporting the following env vars:
AIRFLOW_CTX_DAG_OWNER=***
AIRFLOW_CTX_DAG_ID=data_ingestion_gcs_dag_fhv
AIRFLOW_CTX_TASK_ID=bigquery_external_table_task
AIRFLOW_CTX_EXECUTION_DATE=2022-01-30T01:26:19.408088+00:00
AIRFLOW_CTX_DAG_RUN_ID=manual__2022-01-30T01:26:19.408088+00:00
[2022-01-30 01:29:30,779] {crypto.py:82} WARNING - empty cryptography key - values will not be stored encrypted.
[2022-01-30 01:29:31,240] {taskinstance.py:1277} INFO - Marking task as SUCCESS. dag_id=data_ingestion_gcs_dag_fhv, task_id=bigquery_external_table_task, execution_date=20220130T012619, start_date=20220130T012930, end_date=20220130T012931
[2022-01-30 01:29:31,298] {local_task_job.py:154} INFO - Task exited with return code 0
[2022-01-30 01:29:31,331] {local_task_job.py:264} INFO - 0 downstream tasks scheduled from follow-on schedule check
