[2022-01-30 01:27:29,742] {taskinstance.py:1032} INFO - Dependencies all met for <TaskInstance: data_ingestion_gcs_dag_fhv.local_to_gcs_task scheduled__2022-01-29T00:00:00+00:00 [queued]>
[2022-01-30 01:27:29,771] {taskinstance.py:1032} INFO - Dependencies all met for <TaskInstance: data_ingestion_gcs_dag_fhv.local_to_gcs_task scheduled__2022-01-29T00:00:00+00:00 [queued]>
[2022-01-30 01:27:29,771] {taskinstance.py:1238} INFO - 
--------------------------------------------------------------------------------
[2022-01-30 01:27:29,771] {taskinstance.py:1239} INFO - Starting attempt 1 of 2
[2022-01-30 01:27:29,772] {taskinstance.py:1240} INFO - 
--------------------------------------------------------------------------------
[2022-01-30 01:27:29,814] {taskinstance.py:1259} INFO - Executing <Task(PythonOperator): local_to_gcs_task> on 2022-01-29 00:00:00+00:00
[2022-01-30 01:27:29,870] {standard_task_runner.py:52} INFO - Started process 354 to run task
[2022-01-30 01:27:29,967] {standard_task_runner.py:76} INFO - Running: ['***', 'tasks', 'run', 'data_ingestion_gcs_dag_fhv', 'local_to_gcs_task', 'scheduled__2022-01-29T00:00:00+00:00', '--job-id', '29', '--raw', '--subdir', 'DAGS_FOLDER/data_ingestion_gcs_dag_fhv.py', '--cfg-path', '/tmp/tmpqqvj037j', '--error-file', '/tmp/tmp8kfdel20']
[2022-01-30 01:27:29,987] {standard_task_runner.py:77} INFO - Job 29: Subtask local_to_gcs_task
[2022-01-30 01:27:30,345] {logging_mixin.py:109} INFO - Running <TaskInstance: data_ingestion_gcs_dag_fhv.local_to_gcs_task scheduled__2022-01-29T00:00:00+00:00 [running]> on host 04ca2676bdcc
[2022-01-30 01:27:30,636] {taskinstance.py:1426} INFO - Exporting the following env vars:
AIRFLOW_CTX_DAG_OWNER=***
AIRFLOW_CTX_DAG_ID=data_ingestion_gcs_dag_fhv
AIRFLOW_CTX_TASK_ID=local_to_gcs_task
AIRFLOW_CTX_EXECUTION_DATE=2022-01-29T00:00:00+00:00
AIRFLOW_CTX_DAG_RUN_ID=scheduled__2022-01-29T00:00:00+00:00
[2022-01-30 01:27:40,229] {python.py:175} INFO - Done. Returned value was: None
[2022-01-30 01:27:40,262] {taskinstance.py:1277} INFO - Marking task as SUCCESS. dag_id=data_ingestion_gcs_dag_fhv, task_id=local_to_gcs_task, execution_date=20220129T000000, start_date=20220130T012729, end_date=20220130T012740
[2022-01-30 01:27:40,302] {local_task_job.py:154} INFO - Task exited with return code 0
[2022-01-30 01:27:40,337] {local_task_job.py:264} INFO - 1 downstream tasks scheduled from follow-on schedule check
