[2022-01-29 12:24:59,940] {taskinstance.py:1032} INFO - Dependencies all met for <TaskInstance: data_ingestion_gcs_dag.download_dataset_task manual__2022-01-29T12:24:57.434264+00:00 [queued]>
[2022-01-29 12:24:59,957] {taskinstance.py:1032} INFO - Dependencies all met for <TaskInstance: data_ingestion_gcs_dag.download_dataset_task manual__2022-01-29T12:24:57.434264+00:00 [queued]>
[2022-01-29 12:24:59,957] {taskinstance.py:1238} INFO - 
--------------------------------------------------------------------------------
[2022-01-29 12:24:59,957] {taskinstance.py:1239} INFO - Starting attempt 1 of 2
[2022-01-29 12:24:59,957] {taskinstance.py:1240} INFO - 
--------------------------------------------------------------------------------
[2022-01-29 12:24:59,976] {taskinstance.py:1259} INFO - Executing <Task(BashOperator): download_dataset_task> on 2022-01-29 12:24:57.434264+00:00
[2022-01-29 12:24:59,984] {standard_task_runner.py:52} INFO - Started process 2804 to run task
[2022-01-29 12:24:59,994] {standard_task_runner.py:76} INFO - Running: ['***', 'tasks', 'run', 'data_ingestion_gcs_dag', 'download_dataset_task', 'manual__2022-01-29T12:24:57.434264+00:00', '--job-id', '174', '--raw', '--subdir', 'DAGS_FOLDER/data_ingestion_gcs_dag.py', '--cfg-path', '/tmp/tmp7kaajdv8', '--error-file', '/tmp/tmprkyxb7ot']
[2022-01-29 12:24:59,995] {standard_task_runner.py:77} INFO - Job 174: Subtask download_dataset_task
[2022-01-29 12:25:00,073] {logging_mixin.py:109} INFO - Running <TaskInstance: data_ingestion_gcs_dag.download_dataset_task manual__2022-01-29T12:24:57.434264+00:00 [running]> on host 85e1117cfb12
[2022-01-29 12:25:00,160] {taskinstance.py:1426} INFO - Exporting the following env vars:
AIRFLOW_CTX_DAG_OWNER=***
AIRFLOW_CTX_DAG_ID=data_ingestion_gcs_dag
AIRFLOW_CTX_TASK_ID=download_dataset_task
AIRFLOW_CTX_EXECUTION_DATE=2022-01-29T12:24:57.434264+00:00
AIRFLOW_CTX_DAG_RUN_ID=manual__2022-01-29T12:24:57.434264+00:00
[2022-01-29 12:25:00,161] {subprocess.py:62} INFO - Tmp dir root location: 
 /tmp
[2022-01-29 12:25:00,162] {subprocess.py:74} INFO - Running command: ['bash', '-c', 'curl -sS https://s3.amazonaws.com/nyc-tlc/trip+data/yellow_tripdata_2021-01.csv > /opt/***/yellow_tripdata_2021-01.csv']
[2022-01-29 12:25:00,181] {subprocess.py:85} INFO - Output:
[2022-01-29 12:25:04,975] {subprocess.py:93} INFO - Command exited with return code 0
[2022-01-29 12:25:05,018] {taskinstance.py:1277} INFO - Marking task as SUCCESS. dag_id=data_ingestion_gcs_dag, task_id=download_dataset_task, execution_date=20220129T122457, start_date=20220129T122459, end_date=20220129T122505
[2022-01-29 12:25:05,072] {local_task_job.py:154} INFO - Task exited with return code 0
[2022-01-29 12:25:05,181] {local_task_job.py:264} INFO - 1 downstream tasks scheduled from follow-on schedule check
