[2022-01-30 01:26:01,967] {taskinstance.py:1032} INFO - Dependencies all met for <TaskInstance: data_ingestion_gcs_zones.bigquery_external_table_task manual__2022-01-30T01:25:43.458528+00:00 [queued]>
[2022-01-30 01:26:01,983] {taskinstance.py:1032} INFO - Dependencies all met for <TaskInstance: data_ingestion_gcs_zones.bigquery_external_table_task manual__2022-01-30T01:25:43.458528+00:00 [queued]>
[2022-01-30 01:26:01,983] {taskinstance.py:1238} INFO - 
--------------------------------------------------------------------------------
[2022-01-30 01:26:01,984] {taskinstance.py:1239} INFO - Starting attempt 1 of 2
[2022-01-30 01:26:01,984] {taskinstance.py:1240} INFO - 
--------------------------------------------------------------------------------
[2022-01-30 01:26:02,003] {taskinstance.py:1259} INFO - Executing <Task(BigQueryCreateExternalTableOperator): bigquery_external_table_task> on 2022-01-30 01:25:43.458528+00:00
[2022-01-30 01:26:02,012] {standard_task_runner.py:52} INFO - Started process 279 to run task
[2022-01-30 01:26:02,024] {standard_task_runner.py:76} INFO - Running: ['***', 'tasks', 'run', 'data_ingestion_gcs_zones', 'bigquery_external_table_task', 'manual__2022-01-30T01:25:43.458528+00:00', '--job-id', '26', '--raw', '--subdir', 'DAGS_FOLDER/data_ingestion_gcs_zones.py', '--cfg-path', '/tmp/tmpzf0lk7ej', '--error-file', '/tmp/tmp8qcirlll']
[2022-01-30 01:26:02,026] {standard_task_runner.py:77} INFO - Job 26: Subtask bigquery_external_table_task
[2022-01-30 01:26:02,169] {logging_mixin.py:109} INFO - Running <TaskInstance: data_ingestion_gcs_zones.bigquery_external_table_task manual__2022-01-30T01:25:43.458528+00:00 [running]> on host 04ca2676bdcc
[2022-01-30 01:26:02,278] {taskinstance.py:1426} INFO - Exporting the following env vars:
AIRFLOW_CTX_DAG_OWNER=***
AIRFLOW_CTX_DAG_ID=data_ingestion_gcs_zones
AIRFLOW_CTX_TASK_ID=bigquery_external_table_task
AIRFLOW_CTX_EXECUTION_DATE=2022-01-30T01:25:43.458528+00:00
AIRFLOW_CTX_DAG_RUN_ID=manual__2022-01-30T01:25:43.458528+00:00
[2022-01-30 01:26:02,281] {crypto.py:82} WARNING - empty cryptography key - values will not be stored encrypted.
[2022-01-30 01:26:02,825] {taskinstance.py:1277} INFO - Marking task as SUCCESS. dag_id=data_ingestion_gcs_zones, task_id=bigquery_external_table_task, execution_date=20220130T012543, start_date=20220130T012601, end_date=20220130T012602
[2022-01-30 01:26:02,854] {local_task_job.py:154} INFO - Task exited with return code 0
[2022-01-30 01:26:02,900] {local_task_job.py:264} INFO - 0 downstream tasks scheduled from follow-on schedule check
