[2022-01-29 13:51:03,015] {taskinstance.py:1032} INFO - Dependencies all met for <TaskInstance: data_ingestion_gcs_dag_2.format_to_parquet_task scheduled__2021-08-02T06:00:00+00:00 [queued]>
[2022-01-29 13:51:03,096] {taskinstance.py:1032} INFO - Dependencies all met for <TaskInstance: data_ingestion_gcs_dag_2.format_to_parquet_task scheduled__2021-08-02T06:00:00+00:00 [queued]>
[2022-01-29 13:51:03,096] {taskinstance.py:1238} INFO - 
--------------------------------------------------------------------------------
[2022-01-29 13:51:03,096] {taskinstance.py:1239} INFO - Starting attempt 1 of 1
[2022-01-29 13:51:03,096] {taskinstance.py:1240} INFO - 
--------------------------------------------------------------------------------
[2022-01-29 13:51:03,311] {taskinstance.py:1259} INFO - Executing <Task(PythonOperator): format_to_parquet_task> on 2021-08-02 06:00:00+00:00
[2022-01-29 13:51:03,323] {standard_task_runner.py:52} INFO - Started process 1875 to run task
[2022-01-29 13:51:03,409] {standard_task_runner.py:76} INFO - Running: ['***', 'tasks', 'run', 'data_ingestion_gcs_dag_2', 'format_to_parquet_task', 'scheduled__2021-08-02T06:00:00+00:00', '--job-id', '599', '--raw', '--subdir', 'DAGS_FOLDER/data_ingestion_gcs_dag_2.py', '--cfg-path', '/tmp/tmpue7efrh1', '--error-file', '/tmp/tmp0hc0qobw']
[2022-01-29 13:51:03,447] {standard_task_runner.py:77} INFO - Job 599: Subtask format_to_parquet_task
[2022-01-29 13:51:04,020] {logging_mixin.py:109} INFO - Running <TaskInstance: data_ingestion_gcs_dag_2.format_to_parquet_task scheduled__2021-08-02T06:00:00+00:00 [running]> on host 9bf957887753
[2022-01-29 13:51:04,334] {warnings.py:110} WARNING - /home/***/.local/lib/python3.7/site-packages/***/utils/context.py:152: AirflowContextDeprecationWarning: Accessing 'execution_date' from the template is deprecated and will be removed in a future version. Please use 'data_interval_start' or 'logical_date' instead.
  warnings.warn(_create_deprecation_warning(key, self._deprecation_replacements[key]))

[2022-01-29 13:51:08,823] {taskinstance.py:1426} INFO - Exporting the following env vars:
AIRFLOW_CTX_DAG_OWNER=***
AIRFLOW_CTX_DAG_ID=data_ingestion_gcs_dag_2
AIRFLOW_CTX_TASK_ID=format_to_parquet_task
AIRFLOW_CTX_EXECUTION_DATE=2021-08-02T06:00:00+00:00
AIRFLOW_CTX_DAG_RUN_ID=scheduled__2021-08-02T06:00:00+00:00
[2022-01-29 13:51:10,978] {python.py:175} INFO - Done. Returned value was: None
[2022-01-29 13:51:12,369] {taskinstance.py:1277} INFO - Marking task as SUCCESS. dag_id=data_ingestion_gcs_dag_2, task_id=format_to_parquet_task, execution_date=20210802T060000, start_date=20220129T135103, end_date=20220129T135112
[2022-01-29 13:51:15,975] {local_task_job.py:154} INFO - Task exited with return code 0
[2022-01-29 13:51:20,831] {local_task_job.py:264} INFO - 1 downstream tasks scheduled from follow-on schedule check
