[2022-01-27 14:45:10,683] {taskinstance.py:1032} INFO - Dependencies all met for <TaskInstance: data_ingestion_gcs_dag.download_dataset_task manual__2022-01-27T14:38:45.638930+00:00 [queued]>
[2022-01-27 14:45:10,696] {taskinstance.py:1032} INFO - Dependencies all met for <TaskInstance: data_ingestion_gcs_dag.download_dataset_task manual__2022-01-27T14:38:45.638930+00:00 [queued]>
[2022-01-27 14:45:10,696] {taskinstance.py:1238} INFO - 
--------------------------------------------------------------------------------
[2022-01-27 14:45:10,696] {taskinstance.py:1239} INFO - Starting attempt 1 of 2
[2022-01-27 14:45:10,696] {taskinstance.py:1240} INFO - 
--------------------------------------------------------------------------------
[2022-01-27 14:45:10,710] {taskinstance.py:1259} INFO - Executing <Task(BashOperator): download_dataset_task> on 2022-01-27 14:38:45.638930+00:00
[2022-01-27 14:45:10,717] {standard_task_runner.py:52} INFO - Started process 5169 to run task
[2022-01-27 14:45:10,725] {standard_task_runner.py:76} INFO - Running: ['***', 'tasks', 'run', 'data_ingestion_gcs_dag', 'download_dataset_task', 'manual__2022-01-27T14:38:45.638930+00:00', '--job-id', '14', '--raw', '--subdir', 'DAGS_FOLDER/data_ingestion_gcs_dag.py', '--cfg-path', '/tmp/tmp8w9upgtu', '--error-file', '/tmp/tmp2xg67agw']
[2022-01-27 14:45:10,726] {standard_task_runner.py:77} INFO - Job 14: Subtask download_dataset_task
[2022-01-27 14:45:10,792] {logging_mixin.py:109} INFO - Running <TaskInstance: data_ingestion_gcs_dag.download_dataset_task manual__2022-01-27T14:38:45.638930+00:00 [running]> on host 1eb1377c6bb9
[2022-01-27 14:45:10,859] {taskinstance.py:1426} INFO - Exporting the following env vars:
AIRFLOW_CTX_DAG_OWNER=***
AIRFLOW_CTX_DAG_ID=data_ingestion_gcs_dag
AIRFLOW_CTX_TASK_ID=download_dataset_task
AIRFLOW_CTX_EXECUTION_DATE=2022-01-27T14:38:45.638930+00:00
AIRFLOW_CTX_DAG_RUN_ID=manual__2022-01-27T14:38:45.638930+00:00
[2022-01-27 14:45:10,861] {subprocess.py:62} INFO - Tmp dir root location: 
 /tmp
[2022-01-27 14:45:10,862] {subprocess.py:74} INFO - Running command: ['bash', '-c', 'curl -sS https://s3.amazonaws.com/nyc-tlc/trip+data/yellow_tripdata_2021-01.csv > /opt/***/yellow_tripdata_2021-01.csv']
[2022-01-27 14:45:10,877] {subprocess.py:85} INFO - Output:
[2022-01-27 14:45:15,802] {subprocess.py:93} INFO - Command exited with return code 0
[2022-01-27 14:45:15,934] {taskinstance.py:1277} INFO - Marking task as SUCCESS. dag_id=data_ingestion_gcs_dag, task_id=download_dataset_task, execution_date=20220127T143845, start_date=20220127T144510, end_date=20220127T144515
[2022-01-27 14:45:15,978] {local_task_job.py:154} INFO - Task exited with return code 0
[2022-01-27 14:45:16,030] {local_task_job.py:264} INFO - 1 downstream tasks scheduled from follow-on schedule check
