[2022-01-29 14:06:46,754] {taskinstance.py:1032} INFO - Dependencies all met for <TaskInstance: data_ingestion_gcs_dag_2.bigquery_external_table_task scheduled__2021-04-02T06:00:00+00:00 [queued]>
[2022-01-29 14:06:46,766] {taskinstance.py:1032} INFO - Dependencies all met for <TaskInstance: data_ingestion_gcs_dag_2.bigquery_external_table_task scheduled__2021-04-02T06:00:00+00:00 [queued]>
[2022-01-29 14:06:46,767] {taskinstance.py:1238} INFO - 
--------------------------------------------------------------------------------
[2022-01-29 14:06:46,767] {taskinstance.py:1239} INFO - Starting attempt 2 of 2
[2022-01-29 14:06:46,767] {taskinstance.py:1240} INFO - 
--------------------------------------------------------------------------------
[2022-01-29 14:06:46,782] {taskinstance.py:1259} INFO - Executing <Task(BigQueryUpsertTableOperator): bigquery_external_table_task> on 2021-04-02 06:00:00+00:00
[2022-01-29 14:06:46,788] {standard_task_runner.py:52} INFO - Started process 2753 to run task
[2022-01-29 14:06:46,795] {standard_task_runner.py:76} INFO - Running: ['***', 'tasks', 'run', 'data_ingestion_gcs_dag_2', 'bigquery_external_table_task', 'scheduled__2021-04-02T06:00:00+00:00', '--job-id', '641', '--raw', '--subdir', 'DAGS_FOLDER/data_ingestion_gcs_dag_2.py', '--cfg-path', '/tmp/tmph3_x645e', '--error-file', '/tmp/tmpqpjup77_']
[2022-01-29 14:06:46,797] {standard_task_runner.py:77} INFO - Job 641: Subtask bigquery_external_table_task
[2022-01-29 14:06:46,873] {logging_mixin.py:109} INFO - Running <TaskInstance: data_ingestion_gcs_dag_2.bigquery_external_table_task scheduled__2021-04-02T06:00:00+00:00 [running]> on host 9bf957887753
[2022-01-29 14:06:46,932] {warnings.py:110} WARNING - /home/***/.local/lib/python3.7/site-packages/***/utils/context.py:152: AirflowContextDeprecationWarning: Accessing 'execution_date' from the template is deprecated and will be removed in a future version. Please use 'data_interval_start' or 'logical_date' instead.
  warnings.warn(_create_deprecation_warning(key, self._deprecation_replacements[key]))

[2022-01-29 14:06:46,955] {taskinstance.py:1426} INFO - Exporting the following env vars:
AIRFLOW_CTX_DAG_OWNER=***
AIRFLOW_CTX_DAG_ID=data_ingestion_gcs_dag_2
AIRFLOW_CTX_TASK_ID=bigquery_external_table_task
AIRFLOW_CTX_EXECUTION_DATE=2021-04-02T06:00:00+00:00
AIRFLOW_CTX_DAG_RUN_ID=scheduled__2021-04-02T06:00:00+00:00
[2022-01-29 14:06:46,956] {bigquery.py:2016} INFO - Upserting Dataset: trips_data_all with table_resource: {'tableReference': {'projectId': 'datacamp-338713', 'datasetId': 'trips_data_all', 'tableId': 'external_table'}, 'externalDataConfiguration': {'sourceFormat': 'PARQUET', 'sourceUris': ['gs://dtc_data_lake_datacamp-338713/raw/yellow_tripdata_2021-04.parquet']}}
[2022-01-29 14:06:46,957] {warnings.py:110} WARNING - /home/***/.local/lib/python3.7/site-packages/***/providers/google/cloud/operators/bigquery.py:2021: DeprecationWarning: The bigquery_conn_id parameter has been deprecated. You should pass the gcp_conn_id parameter.
  impersonation_chain=self.impersonation_chain,

[2022-01-29 14:06:46,958] {crypto.py:82} WARNING - empty cryptography key - values will not be stored encrypted.
[2022-01-29 14:06:46,965] {bigquery.py:496} INFO - Start getting tables list from dataset: datacamp-338713.trips_data_all
[2022-01-29 14:06:47,103] {bigquery.py:1225} INFO - Table datacamp-338713:trips_data_all.external_table exists, updating.
[2022-01-29 14:06:47,104] {bigquery.py:749} INFO - Updating table: {'projectId': 'datacamp-338713', 'datasetId': 'trips_data_all', 'tableId': 'external_table'}
[2022-01-29 14:06:47,307] {bigquery.py:751} INFO - Table datacamp-338713.None.None updated successfully
[2022-01-29 14:06:47,323] {taskinstance.py:1277} INFO - Marking task as SUCCESS. dag_id=data_ingestion_gcs_dag_2, task_id=bigquery_external_table_task, execution_date=20210402T060000, start_date=20220129T140646, end_date=20220129T140647
[2022-01-29 14:06:47,370] {local_task_job.py:154} INFO - Task exited with return code 0
[2022-01-29 14:06:47,408] {local_task_job.py:264} INFO - 0 downstream tasks scheduled from follow-on schedule check
