[2022-01-29 12:26:18,783] {taskinstance.py:1032} INFO - Dependencies all met for <TaskInstance: data_ingestion_gcs_dag.format_to_parquet_task scheduled__2019-01-09T00:00:00+00:00 [queued]>
[2022-01-29 12:26:18,845] {taskinstance.py:1032} INFO - Dependencies all met for <TaskInstance: data_ingestion_gcs_dag.format_to_parquet_task scheduled__2019-01-09T00:00:00+00:00 [queued]>
[2022-01-29 12:26:18,846] {taskinstance.py:1238} INFO - 
--------------------------------------------------------------------------------
[2022-01-29 12:26:18,847] {taskinstance.py:1239} INFO - Starting attempt 1 of 2
[2022-01-29 12:26:18,847] {taskinstance.py:1240} INFO - 
--------------------------------------------------------------------------------
[2022-01-29 12:26:18,897] {taskinstance.py:1259} INFO - Executing <Task(PythonOperator): format_to_parquet_task> on 2019-01-09 00:00:00+00:00
[2022-01-29 12:26:18,913] {standard_task_runner.py:52} INFO - Started process 3082 to run task
[2022-01-29 12:26:18,939] {standard_task_runner.py:76} INFO - Running: ['***', 'tasks', 'run', 'data_ingestion_gcs_dag', 'format_to_parquet_task', 'scheduled__2019-01-09T00:00:00+00:00', '--job-id', '212', '--raw', '--subdir', 'DAGS_FOLDER/data_ingestion_gcs_dag.py', '--cfg-path', '/tmp/tmpylme2v9q', '--error-file', '/tmp/tmp44og4jf7']
[2022-01-29 12:26:18,944] {standard_task_runner.py:77} INFO - Job 212: Subtask format_to_parquet_task
[2022-01-29 12:26:19,193] {logging_mixin.py:109} INFO - Running <TaskInstance: data_ingestion_gcs_dag.format_to_parquet_task scheduled__2019-01-09T00:00:00+00:00 [running]> on host 85e1117cfb12
[2022-01-29 12:26:19,583] {taskinstance.py:1426} INFO - Exporting the following env vars:
AIRFLOW_CTX_DAG_OWNER=***
AIRFLOW_CTX_DAG_ID=data_ingestion_gcs_dag
AIRFLOW_CTX_TASK_ID=format_to_parquet_task
AIRFLOW_CTX_EXECUTION_DATE=2019-01-09T00:00:00+00:00
AIRFLOW_CTX_DAG_RUN_ID=scheduled__2019-01-09T00:00:00+00:00
[2022-01-29 12:26:31,658] {python.py:175} INFO - Done. Returned value was: None
[2022-01-29 12:26:32,118] {taskinstance.py:1277} INFO - Marking task as SUCCESS. dag_id=data_ingestion_gcs_dag, task_id=format_to_parquet_task, execution_date=20190109T000000, start_date=20220129T122618, end_date=20220129T122632
[2022-01-29 12:26:32,403] {local_task_job.py:154} INFO - Task exited with return code 0
[2022-01-29 12:26:32,717] {local_task_job.py:264} INFO - 1 downstream tasks scheduled from follow-on schedule check
