[2022-01-29 12:25:07,805] {taskinstance.py:1032} INFO - Dependencies all met for <TaskInstance: data_ingestion_gcs_dag.format_to_parquet_task manual__2022-01-29T12:24:57.434264+00:00 [queued]>
[2022-01-29 12:25:07,825] {taskinstance.py:1032} INFO - Dependencies all met for <TaskInstance: data_ingestion_gcs_dag.format_to_parquet_task manual__2022-01-29T12:24:57.434264+00:00 [queued]>
[2022-01-29 12:25:07,825] {taskinstance.py:1238} INFO - 
--------------------------------------------------------------------------------
[2022-01-29 12:25:07,825] {taskinstance.py:1239} INFO - Starting attempt 1 of 2
[2022-01-29 12:25:07,825] {taskinstance.py:1240} INFO - 
--------------------------------------------------------------------------------
[2022-01-29 12:25:07,846] {taskinstance.py:1259} INFO - Executing <Task(PythonOperator): format_to_parquet_task> on 2022-01-29 12:24:57.434264+00:00
[2022-01-29 12:25:07,855] {standard_task_runner.py:52} INFO - Started process 2832 to run task
[2022-01-29 12:25:07,867] {standard_task_runner.py:76} INFO - Running: ['***', 'tasks', 'run', 'data_ingestion_gcs_dag', 'format_to_parquet_task', 'manual__2022-01-29T12:24:57.434264+00:00', '--job-id', '176', '--raw', '--subdir', 'DAGS_FOLDER/data_ingestion_gcs_dag.py', '--cfg-path', '/tmp/tmpsxz2ou63', '--error-file', '/tmp/tmpkfe3pxf7']
[2022-01-29 12:25:07,868] {standard_task_runner.py:77} INFO - Job 176: Subtask format_to_parquet_task
[2022-01-29 12:25:08,034] {logging_mixin.py:109} INFO - Running <TaskInstance: data_ingestion_gcs_dag.format_to_parquet_task manual__2022-01-29T12:24:57.434264+00:00 [running]> on host 85e1117cfb12
[2022-01-29 12:25:08,178] {taskinstance.py:1426} INFO - Exporting the following env vars:
AIRFLOW_CTX_DAG_OWNER=***
AIRFLOW_CTX_DAG_ID=data_ingestion_gcs_dag
AIRFLOW_CTX_TASK_ID=format_to_parquet_task
AIRFLOW_CTX_EXECUTION_DATE=2022-01-29T12:24:57.434264+00:00
AIRFLOW_CTX_DAG_RUN_ID=manual__2022-01-29T12:24:57.434264+00:00
[2022-01-29 12:25:14,259] {python.py:175} INFO - Done. Returned value was: None
[2022-01-29 12:25:14,336] {taskinstance.py:1277} INFO - Marking task as SUCCESS. dag_id=data_ingestion_gcs_dag, task_id=format_to_parquet_task, execution_date=20220129T122457, start_date=20220129T122507, end_date=20220129T122514
[2022-01-29 12:25:14,658] {local_task_job.py:154} INFO - Task exited with return code 0
[2022-01-29 12:25:14,780] {local_task_job.py:264} INFO - 1 downstream tasks scheduled from follow-on schedule check
