[2022-01-29 12:37:02,505] {taskinstance.py:1032} INFO - Dependencies all met for <TaskInstance: data_ingestion_gcs_dag.format_to_parquet_task scheduled__2021-06-02T06:00:00+00:00 [queued]>
[2022-01-29 12:37:02,522] {taskinstance.py:1032} INFO - Dependencies all met for <TaskInstance: data_ingestion_gcs_dag.format_to_parquet_task scheduled__2021-06-02T06:00:00+00:00 [queued]>
[2022-01-29 12:37:02,522] {taskinstance.py:1238} INFO - 
--------------------------------------------------------------------------------
[2022-01-29 12:37:02,522] {taskinstance.py:1239} INFO - Starting attempt 1 of 2
[2022-01-29 12:37:02,522] {taskinstance.py:1240} INFO - 
--------------------------------------------------------------------------------
[2022-01-29 12:37:02,545] {taskinstance.py:1259} INFO - Executing <Task(PythonOperator): format_to_parquet_task> on 2021-06-02 06:00:00+00:00
[2022-01-29 12:37:02,555] {standard_task_runner.py:52} INFO - Started process 4852 to run task
[2022-01-29 12:37:02,597] {standard_task_runner.py:76} INFO - Running: ['***', 'tasks', 'run', 'data_ingestion_gcs_dag', 'format_to_parquet_task', 'scheduled__2021-06-02T06:00:00+00:00', '--job-id', '465', '--raw', '--subdir', 'DAGS_FOLDER/data_ingestion_gcs_dag.py', '--cfg-path', '/tmp/tmp0u7dllv8', '--error-file', '/tmp/tmpt6ksdhj8']
[2022-01-29 12:37:02,599] {standard_task_runner.py:77} INFO - Job 465: Subtask format_to_parquet_task
[2022-01-29 12:37:02,913] {logging_mixin.py:109} INFO - Running <TaskInstance: data_ingestion_gcs_dag.format_to_parquet_task scheduled__2021-06-02T06:00:00+00:00 [running]> on host 85e1117cfb12
[2022-01-29 12:37:03,277] {taskinstance.py:1426} INFO - Exporting the following env vars:
AIRFLOW_CTX_DAG_OWNER=***
AIRFLOW_CTX_DAG_ID=data_ingestion_gcs_dag
AIRFLOW_CTX_TASK_ID=format_to_parquet_task
AIRFLOW_CTX_EXECUTION_DATE=2021-06-02T06:00:00+00:00
AIRFLOW_CTX_DAG_RUN_ID=scheduled__2021-06-02T06:00:00+00:00
[2022-01-29 12:37:11,561] {python.py:175} INFO - Done. Returned value was: None
[2022-01-29 12:37:11,587] {taskinstance.py:1277} INFO - Marking task as SUCCESS. dag_id=data_ingestion_gcs_dag, task_id=format_to_parquet_task, execution_date=20210602T060000, start_date=20220129T123702, end_date=20220129T123711
[2022-01-29 12:37:12,081] {local_task_job.py:154} INFO - Task exited with return code 0
[2022-01-29 12:37:12,211] {local_task_job.py:264} INFO - 1 downstream tasks scheduled from follow-on schedule check
[2022-01-29 13:23:15,692] {taskinstance.py:1032} INFO - Dependencies all met for <TaskInstance: data_ingestion_gcs_dag.format_to_parquet_task scheduled__2021-06-02T06:00:00+00:00 [queued]>
[2022-01-29 13:23:15,748] {taskinstance.py:1032} INFO - Dependencies all met for <TaskInstance: data_ingestion_gcs_dag.format_to_parquet_task scheduled__2021-06-02T06:00:00+00:00 [queued]>
[2022-01-29 13:23:15,748] {taskinstance.py:1238} INFO - 
--------------------------------------------------------------------------------
[2022-01-29 13:23:15,750] {taskinstance.py:1239} INFO - Starting attempt 1 of 1
[2022-01-29 13:23:15,750] {taskinstance.py:1240} INFO - 
--------------------------------------------------------------------------------
[2022-01-29 13:23:15,884] {taskinstance.py:1259} INFO - Executing <Task(PythonOperator): format_to_parquet_task> on 2021-06-02 06:00:00+00:00
[2022-01-29 13:23:15,921] {standard_task_runner.py:52} INFO - Started process 457 to run task
[2022-01-29 13:23:16,002] {standard_task_runner.py:76} INFO - Running: ['***', 'tasks', 'run', 'data_ingestion_gcs_dag', 'format_to_parquet_task', 'scheduled__2021-06-02T06:00:00+00:00', '--job-id', '563', '--raw', '--subdir', 'DAGS_FOLDER/data_ingestion_gcs_dag.py', '--cfg-path', '/tmp/tmprk97pz92', '--error-file', '/tmp/tmpdfp66x7l']
[2022-01-29 13:23:16,026] {standard_task_runner.py:77} INFO - Job 563: Subtask format_to_parquet_task
[2022-01-29 13:23:16,325] {logging_mixin.py:109} INFO - Running <TaskInstance: data_ingestion_gcs_dag.format_to_parquet_task scheduled__2021-06-02T06:00:00+00:00 [running]> on host 9bf957887753
[2022-01-29 13:23:16,745] {warnings.py:110} WARNING - /home/***/.local/lib/python3.7/site-packages/***/utils/context.py:152: AirflowContextDeprecationWarning: Accessing 'execution_date' from the template is deprecated and will be removed in a future version. Please use 'data_interval_start' or 'logical_date' instead.
  warnings.warn(_create_deprecation_warning(key, self._deprecation_replacements[key]))

[2022-01-29 13:23:16,884] {taskinstance.py:1426} INFO - Exporting the following env vars:
AIRFLOW_CTX_DAG_OWNER=***
AIRFLOW_CTX_DAG_ID=data_ingestion_gcs_dag
AIRFLOW_CTX_TASK_ID=format_to_parquet_task
AIRFLOW_CTX_EXECUTION_DATE=2021-06-02T06:00:00+00:00
AIRFLOW_CTX_DAG_RUN_ID=scheduled__2021-06-02T06:00:00+00:00
[2022-01-29 13:23:31,375] {python.py:175} INFO - Done. Returned value was: None
[2022-01-29 13:23:31,427] {taskinstance.py:1277} INFO - Marking task as SUCCESS. dag_id=data_ingestion_gcs_dag, task_id=format_to_parquet_task, execution_date=20210602T060000, start_date=20220129T132315, end_date=20220129T132331
[2022-01-29 13:23:31,522] {local_task_job.py:212} WARNING - State of this instance has been externally set to success. Terminating instance.
[2022-01-29 13:23:31,525] {process_utils.py:124} INFO - Sending Signals.SIGTERM to group 457. PIDs of all processes in the group: [457]
[2022-01-29 13:23:31,526] {process_utils.py:75} INFO - Sending the signal Signals.SIGTERM to group 457
[2022-01-29 13:23:31,662] {process_utils.py:70} INFO - Process psutil.Process(pid=457, status='terminated', exitcode=0, started='13:23:15') (457) terminated with exit code 0
