[2022-01-29 12:27:17,825] {taskinstance.py:1032} INFO - Dependencies all met for <TaskInstance: data_ingestion_gcs_dag.local_to_gcs_task scheduled__2019-01-18T00:00:00+00:00 [queued]>
[2022-01-29 12:27:17,985] {taskinstance.py:1032} INFO - Dependencies all met for <TaskInstance: data_ingestion_gcs_dag.local_to_gcs_task scheduled__2019-01-18T00:00:00+00:00 [queued]>
[2022-01-29 12:27:17,985] {taskinstance.py:1238} INFO - 
--------------------------------------------------------------------------------
[2022-01-29 12:27:17,985] {taskinstance.py:1239} INFO - Starting attempt 1 of 2
[2022-01-29 12:27:17,985] {taskinstance.py:1240} INFO - 
--------------------------------------------------------------------------------
[2022-01-29 12:27:18,173] {taskinstance.py:1259} INFO - Executing <Task(PythonOperator): local_to_gcs_task> on 2019-01-18 00:00:00+00:00
[2022-01-29 12:27:18,256] {standard_task_runner.py:52} INFO - Started process 3387 to run task
[2022-01-29 12:27:18,373] {standard_task_runner.py:76} INFO - Running: ['***', 'tasks', 'run', 'data_ingestion_gcs_dag', 'local_to_gcs_task', 'scheduled__2019-01-18T00:00:00+00:00', '--job-id', '250', '--raw', '--subdir', 'DAGS_FOLDER/data_ingestion_gcs_dag.py', '--cfg-path', '/tmp/tmpkk0bffou', '--error-file', '/tmp/tmpfqmc1bn8']
[2022-01-29 12:27:18,374] {standard_task_runner.py:77} INFO - Job 250: Subtask local_to_gcs_task
[2022-01-29 12:27:18,909] {logging_mixin.py:109} INFO - Running <TaskInstance: data_ingestion_gcs_dag.local_to_gcs_task scheduled__2019-01-18T00:00:00+00:00 [running]> on host 85e1117cfb12
[2022-01-29 12:27:19,621] {taskinstance.py:1426} INFO - Exporting the following env vars:
AIRFLOW_CTX_DAG_OWNER=***
AIRFLOW_CTX_DAG_ID=data_ingestion_gcs_dag
AIRFLOW_CTX_TASK_ID=local_to_gcs_task
AIRFLOW_CTX_EXECUTION_DATE=2019-01-18T00:00:00+00:00
AIRFLOW_CTX_DAG_RUN_ID=scheduled__2019-01-18T00:00:00+00:00
[2022-01-29 12:27:21,644] {python.py:175} INFO - Done. Returned value was: None
[2022-01-29 12:27:21,681] {taskinstance.py:1277} INFO - Marking task as SUCCESS. dag_id=data_ingestion_gcs_dag, task_id=local_to_gcs_task, execution_date=20190118T000000, start_date=20220129T122717, end_date=20220129T122721
[2022-01-29 12:27:21,869] {local_task_job.py:154} INFO - Task exited with return code 0
[2022-01-29 12:27:22,005] {local_task_job.py:264} INFO - 1 downstream tasks scheduled from follow-on schedule check
