[2022-01-29 12:37:43,434] {taskinstance.py:1032} INFO - Dependencies all met for <TaskInstance: data_ingestion_gcs_dag.download_dataset_task scheduled__2021-12-02T06:00:00+00:00 [queued]>
[2022-01-29 12:37:43,445] {taskinstance.py:1032} INFO - Dependencies all met for <TaskInstance: data_ingestion_gcs_dag.download_dataset_task scheduled__2021-12-02T06:00:00+00:00 [queued]>
[2022-01-29 12:37:43,446] {taskinstance.py:1238} INFO - 
--------------------------------------------------------------------------------
[2022-01-29 12:37:43,446] {taskinstance.py:1239} INFO - Starting attempt 1 of 2
[2022-01-29 12:37:43,446] {taskinstance.py:1240} INFO - 
--------------------------------------------------------------------------------
[2022-01-29 12:37:43,458] {taskinstance.py:1259} INFO - Executing <Task(BashOperator): download_dataset_task> on 2021-12-02 06:00:00+00:00
[2022-01-29 12:37:43,464] {standard_task_runner.py:52} INFO - Started process 4970 to run task
[2022-01-29 12:37:43,470] {standard_task_runner.py:76} INFO - Running: ['***', 'tasks', 'run', 'data_ingestion_gcs_dag', 'download_dataset_task', 'scheduled__2021-12-02T06:00:00+00:00', '--job-id', '486', '--raw', '--subdir', 'DAGS_FOLDER/data_ingestion_gcs_dag.py', '--cfg-path', '/tmp/tmpxnt2ut96', '--error-file', '/tmp/tmp1m96qppo']
[2022-01-29 12:37:43,472] {standard_task_runner.py:77} INFO - Job 486: Subtask download_dataset_task
[2022-01-29 12:37:43,549] {logging_mixin.py:109} INFO - Running <TaskInstance: data_ingestion_gcs_dag.download_dataset_task scheduled__2021-12-02T06:00:00+00:00 [running]> on host 85e1117cfb12
[2022-01-29 12:37:43,651] {taskinstance.py:1426} INFO - Exporting the following env vars:
AIRFLOW_CTX_DAG_OWNER=***
AIRFLOW_CTX_DAG_ID=data_ingestion_gcs_dag
AIRFLOW_CTX_TASK_ID=download_dataset_task
AIRFLOW_CTX_EXECUTION_DATE=2021-12-02T06:00:00+00:00
AIRFLOW_CTX_DAG_RUN_ID=scheduled__2021-12-02T06:00:00+00:00
[2022-01-29 12:37:43,653] {subprocess.py:62} INFO - Tmp dir root location: 
 /tmp
[2022-01-29 12:37:43,654] {subprocess.py:74} INFO - Running command: ['bash', '-c', 'curl -sS https://s3.amazonaws.com/nyc-tlc/trip+data/yellow_tripdata_2021-01.csv > /opt/***/yellow_tripdata_2021-01.csv']
[2022-01-29 12:37:43,672] {subprocess.py:85} INFO - Output:
[2022-01-29 12:37:48,632] {subprocess.py:93} INFO - Command exited with return code 0
[2022-01-29 12:37:48,737] {taskinstance.py:1277} INFO - Marking task as SUCCESS. dag_id=data_ingestion_gcs_dag, task_id=download_dataset_task, execution_date=20211202T060000, start_date=20220129T123743, end_date=20220129T123748
[2022-01-29 12:37:48,781] {local_task_job.py:154} INFO - Task exited with return code 0
[2022-01-29 12:37:48,915] {local_task_job.py:264} INFO - 1 downstream tasks scheduled from follow-on schedule check
[2022-01-29 13:23:03,552] {taskinstance.py:1032} INFO - Dependencies all met for <TaskInstance: data_ingestion_gcs_dag.download_dataset_task scheduled__2021-12-02T06:00:00+00:00 [queued]>
[2022-01-29 13:23:03,633] {taskinstance.py:1032} INFO - Dependencies all met for <TaskInstance: data_ingestion_gcs_dag.download_dataset_task scheduled__2021-12-02T06:00:00+00:00 [queued]>
[2022-01-29 13:23:03,634] {taskinstance.py:1238} INFO - 
--------------------------------------------------------------------------------
[2022-01-29 13:23:03,634] {taskinstance.py:1239} INFO - Starting attempt 1 of 1
[2022-01-29 13:23:03,634] {taskinstance.py:1240} INFO - 
--------------------------------------------------------------------------------
[2022-01-29 13:23:03,738] {taskinstance.py:1259} INFO - Executing <Task(BashOperator): download_dataset_task> on 2021-12-02 06:00:00+00:00
[2022-01-29 13:23:03,762] {standard_task_runner.py:52} INFO - Started process 370 to run task
[2022-01-29 13:23:03,808] {standard_task_runner.py:76} INFO - Running: ['***', 'tasks', 'run', 'data_ingestion_gcs_dag', 'download_dataset_task', 'scheduled__2021-12-02T06:00:00+00:00', '--job-id', '549', '--raw', '--subdir', 'DAGS_FOLDER/data_ingestion_gcs_dag.py', '--cfg-path', '/tmp/tmpxgt11l9f', '--error-file', '/tmp/tmpntwfhyqc']
[2022-01-29 13:23:03,809] {standard_task_runner.py:77} INFO - Job 549: Subtask download_dataset_task
[2022-01-29 13:23:04,435] {logging_mixin.py:109} INFO - Running <TaskInstance: data_ingestion_gcs_dag.download_dataset_task scheduled__2021-12-02T06:00:00+00:00 [running]> on host 9bf957887753
[2022-01-29 13:23:04,896] {warnings.py:110} WARNING - /home/***/.local/lib/python3.7/site-packages/***/utils/context.py:152: AirflowContextDeprecationWarning: Accessing 'execution_date' from the template is deprecated and will be removed in a future version. Please use 'data_interval_start' or 'logical_date' instead.
  warnings.warn(_create_deprecation_warning(key, self._deprecation_replacements[key]))

[2022-01-29 13:23:05,163] {taskinstance.py:1426} INFO - Exporting the following env vars:
AIRFLOW_CTX_DAG_OWNER=***
AIRFLOW_CTX_DAG_ID=data_ingestion_gcs_dag
AIRFLOW_CTX_TASK_ID=download_dataset_task
AIRFLOW_CTX_EXECUTION_DATE=2021-12-02T06:00:00+00:00
AIRFLOW_CTX_DAG_RUN_ID=scheduled__2021-12-02T06:00:00+00:00
[2022-01-29 13:23:05,168] {subprocess.py:62} INFO - Tmp dir root location: 
 /tmp
[2022-01-29 13:23:05,181] {subprocess.py:74} INFO - Running command: ['bash', '-c', 'curl -sS https://s3.amazonaws.com/nyc-tlc/trip+data/yellow_tripdata_2021-12.csv > /opt/***/yellow_tripdata_2021-12.csv']
[2022-01-29 13:23:05,281] {subprocess.py:85} INFO - Output:
[2022-01-29 13:23:05,760] {subprocess.py:93} INFO - Command exited with return code 0
[2022-01-29 13:23:05,877] {taskinstance.py:1277} INFO - Marking task as SUCCESS. dag_id=data_ingestion_gcs_dag, task_id=download_dataset_task, execution_date=20211202T060000, start_date=20220129T132303, end_date=20220129T132305
[2022-01-29 13:23:05,984] {local_task_job.py:154} INFO - Task exited with return code 0
[2022-01-29 13:23:06,155] {local_task_job.py:264} INFO - 1 downstream tasks scheduled from follow-on schedule check
