[2022-01-29 12:37:51,335] {taskinstance.py:1032} INFO - Dependencies all met for <TaskInstance: data_ingestion_gcs_dag.format_to_parquet_task scheduled__2021-12-02T06:00:00+00:00 [queued]>
[2022-01-29 12:37:51,352] {taskinstance.py:1032} INFO - Dependencies all met for <TaskInstance: data_ingestion_gcs_dag.format_to_parquet_task scheduled__2021-12-02T06:00:00+00:00 [queued]>
[2022-01-29 12:37:51,352] {taskinstance.py:1238} INFO - 
--------------------------------------------------------------------------------
[2022-01-29 12:37:51,352] {taskinstance.py:1239} INFO - Starting attempt 1 of 2
[2022-01-29 12:37:51,353] {taskinstance.py:1240} INFO - 
--------------------------------------------------------------------------------
[2022-01-29 12:37:51,376] {taskinstance.py:1259} INFO - Executing <Task(PythonOperator): format_to_parquet_task> on 2021-12-02 06:00:00+00:00
[2022-01-29 12:37:51,384] {standard_task_runner.py:52} INFO - Started process 4993 to run task
[2022-01-29 12:37:51,449] {standard_task_runner.py:76} INFO - Running: ['***', 'tasks', 'run', 'data_ingestion_gcs_dag', 'format_to_parquet_task', 'scheduled__2021-12-02T06:00:00+00:00', '--job-id', '489', '--raw', '--subdir', 'DAGS_FOLDER/data_ingestion_gcs_dag.py', '--cfg-path', '/tmp/tmpk8w354m3', '--error-file', '/tmp/tmph5jmw3pm']
[2022-01-29 12:37:51,451] {standard_task_runner.py:77} INFO - Job 489: Subtask format_to_parquet_task
[2022-01-29 12:37:51,658] {logging_mixin.py:109} INFO - Running <TaskInstance: data_ingestion_gcs_dag.format_to_parquet_task scheduled__2021-12-02T06:00:00+00:00 [running]> on host 85e1117cfb12
[2022-01-29 12:37:51,862] {taskinstance.py:1426} INFO - Exporting the following env vars:
AIRFLOW_CTX_DAG_OWNER=***
AIRFLOW_CTX_DAG_ID=data_ingestion_gcs_dag
AIRFLOW_CTX_TASK_ID=format_to_parquet_task
AIRFLOW_CTX_EXECUTION_DATE=2021-12-02T06:00:00+00:00
AIRFLOW_CTX_DAG_RUN_ID=scheduled__2021-12-02T06:00:00+00:00
[2022-01-29 12:37:54,780] {python.py:175} INFO - Done. Returned value was: None
[2022-01-29 12:37:54,795] {taskinstance.py:1277} INFO - Marking task as SUCCESS. dag_id=data_ingestion_gcs_dag, task_id=format_to_parquet_task, execution_date=20211202T060000, start_date=20220129T123751, end_date=20220129T123754
[2022-01-29 12:37:54,889] {local_task_job.py:154} INFO - Task exited with return code 0
[2022-01-29 12:37:54,937] {local_task_job.py:264} INFO - 1 downstream tasks scheduled from follow-on schedule check
[2022-01-29 13:23:10,073] {taskinstance.py:1032} INFO - Dependencies all met for <TaskInstance: data_ingestion_gcs_dag.format_to_parquet_task scheduled__2021-12-02T06:00:00+00:00 [queued]>
[2022-01-29 13:23:10,113] {taskinstance.py:1032} INFO - Dependencies all met for <TaskInstance: data_ingestion_gcs_dag.format_to_parquet_task scheduled__2021-12-02T06:00:00+00:00 [queued]>
[2022-01-29 13:23:10,114] {taskinstance.py:1238} INFO - 
--------------------------------------------------------------------------------
[2022-01-29 13:23:10,114] {taskinstance.py:1239} INFO - Starting attempt 1 of 1
[2022-01-29 13:23:10,114] {taskinstance.py:1240} INFO - 
--------------------------------------------------------------------------------
[2022-01-29 13:23:10,140] {taskinstance.py:1259} INFO - Executing <Task(PythonOperator): format_to_parquet_task> on 2021-12-02 06:00:00+00:00
[2022-01-29 13:23:10,155] {standard_task_runner.py:52} INFO - Started process 407 to run task
[2022-01-29 13:23:10,173] {standard_task_runner.py:76} INFO - Running: ['***', 'tasks', 'run', 'data_ingestion_gcs_dag', 'format_to_parquet_task', 'scheduled__2021-12-02T06:00:00+00:00', '--job-id', '555', '--raw', '--subdir', 'DAGS_FOLDER/data_ingestion_gcs_dag.py', '--cfg-path', '/tmp/tmpanke3btu', '--error-file', '/tmp/tmpot704l5r']
[2022-01-29 13:23:10,175] {standard_task_runner.py:77} INFO - Job 555: Subtask format_to_parquet_task
[2022-01-29 13:23:10,342] {logging_mixin.py:109} INFO - Running <TaskInstance: data_ingestion_gcs_dag.format_to_parquet_task scheduled__2021-12-02T06:00:00+00:00 [running]> on host 9bf957887753
[2022-01-29 13:23:10,450] {warnings.py:110} WARNING - /home/***/.local/lib/python3.7/site-packages/***/utils/context.py:152: AirflowContextDeprecationWarning: Accessing 'execution_date' from the template is deprecated and will be removed in a future version. Please use 'data_interval_start' or 'logical_date' instead.
  warnings.warn(_create_deprecation_warning(key, self._deprecation_replacements[key]))

[2022-01-29 13:23:10,497] {taskinstance.py:1426} INFO - Exporting the following env vars:
AIRFLOW_CTX_DAG_OWNER=***
AIRFLOW_CTX_DAG_ID=data_ingestion_gcs_dag
AIRFLOW_CTX_TASK_ID=format_to_parquet_task
AIRFLOW_CTX_EXECUTION_DATE=2021-12-02T06:00:00+00:00
AIRFLOW_CTX_DAG_RUN_ID=scheduled__2021-12-02T06:00:00+00:00
[2022-01-29 13:23:10,764] {python.py:175} INFO - Done. Returned value was: None
[2022-01-29 13:23:10,797] {taskinstance.py:1277} INFO - Marking task as SUCCESS. dag_id=data_ingestion_gcs_dag, task_id=format_to_parquet_task, execution_date=20211202T060000, start_date=20220129T132310, end_date=20220129T132310
[2022-01-29 13:23:10,869] {local_task_job.py:154} INFO - Task exited with return code 0
[2022-01-29 13:23:11,045] {local_task_job.py:264} INFO - 1 downstream tasks scheduled from follow-on schedule check
