[2022-01-29 12:32:22,480] {taskinstance.py:1032} INFO - Dependencies all met for <TaskInstance: data_ingestion_gcs_dag.bigquery_external_table_task manual__2022-01-29T12:32:05.234124+00:00 [queued]>
[2022-01-29 12:32:22,497] {taskinstance.py:1032} INFO - Dependencies all met for <TaskInstance: data_ingestion_gcs_dag.bigquery_external_table_task manual__2022-01-29T12:32:05.234124+00:00 [queued]>
[2022-01-29 12:32:22,497] {taskinstance.py:1238} INFO - 
--------------------------------------------------------------------------------
[2022-01-29 12:32:22,497] {taskinstance.py:1239} INFO - Starting attempt 1 of 2
[2022-01-29 12:32:22,497] {taskinstance.py:1240} INFO - 
--------------------------------------------------------------------------------
[2022-01-29 12:32:22,517] {taskinstance.py:1259} INFO - Executing <Task(BigQueryCreateExternalTableOperator): bigquery_external_table_task> on 2022-01-29 12:32:05.234124+00:00
[2022-01-29 12:32:22,526] {standard_task_runner.py:52} INFO - Started process 3975 to run task
[2022-01-29 12:32:22,534] {standard_task_runner.py:76} INFO - Running: ['***', 'tasks', 'run', 'data_ingestion_gcs_dag', 'bigquery_external_table_task', 'manual__2022-01-29T12:32:05.234124+00:00', '--job-id', '331', '--raw', '--subdir', 'DAGS_FOLDER/data_ingestion_gcs_dag.py', '--cfg-path', '/tmp/tmpo2z3rr29', '--error-file', '/tmp/tmpu2j40hwu']
[2022-01-29 12:32:22,535] {standard_task_runner.py:77} INFO - Job 331: Subtask bigquery_external_table_task
[2022-01-29 12:32:22,623] {logging_mixin.py:109} INFO - Running <TaskInstance: data_ingestion_gcs_dag.bigquery_external_table_task manual__2022-01-29T12:32:05.234124+00:00 [running]> on host 85e1117cfb12
[2022-01-29 12:32:22,757] {taskinstance.py:1426} INFO - Exporting the following env vars:
AIRFLOW_CTX_DAG_OWNER=***
AIRFLOW_CTX_DAG_ID=data_ingestion_gcs_dag
AIRFLOW_CTX_TASK_ID=bigquery_external_table_task
AIRFLOW_CTX_EXECUTION_DATE=2022-01-29T12:32:05.234124+00:00
AIRFLOW_CTX_DAG_RUN_ID=manual__2022-01-29T12:32:05.234124+00:00
[2022-01-29 12:32:22,759] {crypto.py:82} WARNING - empty cryptography key - values will not be stored encrypted.
[2022-01-29 12:32:23,218] {taskinstance.py:1277} INFO - Marking task as SUCCESS. dag_id=data_ingestion_gcs_dag, task_id=bigquery_external_table_task, execution_date=20220129T123205, start_date=20220129T123222, end_date=20220129T123223
[2022-01-29 12:32:23,279] {local_task_job.py:154} INFO - Task exited with return code 0
[2022-01-29 12:32:23,319] {local_task_job.py:264} INFO - 0 downstream tasks scheduled from follow-on schedule check
