[2022-01-29 12:37:35,219] {taskinstance.py:1032} INFO - Dependencies all met for <TaskInstance: data_ingestion_gcs_dag.bigquery_external_table_task scheduled__2021-06-02T06:00:00+00:00 [queued]>
[2022-01-29 12:37:35,350] {taskinstance.py:1032} INFO - Dependencies all met for <TaskInstance: data_ingestion_gcs_dag.bigquery_external_table_task scheduled__2021-06-02T06:00:00+00:00 [queued]>
[2022-01-29 12:37:35,352] {taskinstance.py:1238} INFO - 
--------------------------------------------------------------------------------
[2022-01-29 12:37:35,353] {taskinstance.py:1239} INFO - Starting attempt 1 of 2
[2022-01-29 12:37:35,353] {taskinstance.py:1240} INFO - 
--------------------------------------------------------------------------------
[2022-01-29 12:37:35,455] {taskinstance.py:1259} INFO - Executing <Task(BigQueryCreateExternalTableOperator): bigquery_external_table_task> on 2021-06-02 06:00:00+00:00
[2022-01-29 12:37:35,485] {standard_task_runner.py:52} INFO - Started process 4939 to run task
[2022-01-29 12:37:35,538] {standard_task_runner.py:76} INFO - Running: ['***', 'tasks', 'run', 'data_ingestion_gcs_dag', 'bigquery_external_table_task', 'scheduled__2021-06-02T06:00:00+00:00', '--job-id', '480', '--raw', '--subdir', 'DAGS_FOLDER/data_ingestion_gcs_dag.py', '--cfg-path', '/tmp/tmpe8rsav7y', '--error-file', '/tmp/tmpbffjay6m']
[2022-01-29 12:37:35,539] {standard_task_runner.py:77} INFO - Job 480: Subtask bigquery_external_table_task
[2022-01-29 12:37:36,236] {logging_mixin.py:109} INFO - Running <TaskInstance: data_ingestion_gcs_dag.bigquery_external_table_task scheduled__2021-06-02T06:00:00+00:00 [running]> on host 85e1117cfb12
[2022-01-29 12:37:36,383] {taskinstance.py:1426} INFO - Exporting the following env vars:
AIRFLOW_CTX_DAG_OWNER=***
AIRFLOW_CTX_DAG_ID=data_ingestion_gcs_dag
AIRFLOW_CTX_TASK_ID=bigquery_external_table_task
AIRFLOW_CTX_EXECUTION_DATE=2021-06-02T06:00:00+00:00
AIRFLOW_CTX_DAG_RUN_ID=scheduled__2021-06-02T06:00:00+00:00
[2022-01-29 12:37:36,387] {crypto.py:82} WARNING - empty cryptography key - values will not be stored encrypted.
[2022-01-29 12:37:37,522] {taskinstance.py:1277} INFO - Marking task as SUCCESS. dag_id=data_ingestion_gcs_dag, task_id=bigquery_external_table_task, execution_date=20210602T060000, start_date=20220129T123735, end_date=20220129T123737
[2022-01-29 12:37:37,633] {local_task_job.py:154} INFO - Task exited with return code 0
[2022-01-29 12:37:37,759] {local_task_job.py:264} INFO - 0 downstream tasks scheduled from follow-on schedule check
[2022-01-29 13:23:38,992] {taskinstance.py:1032} INFO - Dependencies all met for <TaskInstance: data_ingestion_gcs_dag.bigquery_external_table_task scheduled__2021-06-02T06:00:00+00:00 [queued]>
[2022-01-29 13:23:39,010] {taskinstance.py:1032} INFO - Dependencies all met for <TaskInstance: data_ingestion_gcs_dag.bigquery_external_table_task scheduled__2021-06-02T06:00:00+00:00 [queued]>
[2022-01-29 13:23:39,010] {taskinstance.py:1238} INFO - 
--------------------------------------------------------------------------------
[2022-01-29 13:23:39,010] {taskinstance.py:1239} INFO - Starting attempt 1 of 1
[2022-01-29 13:23:39,010] {taskinstance.py:1240} INFO - 
--------------------------------------------------------------------------------
[2022-01-29 13:23:39,027] {taskinstance.py:1259} INFO - Executing <Task(BigQueryCreateExternalTableOperator): bigquery_external_table_task> on 2021-06-02 06:00:00+00:00
[2022-01-29 13:23:39,036] {standard_task_runner.py:52} INFO - Started process 530 to run task
[2022-01-29 13:23:39,041] {standard_task_runner.py:76} INFO - Running: ['***', 'tasks', 'run', 'data_ingestion_gcs_dag', 'bigquery_external_table_task', 'scheduled__2021-06-02T06:00:00+00:00', '--job-id', '581', '--raw', '--subdir', 'DAGS_FOLDER/data_ingestion_gcs_dag.py', '--cfg-path', '/tmp/tmp4eqg_q0_', '--error-file', '/tmp/tmpqp6r6mvi']
[2022-01-29 13:23:39,042] {standard_task_runner.py:77} INFO - Job 581: Subtask bigquery_external_table_task
[2022-01-29 13:23:39,111] {logging_mixin.py:109} INFO - Running <TaskInstance: data_ingestion_gcs_dag.bigquery_external_table_task scheduled__2021-06-02T06:00:00+00:00 [running]> on host 9bf957887753
[2022-01-29 13:23:39,158] {warnings.py:110} WARNING - /home/***/.local/lib/python3.7/site-packages/***/utils/context.py:152: AirflowContextDeprecationWarning: Accessing 'execution_date' from the template is deprecated and will be removed in a future version. Please use 'data_interval_start' or 'logical_date' instead.
  warnings.warn(_create_deprecation_warning(key, self._deprecation_replacements[key]))

[2022-01-29 13:23:39,186] {taskinstance.py:1426} INFO - Exporting the following env vars:
AIRFLOW_CTX_DAG_OWNER=***
AIRFLOW_CTX_DAG_ID=data_ingestion_gcs_dag
AIRFLOW_CTX_TASK_ID=bigquery_external_table_task
AIRFLOW_CTX_EXECUTION_DATE=2021-06-02T06:00:00+00:00
AIRFLOW_CTX_DAG_RUN_ID=scheduled__2021-06-02T06:00:00+00:00
[2022-01-29 13:23:39,188] {crypto.py:82} WARNING - empty cryptography key - values will not be stored encrypted.
[2022-01-29 13:23:39,625] {taskinstance.py:1277} INFO - Marking task as SUCCESS. dag_id=data_ingestion_gcs_dag, task_id=bigquery_external_table_task, execution_date=20210602T060000, start_date=20220129T132338, end_date=20220129T132339
[2022-01-29 13:23:39,659] {local_task_job.py:154} INFO - Task exited with return code 0
[2022-01-29 13:23:39,692] {local_task_job.py:264} INFO - 0 downstream tasks scheduled from follow-on schedule check
