[2022-01-29 14:06:43,676] {taskinstance.py:1032} INFO - Dependencies all met for <TaskInstance: data_ingestion_gcs_dag_2.local_to_gcs_task scheduled__2021-04-02T06:00:00+00:00 [queued]>
[2022-01-29 14:06:43,694] {taskinstance.py:1032} INFO - Dependencies all met for <TaskInstance: data_ingestion_gcs_dag_2.local_to_gcs_task scheduled__2021-04-02T06:00:00+00:00 [queued]>
[2022-01-29 14:06:43,695] {taskinstance.py:1238} INFO - 
--------------------------------------------------------------------------------
[2022-01-29 14:06:43,695] {taskinstance.py:1239} INFO - Starting attempt 2 of 2
[2022-01-29 14:06:43,695] {taskinstance.py:1240} INFO - 
--------------------------------------------------------------------------------
[2022-01-29 14:06:43,715] {taskinstance.py:1259} INFO - Executing <Task(PythonOperator): local_to_gcs_task> on 2021-04-02 06:00:00+00:00
[2022-01-29 14:06:43,724] {standard_task_runner.py:52} INFO - Started process 2748 to run task
[2022-01-29 14:06:43,731] {standard_task_runner.py:76} INFO - Running: ['***', 'tasks', 'run', 'data_ingestion_gcs_dag_2', 'local_to_gcs_task', 'scheduled__2021-04-02T06:00:00+00:00', '--job-id', '640', '--raw', '--subdir', 'DAGS_FOLDER/data_ingestion_gcs_dag_2.py', '--cfg-path', '/tmp/tmpbgj5pjw_', '--error-file', '/tmp/tmpx0t11uqp']
[2022-01-29 14:06:43,732] {standard_task_runner.py:77} INFO - Job 640: Subtask local_to_gcs_task
[2022-01-29 14:06:43,844] {logging_mixin.py:109} INFO - Running <TaskInstance: data_ingestion_gcs_dag_2.local_to_gcs_task scheduled__2021-04-02T06:00:00+00:00 [running]> on host 9bf957887753
[2022-01-29 14:06:43,914] {warnings.py:110} WARNING - /home/***/.local/lib/python3.7/site-packages/***/utils/context.py:152: AirflowContextDeprecationWarning: Accessing 'execution_date' from the template is deprecated and will be removed in a future version. Please use 'data_interval_start' or 'logical_date' instead.
  warnings.warn(_create_deprecation_warning(key, self._deprecation_replacements[key]))

[2022-01-29 14:06:43,946] {taskinstance.py:1426} INFO - Exporting the following env vars:
AIRFLOW_CTX_DAG_OWNER=***
AIRFLOW_CTX_DAG_ID=data_ingestion_gcs_dag_2
AIRFLOW_CTX_TASK_ID=local_to_gcs_task
AIRFLOW_CTX_EXECUTION_DATE=2021-04-02T06:00:00+00:00
AIRFLOW_CTX_DAG_RUN_ID=scheduled__2021-04-02T06:00:00+00:00
[2022-01-29 14:06:45,634] {python.py:175} INFO - Done. Returned value was: None
[2022-01-29 14:06:45,648] {taskinstance.py:1277} INFO - Marking task as SUCCESS. dag_id=data_ingestion_gcs_dag_2, task_id=local_to_gcs_task, execution_date=20210402T060000, start_date=20220129T140643, end_date=20220129T140645
[2022-01-29 14:06:45,688] {local_task_job.py:154} INFO - Task exited with return code 0
[2022-01-29 14:06:45,730] {local_task_job.py:264} INFO - 1 downstream tasks scheduled from follow-on schedule check
