[2022-01-29 09:44:33,349] {taskinstance.py:1032} INFO - Dependencies all met for <TaskInstance: LocalIngestionDag.wget manual__2022-01-29T09:44:32.903335+00:00 [queued]>
[2022-01-29 09:44:33,360] {taskinstance.py:1032} INFO - Dependencies all met for <TaskInstance: LocalIngestionDag.wget manual__2022-01-29T09:44:32.903335+00:00 [queued]>
[2022-01-29 09:44:33,361] {taskinstance.py:1238} INFO - 
--------------------------------------------------------------------------------
[2022-01-29 09:44:33,361] {taskinstance.py:1239} INFO - Starting attempt 1 of 1
[2022-01-29 09:44:33,361] {taskinstance.py:1240} INFO - 
--------------------------------------------------------------------------------
[2022-01-29 09:44:33,375] {taskinstance.py:1259} INFO - Executing <Task(BashOperator): wget> on 2022-01-29 09:44:32.903335+00:00
[2022-01-29 09:44:33,380] {standard_task_runner.py:52} INFO - Started process 2104 to run task
[2022-01-29 09:44:33,386] {standard_task_runner.py:76} INFO - Running: ['***', 'tasks', 'run', 'LocalIngestionDag', 'wget', 'manual__2022-01-29T09:44:32.903335+00:00', '--job-id', '78', '--raw', '--subdir', 'DAGS_FOLDER/data_ingestion_local.py', '--cfg-path', '/tmp/tmpb5pp6rbo', '--error-file', '/tmp/tmpz6bb29ye']
[2022-01-29 09:44:33,387] {standard_task_runner.py:77} INFO - Job 78: Subtask wget
[2022-01-29 09:44:33,461] {logging_mixin.py:109} INFO - Running <TaskInstance: LocalIngestionDag.wget manual__2022-01-29T09:44:32.903335+00:00 [running]> on host 68102482cc2e
[2022-01-29 09:44:33,525] {taskinstance.py:1426} INFO - Exporting the following env vars:
AIRFLOW_CTX_DAG_OWNER=***
AIRFLOW_CTX_DAG_ID=LocalIngestionDag
AIRFLOW_CTX_TASK_ID=wget
AIRFLOW_CTX_EXECUTION_DATE=2022-01-29T09:44:32.903335+00:00
AIRFLOW_CTX_DAG_RUN_ID=manual__2022-01-29T09:44:32.903335+00:00
[2022-01-29 09:44:33,527] {subprocess.py:62} INFO - Tmp dir root location: 
 /tmp
[2022-01-29 09:44:33,527] {subprocess.py:74} INFO - Running command: ['bash', '-c', 'curl -sSL https://s3.amazonaws.com/nyc-tlc/trip+data/yellow_tripdata_2021-01.csv > /opt/***/output.csv']
[2022-01-29 09:44:33,540] {subprocess.py:85} INFO - Output:
[2022-01-29 09:44:38,635] {subprocess.py:93} INFO - Command exited with return code 0
[2022-01-29 09:44:38,770] {taskinstance.py:1277} INFO - Marking task as SUCCESS. dag_id=LocalIngestionDag, task_id=wget, execution_date=20220129T094432, start_date=20220129T094433, end_date=20220129T094438
[2022-01-29 09:44:38,796] {local_task_job.py:154} INFO - Task exited with return code 0
[2022-01-29 09:44:38,831] {local_task_job.py:264} INFO - 1 downstream tasks scheduled from follow-on schedule check
