[2022-01-29 13:51:03,517] {taskinstance.py:1032} INFO - Dependencies all met for <TaskInstance: data_ingestion_gcs_dag_2.format_to_parquet_task scheduled__2021-11-02T06:00:00+00:00 [queued]>
[2022-01-29 13:51:03,748] {taskinstance.py:1032} INFO - Dependencies all met for <TaskInstance: data_ingestion_gcs_dag_2.format_to_parquet_task scheduled__2021-11-02T06:00:00+00:00 [queued]>
[2022-01-29 13:51:03,748] {taskinstance.py:1238} INFO - 
--------------------------------------------------------------------------------
[2022-01-29 13:51:03,748] {taskinstance.py:1239} INFO - Starting attempt 1 of 1
[2022-01-29 13:51:03,749] {taskinstance.py:1240} INFO - 
--------------------------------------------------------------------------------
[2022-01-29 13:51:04,159] {taskinstance.py:1259} INFO - Executing <Task(PythonOperator): format_to_parquet_task> on 2021-11-02 06:00:00+00:00
[2022-01-29 13:51:04,216] {standard_task_runner.py:52} INFO - Started process 1887 to run task
[2022-01-29 13:51:04,296] {standard_task_runner.py:76} INFO - Running: ['***', 'tasks', 'run', 'data_ingestion_gcs_dag_2', 'format_to_parquet_task', 'scheduled__2021-11-02T06:00:00+00:00', '--job-id', '601', '--raw', '--subdir', 'DAGS_FOLDER/data_ingestion_gcs_dag_2.py', '--cfg-path', '/tmp/tmp4hw5iw8m', '--error-file', '/tmp/tmpe951ypig']
[2022-01-29 13:51:04,310] {standard_task_runner.py:77} INFO - Job 601: Subtask format_to_parquet_task
[2022-01-29 13:51:10,979] {logging_mixin.py:109} INFO - Running <TaskInstance: data_ingestion_gcs_dag_2.format_to_parquet_task scheduled__2021-11-02T06:00:00+00:00 [running]> on host 9bf957887753
[2022-01-29 13:51:15,968] {warnings.py:110} WARNING - /home/***/.local/lib/python3.7/site-packages/***/utils/context.py:152: AirflowContextDeprecationWarning: Accessing 'execution_date' from the template is deprecated and will be removed in a future version. Please use 'data_interval_start' or 'logical_date' instead.
  warnings.warn(_create_deprecation_warning(key, self._deprecation_replacements[key]))

[2022-01-29 13:51:20,848] {taskinstance.py:1426} INFO - Exporting the following env vars:
AIRFLOW_CTX_DAG_OWNER=***
AIRFLOW_CTX_DAG_ID=data_ingestion_gcs_dag_2
AIRFLOW_CTX_TASK_ID=format_to_parquet_task
AIRFLOW_CTX_EXECUTION_DATE=2021-11-02T06:00:00+00:00
AIRFLOW_CTX_DAG_RUN_ID=scheduled__2021-11-02T06:00:00+00:00
[2022-01-29 13:51:22,277] {python.py:175} INFO - Done. Returned value was: None
[2022-01-29 13:51:24,792] {taskinstance.py:1277} INFO - Marking task as SUCCESS. dag_id=data_ingestion_gcs_dag_2, task_id=format_to_parquet_task, execution_date=20211102T060000, start_date=20220129T135103, end_date=20220129T135124
[2022-01-29 13:51:28,503] {local_task_job.py:154} INFO - Task exited with return code 0
[2022-01-29 13:51:33,744] {local_task_job.py:264} INFO - 1 downstream tasks scheduled from follow-on schedule check
