[2022-01-30 01:23:55,866] {taskinstance.py:1032} INFO - Dependencies all met for <TaskInstance: data_ingestion_gcs_dag.local_to_gcs_task manual__2022-01-30T01:14:06.866520+00:00 [queued]>
[2022-01-30 01:23:55,884] {taskinstance.py:1032} INFO - Dependencies all met for <TaskInstance: data_ingestion_gcs_dag.local_to_gcs_task manual__2022-01-30T01:14:06.866520+00:00 [queued]>
[2022-01-30 01:23:55,885] {taskinstance.py:1238} INFO - 
--------------------------------------------------------------------------------
[2022-01-30 01:23:55,885] {taskinstance.py:1239} INFO - Starting attempt 1 of 2
[2022-01-30 01:23:55,885] {taskinstance.py:1240} INFO - 
--------------------------------------------------------------------------------
[2022-01-30 01:23:56,031] {taskinstance.py:1259} INFO - Executing <Task(PythonOperator): local_to_gcs_task> on 2022-01-30 01:14:06.866520+00:00
[2022-01-30 01:23:56,049] {standard_task_runner.py:52} INFO - Started process 121 to run task
[2022-01-30 01:23:56,065] {standard_task_runner.py:76} INFO - Running: ['***', 'tasks', 'run', 'data_ingestion_gcs_dag', 'local_to_gcs_task', 'manual__2022-01-30T01:14:06.866520+00:00', '--job-id', '13', '--raw', '--subdir', 'DAGS_FOLDER/data_ingestion_gcs_dag.py', '--cfg-path', '/tmp/tmpjvuqut0i', '--error-file', '/tmp/tmp0bwn3lz0']
[2022-01-30 01:23:56,068] {standard_task_runner.py:77} INFO - Job 13: Subtask local_to_gcs_task
[2022-01-30 01:23:56,688] {logging_mixin.py:109} INFO - Running <TaskInstance: data_ingestion_gcs_dag.local_to_gcs_task manual__2022-01-30T01:14:06.866520+00:00 [running]> on host 04ca2676bdcc
[2022-01-30 01:23:57,062] {taskinstance.py:1426} INFO - Exporting the following env vars:
AIRFLOW_CTX_DAG_OWNER=***
AIRFLOW_CTX_DAG_ID=data_ingestion_gcs_dag
AIRFLOW_CTX_TASK_ID=local_to_gcs_task
AIRFLOW_CTX_EXECUTION_DATE=2022-01-30T01:14:06.866520+00:00
AIRFLOW_CTX_DAG_RUN_ID=manual__2022-01-30T01:14:06.866520+00:00
[2022-01-30 01:24:01,932] {python.py:175} INFO - Done. Returned value was: None
[2022-01-30 01:24:01,947] {taskinstance.py:1277} INFO - Marking task as SUCCESS. dag_id=data_ingestion_gcs_dag, task_id=local_to_gcs_task, execution_date=20220130T011406, start_date=20220130T012355, end_date=20220130T012401
[2022-01-30 01:24:02,004] {local_task_job.py:154} INFO - Task exited with return code 0
[2022-01-30 01:24:02,062] {local_task_job.py:264} INFO - 1 downstream tasks scheduled from follow-on schedule check
