[2022-01-29 12:13:31,701] {taskinstance.py:1032} INFO - Dependencies all met for <TaskInstance: data_ingestion_gcs_dag_v2.local_to_gcs_task manual__2022-01-29T12:13:18.913131+00:00 [queued]>
[2022-01-29 12:13:31,714] {taskinstance.py:1032} INFO - Dependencies all met for <TaskInstance: data_ingestion_gcs_dag_v2.local_to_gcs_task manual__2022-01-29T12:13:18.913131+00:00 [queued]>
[2022-01-29 12:13:31,714] {taskinstance.py:1238} INFO - 
--------------------------------------------------------------------------------
[2022-01-29 12:13:31,714] {taskinstance.py:1239} INFO - Starting attempt 1 of 2
[2022-01-29 12:13:31,714] {taskinstance.py:1240} INFO - 
--------------------------------------------------------------------------------
[2022-01-29 12:13:31,729] {taskinstance.py:1259} INFO - Executing <Task(PythonOperator): local_to_gcs_task> on 2022-01-29 12:13:18.913131+00:00
[2022-01-29 12:13:31,735] {standard_task_runner.py:52} INFO - Started process 2123 to run task
[2022-01-29 12:13:31,740] {standard_task_runner.py:76} INFO - Running: ['***', 'tasks', 'run', 'data_ingestion_gcs_dag_v2', 'local_to_gcs_task', 'manual__2022-01-29T12:13:18.913131+00:00', '--job-id', '141', '--raw', '--subdir', 'DAGS_FOLDER/data_ingestion_gcs_dag.py', '--cfg-path', '/tmp/tmp17om5v86', '--error-file', '/tmp/tmpqzh43yjb']
[2022-01-29 12:13:31,741] {standard_task_runner.py:77} INFO - Job 141: Subtask local_to_gcs_task
[2022-01-29 12:13:31,827] {logging_mixin.py:109} INFO - Running <TaskInstance: data_ingestion_gcs_dag_v2.local_to_gcs_task manual__2022-01-29T12:13:18.913131+00:00 [running]> on host 85e1117cfb12
[2022-01-29 12:13:31,900] {taskinstance.py:1426} INFO - Exporting the following env vars:
AIRFLOW_CTX_DAG_OWNER=***
AIRFLOW_CTX_DAG_ID=data_ingestion_gcs_dag_v2
AIRFLOW_CTX_TASK_ID=local_to_gcs_task
AIRFLOW_CTX_EXECUTION_DATE=2022-01-29T12:13:18.913131+00:00
AIRFLOW_CTX_DAG_RUN_ID=manual__2022-01-29T12:13:18.913131+00:00
[2022-01-29 12:13:32,899] {python.py:175} INFO - Done. Returned value was: None
[2022-01-29 12:13:32,912] {taskinstance.py:1277} INFO - Marking task as SUCCESS. dag_id=data_ingestion_gcs_dag_v2, task_id=local_to_gcs_task, execution_date=20220129T121318, start_date=20220129T121331, end_date=20220129T121332
[2022-01-29 12:13:32,957] {local_task_job.py:154} INFO - Task exited with return code 0
[2022-01-29 12:13:32,993] {local_task_job.py:264} INFO - 1 downstream tasks scheduled from follow-on schedule check
