[2022-01-29 12:36:48,763] {taskinstance.py:1032} INFO - Dependencies all met for <TaskInstance: data_ingestion_gcs_dag.download_dataset_task scheduled__2021-03-02T06:00:00+00:00 [queued]>
[2022-01-29 12:36:48,792] {taskinstance.py:1032} INFO - Dependencies all met for <TaskInstance: data_ingestion_gcs_dag.download_dataset_task scheduled__2021-03-02T06:00:00+00:00 [queued]>
[2022-01-29 12:36:48,793] {taskinstance.py:1238} INFO - 
--------------------------------------------------------------------------------
[2022-01-29 12:36:48,793] {taskinstance.py:1239} INFO - Starting attempt 1 of 2
[2022-01-29 12:36:48,793] {taskinstance.py:1240} INFO - 
--------------------------------------------------------------------------------
[2022-01-29 12:36:48,826] {taskinstance.py:1259} INFO - Executing <Task(BashOperator): download_dataset_task> on 2021-03-02 06:00:00+00:00
[2022-01-29 12:36:48,838] {standard_task_runner.py:52} INFO - Started process 4773 to run task
[2022-01-29 12:36:48,875] {standard_task_runner.py:76} INFO - Running: ['***', 'tasks', 'run', 'data_ingestion_gcs_dag', 'download_dataset_task', 'scheduled__2021-03-02T06:00:00+00:00', '--job-id', '451', '--raw', '--subdir', 'DAGS_FOLDER/data_ingestion_gcs_dag.py', '--cfg-path', '/tmp/tmpmjl7gtcx', '--error-file', '/tmp/tmp9b25jyj2']
[2022-01-29 12:36:48,892] {standard_task_runner.py:77} INFO - Job 451: Subtask download_dataset_task
[2022-01-29 12:36:49,149] {logging_mixin.py:109} INFO - Running <TaskInstance: data_ingestion_gcs_dag.download_dataset_task scheduled__2021-03-02T06:00:00+00:00 [running]> on host 85e1117cfb12
[2022-01-29 12:36:49,461] {taskinstance.py:1426} INFO - Exporting the following env vars:
AIRFLOW_CTX_DAG_OWNER=***
AIRFLOW_CTX_DAG_ID=data_ingestion_gcs_dag
AIRFLOW_CTX_TASK_ID=download_dataset_task
AIRFLOW_CTX_EXECUTION_DATE=2021-03-02T06:00:00+00:00
AIRFLOW_CTX_DAG_RUN_ID=scheduled__2021-03-02T06:00:00+00:00
[2022-01-29 12:36:49,462] {subprocess.py:62} INFO - Tmp dir root location: 
 /tmp
[2022-01-29 12:36:49,469] {subprocess.py:74} INFO - Running command: ['bash', '-c', 'curl -sS https://s3.amazonaws.com/nyc-tlc/trip+data/yellow_tripdata_2021-01.csv > /opt/***/yellow_tripdata_2021-01.csv']
[2022-01-29 12:36:49,537] {subprocess.py:85} INFO - Output:
[2022-01-29 12:36:54,035] {subprocess.py:93} INFO - Command exited with return code 0
[2022-01-29 12:36:54,066] {taskinstance.py:1277} INFO - Marking task as SUCCESS. dag_id=data_ingestion_gcs_dag, task_id=download_dataset_task, execution_date=20210302T060000, start_date=20220129T123648, end_date=20220129T123654
[2022-01-29 12:36:54,134] {local_task_job.py:154} INFO - Task exited with return code 0
[2022-01-29 12:36:54,187] {local_task_job.py:264} INFO - 1 downstream tasks scheduled from follow-on schedule check
[2022-01-29 13:21:10,772] {taskinstance.py:1032} INFO - Dependencies all met for <TaskInstance: data_ingestion_gcs_dag.download_dataset_task scheduled__2021-03-02T06:00:00+00:00 [queued]>
[2022-01-29 13:21:10,785] {taskinstance.py:1032} INFO - Dependencies all met for <TaskInstance: data_ingestion_gcs_dag.download_dataset_task scheduled__2021-03-02T06:00:00+00:00 [queued]>
[2022-01-29 13:21:10,786] {taskinstance.py:1238} INFO - 
--------------------------------------------------------------------------------
[2022-01-29 13:21:10,786] {taskinstance.py:1239} INFO - Starting attempt 1 of 2
[2022-01-29 13:21:10,786] {taskinstance.py:1240} INFO - 
--------------------------------------------------------------------------------
[2022-01-29 13:21:10,800] {taskinstance.py:1259} INFO - Executing <Task(BashOperator): download_dataset_task> on 2021-03-02 06:00:00+00:00
[2022-01-29 13:21:10,805] {standard_task_runner.py:52} INFO - Started process 217 to run task
[2022-01-29 13:21:10,812] {standard_task_runner.py:76} INFO - Running: ['***', 'tasks', 'run', 'data_ingestion_gcs_dag', 'download_dataset_task', 'scheduled__2021-03-02T06:00:00+00:00', '--job-id', '538', '--raw', '--subdir', 'DAGS_FOLDER/data_ingestion_gcs_dag.py', '--cfg-path', '/tmp/tmpqbmkas41', '--error-file', '/tmp/tmpbign_4i0']
[2022-01-29 13:21:10,813] {standard_task_runner.py:77} INFO - Job 538: Subtask download_dataset_task
[2022-01-29 13:21:10,904] {logging_mixin.py:109} INFO - Running <TaskInstance: data_ingestion_gcs_dag.download_dataset_task scheduled__2021-03-02T06:00:00+00:00 [running]> on host 9bf957887753
[2022-01-29 13:21:10,980] {warnings.py:110} WARNING - /home/***/.local/lib/python3.7/site-packages/***/utils/context.py:152: AirflowContextDeprecationWarning: Accessing 'execution_date' from the template is deprecated and will be removed in a future version. Please use 'data_interval_start' or 'logical_date' instead.
  warnings.warn(_create_deprecation_warning(key, self._deprecation_replacements[key]))

[2022-01-29 13:21:11,011] {taskinstance.py:1426} INFO - Exporting the following env vars:
AIRFLOW_CTX_DAG_OWNER=***
AIRFLOW_CTX_DAG_ID=data_ingestion_gcs_dag
AIRFLOW_CTX_TASK_ID=download_dataset_task
AIRFLOW_CTX_EXECUTION_DATE=2021-03-02T06:00:00+00:00
AIRFLOW_CTX_DAG_RUN_ID=scheduled__2021-03-02T06:00:00+00:00
[2022-01-29 13:21:11,012] {subprocess.py:62} INFO - Tmp dir root location: 
 /tmp
[2022-01-29 13:21:11,013] {subprocess.py:74} INFO - Running command: ['bash', '-c', 'curl -sS https://s3.amazonaws.com/nyc-tlc/trip+data/yellow_tripdata_2021-03.csv > /opt/***/yellow_tripdata_2021-03.csv']
[2022-01-29 13:21:11,033] {subprocess.py:85} INFO - Output:
[2022-01-29 13:21:18,093] {subprocess.py:93} INFO - Command exited with return code 0
[2022-01-29 13:21:18,123] {taskinstance.py:1277} INFO - Marking task as SUCCESS. dag_id=data_ingestion_gcs_dag, task_id=download_dataset_task, execution_date=20210302T060000, start_date=20220129T132110, end_date=20220129T132118
[2022-01-29 13:21:18,155] {local_task_job.py:154} INFO - Task exited with return code 0
[2022-01-29 13:21:18,212] {local_task_job.py:264} INFO - 0 downstream tasks scheduled from follow-on schedule check
