[2022-01-29 12:26:46,382] {taskinstance.py:1032} INFO - Dependencies all met for <TaskInstance: data_ingestion_gcs_dag.format_to_parquet_task scheduled__2019-01-18T00:00:00+00:00 [queued]>
[2022-01-29 12:26:46,581] {taskinstance.py:1032} INFO - Dependencies all met for <TaskInstance: data_ingestion_gcs_dag.format_to_parquet_task scheduled__2019-01-18T00:00:00+00:00 [queued]>
[2022-01-29 12:26:46,582] {taskinstance.py:1238} INFO - 
--------------------------------------------------------------------------------
[2022-01-29 12:26:46,582] {taskinstance.py:1239} INFO - Starting attempt 1 of 2
[2022-01-29 12:26:46,582] {taskinstance.py:1240} INFO - 
--------------------------------------------------------------------------------
[2022-01-29 12:26:46,737] {taskinstance.py:1259} INFO - Executing <Task(PythonOperator): format_to_parquet_task> on 2019-01-18 00:00:00+00:00
[2022-01-29 12:26:46,845] {standard_task_runner.py:52} INFO - Started process 3258 to run task
[2022-01-29 12:26:46,875] {standard_task_runner.py:76} INFO - Running: ['***', 'tasks', 'run', 'data_ingestion_gcs_dag', 'format_to_parquet_task', 'scheduled__2019-01-18T00:00:00+00:00', '--job-id', '236', '--raw', '--subdir', 'DAGS_FOLDER/data_ingestion_gcs_dag.py', '--cfg-path', '/tmp/tmpjsd3j5j4', '--error-file', '/tmp/tmp9l95juqy']
[2022-01-29 12:26:46,908] {standard_task_runner.py:77} INFO - Job 236: Subtask format_to_parquet_task
[2022-01-29 12:26:47,517] {logging_mixin.py:109} INFO - Running <TaskInstance: data_ingestion_gcs_dag.format_to_parquet_task scheduled__2019-01-18T00:00:00+00:00 [running]> on host 85e1117cfb12
[2022-01-29 12:26:48,046] {taskinstance.py:1426} INFO - Exporting the following env vars:
AIRFLOW_CTX_DAG_OWNER=***
AIRFLOW_CTX_DAG_ID=data_ingestion_gcs_dag
AIRFLOW_CTX_TASK_ID=format_to_parquet_task
AIRFLOW_CTX_EXECUTION_DATE=2019-01-18T00:00:00+00:00
AIRFLOW_CTX_DAG_RUN_ID=scheduled__2019-01-18T00:00:00+00:00
[2022-01-29 12:27:03,445] {python.py:175} INFO - Done. Returned value was: None
[2022-01-29 12:27:03,506] {taskinstance.py:1277} INFO - Marking task as SUCCESS. dag_id=data_ingestion_gcs_dag, task_id=format_to_parquet_task, execution_date=20190118T000000, start_date=20220129T122646, end_date=20220129T122703
[2022-01-29 12:27:03,800] {local_task_job.py:154} INFO - Task exited with return code 0
[2022-01-29 12:27:04,425] {local_task_job.py:264} INFO - 0 downstream tasks scheduled from follow-on schedule check
