[2022-01-29 11:50:37,838] {taskinstance.py:1032} INFO - Dependencies all met for <TaskInstance: data_ingestion_gcs_dag.format_to_parquet_task manual__2022-01-29T11:50:28.444731+00:00 [queued]>
[2022-01-29 11:50:37,855] {taskinstance.py:1032} INFO - Dependencies all met for <TaskInstance: data_ingestion_gcs_dag.format_to_parquet_task manual__2022-01-29T11:50:28.444731+00:00 [queued]>
[2022-01-29 11:50:37,855] {taskinstance.py:1238} INFO - 
--------------------------------------------------------------------------------
[2022-01-29 11:50:37,855] {taskinstance.py:1239} INFO - Starting attempt 1 of 2
[2022-01-29 11:50:37,855] {taskinstance.py:1240} INFO - 
--------------------------------------------------------------------------------
[2022-01-29 11:50:37,869] {taskinstance.py:1259} INFO - Executing <Task(PythonOperator): format_to_parquet_task> on 2022-01-29 11:50:28.444731+00:00
[2022-01-29 11:50:37,875] {standard_task_runner.py:52} INFO - Started process 1029 to run task
[2022-01-29 11:50:37,882] {standard_task_runner.py:76} INFO - Running: ['***', 'tasks', 'run', 'data_ingestion_gcs_dag', 'format_to_parquet_task', 'manual__2022-01-29T11:50:28.444731+00:00', '--job-id', '124', '--raw', '--subdir', 'DAGS_FOLDER/data_ingestion_gcs_dag.py', '--cfg-path', '/tmp/tmpzzoufh2e', '--error-file', '/tmp/tmpqzekm1az']
[2022-01-29 11:50:37,883] {standard_task_runner.py:77} INFO - Job 124: Subtask format_to_parquet_task
[2022-01-29 11:50:37,954] {logging_mixin.py:109} INFO - Running <TaskInstance: data_ingestion_gcs_dag.format_to_parquet_task manual__2022-01-29T11:50:28.444731+00:00 [running]> on host 85e1117cfb12
[2022-01-29 11:50:38,022] {taskinstance.py:1426} INFO - Exporting the following env vars:
AIRFLOW_CTX_DAG_OWNER=***
AIRFLOW_CTX_DAG_ID=data_ingestion_gcs_dag
AIRFLOW_CTX_TASK_ID=format_to_parquet_task
AIRFLOW_CTX_EXECUTION_DATE=2022-01-29T11:50:28.444731+00:00
AIRFLOW_CTX_DAG_RUN_ID=manual__2022-01-29T11:50:28.444731+00:00
[2022-01-29 11:50:39,576] {python.py:175} INFO - Done. Returned value was: None
[2022-01-29 11:50:39,590] {taskinstance.py:1277} INFO - Marking task as SUCCESS. dag_id=data_ingestion_gcs_dag, task_id=format_to_parquet_task, execution_date=20220129T115028, start_date=20220129T115037, end_date=20220129T115039
[2022-01-29 11:50:39,662] {local_task_job.py:154} INFO - Task exited with return code 0
[2022-01-29 11:50:39,728] {local_task_job.py:264} INFO - 0 downstream tasks scheduled from follow-on schedule check
