[2022-01-29 11:47:21,828] {taskinstance.py:1032} INFO - Dependencies all met for <TaskInstance: data_ingestion_gcs_dag.bigquery_external_table_task manual__2022-01-29T11:45:03.704466+00:00 [queued]>
[2022-01-29 11:47:21,840] {taskinstance.py:1032} INFO - Dependencies all met for <TaskInstance: data_ingestion_gcs_dag.bigquery_external_table_task manual__2022-01-29T11:45:03.704466+00:00 [queued]>
[2022-01-29 11:47:21,840] {taskinstance.py:1238} INFO - 
--------------------------------------------------------------------------------
[2022-01-29 11:47:21,840] {taskinstance.py:1239} INFO - Starting attempt 2 of 3
[2022-01-29 11:47:21,840] {taskinstance.py:1240} INFO - 
--------------------------------------------------------------------------------
[2022-01-29 11:47:21,852] {taskinstance.py:1259} INFO - Executing <Task(BigQueryCreateExternalTableOperator): bigquery_external_table_task> on 2022-01-29 11:45:03.704466+00:00
[2022-01-29 11:47:21,859] {standard_task_runner.py:52} INFO - Started process 854 to run task
[2022-01-29 11:47:21,865] {standard_task_runner.py:76} INFO - Running: ['***', 'tasks', 'run', 'data_ingestion_gcs_dag', 'bigquery_external_table_task', 'manual__2022-01-29T11:45:03.704466+00:00', '--job-id', '118', '--raw', '--subdir', 'DAGS_FOLDER/data_ingestion_gcs_dag.py', '--cfg-path', '/tmp/tmp_5e3ut9a', '--error-file', '/tmp/tmpk5twpmde']
[2022-01-29 11:47:21,866] {standard_task_runner.py:77} INFO - Job 118: Subtask bigquery_external_table_task
[2022-01-29 11:47:21,933] {logging_mixin.py:109} INFO - Running <TaskInstance: data_ingestion_gcs_dag.bigquery_external_table_task manual__2022-01-29T11:45:03.704466+00:00 [running]> on host 85e1117cfb12
[2022-01-29 11:47:21,995] {taskinstance.py:1426} INFO - Exporting the following env vars:
AIRFLOW_CTX_DAG_OWNER=***
AIRFLOW_CTX_DAG_ID=data_ingestion_gcs_dag
AIRFLOW_CTX_TASK_ID=bigquery_external_table_task
AIRFLOW_CTX_EXECUTION_DATE=2022-01-29T11:45:03.704466+00:00
AIRFLOW_CTX_DAG_RUN_ID=manual__2022-01-29T11:45:03.704466+00:00
[2022-01-29 11:47:21,997] {crypto.py:82} WARNING - empty cryptography key - values will not be stored encrypted.
[2022-01-29 11:47:22,511] {taskinstance.py:1277} INFO - Marking task as SUCCESS. dag_id=data_ingestion_gcs_dag, task_id=bigquery_external_table_task, execution_date=20220129T114503, start_date=20220129T114721, end_date=20220129T114722
[2022-01-29 11:47:22,561] {local_task_job.py:154} INFO - Task exited with return code 0
[2022-01-29 11:47:22,600] {local_task_job.py:264} INFO - 0 downstream tasks scheduled from follow-on schedule check
