[2022-01-30 01:25:47,688] {taskinstance.py:1032} INFO - Dependencies all met for <TaskInstance: data_ingestion_gcs_zones.format_to_parquet_task scheduled__2022-01-29T00:00:00+00:00 [queued]>
[2022-01-30 01:25:47,705] {taskinstance.py:1032} INFO - Dependencies all met for <TaskInstance: data_ingestion_gcs_zones.format_to_parquet_task scheduled__2022-01-29T00:00:00+00:00 [queued]>
[2022-01-30 01:25:47,706] {taskinstance.py:1238} INFO - 
--------------------------------------------------------------------------------
[2022-01-30 01:25:47,706] {taskinstance.py:1239} INFO - Starting attempt 1 of 2
[2022-01-30 01:25:47,706] {taskinstance.py:1240} INFO - 
--------------------------------------------------------------------------------
[2022-01-30 01:25:47,725] {taskinstance.py:1259} INFO - Executing <Task(PythonOperator): format_to_parquet_task> on 2022-01-29 00:00:00+00:00
[2022-01-30 01:25:47,735] {standard_task_runner.py:52} INFO - Started process 240 to run task
[2022-01-30 01:25:47,746] {standard_task_runner.py:76} INFO - Running: ['***', 'tasks', 'run', 'data_ingestion_gcs_zones', 'format_to_parquet_task', 'scheduled__2022-01-29T00:00:00+00:00', '--job-id', '20', '--raw', '--subdir', 'DAGS_FOLDER/data_ingestion_gcs_zones.py', '--cfg-path', '/tmp/tmpwskamv66', '--error-file', '/tmp/tmpt6iqz112']
[2022-01-30 01:25:47,749] {standard_task_runner.py:77} INFO - Job 20: Subtask format_to_parquet_task
[2022-01-30 01:25:47,896] {logging_mixin.py:109} INFO - Running <TaskInstance: data_ingestion_gcs_zones.format_to_parquet_task scheduled__2022-01-29T00:00:00+00:00 [running]> on host 04ca2676bdcc
[2022-01-30 01:25:48,044] {taskinstance.py:1426} INFO - Exporting the following env vars:
AIRFLOW_CTX_DAG_OWNER=***
AIRFLOW_CTX_DAG_ID=data_ingestion_gcs_zones
AIRFLOW_CTX_TASK_ID=format_to_parquet_task
AIRFLOW_CTX_EXECUTION_DATE=2022-01-29T00:00:00+00:00
AIRFLOW_CTX_DAG_RUN_ID=scheduled__2022-01-29T00:00:00+00:00
[2022-01-30 01:25:48,362] {python.py:175} INFO - Done. Returned value was: None
[2022-01-30 01:25:48,397] {taskinstance.py:1277} INFO - Marking task as SUCCESS. dag_id=data_ingestion_gcs_zones, task_id=format_to_parquet_task, execution_date=20220129T000000, start_date=20220130T012547, end_date=20220130T012548
[2022-01-30 01:25:48,449] {local_task_job.py:154} INFO - Task exited with return code 0
[2022-01-30 01:25:48,540] {local_task_job.py:264} INFO - 1 downstream tasks scheduled from follow-on schedule check
