[2022-01-29 12:35:44,314] {taskinstance.py:1032} INFO - Dependencies all met for <TaskInstance: data_ingestion_gcs_dag.bigquery_external_table_task scheduled__2019-05-02T06:00:00+00:00 [queued]>
[2022-01-29 12:35:44,405] {taskinstance.py:1032} INFO - Dependencies all met for <TaskInstance: data_ingestion_gcs_dag.bigquery_external_table_task scheduled__2019-05-02T06:00:00+00:00 [queued]>
[2022-01-29 12:35:44,405] {taskinstance.py:1238} INFO - 
--------------------------------------------------------------------------------
[2022-01-29 12:35:44,405] {taskinstance.py:1239} INFO - Starting attempt 1 of 2
[2022-01-29 12:35:44,405] {taskinstance.py:1240} INFO - 
--------------------------------------------------------------------------------
[2022-01-29 12:35:44,485] {taskinstance.py:1259} INFO - Executing <Task(BigQueryCreateExternalTableOperator): bigquery_external_table_task> on 2019-05-02 06:00:00+00:00
[2022-01-29 12:35:44,541] {standard_task_runner.py:52} INFO - Started process 4488 to run task
[2022-01-29 12:35:44,553] {standard_task_runner.py:76} INFO - Running: ['***', 'tasks', 'run', 'data_ingestion_gcs_dag', 'bigquery_external_table_task', 'scheduled__2019-05-02T06:00:00+00:00', '--job-id', '399', '--raw', '--subdir', 'DAGS_FOLDER/data_ingestion_gcs_dag.py', '--cfg-path', '/tmp/tmp7dacggyi', '--error-file', '/tmp/tmpr_5fd81k']
[2022-01-29 12:35:44,554] {standard_task_runner.py:77} INFO - Job 399: Subtask bigquery_external_table_task
[2022-01-29 12:35:44,869] {logging_mixin.py:109} INFO - Running <TaskInstance: data_ingestion_gcs_dag.bigquery_external_table_task scheduled__2019-05-02T06:00:00+00:00 [running]> on host 85e1117cfb12
[2022-01-29 12:35:45,436] {taskinstance.py:1426} INFO - Exporting the following env vars:
AIRFLOW_CTX_DAG_OWNER=***
AIRFLOW_CTX_DAG_ID=data_ingestion_gcs_dag
AIRFLOW_CTX_TASK_ID=bigquery_external_table_task
AIRFLOW_CTX_EXECUTION_DATE=2019-05-02T06:00:00+00:00
AIRFLOW_CTX_DAG_RUN_ID=scheduled__2019-05-02T06:00:00+00:00
[2022-01-29 12:35:45,438] {crypto.py:82} WARNING - empty cryptography key - values will not be stored encrypted.
[2022-01-29 12:35:46,647] {taskinstance.py:1277} INFO - Marking task as SUCCESS. dag_id=data_ingestion_gcs_dag, task_id=bigquery_external_table_task, execution_date=20190502T060000, start_date=20220129T123544, end_date=20220129T123546
[2022-01-29 12:35:46,896] {local_task_job.py:154} INFO - Task exited with return code 0
[2022-01-29 12:35:47,062] {local_task_job.py:264} INFO - 0 downstream tasks scheduled from follow-on schedule check
