[2022-01-29 09:05:45,444] {taskinstance.py:1032} INFO - Dependencies all met for <TaskInstance: LocalIngestionDag.wget scheduled__2021-03-02T06:00:00+00:00 [queued]>
[2022-01-29 09:05:45,497] {taskinstance.py:1032} INFO - Dependencies all met for <TaskInstance: LocalIngestionDag.wget scheduled__2021-03-02T06:00:00+00:00 [queued]>
[2022-01-29 09:05:45,497] {taskinstance.py:1238} INFO - 
--------------------------------------------------------------------------------
[2022-01-29 09:05:45,497] {taskinstance.py:1239} INFO - Starting attempt 1 of 1
[2022-01-29 09:05:45,497] {taskinstance.py:1240} INFO - 
--------------------------------------------------------------------------------
[2022-01-29 09:05:45,561] {taskinstance.py:1259} INFO - Executing <Task(BashOperator): wget> on 2021-03-02 06:00:00+00:00
[2022-01-29 09:05:45,596] {standard_task_runner.py:52} INFO - Started process 263 to run task
[2022-01-29 09:05:45,612] {standard_task_runner.py:76} INFO - Running: ['***', 'tasks', 'run', 'LocalIngestionDag', 'wget', 'scheduled__2021-03-02T06:00:00+00:00', '--job-id', '50', '--raw', '--subdir', 'DAGS_FOLDER/data_ingestion_local.py', '--cfg-path', '/tmp/tmp4uds0bp9', '--error-file', '/tmp/tmpcxs98y2d']
[2022-01-29 09:05:45,627] {standard_task_runner.py:77} INFO - Job 50: Subtask wget
[2022-01-29 09:05:45,834] {logging_mixin.py:109} INFO - Running <TaskInstance: LocalIngestionDag.wget scheduled__2021-03-02T06:00:00+00:00 [running]> on host 68102482cc2e
[2022-01-29 09:05:46,142] {taskinstance.py:1426} INFO - Exporting the following env vars:
AIRFLOW_CTX_DAG_OWNER=***
AIRFLOW_CTX_DAG_ID=LocalIngestionDag
AIRFLOW_CTX_TASK_ID=wget
AIRFLOW_CTX_EXECUTION_DATE=2021-03-02T06:00:00+00:00
AIRFLOW_CTX_DAG_RUN_ID=scheduled__2021-03-02T06:00:00+00:00
[2022-01-29 09:05:46,143] {subprocess.py:62} INFO - Tmp dir root location: 
 /tmp
[2022-01-29 09:05:46,144] {subprocess.py:74} INFO - Running command: ['bash', '-c', 'echo "hello world"']
[2022-01-29 09:05:46,261] {subprocess.py:85} INFO - Output:
[2022-01-29 09:05:46,271] {subprocess.py:89} INFO - hello world
[2022-01-29 09:05:46,273] {subprocess.py:93} INFO - Command exited with return code 0
[2022-01-29 09:05:46,522] {taskinstance.py:1277} INFO - Marking task as SUCCESS. dag_id=LocalIngestionDag, task_id=wget, execution_date=20210302T060000, start_date=20220129T090545, end_date=20220129T090546
[2022-01-29 09:05:46,621] {local_task_job.py:154} INFO - Task exited with return code 0
[2022-01-29 09:05:46,814] {local_task_job.py:264} INFO - 1 downstream tasks scheduled from follow-on schedule check
