[2022-01-29 12:13:47,447] {taskinstance.py:1032} INFO - Dependencies all met for <TaskInstance: data_ingestion_gcs_dag_v2.local_to_gcs_task scheduled__2022-01-28T00:00:00+00:00 [queued]>
[2022-01-29 12:13:47,458] {taskinstance.py:1032} INFO - Dependencies all met for <TaskInstance: data_ingestion_gcs_dag_v2.local_to_gcs_task scheduled__2022-01-28T00:00:00+00:00 [queued]>
[2022-01-29 12:13:47,458] {taskinstance.py:1238} INFO - 
--------------------------------------------------------------------------------
[2022-01-29 12:13:47,458] {taskinstance.py:1239} INFO - Starting attempt 1 of 2
[2022-01-29 12:13:47,458] {taskinstance.py:1240} INFO - 
--------------------------------------------------------------------------------
[2022-01-29 12:13:47,470] {taskinstance.py:1259} INFO - Executing <Task(PythonOperator): local_to_gcs_task> on 2022-01-28 00:00:00+00:00
[2022-01-29 12:13:47,477] {standard_task_runner.py:52} INFO - Started process 2152 to run task
[2022-01-29 12:13:47,483] {standard_task_runner.py:76} INFO - Running: ['***', 'tasks', 'run', 'data_ingestion_gcs_dag_v2', 'local_to_gcs_task', 'scheduled__2022-01-28T00:00:00+00:00', '--job-id', '145', '--raw', '--subdir', 'DAGS_FOLDER/data_ingestion_gcs_dag.py', '--cfg-path', '/tmp/tmp2xy_5i5u', '--error-file', '/tmp/tmp96r_9glm']
[2022-01-29 12:13:47,484] {standard_task_runner.py:77} INFO - Job 145: Subtask local_to_gcs_task
[2022-01-29 12:13:47,564] {logging_mixin.py:109} INFO - Running <TaskInstance: data_ingestion_gcs_dag_v2.local_to_gcs_task scheduled__2022-01-28T00:00:00+00:00 [running]> on host 85e1117cfb12
[2022-01-29 12:13:47,629] {taskinstance.py:1426} INFO - Exporting the following env vars:
AIRFLOW_CTX_DAG_OWNER=***
AIRFLOW_CTX_DAG_ID=data_ingestion_gcs_dag_v2
AIRFLOW_CTX_TASK_ID=local_to_gcs_task
AIRFLOW_CTX_EXECUTION_DATE=2022-01-28T00:00:00+00:00
AIRFLOW_CTX_DAG_RUN_ID=scheduled__2022-01-28T00:00:00+00:00
[2022-01-29 12:13:48,743] {python.py:175} INFO - Done. Returned value was: None
[2022-01-29 12:13:48,758] {taskinstance.py:1277} INFO - Marking task as SUCCESS. dag_id=data_ingestion_gcs_dag_v2, task_id=local_to_gcs_task, execution_date=20220128T000000, start_date=20220129T121347, end_date=20220129T121348
[2022-01-29 12:13:48,820] {local_task_job.py:154} INFO - Task exited with return code 0
[2022-01-29 12:13:48,862] {local_task_job.py:264} INFO - 1 downstream tasks scheduled from follow-on schedule check
