[2022-01-29 09:05:50,321] {taskinstance.py:1032} INFO - Dependencies all met for <TaskInstance: LocalIngestionDag.ingest scheduled__2021-05-02T06:00:00+00:00 [queued]>
[2022-01-29 09:05:50,374] {taskinstance.py:1032} INFO - Dependencies all met for <TaskInstance: LocalIngestionDag.ingest scheduled__2021-05-02T06:00:00+00:00 [queued]>
[2022-01-29 09:05:50,374] {taskinstance.py:1238} INFO - 
--------------------------------------------------------------------------------
[2022-01-29 09:05:50,374] {taskinstance.py:1239} INFO - Starting attempt 1 of 1
[2022-01-29 09:05:50,374] {taskinstance.py:1240} INFO - 
--------------------------------------------------------------------------------
[2022-01-29 09:05:50,429] {taskinstance.py:1259} INFO - Executing <Task(BashOperator): ingest> on 2021-05-02 06:00:00+00:00
[2022-01-29 09:05:50,438] {standard_task_runner.py:52} INFO - Started process 298 to run task
[2022-01-29 09:05:50,462] {standard_task_runner.py:76} INFO - Running: ['***', 'tasks', 'run', 'LocalIngestionDag', 'ingest', 'scheduled__2021-05-02T06:00:00+00:00', '--job-id', '61', '--raw', '--subdir', 'DAGS_FOLDER/data_ingestion_local.py', '--cfg-path', '/tmp/tmpfp48w3rf', '--error-file', '/tmp/tmpyem69cq7']
[2022-01-29 09:05:50,463] {standard_task_runner.py:77} INFO - Job 61: Subtask ingest
[2022-01-29 09:05:50,635] {logging_mixin.py:109} INFO - Running <TaskInstance: LocalIngestionDag.ingest scheduled__2021-05-02T06:00:00+00:00 [running]> on host 68102482cc2e
[2022-01-29 09:05:50,746] {taskinstance.py:1426} INFO - Exporting the following env vars:
AIRFLOW_CTX_DAG_OWNER=***
AIRFLOW_CTX_DAG_ID=LocalIngestionDag
AIRFLOW_CTX_TASK_ID=ingest
AIRFLOW_CTX_EXECUTION_DATE=2021-05-02T06:00:00+00:00
AIRFLOW_CTX_DAG_RUN_ID=scheduled__2021-05-02T06:00:00+00:00
[2022-01-29 09:05:50,749] {subprocess.py:62} INFO - Tmp dir root location: 
 /tmp
[2022-01-29 09:05:50,749] {subprocess.py:74} INFO - Running command: ['bash', '-c', 'echo "hello world"']
[2022-01-29 09:05:50,766] {subprocess.py:85} INFO - Output:
[2022-01-29 09:05:50,772] {subprocess.py:89} INFO - hello world
[2022-01-29 09:05:50,774] {subprocess.py:93} INFO - Command exited with return code 0
[2022-01-29 09:05:50,836] {taskinstance.py:1277} INFO - Marking task as SUCCESS. dag_id=LocalIngestionDag, task_id=ingest, execution_date=20210502T060000, start_date=20220129T090550, end_date=20220129T090550
[2022-01-29 09:05:50,911] {local_task_job.py:154} INFO - Task exited with return code 0
[2022-01-29 09:05:50,989] {local_task_job.py:264} INFO - 0 downstream tasks scheduled from follow-on schedule check
