[2022-01-29 12:37:40,730] {taskinstance.py:1032} INFO - Dependencies all met for <TaskInstance: data_ingestion_gcs_dag.download_dataset_task scheduled__2021-10-02T06:00:00+00:00 [queued]>
[2022-01-29 12:37:40,748] {taskinstance.py:1032} INFO - Dependencies all met for <TaskInstance: data_ingestion_gcs_dag.download_dataset_task scheduled__2021-10-02T06:00:00+00:00 [queued]>
[2022-01-29 12:37:40,748] {taskinstance.py:1238} INFO - 
--------------------------------------------------------------------------------
[2022-01-29 12:37:40,748] {taskinstance.py:1239} INFO - Starting attempt 1 of 2
[2022-01-29 12:37:40,748] {taskinstance.py:1240} INFO - 
--------------------------------------------------------------------------------
[2022-01-29 12:37:40,773] {taskinstance.py:1259} INFO - Executing <Task(BashOperator): download_dataset_task> on 2021-10-02 06:00:00+00:00
[2022-01-29 12:37:40,783] {standard_task_runner.py:52} INFO - Started process 4958 to run task
[2022-01-29 12:37:40,793] {standard_task_runner.py:76} INFO - Running: ['***', 'tasks', 'run', 'data_ingestion_gcs_dag', 'download_dataset_task', 'scheduled__2021-10-02T06:00:00+00:00', '--job-id', '484', '--raw', '--subdir', 'DAGS_FOLDER/data_ingestion_gcs_dag.py', '--cfg-path', '/tmp/tmpuz7029yd', '--error-file', '/tmp/tmp34lnig1k']
[2022-01-29 12:37:40,795] {standard_task_runner.py:77} INFO - Job 484: Subtask download_dataset_task
[2022-01-29 12:37:40,957] {logging_mixin.py:109} INFO - Running <TaskInstance: data_ingestion_gcs_dag.download_dataset_task scheduled__2021-10-02T06:00:00+00:00 [running]> on host 85e1117cfb12
[2022-01-29 12:37:41,055] {taskinstance.py:1426} INFO - Exporting the following env vars:
AIRFLOW_CTX_DAG_OWNER=***
AIRFLOW_CTX_DAG_ID=data_ingestion_gcs_dag
AIRFLOW_CTX_TASK_ID=download_dataset_task
AIRFLOW_CTX_EXECUTION_DATE=2021-10-02T06:00:00+00:00
AIRFLOW_CTX_DAG_RUN_ID=scheduled__2021-10-02T06:00:00+00:00
[2022-01-29 12:37:41,057] {subprocess.py:62} INFO - Tmp dir root location: 
 /tmp
[2022-01-29 12:37:41,058] {subprocess.py:74} INFO - Running command: ['bash', '-c', 'curl -sS https://s3.amazonaws.com/nyc-tlc/trip+data/yellow_tripdata_2021-01.csv > /opt/***/yellow_tripdata_2021-01.csv']
[2022-01-29 12:37:41,083] {subprocess.py:85} INFO - Output:
[2022-01-29 12:37:47,101] {subprocess.py:93} INFO - Command exited with return code 0
[2022-01-29 12:37:47,147] {taskinstance.py:1277} INFO - Marking task as SUCCESS. dag_id=data_ingestion_gcs_dag, task_id=download_dataset_task, execution_date=20211002T060000, start_date=20220129T123740, end_date=20220129T123747
[2022-01-29 12:37:47,189] {local_task_job.py:154} INFO - Task exited with return code 0
[2022-01-29 12:37:47,235] {local_task_job.py:264} INFO - 1 downstream tasks scheduled from follow-on schedule check
[2022-01-29 13:23:01,989] {taskinstance.py:1032} INFO - Dependencies all met for <TaskInstance: data_ingestion_gcs_dag.download_dataset_task scheduled__2021-10-02T06:00:00+00:00 [queued]>
[2022-01-29 13:23:02,084] {taskinstance.py:1032} INFO - Dependencies all met for <TaskInstance: data_ingestion_gcs_dag.download_dataset_task scheduled__2021-10-02T06:00:00+00:00 [queued]>
[2022-01-29 13:23:02,084] {taskinstance.py:1238} INFO - 
--------------------------------------------------------------------------------
[2022-01-29 13:23:02,085] {taskinstance.py:1239} INFO - Starting attempt 1 of 1
[2022-01-29 13:23:02,085] {taskinstance.py:1240} INFO - 
--------------------------------------------------------------------------------
[2022-01-29 13:23:02,194] {taskinstance.py:1259} INFO - Executing <Task(BashOperator): download_dataset_task> on 2021-10-02 06:00:00+00:00
[2022-01-29 13:23:02,202] {standard_task_runner.py:52} INFO - Started process 363 to run task
[2022-01-29 13:23:02,225] {standard_task_runner.py:76} INFO - Running: ['***', 'tasks', 'run', 'data_ingestion_gcs_dag', 'download_dataset_task', 'scheduled__2021-10-02T06:00:00+00:00', '--job-id', '548', '--raw', '--subdir', 'DAGS_FOLDER/data_ingestion_gcs_dag.py', '--cfg-path', '/tmp/tmpj64dxra8', '--error-file', '/tmp/tmpcz3jgqac']
[2022-01-29 13:23:02,226] {standard_task_runner.py:77} INFO - Job 548: Subtask download_dataset_task
[2022-01-29 13:23:02,552] {logging_mixin.py:109} INFO - Running <TaskInstance: data_ingestion_gcs_dag.download_dataset_task scheduled__2021-10-02T06:00:00+00:00 [running]> on host 9bf957887753
[2022-01-29 13:23:02,954] {warnings.py:110} WARNING - /home/***/.local/lib/python3.7/site-packages/***/utils/context.py:152: AirflowContextDeprecationWarning: Accessing 'execution_date' from the template is deprecated and will be removed in a future version. Please use 'data_interval_start' or 'logical_date' instead.
  warnings.warn(_create_deprecation_warning(key, self._deprecation_replacements[key]))

[2022-01-29 13:23:03,066] {taskinstance.py:1426} INFO - Exporting the following env vars:
AIRFLOW_CTX_DAG_OWNER=***
AIRFLOW_CTX_DAG_ID=data_ingestion_gcs_dag
AIRFLOW_CTX_TASK_ID=download_dataset_task
AIRFLOW_CTX_EXECUTION_DATE=2021-10-02T06:00:00+00:00
AIRFLOW_CTX_DAG_RUN_ID=scheduled__2021-10-02T06:00:00+00:00
[2022-01-29 13:23:03,074] {subprocess.py:62} INFO - Tmp dir root location: 
 /tmp
[2022-01-29 13:23:03,083] {subprocess.py:74} INFO - Running command: ['bash', '-c', 'curl -sS https://s3.amazonaws.com/nyc-tlc/trip+data/yellow_tripdata_2021-10.csv > /opt/***/yellow_tripdata_2021-10.csv']
[2022-01-29 13:23:03,188] {subprocess.py:85} INFO - Output:
[2022-01-29 13:23:03,670] {subprocess.py:93} INFO - Command exited with return code 0
[2022-01-29 13:23:03,812] {taskinstance.py:1277} INFO - Marking task as SUCCESS. dag_id=data_ingestion_gcs_dag, task_id=download_dataset_task, execution_date=20211002T060000, start_date=20220129T132301, end_date=20220129T132303
[2022-01-29 13:23:04,067] {local_task_job.py:154} INFO - Task exited with return code 0
[2022-01-29 13:23:04,763] {local_task_job.py:264} INFO - 0 downstream tasks scheduled from follow-on schedule check
