[2022-01-29 12:27:17,619] {taskinstance.py:1032} INFO - Dependencies all met for <TaskInstance: data_ingestion_gcs_dag.local_to_gcs_task scheduled__2019-01-16T00:00:00+00:00 [queued]>
[2022-01-29 12:27:17,805] {taskinstance.py:1032} INFO - Dependencies all met for <TaskInstance: data_ingestion_gcs_dag.local_to_gcs_task scheduled__2019-01-16T00:00:00+00:00 [queued]>
[2022-01-29 12:27:17,805] {taskinstance.py:1238} INFO - 
--------------------------------------------------------------------------------
[2022-01-29 12:27:17,805] {taskinstance.py:1239} INFO - Starting attempt 1 of 2
[2022-01-29 12:27:17,805] {taskinstance.py:1240} INFO - 
--------------------------------------------------------------------------------
[2022-01-29 12:27:17,873] {taskinstance.py:1259} INFO - Executing <Task(PythonOperator): local_to_gcs_task> on 2019-01-16 00:00:00+00:00
[2022-01-29 12:27:17,898] {standard_task_runner.py:52} INFO - Started process 3386 to run task
[2022-01-29 12:27:18,084] {standard_task_runner.py:76} INFO - Running: ['***', 'tasks', 'run', 'data_ingestion_gcs_dag', 'local_to_gcs_task', 'scheduled__2019-01-16T00:00:00+00:00', '--job-id', '249', '--raw', '--subdir', 'DAGS_FOLDER/data_ingestion_gcs_dag.py', '--cfg-path', '/tmp/tmph_6rr4q8', '--error-file', '/tmp/tmp9c_a_60m']
[2022-01-29 12:27:18,086] {standard_task_runner.py:77} INFO - Job 249: Subtask local_to_gcs_task
[2022-01-29 12:27:18,422] {logging_mixin.py:109} INFO - Running <TaskInstance: data_ingestion_gcs_dag.local_to_gcs_task scheduled__2019-01-16T00:00:00+00:00 [running]> on host 85e1117cfb12
[2022-01-29 12:27:19,173] {taskinstance.py:1426} INFO - Exporting the following env vars:
AIRFLOW_CTX_DAG_OWNER=***
AIRFLOW_CTX_DAG_ID=data_ingestion_gcs_dag
AIRFLOW_CTX_TASK_ID=local_to_gcs_task
AIRFLOW_CTX_EXECUTION_DATE=2019-01-16T00:00:00+00:00
AIRFLOW_CTX_DAG_RUN_ID=scheduled__2019-01-16T00:00:00+00:00
[2022-01-29 12:27:21,120] {python.py:175} INFO - Done. Returned value was: None
[2022-01-29 12:27:21,267] {taskinstance.py:1277} INFO - Marking task as SUCCESS. dag_id=data_ingestion_gcs_dag, task_id=local_to_gcs_task, execution_date=20190116T000000, start_date=20220129T122717, end_date=20220129T122721
[2022-01-29 12:27:21,440] {local_task_job.py:154} INFO - Task exited with return code 0
[2022-01-29 12:27:21,579] {local_task_job.py:264} INFO - 1 downstream tasks scheduled from follow-on schedule check
