[2022-01-29 12:37:19,162] {taskinstance.py:1032} INFO - Dependencies all met for <TaskInstance: data_ingestion_gcs_dag.bigquery_external_table_task scheduled__2021-03-02T06:00:00+00:00 [queued]>
[2022-01-29 12:37:19,187] {taskinstance.py:1032} INFO - Dependencies all met for <TaskInstance: data_ingestion_gcs_dag.bigquery_external_table_task scheduled__2021-03-02T06:00:00+00:00 [queued]>
[2022-01-29 12:37:19,188] {taskinstance.py:1238} INFO - 
--------------------------------------------------------------------------------
[2022-01-29 12:37:19,188] {taskinstance.py:1239} INFO - Starting attempt 1 of 2
[2022-01-29 12:37:19,188] {taskinstance.py:1240} INFO - 
--------------------------------------------------------------------------------
[2022-01-29 12:37:19,212] {taskinstance.py:1259} INFO - Executing <Task(BigQueryCreateExternalTableOperator): bigquery_external_table_task> on 2021-03-02 06:00:00+00:00
[2022-01-29 12:37:19,221] {standard_task_runner.py:52} INFO - Started process 4925 to run task
[2022-01-29 12:37:19,234] {standard_task_runner.py:76} INFO - Running: ['***', 'tasks', 'run', 'data_ingestion_gcs_dag', 'bigquery_external_table_task', 'scheduled__2021-03-02T06:00:00+00:00', '--job-id', '476', '--raw', '--subdir', 'DAGS_FOLDER/data_ingestion_gcs_dag.py', '--cfg-path', '/tmp/tmpfzsj3lug', '--error-file', '/tmp/tmpwvx1ilwo']
[2022-01-29 12:37:19,236] {standard_task_runner.py:77} INFO - Job 476: Subtask bigquery_external_table_task
[2022-01-29 12:37:19,567] {logging_mixin.py:109} INFO - Running <TaskInstance: data_ingestion_gcs_dag.bigquery_external_table_task scheduled__2021-03-02T06:00:00+00:00 [running]> on host 85e1117cfb12
[2022-01-29 12:37:19,699] {taskinstance.py:1426} INFO - Exporting the following env vars:
AIRFLOW_CTX_DAG_OWNER=***
AIRFLOW_CTX_DAG_ID=data_ingestion_gcs_dag
AIRFLOW_CTX_TASK_ID=bigquery_external_table_task
AIRFLOW_CTX_EXECUTION_DATE=2021-03-02T06:00:00+00:00
AIRFLOW_CTX_DAG_RUN_ID=scheduled__2021-03-02T06:00:00+00:00
[2022-01-29 12:37:19,701] {crypto.py:82} WARNING - empty cryptography key - values will not be stored encrypted.
[2022-01-29 12:37:20,304] {taskinstance.py:1277} INFO - Marking task as SUCCESS. dag_id=data_ingestion_gcs_dag, task_id=bigquery_external_table_task, execution_date=20210302T060000, start_date=20220129T123719, end_date=20220129T123720
[2022-01-29 12:37:20,430] {local_task_job.py:154} INFO - Task exited with return code 0
[2022-01-29 12:37:20,554] {local_task_job.py:264} INFO - 0 downstream tasks scheduled from follow-on schedule check
[2022-01-29 13:21:25,851] {taskinstance.py:1032} INFO - Dependencies all met for <TaskInstance: data_ingestion_gcs_dag.bigquery_external_table_task scheduled__2021-03-02T06:00:00+00:00 [queued]>
[2022-01-29 13:21:25,865] {taskinstance.py:1032} INFO - Dependencies all met for <TaskInstance: data_ingestion_gcs_dag.bigquery_external_table_task scheduled__2021-03-02T06:00:00+00:00 [queued]>
[2022-01-29 13:21:25,865] {taskinstance.py:1238} INFO - 
--------------------------------------------------------------------------------
[2022-01-29 13:21:25,865] {taskinstance.py:1239} INFO - Starting attempt 1 of 2
[2022-01-29 13:21:25,865] {taskinstance.py:1240} INFO - 
--------------------------------------------------------------------------------
[2022-01-29 13:21:25,879] {taskinstance.py:1259} INFO - Executing <Task(BigQueryCreateExternalTableOperator): bigquery_external_table_task> on 2021-03-02 06:00:00+00:00
[2022-01-29 13:21:25,885] {standard_task_runner.py:52} INFO - Started process 243 to run task
[2022-01-29 13:21:25,891] {standard_task_runner.py:76} INFO - Running: ['***', 'tasks', 'run', 'data_ingestion_gcs_dag', 'bigquery_external_table_task', 'scheduled__2021-03-02T06:00:00+00:00', '--job-id', '541', '--raw', '--subdir', 'DAGS_FOLDER/data_ingestion_gcs_dag.py', '--cfg-path', '/tmp/tmprqy8a_sc', '--error-file', '/tmp/tmpizq6etfg']
[2022-01-29 13:21:25,892] {standard_task_runner.py:77} INFO - Job 541: Subtask bigquery_external_table_task
[2022-01-29 13:21:25,965] {logging_mixin.py:109} INFO - Running <TaskInstance: data_ingestion_gcs_dag.bigquery_external_table_task scheduled__2021-03-02T06:00:00+00:00 [running]> on host 9bf957887753
[2022-01-29 13:21:26,015] {warnings.py:110} WARNING - /home/***/.local/lib/python3.7/site-packages/***/utils/context.py:152: AirflowContextDeprecationWarning: Accessing 'execution_date' from the template is deprecated and will be removed in a future version. Please use 'data_interval_start' or 'logical_date' instead.
  warnings.warn(_create_deprecation_warning(key, self._deprecation_replacements[key]))

[2022-01-29 13:21:26,038] {taskinstance.py:1426} INFO - Exporting the following env vars:
AIRFLOW_CTX_DAG_OWNER=***
AIRFLOW_CTX_DAG_ID=data_ingestion_gcs_dag
AIRFLOW_CTX_TASK_ID=bigquery_external_table_task
AIRFLOW_CTX_EXECUTION_DATE=2021-03-02T06:00:00+00:00
AIRFLOW_CTX_DAG_RUN_ID=scheduled__2021-03-02T06:00:00+00:00
[2022-01-29 13:21:26,040] {crypto.py:82} WARNING - empty cryptography key - values will not be stored encrypted.
[2022-01-29 13:21:26,483] {taskinstance.py:1277} INFO - Marking task as SUCCESS. dag_id=data_ingestion_gcs_dag, task_id=bigquery_external_table_task, execution_date=20210302T060000, start_date=20220129T132125, end_date=20220129T132126
[2022-01-29 13:21:26,508] {local_task_job.py:154} INFO - Task exited with return code 0
[2022-01-29 13:21:26,544] {local_task_job.py:264} INFO - 0 downstream tasks scheduled from follow-on schedule check
