[2022-01-29 12:36:47,638] {taskinstance.py:1032} INFO - Dependencies all met for <TaskInstance: data_ingestion_gcs_dag.download_dataset_task scheduled__2021-02-02T06:00:00+00:00 [queued]>
[2022-01-29 12:36:47,690] {taskinstance.py:1032} INFO - Dependencies all met for <TaskInstance: data_ingestion_gcs_dag.download_dataset_task scheduled__2021-02-02T06:00:00+00:00 [queued]>
[2022-01-29 12:36:47,690] {taskinstance.py:1238} INFO - 
--------------------------------------------------------------------------------
[2022-01-29 12:36:47,690] {taskinstance.py:1239} INFO - Starting attempt 1 of 2
[2022-01-29 12:36:47,690] {taskinstance.py:1240} INFO - 
--------------------------------------------------------------------------------
[2022-01-29 12:36:47,780] {taskinstance.py:1259} INFO - Executing <Task(BashOperator): download_dataset_task> on 2021-02-02 06:00:00+00:00
[2022-01-29 12:36:47,797] {standard_task_runner.py:52} INFO - Started process 4765 to run task
[2022-01-29 12:36:47,823] {standard_task_runner.py:76} INFO - Running: ['***', 'tasks', 'run', 'data_ingestion_gcs_dag', 'download_dataset_task', 'scheduled__2021-02-02T06:00:00+00:00', '--job-id', '450', '--raw', '--subdir', 'DAGS_FOLDER/data_ingestion_gcs_dag.py', '--cfg-path', '/tmp/tmpz0zj6ym_', '--error-file', '/tmp/tmpe7ktlloz']
[2022-01-29 12:36:47,825] {standard_task_runner.py:77} INFO - Job 450: Subtask download_dataset_task
[2022-01-29 12:36:48,050] {logging_mixin.py:109} INFO - Running <TaskInstance: data_ingestion_gcs_dag.download_dataset_task scheduled__2021-02-02T06:00:00+00:00 [running]> on host 85e1117cfb12
[2022-01-29 12:36:48,367] {taskinstance.py:1426} INFO - Exporting the following env vars:
AIRFLOW_CTX_DAG_OWNER=***
AIRFLOW_CTX_DAG_ID=data_ingestion_gcs_dag
AIRFLOW_CTX_TASK_ID=download_dataset_task
AIRFLOW_CTX_EXECUTION_DATE=2021-02-02T06:00:00+00:00
AIRFLOW_CTX_DAG_RUN_ID=scheduled__2021-02-02T06:00:00+00:00
[2022-01-29 12:36:48,369] {subprocess.py:62} INFO - Tmp dir root location: 
 /tmp
[2022-01-29 12:36:48,371] {subprocess.py:74} INFO - Running command: ['bash', '-c', 'curl -sS https://s3.amazonaws.com/nyc-tlc/trip+data/yellow_tripdata_2021-01.csv > /opt/***/yellow_tripdata_2021-01.csv']
[2022-01-29 12:36:48,432] {subprocess.py:85} INFO - Output:
[2022-01-29 12:36:53,646] {subprocess.py:93} INFO - Command exited with return code 0
[2022-01-29 12:36:53,687] {taskinstance.py:1277} INFO - Marking task as SUCCESS. dag_id=data_ingestion_gcs_dag, task_id=download_dataset_task, execution_date=20210202T060000, start_date=20220129T123647, end_date=20220129T123653
[2022-01-29 12:36:53,754] {local_task_job.py:154} INFO - Task exited with return code 0
[2022-01-29 12:36:53,812] {local_task_job.py:264} INFO - 1 downstream tasks scheduled from follow-on schedule check
[2022-01-29 13:20:39,992] {taskinstance.py:1032} INFO - Dependencies all met for <TaskInstance: data_ingestion_gcs_dag.download_dataset_task scheduled__2021-02-02T06:00:00+00:00 [queued]>
[2022-01-29 13:20:40,003] {taskinstance.py:1032} INFO - Dependencies all met for <TaskInstance: data_ingestion_gcs_dag.download_dataset_task scheduled__2021-02-02T06:00:00+00:00 [queued]>
[2022-01-29 13:20:40,003] {taskinstance.py:1238} INFO - 
--------------------------------------------------------------------------------
[2022-01-29 13:20:40,003] {taskinstance.py:1239} INFO - Starting attempt 1 of 2
[2022-01-29 13:20:40,004] {taskinstance.py:1240} INFO - 
--------------------------------------------------------------------------------
[2022-01-29 13:20:40,015] {taskinstance.py:1259} INFO - Executing <Task(BashOperator): download_dataset_task> on 2021-02-02 06:00:00+00:00
[2022-01-29 13:20:40,021] {standard_task_runner.py:52} INFO - Started process 178 to run task
[2022-01-29 13:20:40,026] {standard_task_runner.py:76} INFO - Running: ['***', 'tasks', 'run', 'data_ingestion_gcs_dag', 'download_dataset_task', 'scheduled__2021-02-02T06:00:00+00:00', '--job-id', '534', '--raw', '--subdir', 'DAGS_FOLDER/data_ingestion_gcs_dag.py', '--cfg-path', '/tmp/tmpwymlmiy2', '--error-file', '/tmp/tmp8wu9iues']
[2022-01-29 13:20:40,027] {standard_task_runner.py:77} INFO - Job 534: Subtask download_dataset_task
[2022-01-29 13:20:40,092] {logging_mixin.py:109} INFO - Running <TaskInstance: data_ingestion_gcs_dag.download_dataset_task scheduled__2021-02-02T06:00:00+00:00 [running]> on host 9bf957887753
[2022-01-29 13:20:40,138] {warnings.py:110} WARNING - /home/***/.local/lib/python3.7/site-packages/***/utils/context.py:152: AirflowContextDeprecationWarning: Accessing 'execution_date' from the template is deprecated and will be removed in a future version. Please use 'data_interval_start' or 'logical_date' instead.
  warnings.warn(_create_deprecation_warning(key, self._deprecation_replacements[key]))

[2022-01-29 13:20:40,163] {taskinstance.py:1426} INFO - Exporting the following env vars:
AIRFLOW_CTX_DAG_OWNER=***
AIRFLOW_CTX_DAG_ID=data_ingestion_gcs_dag
AIRFLOW_CTX_TASK_ID=download_dataset_task
AIRFLOW_CTX_EXECUTION_DATE=2021-02-02T06:00:00+00:00
AIRFLOW_CTX_DAG_RUN_ID=scheduled__2021-02-02T06:00:00+00:00
[2022-01-29 13:20:40,164] {subprocess.py:62} INFO - Tmp dir root location: 
 /tmp
[2022-01-29 13:20:40,165] {subprocess.py:74} INFO - Running command: ['bash', '-c', 'curl -sS https://s3.amazonaws.com/nyc-tlc/trip+data/yellow_tripdata_2021-02.csv > /opt/***/yellow_tripdata_2021-02.csv']
[2022-01-29 13:20:40,177] {subprocess.py:85} INFO - Output:
[2022-01-29 13:20:44,661] {subprocess.py:93} INFO - Command exited with return code 0
[2022-01-29 13:20:44,701] {taskinstance.py:1277} INFO - Marking task as SUCCESS. dag_id=data_ingestion_gcs_dag, task_id=download_dataset_task, execution_date=20210202T060000, start_date=20220129T132039, end_date=20220129T132044
[2022-01-29 13:20:44,739] {local_task_job.py:154} INFO - Task exited with return code 0
[2022-01-29 13:20:44,803] {local_task_job.py:264} INFO - 1 downstream tasks scheduled from follow-on schedule check
