[2022-01-29 08:24:43,379] {taskinstance.py:1032} INFO - Dependencies all met for <TaskInstance: data_ingestion_gcs_dag.download_dataset_task scheduled__2022-01-27T00:00:00+00:00 [queued]>
[2022-01-29 08:24:43,405] {taskinstance.py:1032} INFO - Dependencies all met for <TaskInstance: data_ingestion_gcs_dag.download_dataset_task scheduled__2022-01-27T00:00:00+00:00 [queued]>
[2022-01-29 08:24:43,406] {taskinstance.py:1238} INFO - 
--------------------------------------------------------------------------------
[2022-01-29 08:24:43,406] {taskinstance.py:1239} INFO - Starting attempt 1 of 2
[2022-01-29 08:24:43,406] {taskinstance.py:1240} INFO - 
--------------------------------------------------------------------------------
[2022-01-29 08:24:43,443] {taskinstance.py:1259} INFO - Executing <Task(BashOperator): download_dataset_task> on 2022-01-27 00:00:00+00:00
[2022-01-29 08:24:43,451] {standard_task_runner.py:52} INFO - Started process 100 to run task
[2022-01-29 08:24:43,470] {standard_task_runner.py:76} INFO - Running: ['***', 'tasks', 'run', 'data_ingestion_gcs_dag', 'download_dataset_task', 'scheduled__2022-01-27T00:00:00+00:00', '--job-id', '30', '--raw', '--subdir', 'DAGS_FOLDER/data_ingestion_gcs_dag.py', '--cfg-path', '/tmp/tmp4r_e8svk', '--error-file', '/tmp/tmp5foivwyz']
[2022-01-29 08:24:43,471] {standard_task_runner.py:77} INFO - Job 30: Subtask download_dataset_task
[2022-01-29 08:24:43,623] {logging_mixin.py:109} INFO - Running <TaskInstance: data_ingestion_gcs_dag.download_dataset_task scheduled__2022-01-27T00:00:00+00:00 [running]> on host 65c48558f94e
[2022-01-29 08:24:43,761] {taskinstance.py:1426} INFO - Exporting the following env vars:
AIRFLOW_CTX_DAG_OWNER=***
AIRFLOW_CTX_DAG_ID=data_ingestion_gcs_dag
AIRFLOW_CTX_TASK_ID=download_dataset_task
AIRFLOW_CTX_EXECUTION_DATE=2022-01-27T00:00:00+00:00
AIRFLOW_CTX_DAG_RUN_ID=scheduled__2022-01-27T00:00:00+00:00
[2022-01-29 08:24:43,762] {subprocess.py:62} INFO - Tmp dir root location: 
 /tmp
[2022-01-29 08:24:43,764] {subprocess.py:74} INFO - Running command: ['bash', '-c', 'curl -sS https://s3.amazonaws.com/nyc-tlc/trip+data/yellow_tripdata_2021-01.csv > /opt/***/yellow_tripdata_2021-01.csv']
[2022-01-29 08:24:43,792] {subprocess.py:85} INFO - Output:
[2022-01-29 08:24:49,808] {subprocess.py:93} INFO - Command exited with return code 0
[2022-01-29 08:24:51,020] {taskinstance.py:1277} INFO - Marking task as SUCCESS. dag_id=data_ingestion_gcs_dag, task_id=download_dataset_task, execution_date=20220127T000000, start_date=20220129T082443, end_date=20220129T082451
[2022-01-29 08:24:51,059] {local_task_job.py:154} INFO - Task exited with return code 0
[2022-01-29 08:24:51,119] {local_task_job.py:264} INFO - 1 downstream tasks scheduled from follow-on schedule check
