[2022-01-29 12:37:48,356] {taskinstance.py:1032} INFO - Dependencies all met for <TaskInstance: data_ingestion_gcs_dag.format_to_parquet_task scheduled__2021-10-02T06:00:00+00:00 [queued]>
[2022-01-29 12:37:48,374] {taskinstance.py:1032} INFO - Dependencies all met for <TaskInstance: data_ingestion_gcs_dag.format_to_parquet_task scheduled__2021-10-02T06:00:00+00:00 [queued]>
[2022-01-29 12:37:48,375] {taskinstance.py:1238} INFO - 
--------------------------------------------------------------------------------
[2022-01-29 12:37:48,375] {taskinstance.py:1239} INFO - Starting attempt 1 of 2
[2022-01-29 12:37:48,375] {taskinstance.py:1240} INFO - 
--------------------------------------------------------------------------------
[2022-01-29 12:37:48,397] {taskinstance.py:1259} INFO - Executing <Task(PythonOperator): format_to_parquet_task> on 2021-10-02 06:00:00+00:00
[2022-01-29 12:37:48,407] {standard_task_runner.py:52} INFO - Started process 4976 to run task
[2022-01-29 12:37:48,415] {standard_task_runner.py:76} INFO - Running: ['***', 'tasks', 'run', 'data_ingestion_gcs_dag', 'format_to_parquet_task', 'scheduled__2021-10-02T06:00:00+00:00', '--job-id', '487', '--raw', '--subdir', 'DAGS_FOLDER/data_ingestion_gcs_dag.py', '--cfg-path', '/tmp/tmp738nkmro', '--error-file', '/tmp/tmptbum9wmr']
[2022-01-29 12:37:48,417] {standard_task_runner.py:77} INFO - Job 487: Subtask format_to_parquet_task
[2022-01-29 12:37:48,519] {logging_mixin.py:109} INFO - Running <TaskInstance: data_ingestion_gcs_dag.format_to_parquet_task scheduled__2021-10-02T06:00:00+00:00 [running]> on host 85e1117cfb12
[2022-01-29 12:37:48,617] {taskinstance.py:1426} INFO - Exporting the following env vars:
AIRFLOW_CTX_DAG_OWNER=***
AIRFLOW_CTX_DAG_ID=data_ingestion_gcs_dag
AIRFLOW_CTX_TASK_ID=format_to_parquet_task
AIRFLOW_CTX_EXECUTION_DATE=2021-10-02T06:00:00+00:00
AIRFLOW_CTX_DAG_RUN_ID=scheduled__2021-10-02T06:00:00+00:00
[2022-01-29 12:37:51,925] {python.py:175} INFO - Done. Returned value was: None
[2022-01-29 12:37:51,960] {taskinstance.py:1277} INFO - Marking task as SUCCESS. dag_id=data_ingestion_gcs_dag, task_id=format_to_parquet_task, execution_date=20211002T060000, start_date=20220129T123748, end_date=20220129T123751
[2022-01-29 12:37:52,080] {local_task_job.py:154} INFO - Task exited with return code 0
[2022-01-29 12:37:52,202] {local_task_job.py:264} INFO - 1 downstream tasks scheduled from follow-on schedule check
[2022-01-29 13:23:09,376] {taskinstance.py:1032} INFO - Dependencies all met for <TaskInstance: data_ingestion_gcs_dag.format_to_parquet_task scheduled__2021-10-02T06:00:00+00:00 [queued]>
[2022-01-29 13:23:09,408] {taskinstance.py:1032} INFO - Dependencies all met for <TaskInstance: data_ingestion_gcs_dag.format_to_parquet_task scheduled__2021-10-02T06:00:00+00:00 [queued]>
[2022-01-29 13:23:09,408] {taskinstance.py:1238} INFO - 
--------------------------------------------------------------------------------
[2022-01-29 13:23:09,409] {taskinstance.py:1239} INFO - Starting attempt 1 of 1
[2022-01-29 13:23:09,409] {taskinstance.py:1240} INFO - 
--------------------------------------------------------------------------------
[2022-01-29 13:23:09,436] {taskinstance.py:1259} INFO - Executing <Task(PythonOperator): format_to_parquet_task> on 2021-10-02 06:00:00+00:00
[2022-01-29 13:23:09,450] {standard_task_runner.py:52} INFO - Started process 399 to run task
[2022-01-29 13:23:09,470] {standard_task_runner.py:76} INFO - Running: ['***', 'tasks', 'run', 'data_ingestion_gcs_dag', 'format_to_parquet_task', 'scheduled__2021-10-02T06:00:00+00:00', '--job-id', '554', '--raw', '--subdir', 'DAGS_FOLDER/data_ingestion_gcs_dag.py', '--cfg-path', '/tmp/tmp142ddnsg', '--error-file', '/tmp/tmpg_tn75nx']
[2022-01-29 13:23:09,471] {standard_task_runner.py:77} INFO - Job 554: Subtask format_to_parquet_task
[2022-01-29 13:23:09,588] {logging_mixin.py:109} INFO - Running <TaskInstance: data_ingestion_gcs_dag.format_to_parquet_task scheduled__2021-10-02T06:00:00+00:00 [running]> on host 9bf957887753
[2022-01-29 13:23:09,694] {warnings.py:110} WARNING - /home/***/.local/lib/python3.7/site-packages/***/utils/context.py:152: AirflowContextDeprecationWarning: Accessing 'execution_date' from the template is deprecated and will be removed in a future version. Please use 'data_interval_start' or 'logical_date' instead.
  warnings.warn(_create_deprecation_warning(key, self._deprecation_replacements[key]))

[2022-01-29 13:23:09,794] {taskinstance.py:1426} INFO - Exporting the following env vars:
AIRFLOW_CTX_DAG_OWNER=***
AIRFLOW_CTX_DAG_ID=data_ingestion_gcs_dag
AIRFLOW_CTX_TASK_ID=format_to_parquet_task
AIRFLOW_CTX_EXECUTION_DATE=2021-10-02T06:00:00+00:00
AIRFLOW_CTX_DAG_RUN_ID=scheduled__2021-10-02T06:00:00+00:00
[2022-01-29 13:23:10,231] {python.py:175} INFO - Done. Returned value was: None
[2022-01-29 13:23:10,282] {taskinstance.py:1277} INFO - Marking task as SUCCESS. dag_id=data_ingestion_gcs_dag, task_id=format_to_parquet_task, execution_date=20211002T060000, start_date=20220129T132309, end_date=20220129T132310
[2022-01-29 13:23:10,342] {local_task_job.py:154} INFO - Task exited with return code 0
[2022-01-29 13:23:10,428] {local_task_job.py:264} INFO - 1 downstream tasks scheduled from follow-on schedule check
